[1.422s] Invoking command in '/home/rafal/.ssh/kalman_ws/src/kalman_robot/kalman_description': PYTHONPATH=/home/rafal/.ssh/kalman_ws/src/kalman_robot/build/kalman_description/prefix_override:/home/rafal/.ssh/kalman_ws/src/kalman_robot/install/kalman_description/lib/python3.10/site-packages:${PYTHONPATH} /usr/bin/python3 setup.py egg_info --egg-base ../build/kalman_description build --build-base /home/rafal/.ssh/kalman_ws/src/kalman_robot/build/kalman_description/build install --record /home/rafal/.ssh/kalman_ws/src/kalman_robot/build/kalman_description/install.log --single-version-externally-managed
[1.680s] running egg_info
[1.680s] creating ../build/kalman_description/kalman_description.egg-info
[1.680s] writing ../build/kalman_description/kalman_description.egg-info/PKG-INFO
[1.680s] writing dependency_links to ../build/kalman_description/kalman_description.egg-info/dependency_links.txt
[1.680s] writing top-level names to ../build/kalman_description/kalman_description.egg-info/top_level.txt
[1.681s] writing manifest file '../build/kalman_description/kalman_description.egg-info/SOURCES.txt'
[1.681s] reading manifest file '../build/kalman_description/kalman_description.egg-info/SOURCES.txt'
[1.682s] writing manifest file '../build/kalman_description/kalman_description.egg-info/SOURCES.txt'
[1.682s] running build
[1.682s] running install
[1.682s] running install_data
[1.682s] creating /home/rafal/.ssh/kalman_ws/src/kalman_robot/install/kalman_description/share/ament_index
[1.682s] creating /home/rafal/.ssh/kalman_ws/src/kalman_robot/install/kalman_description/share/ament_index/resource_index
[1.682s] creating /home/rafal/.ssh/kalman_ws/src/kalman_robot/install/kalman_description/share/ament_index/resource_index/packages
[1.682s] copying resource/kalman_description -> /home/rafal/.ssh/kalman_ws/src/kalman_robot/install/kalman_description/share/ament_index/resource_index/packages
[1.682s] copying package.xml -> /home/rafal/.ssh/kalman_ws/src/kalman_robot/install/kalman_description/share/kalman_description
[1.683s] creating /home/rafal/.ssh/kalman_ws/src/kalman_robot/install/kalman_description/share/kalman_description/launch
[1.683s] copying launch/robot_state_publisher.launch.py -> /home/rafal/.ssh/kalman_ws/src/kalman_robot/install/kalman_description/share/kalman_description/launch
[1.683s] creating /home/rafal/.ssh/kalman_ws/src/kalman_robot/install/kalman_description/share/kalman_description/urdf
[1.683s] copying urdf/kalman.urdf.xacro -> /home/rafal/.ssh/kalman_ws/src/kalman_robot/install/kalman_description/share/kalman_description/urdf
[1.683s] running install_egg_info
[1.684s] Copying ../build/kalman_description/kalman_description.egg-info to /home/rafal/.ssh/kalman_ws/src/kalman_robot/install/kalman_description/lib/python3.10/site-packages/kalman_description-0.0.0-py3.10.egg-info
[1.685s] running install_scripts
[1.697s] writing list of installed files to '/home/rafal/.ssh/kalman_ws/src/kalman_robot/build/kalman_description/install.log'
[1.721s] Invoked command in '/home/rafal/.ssh/kalman_ws/src/kalman_robot/kalman_description' returned '0': PYTHONPATH=/home/rafal/.ssh/kalman_ws/src/kalman_robot/build/kalman_description/prefix_override:/home/rafal/.ssh/kalman_ws/src/kalman_robot/install/kalman_description/lib/python3.10/site-packages:${PYTHONPATH} /usr/bin/python3 setup.py egg_info --egg-base ../build/kalman_description build --build-base /home/rafal/.ssh/kalman_ws/src/kalman_robot/build/kalman_description/build install --record /home/rafal/.ssh/kalman_ws/src/kalman_robot/build/kalman_description/install.log --single-version-externally-managed
