running develop
running egg_info
creating kalman_gazebo.egg-info
writing kalman_gazebo.egg-info/PKG-INFO
writing dependency_links to kalman_gazebo.egg-info/dependency_links.txt
writing entry points to kalman_gazebo.egg-info/entry_points.txt
writing requirements to kalman_gazebo.egg-info/requires.txt
writing top-level names to kalman_gazebo.egg-info/top_level.txt
writing manifest file 'kalman_gazebo.egg-info/SOURCES.txt'
reading manifest file 'kalman_gazebo.egg-info/SOURCES.txt'
writing manifest file 'kalman_gazebo.egg-info/SOURCES.txt'
running build_ext
Creating /home/rafal/kalman_ws/src/kalman_robot/install/kalman_gazebo/lib/python3.10/site-packages/kalman-gazebo.egg-link (link to .)
Installing gazebo_wheel_driver script to /home/rafal/kalman_ws/src/kalman_robot/install/kalman_gazebo/lib/kalman_gazebo

Installed /home/rafal/kalman_ws/src/kalman_robot/build/kalman_gazebo
running install_data
creating /home/rafal/kalman_ws/src/kalman_robot/install/kalman_gazebo/share/ament_index
creating /home/rafal/kalman_ws/src/kalman_robot/install/kalman_gazebo/share/ament_index/resource_index
creating /home/rafal/kalman_ws/src/kalman_robot/install/kalman_gazebo/share/ament_index/resource_index/packages
copying resource/kalman_gazebo -> /home/rafal/kalman_ws/src/kalman_robot/install/kalman_gazebo/share/ament_index/resource_index/packages
copying package.xml -> /home/rafal/kalman_ws/src/kalman_robot/install/kalman_gazebo/share/kalman_gazebo
creating /home/rafal/kalman_ws/src/kalman_robot/install/kalman_gazebo/share/kalman_gazebo/launch
copying launch/gazebo.launch.py -> /home/rafal/kalman_ws/src/kalman_robot/install/kalman_gazebo/share/kalman_gazebo/launch
creating /home/rafal/kalman_ws/src/kalman_robot/install/kalman_gazebo/share/kalman_gazebo/param
copying param/ign_ros2_control.yaml -> /home/rafal/kalman_ws/src/kalman_robot/install/kalman_gazebo/share/kalman_gazebo/param
creating /home/rafal/kalman_ws/src/kalman_robot/install/kalman_gazebo/share/kalman_gazebo/urdf
copying urdf/ign_ros2_control.urdf.xacro -> /home/rafal/kalman_ws/src/kalman_robot/install/kalman_gazebo/share/kalman_gazebo/urdf
copying urdf/kalman_with_gazebo.urdf.xacro -> /home/rafal/kalman_ws/src/kalman_robot/install/kalman_gazebo/share/kalman_gazebo/urdf
