[2.055s] Invoking command in '/home/rafal/kalman_ws/src/kalman_robot/build/kalman_gazebo': AMENT_PREFIX_PATH=/home/rafal/kalman_ws/src/kalman_robot/install/kalman_description:${AMENT_PREFIX_PATH} CMAKE_PREFIX_PATH=/home/rafal/kalman_ws/src/kalman_robot/install/kalman_description PYTHONPATH=/home/rafal/kalman_ws/src/kalman_robot/build/kalman_gazebo/prefix_override:/home/rafal/kalman_ws/src/kalman_robot/install/kalman_gazebo/lib/python3.10/site-packages:${PYTHONPATH} /usr/bin/python3 setup.py develop --editable --build-directory /home/rafal/kalman_ws/src/kalman_robot/build/kalman_gazebo/build --no-deps install_data
[4.811s] running develop
[5.334s] running egg_info
[5.334s] creating kalman_gazebo.egg-info
[5.334s] writing kalman_gazebo.egg-info/PKG-INFO
[5.335s] writing dependency_links to kalman_gazebo.egg-info/dependency_links.txt
[5.338s] writing entry points to kalman_gazebo.egg-info/entry_points.txt
[5.338s] writing requirements to kalman_gazebo.egg-info/requires.txt
[5.338s] writing top-level names to kalman_gazebo.egg-info/top_level.txt
[5.339s] writing manifest file 'kalman_gazebo.egg-info/SOURCES.txt'
[5.368s] reading manifest file 'kalman_gazebo.egg-info/SOURCES.txt'
[5.369s] writing manifest file 'kalman_gazebo.egg-info/SOURCES.txt'
[5.369s] running build_ext
[5.369s] Creating /home/rafal/kalman_ws/src/kalman_robot/install/kalman_gazebo/lib/python3.10/site-packages/kalman-gazebo.egg-link (link to .)
[5.369s] Installing gazebo_wheel_driver script to /home/rafal/kalman_ws/src/kalman_robot/install/kalman_gazebo/lib/kalman_gazebo
[5.369s] 
[5.369s] Installed /home/rafal/kalman_ws/src/kalman_robot/build/kalman_gazebo
[5.370s] running install_data
[5.370s] creating /home/rafal/kalman_ws/src/kalman_robot/install/kalman_gazebo/share/ament_index
[5.370s] creating /home/rafal/kalman_ws/src/kalman_robot/install/kalman_gazebo/share/ament_index/resource_index
[5.370s] creating /home/rafal/kalman_ws/src/kalman_robot/install/kalman_gazebo/share/ament_index/resource_index/packages
[5.370s] copying resource/kalman_gazebo -> /home/rafal/kalman_ws/src/kalman_robot/install/kalman_gazebo/share/ament_index/resource_index/packages
[5.370s] copying package.xml -> /home/rafal/kalman_ws/src/kalman_robot/install/kalman_gazebo/share/kalman_gazebo
[5.371s] creating /home/rafal/kalman_ws/src/kalman_robot/install/kalman_gazebo/share/kalman_gazebo/launch
[5.371s] copying launch/gazebo.launch.py -> /home/rafal/kalman_ws/src/kalman_robot/install/kalman_gazebo/share/kalman_gazebo/launch
[5.371s] creating /home/rafal/kalman_ws/src/kalman_robot/install/kalman_gazebo/share/kalman_gazebo/param
[5.371s] copying param/ign_ros2_control.yaml -> /home/rafal/kalman_ws/src/kalman_robot/install/kalman_gazebo/share/kalman_gazebo/param
[5.371s] creating /home/rafal/kalman_ws/src/kalman_robot/install/kalman_gazebo/share/kalman_gazebo/urdf
[5.371s] copying urdf/ign_ros2_control.urdf.xacro -> /home/rafal/kalman_ws/src/kalman_robot/install/kalman_gazebo/share/kalman_gazebo/urdf
[5.382s] copying urdf/kalman_with_gazebo.urdf.xacro -> /home/rafal/kalman_ws/src/kalman_robot/install/kalman_gazebo/share/kalman_gazebo/urdf
[5.424s] Invoked command in '/home/rafal/kalman_ws/src/kalman_robot/build/kalman_gazebo' returned '0': AMENT_PREFIX_PATH=/home/rafal/kalman_ws/src/kalman_robot/install/kalman_description:${AMENT_PREFIX_PATH} CMAKE_PREFIX_PATH=/home/rafal/kalman_ws/src/kalman_robot/install/kalman_description PYTHONPATH=/home/rafal/kalman_ws/src/kalman_robot/build/kalman_gazebo/prefix_override:/home/rafal/kalman_ws/src/kalman_robot/install/kalman_gazebo/lib/python3.10/site-packages:${PYTHONPATH} /usr/bin/python3 setup.py develop --editable --build-directory /home/rafal/kalman_ws/src/kalman_robot/build/kalman_gazebo/build --no-deps install_data
