-- The C compiler identification is GNU 11.4.0
-- The CXX compiler identification is GNU 11.4.0
-- Detecting C compiler ABI info
-- Detecting C compiler ABI info - done
-- Check for working C compiler: /usr/bin/cc - skipped
-- Detecting C compile features
-- Detecting C compile features - done
-- Detecting CXX compiler ABI info
-- Detecting CXX compiler ABI info - done
-- Check for working CXX compiler: /usr/bin/c++ - skipped
-- Detecting CXX compile features
-- Detecting CXX compile features - done
-- Found ament_cmake: 1.3.8 (/opt/ros/humble/share/ament_cmake/cmake)
-- Found Python3: /usr/bin/python3 (found version "3.10.12") found components: Interpreter 
-- Override CMake install command with custom implementation using symlinks instead of copying resources
-- Found rosidl_default_generators: 1.2.0 (/opt/ros/humble/share/rosidl_default_generators/cmake)
-- Using all available rosidl_typesupport_c: rosidl_typesupport_fastrtps_c;rosidl_typesupport_introspection_c
-- Found rosidl_adapter: 3.1.5 (/opt/ros/humble/share/rosidl_adapter/cmake)
-- Using all available rosidl_typesupport_cpp: rosidl_typesupport_fastrtps_cpp;rosidl_typesupport_introspection_cpp
-- Found geometry_msgs: 4.2.3 (/opt/ros/humble/share/geometry_msgs/cmake)
-- Found nav_msgs: 4.2.3 (/opt/ros/humble/share/nav_msgs/cmake)
-- Found ament_cmake_ros: 0.10.0 (/opt/ros/humble/share/ament_cmake_ros/cmake)
-- Using all available rosidl_typesupport_c: rosidl_typesupport_fastrtps_c;rosidl_typesupport_introspection_c
-- Using all available rosidl_typesupport_cpp: rosidl_typesupport_fastrtps_cpp;rosidl_typesupport_introspection_cpp
-- Found PythonInterp: /usr/bin/python3 (found suitable version "3.10.12", minimum required is "3.6") 
-- Found python_cmake_module: 0.10.0 (/opt/ros/humble/share/python_cmake_module/cmake)
-- Found PythonLibs: /usr/lib/x86_64-linux-gnu/libpython3.10.so (found suitable version "3.10.12", minimum required is "3.5") 
-- Using PYTHON_EXECUTABLE: /usr/bin/python3
-- Using PYTHON_INCLUDE_DIRS: /usr/include/python3.10
-- Using PYTHON_LIBRARIES: /usr/lib/x86_64-linux-gnu/libpython3.10.so
-- Found PythonExtra: .so  
-- Configuring done
-- Generating done
-- Build files have been written to: /home/rafal/kalman_ws/src/kalman_robot/build/service_based_nav2_controller_srvs
[  3%] [34m[1mGenerating C code for ROS interfaces[0m
[  6%] [34m[1mGenerating C++ code for ROS interfaces[0m
[  6%] Built target ament_cmake_python_symlink_service_based_nav2_controller_srvs
running egg_info
creating service_based_nav2_controller_srvs.egg-info
writing service_based_nav2_controller_srvs.egg-info/PKG-INFO
writing dependency_links to service_based_nav2_controller_srvs.egg-info/dependency_links.txt
writing top-level names to service_based_nav2_controller_srvs.egg-info/top_level.txt
writing manifest file 'service_based_nav2_controller_srvs.egg-info/SOURCES.txt'
reading manifest file 'service_based_nav2_controller_srvs.egg-info/SOURCES.txt'
writing manifest file 'service_based_nav2_controller_srvs.egg-info/SOURCES.txt'
[  6%] Built target ament_cmake_python_build_service_based_nav2_controller_srvs_egg
[  9%] [32mBuilding C object CMakeFiles/service_based_nav2_controller_srvs__rosidl_generator_c.dir/rosidl_generator_c/service_based_nav2_controller_srvs/srv/detail/compute_velocity_commands__functions.c.o[0m
[  9%] Built target service_based_nav2_controller_srvs__cpp
[ 12%] [34m[1mGenerating C++ type support dispatch for ROS interfaces[0m
[ 19%] [34m[1mGenerating C++ type support for eProsima Fast-RTPS[0m
[ 19%] [34m[1mGenerating C++ introspection for ROS interfaces[0m
[ 22%] [32m[1mLinking C shared library libservice_based_nav2_controller_srvs__rosidl_generator_c.so[0m
[ 22%] Built target service_based_nav2_controller_srvs__rosidl_generator_c
[ 29%] [34m[1mGenerating C type support for eProsima Fast-RTPS[0m
[ 29%] [34m[1mGenerating C introspection for ROS interfaces[0m
[ 32%] [34m[1mGenerating C type support dispatch for ROS interfaces[0m
[ 35%] [32mBuilding CXX object CMakeFiles/service_based_nav2_controller_srvs__rosidl_typesupport_cpp.dir/rosidl_typesupport_cpp/service_based_nav2_controller_srvs/srv/compute_velocity_commands__type_support.cpp.o[0m
[ 38%] [32mBuilding CXX object CMakeFiles/service_based_nav2_controller_srvs__rosidl_typesupport_introspection_cpp.dir/rosidl_typesupport_introspection_cpp/service_based_nav2_controller_srvs/srv/detail/compute_velocity_commands__type_support.cpp.o[0m
[ 41%] [32mBuilding CXX object CMakeFiles/service_based_nav2_controller_srvs__rosidl_typesupport_fastrtps_cpp.dir/rosidl_typesupport_fastrtps_cpp/service_based_nav2_controller_srvs/srv/detail/dds_fastrtps/compute_velocity_commands__type_support.cpp.o[0m
[ 45%] [32mBuilding CXX object CMakeFiles/service_based_nav2_controller_srvs__rosidl_typesupport_c.dir/rosidl_typesupport_c/service_based_nav2_controller_srvs/srv/compute_velocity_commands__type_support.cpp.o[0m
[ 48%] [32m[1mLinking CXX shared library libservice_based_nav2_controller_srvs__rosidl_typesupport_c.so[0m
[ 51%] [32mBuilding C object CMakeFiles/service_based_nav2_controller_srvs__rosidl_typesupport_introspection_c.dir/rosidl_typesupport_introspection_c/service_based_nav2_controller_srvs/srv/detail/compute_velocity_commands__type_support.c.o[0m
[ 54%] [32mBuilding CXX object CMakeFiles/service_based_nav2_controller_srvs__rosidl_typesupport_fastrtps_c.dir/rosidl_typesupport_fastrtps_c/service_based_nav2_controller_srvs/srv/detail/compute_velocity_commands__type_support_c.cpp.o[0m
[ 54%] Built target service_based_nav2_controller_srvs__rosidl_typesupport_c
[ 58%] [32m[1mLinking C shared library libservice_based_nav2_controller_srvs__rosidl_typesupport_introspection_c.so[0m
[ 58%] Built target service_based_nav2_controller_srvs__rosidl_typesupport_introspection_c
[ 61%] [32m[1mLinking CXX shared library libservice_based_nav2_controller_srvs__rosidl_typesupport_cpp.so[0m
[ 61%] Built target service_based_nav2_controller_srvs__rosidl_typesupport_cpp
[ 64%] [32m[1mLinking CXX shared library libservice_based_nav2_controller_srvs__rosidl_typesupport_fastrtps_cpp.so[0m
[ 67%] [32m[1mLinking CXX shared library libservice_based_nav2_controller_srvs__rosidl_typesupport_introspection_cpp.so[0m
[ 70%] [32m[1mLinking CXX shared library libservice_based_nav2_controller_srvs__rosidl_typesupport_fastrtps_c.so[0m
[ 70%] Built target service_based_nav2_controller_srvs__rosidl_typesupport_fastrtps_cpp
[ 70%] Built target service_based_nav2_controller_srvs__rosidl_typesupport_introspection_cpp
[ 70%] Built target service_based_nav2_controller_srvs__rosidl_typesupport_fastrtps_c
[ 70%] Built target service_based_nav2_controller_srvs
[ 74%] [34m[1mGenerating Python code for ROS interfaces[0m
[ 74%] Built target service_based_nav2_controller_srvs__py
[ 77%] [32mBuilding C object CMakeFiles/service_based_nav2_controller_srvs__rosidl_generator_py.dir/rosidl_generator_py/service_based_nav2_controller_srvs/srv/_compute_velocity_commands_s.c.o[0m
[ 80%] [32m[1mLinking C shared library rosidl_generator_py/service_based_nav2_controller_srvs/libservice_based_nav2_controller_srvs__rosidl_generator_py.so[0m
[ 80%] Built target service_based_nav2_controller_srvs__rosidl_generator_py
[ 83%] [32mBuilding C object CMakeFiles/service_based_nav2_controller_srvs__rosidl_typesupport_fastrtps_c__pyext.dir/rosidl_generator_py/service_based_nav2_controller_srvs/_service_based_nav2_controller_srvs_s.ep.rosidl_typesupport_fastrtps_c.c.o[0m
[ 87%] [32mBuilding C object CMakeFiles/service_based_nav2_controller_srvs__rosidl_typesupport_introspection_c__pyext.dir/rosidl_generator_py/service_based_nav2_controller_srvs/_service_based_nav2_controller_srvs_s.ep.rosidl_typesupport_introspection_c.c.o[0m
[ 90%] [32mBuilding C object CMakeFiles/service_based_nav2_controller_srvs__rosidl_typesupport_c__pyext.dir/rosidl_generator_py/service_based_nav2_controller_srvs/_service_based_nav2_controller_srvs_s.ep.rosidl_typesupport_c.c.o[0m
[ 93%] [32m[1mLinking C shared library rosidl_generator_py/service_based_nav2_controller_srvs/service_based_nav2_controller_srvs_s__rosidl_typesupport_fastrtps_c.cpython-310-x86_64-linux-gnu.so[0m
[ 93%] Built target service_based_nav2_controller_srvs__rosidl_typesupport_fastrtps_c__pyext
[ 96%] [32m[1mLinking C shared library rosidl_generator_py/service_based_nav2_controller_srvs/service_based_nav2_controller_srvs_s__rosidl_typesupport_introspection_c.cpython-310-x86_64-linux-gnu.so[0m
[ 96%] Built target service_based_nav2_controller_srvs__rosidl_typesupport_introspection_c__pyext
[100%] [32m[1mLinking C shared library rosidl_generator_py/service_based_nav2_controller_srvs/service_based_nav2_controller_srvs_s__rosidl_typesupport_c.cpython-310-x86_64-linux-gnu.so[0m
[100%] Built target service_based_nav2_controller_srvs__rosidl_typesupport_c__pyext
-- Install configuration: ""
-- Execute custom install script
-- Symlinking: /home/rafal/kalman_ws/src/kalman_robot/install/service_based_nav2_controller_srvs/share/ament_index/resource_index/rosidl_interfaces/service_based_nav2_controller_srvs
-- Symlinking: /home/rafal/kalman_ws/src/kalman_robot/install/service_based_nav2_controller_srvs/include/service_based_nav2_controller_srvs/service_based_nav2_controller_srvs/msg/rosidl_generator_c__visibility_control.h
-- Symlinking: /home/rafal/kalman_ws/src/kalman_robot/install/service_based_nav2_controller_srvs/include/service_based_nav2_controller_srvs/service_based_nav2_controller_srvs/srv/compute_velocity_commands.h
-- Symlinking: /home/rafal/kalman_ws/src/kalman_robot/install/service_based_nav2_controller_srvs/include/service_based_nav2_controller_srvs/service_based_nav2_controller_srvs/srv/detail/compute_velocity_commands__functions.h
-- Symlinking: /home/rafal/kalman_ws/src/kalman_robot/install/service_based_nav2_controller_srvs/include/service_based_nav2_controller_srvs/service_based_nav2_controller_srvs/srv/detail/compute_velocity_commands__struct.h
-- Symlinking: /home/rafal/kalman_ws/src/kalman_robot/install/service_based_nav2_controller_srvs/include/service_based_nav2_controller_srvs/service_based_nav2_controller_srvs/srv/detail/compute_velocity_commands__type_support.h
-- Symlinking: /home/rafal/kalman_ws/src/kalman_robot/install/service_based_nav2_controller_srvs/share/service_based_nav2_controller_srvs/environment/library_path.sh
-- Symlinking: /home/rafal/kalman_ws/src/kalman_robot/install/service_based_nav2_controller_srvs/share/service_based_nav2_controller_srvs/environment/library_path.dsv
-- Symlinking: /home/rafal/kalman_ws/src/kalman_robot/install/service_based_nav2_controller_srvs/include/service_based_nav2_controller_srvs/service_based_nav2_controller_srvs/msg/rosidl_typesupport_fastrtps_c__visibility_control.h
-- Symlinking: /home/rafal/kalman_ws/src/kalman_robot/install/service_based_nav2_controller_srvs/include/service_based_nav2_controller_srvs/service_based_nav2_controller_srvs/srv/detail/compute_velocity_commands__rosidl_typesupport_fastrtps_c.h
-- Symlinking: /home/rafal/kalman_ws/src/kalman_robot/install/service_based_nav2_controller_srvs/include/service_based_nav2_controller_srvs/service_based_nav2_controller_srvs/msg/rosidl_typesupport_introspection_c__visibility_control.h
-- Symlinking: /home/rafal/kalman_ws/src/kalman_robot/install/service_based_nav2_controller_srvs/include/service_based_nav2_controller_srvs/service_based_nav2_controller_srvs/srv/detail/compute_velocity_commands__rosidl_typesupport_introspection_c.h
-- Symlinking: /home/rafal/kalman_ws/src/kalman_robot/install/service_based_nav2_controller_srvs/include/service_based_nav2_controller_srvs/service_based_nav2_controller_srvs/srv/compute_velocity_commands.hpp
-- Symlinking: /home/rafal/kalman_ws/src/kalman_robot/install/service_based_nav2_controller_srvs/include/service_based_nav2_controller_srvs/service_based_nav2_controller_srvs/srv/detail/compute_velocity_commands__builder.hpp
-- Symlinking: /home/rafal/kalman_ws/src/kalman_robot/install/service_based_nav2_controller_srvs/include/service_based_nav2_controller_srvs/service_based_nav2_controller_srvs/srv/detail/compute_velocity_commands__struct.hpp
-- Symlinking: /home/rafal/kalman_ws/src/kalman_robot/install/service_based_nav2_controller_srvs/include/service_based_nav2_controller_srvs/service_based_nav2_controller_srvs/srv/detail/compute_velocity_commands__traits.hpp
-- Symlinking: /home/rafal/kalman_ws/src/kalman_robot/install/service_based_nav2_controller_srvs/include/service_based_nav2_controller_srvs/service_based_nav2_controller_srvs/msg/rosidl_typesupport_fastrtps_cpp__visibility_control.h
-- Symlinking: /home/rafal/kalman_ws/src/kalman_robot/install/service_based_nav2_controller_srvs/include/service_based_nav2_controller_srvs/service_based_nav2_controller_srvs/srv/detail/compute_velocity_commands__rosidl_typesupport_fastrtps_cpp.hpp
-- Symlinking: /home/rafal/kalman_ws/src/kalman_robot/install/service_based_nav2_controller_srvs/include/service_based_nav2_controller_srvs/service_based_nav2_controller_srvs/srv/detail/compute_velocity_commands__rosidl_typesupport_introspection_cpp.hpp
-- Symlinking: /home/rafal/kalman_ws/src/kalman_robot/install/service_based_nav2_controller_srvs/share/service_based_nav2_controller_srvs/environment/pythonpath.sh
-- Symlinking: /home/rafal/kalman_ws/src/kalman_robot/install/service_based_nav2_controller_srvs/share/service_based_nav2_controller_srvs/environment/pythonpath.dsv
-- Symlinking: /home/rafal/kalman_ws/src/kalman_robot/install/service_based_nav2_controller_srvs/local/lib/python3.10/dist-packages/service_based_nav2_controller_srvs-0.0.0-py3.10.egg-info/PKG-INFO
-- Symlinking: /home/rafal/kalman_ws/src/kalman_robot/install/service_based_nav2_controller_srvs/local/lib/python3.10/dist-packages/service_based_nav2_controller_srvs-0.0.0-py3.10.egg-info/SOURCES.txt
-- Symlinking: /home/rafal/kalman_ws/src/kalman_robot/install/service_based_nav2_controller_srvs/local/lib/python3.10/dist-packages/service_based_nav2_controller_srvs-0.0.0-py3.10.egg-info/dependency_links.txt
-- Symlinking: /home/rafal/kalman_ws/src/kalman_robot/install/service_based_nav2_controller_srvs/local/lib/python3.10/dist-packages/service_based_nav2_controller_srvs-0.0.0-py3.10.egg-info/top_level.txt
-- Symlinking: /home/rafal/kalman_ws/src/kalman_robot/install/service_based_nav2_controller_srvs/local/lib/python3.10/dist-packages/service_based_nav2_controller_srvs/__init__.py
-- Symlinking: /home/rafal/kalman_ws/src/kalman_robot/install/service_based_nav2_controller_srvs/local/lib/python3.10/dist-packages/service_based_nav2_controller_srvs/_service_based_nav2_controller_srvs_s.ep.rosidl_typesupport_c.c
-- Symlinking: /home/rafal/kalman_ws/src/kalman_robot/install/service_based_nav2_controller_srvs/local/lib/python3.10/dist-packages/service_based_nav2_controller_srvs/_service_based_nav2_controller_srvs_s.ep.rosidl_typesupport_fastrtps_c.c
-- Symlinking: /home/rafal/kalman_ws/src/kalman_robot/install/service_based_nav2_controller_srvs/local/lib/python3.10/dist-packages/service_based_nav2_controller_srvs/_service_based_nav2_controller_srvs_s.ep.rosidl_typesupport_introspection_c.c
-- Symlinking: /home/rafal/kalman_ws/src/kalman_robot/install/service_based_nav2_controller_srvs/local/lib/python3.10/dist-packages/service_based_nav2_controller_srvs/libservice_based_nav2_controller_srvs__rosidl_generator_py.so
-- Symlinking: /home/rafal/kalman_ws/src/kalman_robot/install/service_based_nav2_controller_srvs/local/lib/python3.10/dist-packages/service_based_nav2_controller_srvs/service_based_nav2_controller_srvs_s__rosidl_typesupport_c.cpython-310-x86_64-linux-gnu.so
-- Symlinking: /home/rafal/kalman_ws/src/kalman_robot/install/service_based_nav2_controller_srvs/local/lib/python3.10/dist-packages/service_based_nav2_controller_srvs/service_based_nav2_controller_srvs_s__rosidl_typesupport_fastrtps_c.cpython-310-x86_64-linux-gnu.so
-- Symlinking: /home/rafal/kalman_ws/src/kalman_robot/install/service_based_nav2_controller_srvs/local/lib/python3.10/dist-packages/service_based_nav2_controller_srvs/service_based_nav2_controller_srvs_s__rosidl_typesupport_introspection_c.cpython-310-x86_64-linux-gnu.so
-- Symlinking: /home/rafal/kalman_ws/src/kalman_robot/install/service_based_nav2_controller_srvs/local/lib/python3.10/dist-packages/service_based_nav2_controller_srvs/srv/__init__.py
-- Symlinking: /home/rafal/kalman_ws/src/kalman_robot/install/service_based_nav2_controller_srvs/local/lib/python3.10/dist-packages/service_based_nav2_controller_srvs/srv/_compute_velocity_commands.py
-- Symlinking: /home/rafal/kalman_ws/src/kalman_robot/install/service_based_nav2_controller_srvs/local/lib/python3.10/dist-packages/service_based_nav2_controller_srvs/srv/_compute_velocity_commands_s.c
-- Up-to-date symlink: /home/rafal/kalman_ws/src/kalman_robot/install/service_based_nav2_controller_srvs/local/lib/python3.10/dist-packages/service_based_nav2_controller_srvs/service_based_nav2_controller_srvs_s__rosidl_typesupport_fastrtps_c.cpython-310-x86_64-linux-gnu.so
-- Up-to-date symlink: /home/rafal/kalman_ws/src/kalman_robot/install/service_based_nav2_controller_srvs/local/lib/python3.10/dist-packages/service_based_nav2_controller_srvs/service_based_nav2_controller_srvs_s__rosidl_typesupport_introspection_c.cpython-310-x86_64-linux-gnu.so
-- Up-to-date symlink: /home/rafal/kalman_ws/src/kalman_robot/install/service_based_nav2_controller_srvs/local/lib/python3.10/dist-packages/service_based_nav2_controller_srvs/service_based_nav2_controller_srvs_s__rosidl_typesupport_c.cpython-310-x86_64-linux-gnu.so
-- Symlinking: /home/rafal/kalman_ws/src/kalman_robot/install/service_based_nav2_controller_srvs/share/service_based_nav2_controller_srvs/srv/ComputeVelocityCommands.idl
-- Symlinking: /home/rafal/kalman_ws/src/kalman_robot/install/service_based_nav2_controller_srvs/share/service_based_nav2_controller_srvs/srv/ComputeVelocityCommands.srv
-- Symlinking: /home/rafal/kalman_ws/src/kalman_robot/install/service_based_nav2_controller_srvs/share/service_based_nav2_controller_srvs/srv/ComputeVelocityCommands_Request.msg
-- Symlinking: /home/rafal/kalman_ws/src/kalman_robot/install/service_based_nav2_controller_srvs/share/service_based_nav2_controller_srvs/srv/ComputeVelocityCommands_Response.msg
-- Symlinking: /home/rafal/kalman_ws/src/kalman_robot/install/service_based_nav2_controller_srvs/share/ament_index/resource_index/package_run_dependencies/service_based_nav2_controller_srvs
-- Symlinking: /home/rafal/kalman_ws/src/kalman_robot/install/service_based_nav2_controller_srvs/share/ament_index/resource_index/parent_prefix_path/service_based_nav2_controller_srvs
-- Symlinking: /home/rafal/kalman_ws/src/kalman_robot/install/service_based_nav2_controller_srvs/share/service_based_nav2_controller_srvs/environment/ament_prefix_path.sh
-- Symlinking: /home/rafal/kalman_ws/src/kalman_robot/install/service_based_nav2_controller_srvs/share/service_based_nav2_controller_srvs/environment/ament_prefix_path.dsv
-- Symlinking: /home/rafal/kalman_ws/src/kalman_robot/install/service_based_nav2_controller_srvs/share/service_based_nav2_controller_srvs/environment/path.sh
-- Symlinking: /home/rafal/kalman_ws/src/kalman_robot/install/service_based_nav2_controller_srvs/share/service_based_nav2_controller_srvs/environment/path.dsv
-- Symlinking: /home/rafal/kalman_ws/src/kalman_robot/install/service_based_nav2_controller_srvs/share/service_based_nav2_controller_srvs/local_setup.bash
-- Symlinking: /home/rafal/kalman_ws/src/kalman_robot/install/service_based_nav2_controller_srvs/share/service_based_nav2_controller_srvs/local_setup.sh
-- Symlinking: /home/rafal/kalman_ws/src/kalman_robot/install/service_based_nav2_controller_srvs/share/service_based_nav2_controller_srvs/local_setup.zsh
-- Symlinking: /home/rafal/kalman_ws/src/kalman_robot/install/service_based_nav2_controller_srvs/share/service_based_nav2_controller_srvs/local_setup.dsv
-- Symlinking: /home/rafal/kalman_ws/src/kalman_robot/install/service_based_nav2_controller_srvs/share/service_based_nav2_controller_srvs/package.dsv
-- Symlinking: /home/rafal/kalman_ws/src/kalman_robot/install/service_based_nav2_controller_srvs/share/ament_index/resource_index/packages/service_based_nav2_controller_srvs
-- Symlinking: /home/rafal/kalman_ws/src/kalman_robot/install/service_based_nav2_controller_srvs/share/service_based_nav2_controller_srvs/cmake/rosidl_cmake-extras.cmake
-- Symlinking: /home/rafal/kalman_ws/src/kalman_robot/install/service_based_nav2_controller_srvs/share/service_based_nav2_controller_srvs/cmake/ament_cmake_export_dependencies-extras.cmake
-- Symlinking: /home/rafal/kalman_ws/src/kalman_robot/install/service_based_nav2_controller_srvs/share/service_based_nav2_controller_srvs/cmake/ament_cmake_export_include_directories-extras.cmake
-- Symlinking: /home/rafal/kalman_ws/src/kalman_robot/install/service_based_nav2_controller_srvs/share/service_based_nav2_controller_srvs/cmake/ament_cmake_export_libraries-extras.cmake
-- Symlinking: /home/rafal/kalman_ws/src/kalman_robot/install/service_based_nav2_controller_srvs/share/service_based_nav2_controller_srvs/cmake/ament_cmake_export_targets-extras.cmake
-- Symlinking: /home/rafal/kalman_ws/src/kalman_robot/install/service_based_nav2_controller_srvs/share/service_based_nav2_controller_srvs/cmake/rosidl_cmake_export_typesupport_targets-extras.cmake
-- Symlinking: /home/rafal/kalman_ws/src/kalman_robot/install/service_based_nav2_controller_srvs/share/service_based_nav2_controller_srvs/cmake/rosidl_cmake_export_typesupport_libraries-extras.cmake
-- Symlinking: /home/rafal/kalman_ws/src/kalman_robot/install/service_based_nav2_controller_srvs/share/service_based_nav2_controller_srvs/cmake/service_based_nav2_controller_srvsConfig.cmake
-- Symlinking: /home/rafal/kalman_ws/src/kalman_robot/install/service_based_nav2_controller_srvs/share/service_based_nav2_controller_srvs/cmake/service_based_nav2_controller_srvsConfig-version.cmake
-- Symlinking: /home/rafal/kalman_ws/src/kalman_robot/install/service_based_nav2_controller_srvs/share/service_based_nav2_controller_srvs/package.xml
-- Installing: /home/rafal/kalman_ws/src/kalman_robot/install/service_based_nav2_controller_srvs/lib/libservice_based_nav2_controller_srvs__rosidl_generator_c.so
-- Set runtime path of "/home/rafal/kalman_ws/src/kalman_robot/install/service_based_nav2_controller_srvs/lib/libservice_based_nav2_controller_srvs__rosidl_generator_c.so" to ""
-- Installing: /home/rafal/kalman_ws/src/kalman_robot/install/service_based_nav2_controller_srvs/lib/libservice_based_nav2_controller_srvs__rosidl_typesupport_fastrtps_c.so
-- Set runtime path of "/home/rafal/kalman_ws/src/kalman_robot/install/service_based_nav2_controller_srvs/lib/libservice_based_nav2_controller_srvs__rosidl_typesupport_fastrtps_c.so" to ""
-- Installing: /home/rafal/kalman_ws/src/kalman_robot/install/service_based_nav2_controller_srvs/lib/libservice_based_nav2_controller_srvs__rosidl_typesupport_introspection_c.so
-- Set runtime path of "/home/rafal/kalman_ws/src/kalman_robot/install/service_based_nav2_controller_srvs/lib/libservice_based_nav2_controller_srvs__rosidl_typesupport_introspection_c.so" to ""
-- Installing: /home/rafal/kalman_ws/src/kalman_robot/install/service_based_nav2_controller_srvs/lib/libservice_based_nav2_controller_srvs__rosidl_typesupport_c.so
-- Set runtime path of "/home/rafal/kalman_ws/src/kalman_robot/install/service_based_nav2_controller_srvs/lib/libservice_based_nav2_controller_srvs__rosidl_typesupport_c.so" to ""
-- Installing: /home/rafal/kalman_ws/src/kalman_robot/install/service_based_nav2_controller_srvs/lib/libservice_based_nav2_controller_srvs__rosidl_typesupport_fastrtps_cpp.so
-- Set runtime path of "/home/rafal/kalman_ws/src/kalman_robot/install/service_based_nav2_controller_srvs/lib/libservice_based_nav2_controller_srvs__rosidl_typesupport_fastrtps_cpp.so" to ""
-- Installing: /home/rafal/kalman_ws/src/kalman_robot/install/service_based_nav2_controller_srvs/lib/libservice_based_nav2_controller_srvs__rosidl_typesupport_introspection_cpp.so
-- Set runtime path of "/home/rafal/kalman_ws/src/kalman_robot/install/service_based_nav2_controller_srvs/lib/libservice_based_nav2_controller_srvs__rosidl_typesupport_introspection_cpp.so" to ""
-- Installing: /home/rafal/kalman_ws/src/kalman_robot/install/service_based_nav2_controller_srvs/lib/libservice_based_nav2_controller_srvs__rosidl_typesupport_cpp.so
-- Set runtime path of "/home/rafal/kalman_ws/src/kalman_robot/install/service_based_nav2_controller_srvs/lib/libservice_based_nav2_controller_srvs__rosidl_typesupport_cpp.so" to ""
Listing '/home/rafal/kalman_ws/src/kalman_robot/install/service_based_nav2_controller_srvs/local/lib/python3.10/dist-packages/service_based_nav2_controller_srvs'...
Compiling '/home/rafal/kalman_ws/src/kalman_robot/install/service_based_nav2_controller_srvs/local/lib/python3.10/dist-packages/service_based_nav2_controller_srvs/__init__.py'...
Listing '/home/rafal/kalman_ws/src/kalman_robot/install/service_based_nav2_controller_srvs/local/lib/python3.10/dist-packages/service_based_nav2_controller_srvs/srv'...
Compiling '/home/rafal/kalman_ws/src/kalman_robot/install/service_based_nav2_controller_srvs/local/lib/python3.10/dist-packages/service_based_nav2_controller_srvs/srv/__init__.py'...
Compiling '/home/rafal/kalman_ws/src/kalman_robot/install/service_based_nav2_controller_srvs/local/lib/python3.10/dist-packages/service_based_nav2_controller_srvs/srv/_compute_velocity_commands.py'...
-- Installing: /home/rafal/kalman_ws/src/kalman_robot/install/service_based_nav2_controller_srvs/lib/libservice_based_nav2_controller_srvs__rosidl_generator_py.so
-- Set runtime path of "/home/rafal/kalman_ws/src/kalman_robot/install/service_based_nav2_controller_srvs/lib/libservice_based_nav2_controller_srvs__rosidl_generator_py.so" to ""
-- Installing: /home/rafal/kalman_ws/src/kalman_robot/install/service_based_nav2_controller_srvs/share/service_based_nav2_controller_srvs/cmake/export_service_based_nav2_controller_srvs__rosidl_generator_cExport.cmake
-- Installing: /home/rafal/kalman_ws/src/kalman_robot/install/service_based_nav2_controller_srvs/share/service_based_nav2_controller_srvs/cmake/export_service_based_nav2_controller_srvs__rosidl_generator_cExport-noconfig.cmake
-- Installing: /home/rafal/kalman_ws/src/kalman_robot/install/service_based_nav2_controller_srvs/share/service_based_nav2_controller_srvs/cmake/export_service_based_nav2_controller_srvs__rosidl_typesupport_fastrtps_cExport.cmake
-- Installing: /home/rafal/kalman_ws/src/kalman_robot/install/service_based_nav2_controller_srvs/share/service_based_nav2_controller_srvs/cmake/export_service_based_nav2_controller_srvs__rosidl_typesupport_fastrtps_cExport-noconfig.cmake
-- Installing: /home/rafal/kalman_ws/src/kalman_robot/install/service_based_nav2_controller_srvs/share/service_based_nav2_controller_srvs/cmake/service_based_nav2_controller_srvs__rosidl_typesupport_introspection_cExport.cmake
-- Installing: /home/rafal/kalman_ws/src/kalman_robot/install/service_based_nav2_controller_srvs/share/service_based_nav2_controller_srvs/cmake/service_based_nav2_controller_srvs__rosidl_typesupport_introspection_cExport-noconfig.cmake
-- Installing: /home/rafal/kalman_ws/src/kalman_robot/install/service_based_nav2_controller_srvs/share/service_based_nav2_controller_srvs/cmake/service_based_nav2_controller_srvs__rosidl_typesupport_cExport.cmake
-- Installing: /home/rafal/kalman_ws/src/kalman_robot/install/service_based_nav2_controller_srvs/share/service_based_nav2_controller_srvs/cmake/service_based_nav2_controller_srvs__rosidl_typesupport_cExport-noconfig.cmake
-- Installing: /home/rafal/kalman_ws/src/kalman_robot/install/service_based_nav2_controller_srvs/share/service_based_nav2_controller_srvs/cmake/export_service_based_nav2_controller_srvs__rosidl_generator_cppExport.cmake
-- Installing: /home/rafal/kalman_ws/src/kalman_robot/install/service_based_nav2_controller_srvs/share/service_based_nav2_controller_srvs/cmake/export_service_based_nav2_controller_srvs__rosidl_typesupport_fastrtps_cppExport.cmake
-- Installing: /home/rafal/kalman_ws/src/kalman_robot/install/service_based_nav2_controller_srvs/share/service_based_nav2_controller_srvs/cmake/export_service_based_nav2_controller_srvs__rosidl_typesupport_fastrtps_cppExport-noconfig.cmake
-- Installing: /home/rafal/kalman_ws/src/kalman_robot/install/service_based_nav2_controller_srvs/share/service_based_nav2_controller_srvs/cmake/service_based_nav2_controller_srvs__rosidl_typesupport_introspection_cppExport.cmake
-- Installing: /home/rafal/kalman_ws/src/kalman_robot/install/service_based_nav2_controller_srvs/share/service_based_nav2_controller_srvs/cmake/service_based_nav2_controller_srvs__rosidl_typesupport_introspection_cppExport-noconfig.cmake
-- Installing: /home/rafal/kalman_ws/src/kalman_robot/install/service_based_nav2_controller_srvs/share/service_based_nav2_controller_srvs/cmake/service_based_nav2_controller_srvs__rosidl_typesupport_cppExport.cmake
-- Installing: /home/rafal/kalman_ws/src/kalman_robot/install/service_based_nav2_controller_srvs/share/service_based_nav2_controller_srvs/cmake/service_based_nav2_controller_srvs__rosidl_typesupport_cppExport-noconfig.cmake
-- Installing: /home/rafal/kalman_ws/src/kalman_robot/install/service_based_nav2_controller_srvs/share/service_based_nav2_controller_srvs/cmake/export_service_based_nav2_controller_srvs__rosidl_generator_pyExport.cmake
-- Installing: /home/rafal/kalman_ws/src/kalman_robot/install/service_based_nav2_controller_srvs/share/service_based_nav2_controller_srvs/cmake/export_service_based_nav2_controller_srvs__rosidl_generator_pyExport-noconfig.cmake
