[0.577s] Invoking command in '/home/rafal/kalman_ws/src/kalman_robot/build/service_based_nav2_controller_srvs': CMAKE_PREFIX_PATH=/home/rafal/dev_ws/install/my_robot:/opt/ros/humble /usr/bin/cmake /home/rafal/kalman_ws/src/kalman_robot/service_based_nav2_controller/service_based_nav2_controller_srvs -DAMENT_CMAKE_SYMLINK_INSTALL=1 -DCMAKE_INSTALL_PREFIX=/home/rafal/kalman_ws/src/kalman_robot/install/service_based_nav2_controller_srvs
[1.976s] -- The C compiler identification is GNU 11.4.0
[1.977s] -- The CXX compiler identification is GNU 11.4.0
[1.978s] -- Detecting C compiler ABI info
[1.978s] -- Detecting C compiler ABI info - done
[1.978s] -- Check for working C compiler: /usr/bin/cc - skipped
[1.978s] -- Detecting C compile features
[1.979s] -- Detecting C compile features - done
[1.979s] -- Detecting CXX compiler ABI info
[1.980s] -- Detecting CXX compiler ABI info - done
[1.980s] -- Check for working CXX compiler: /usr/bin/c++ - skipped
[1.980s] -- Detecting CXX compile features
[1.980s] -- Detecting CXX compile features - done
[1.980s] -- Found ament_cmake: 1.3.8 (/opt/ros/humble/share/ament_cmake/cmake)
[1.981s] -- Found Python3: /usr/bin/python3 (found version "3.10.12") found components: Interpreter 
[1.981s] -- Override CMake install command with custom implementation using symlinks instead of copying resources
[1.981s] -- Found rosidl_default_generators: 1.2.0 (/opt/ros/humble/share/rosidl_default_generators/cmake)
[1.981s] -- Using all available rosidl_typesupport_c: rosidl_typesupport_fastrtps_c;rosidl_typesupport_introspection_c
[1.981s] -- Found rosidl_adapter: 3.1.5 (/opt/ros/humble/share/rosidl_adapter/cmake)
[1.981s] -- Using all available rosidl_typesupport_cpp: rosidl_typesupport_fastrtps_cpp;rosidl_typesupport_introspection_cpp
[1.982s] -- Found geometry_msgs: 4.2.3 (/opt/ros/humble/share/geometry_msgs/cmake)
[2.204s] -- Found nav_msgs: 4.2.3 (/opt/ros/humble/share/nav_msgs/cmake)
[2.956s] -- Found ament_cmake_ros: 0.10.0 (/opt/ros/humble/share/ament_cmake_ros/cmake)
[3.495s] -- Using all available rosidl_typesupport_c: rosidl_typesupport_fastrtps_c;rosidl_typesupport_introspection_c
[4.266s] -- Using all available rosidl_typesupport_cpp: rosidl_typesupport_fastrtps_cpp;rosidl_typesupport_introspection_cpp
[4.324s] -- Found PythonInterp: /usr/bin/python3 (found suitable version "3.10.12", minimum required is "3.6") 
[4.329s] -- Found python_cmake_module: 0.10.0 (/opt/ros/humble/share/python_cmake_module/cmake)
[4.395s] -- Found PythonLibs: /usr/lib/x86_64-linux-gnu/libpython3.10.so (found suitable version "3.10.12", minimum required is "3.5") 
[4.395s] -- Using PYTHON_EXECUTABLE: /usr/bin/python3
[4.396s] -- Using PYTHON_INCLUDE_DIRS: /usr/include/python3.10
[4.396s] -- Using PYTHON_LIBRARIES: /usr/lib/x86_64-linux-gnu/libpython3.10.so
[4.446s] -- Found PythonExtra: .so  
[4.659s] -- Configuring done
[4.750s] -- Generating done
[4.752s] -- Build files have been written to: /home/rafal/kalman_ws/src/kalman_robot/build/service_based_nav2_controller_srvs
[4.922s] Invoked command in '/home/rafal/kalman_ws/src/kalman_robot/build/service_based_nav2_controller_srvs' returned '0': CMAKE_PREFIX_PATH=/home/rafal/dev_ws/install/my_robot:/opt/ros/humble /usr/bin/cmake /home/rafal/kalman_ws/src/kalman_robot/service_based_nav2_controller/service_based_nav2_controller_srvs -DAMENT_CMAKE_SYMLINK_INSTALL=1 -DCMAKE_INSTALL_PREFIX=/home/rafal/kalman_ws/src/kalman_robot/install/service_based_nav2_controller_srvs
[4.924s] Invoking command in '/home/rafal/kalman_ws/src/kalman_robot/build/service_based_nav2_controller_srvs': CMAKE_PREFIX_PATH=/home/rafal/dev_ws/install/my_robot:/opt/ros/humble /usr/bin/cmake --build /home/rafal/kalman_ws/src/kalman_robot/build/service_based_nav2_controller_srvs -- -j16 -l16
[5.021s] [  3%] [34m[1mGenerating C code for ROS interfaces[0m
[5.035s] [  6%] [34m[1mGenerating C++ code for ROS interfaces[0m
[5.055s] [  6%] Built target ament_cmake_python_symlink_service_based_nav2_controller_srvs
[5.616s] running egg_info
[5.618s] creating service_based_nav2_controller_srvs.egg-info
[5.618s] writing service_based_nav2_controller_srvs.egg-info/PKG-INFO
[5.619s] writing dependency_links to service_based_nav2_controller_srvs.egg-info/dependency_links.txt
[5.619s] writing top-level names to service_based_nav2_controller_srvs.egg-info/top_level.txt
[5.620s] writing manifest file 'service_based_nav2_controller_srvs.egg-info/SOURCES.txt'
[5.633s] reading manifest file 'service_based_nav2_controller_srvs.egg-info/SOURCES.txt'
[5.634s] writing manifest file 'service_based_nav2_controller_srvs.egg-info/SOURCES.txt'
[5.679s] [  6%] Built target ament_cmake_python_build_service_based_nav2_controller_srvs_egg
[5.780s] [  9%] [32mBuilding C object CMakeFiles/service_based_nav2_controller_srvs__rosidl_generator_c.dir/rosidl_generator_c/service_based_nav2_controller_srvs/srv/detail/compute_velocity_commands__functions.c.o[0m
[5.788s] [  9%] Built target service_based_nav2_controller_srvs__cpp
[5.806s] [ 12%] [34m[1mGenerating C++ type support dispatch for ROS interfaces[0m
[5.811s] [ 19%] [34m[1mGenerating C++ type support for eProsima Fast-RTPS[0m
[5.812s] [ 19%] [34m[1mGenerating C++ introspection for ROS interfaces[0m
[5.959s] [ 22%] [32m[1mLinking C shared library libservice_based_nav2_controller_srvs__rosidl_generator_c.so[0m
[6.052s] [ 22%] Built target service_based_nav2_controller_srvs__rosidl_generator_c
[6.076s] [ 29%] [34m[1mGenerating C type support for eProsima Fast-RTPS[0m
[6.076s] [ 29%] [34m[1mGenerating C introspection for ROS interfaces[0m
[6.079s] [ 32%] [34m[1mGenerating C type support dispatch for ROS interfaces[0m
[6.481s] [ 35%] [32mBuilding CXX object CMakeFiles/service_based_nav2_controller_srvs__rosidl_typesupport_cpp.dir/rosidl_typesupport_cpp/service_based_nav2_controller_srvs/srv/compute_velocity_commands__type_support.cpp.o[0m
[6.619s] [ 38%] [32mBuilding CXX object CMakeFiles/service_based_nav2_controller_srvs__rosidl_typesupport_introspection_cpp.dir/rosidl_typesupport_introspection_cpp/service_based_nav2_controller_srvs/srv/detail/compute_velocity_commands__type_support.cpp.o[0m
[6.656s] [ 41%] [32mBuilding CXX object CMakeFiles/service_based_nav2_controller_srvs__rosidl_typesupport_fastrtps_cpp.dir/rosidl_typesupport_fastrtps_cpp/service_based_nav2_controller_srvs/srv/detail/dds_fastrtps/compute_velocity_commands__type_support.cpp.o[0m
[6.750s] [ 45%] [32mBuilding CXX object CMakeFiles/service_based_nav2_controller_srvs__rosidl_typesupport_c.dir/rosidl_typesupport_c/service_based_nav2_controller_srvs/srv/compute_velocity_commands__type_support.cpp.o[0m
[6.881s] [ 48%] [32m[1mLinking CXX shared library libservice_based_nav2_controller_srvs__rosidl_typesupport_c.so[0m
[6.945s] [ 51%] [32mBuilding C object CMakeFiles/service_based_nav2_controller_srvs__rosidl_typesupport_introspection_c.dir/rosidl_typesupport_introspection_c/service_based_nav2_controller_srvs/srv/detail/compute_velocity_commands__type_support.c.o[0m
[6.998s] [ 54%] [32mBuilding CXX object CMakeFiles/service_based_nav2_controller_srvs__rosidl_typesupport_fastrtps_c.dir/rosidl_typesupport_fastrtps_c/service_based_nav2_controller_srvs/srv/detail/compute_velocity_commands__type_support_c.cpp.o[0m
[7.005s] [ 54%] Built target service_based_nav2_controller_srvs__rosidl_typesupport_c
[7.132s] [ 58%] [32m[1mLinking C shared library libservice_based_nav2_controller_srvs__rosidl_typesupport_introspection_c.so[0m
[7.211s] [ 58%] Built target service_based_nav2_controller_srvs__rosidl_typesupport_introspection_c
[7.428s] [ 61%] [32m[1mLinking CXX shared library libservice_based_nav2_controller_srvs__rosidl_typesupport_cpp.so[0m
[7.572s] [ 61%] Built target service_based_nav2_controller_srvs__rosidl_typesupport_cpp
[7.933s] [ 64%] [32m[1mLinking CXX shared library libservice_based_nav2_controller_srvs__rosidl_typesupport_fastrtps_cpp.so[0m
[8.013s] [ 67%] [32m[1mLinking CXX shared library libservice_based_nav2_controller_srvs__rosidl_typesupport_introspection_cpp.so[0m
[8.057s] [ 70%] [32m[1mLinking CXX shared library libservice_based_nav2_controller_srvs__rosidl_typesupport_fastrtps_c.so[0m
[8.144s] [ 70%] Built target service_based_nav2_controller_srvs__rosidl_typesupport_fastrtps_cpp
[8.168s] [ 70%] Built target service_based_nav2_controller_srvs__rosidl_typesupport_introspection_cpp
[8.241s] [ 70%] Built target service_based_nav2_controller_srvs__rosidl_typesupport_fastrtps_c
[8.278s] [ 70%] Built target service_based_nav2_controller_srvs
[8.325s] [ 74%] [34m[1mGenerating Python code for ROS interfaces[0m
[9.131s] [ 74%] Built target service_based_nav2_controller_srvs__py
[9.175s] [ 77%] [32mBuilding C object CMakeFiles/service_based_nav2_controller_srvs__rosidl_generator_py.dir/rosidl_generator_py/service_based_nav2_controller_srvs/srv/_compute_velocity_commands_s.c.o[0m
[9.510s] [ 80%] [32m[1mLinking C shared library rosidl_generator_py/service_based_nav2_controller_srvs/libservice_based_nav2_controller_srvs__rosidl_generator_py.so[0m
[9.643s] [ 80%] Built target service_based_nav2_controller_srvs__rosidl_generator_py
[9.755s] [ 83%] [32mBuilding C object CMakeFiles/service_based_nav2_controller_srvs__rosidl_typesupport_fastrtps_c__pyext.dir/rosidl_generator_py/service_based_nav2_controller_srvs/_service_based_nav2_controller_srvs_s.ep.rosidl_typesupport_fastrtps_c.c.o[0m
[9.762s] [ 87%] [32mBuilding C object CMakeFiles/service_based_nav2_controller_srvs__rosidl_typesupport_introspection_c__pyext.dir/rosidl_generator_py/service_based_nav2_controller_srvs/_service_based_nav2_controller_srvs_s.ep.rosidl_typesupport_introspection_c.c.o[0m
[9.877s] [ 90%] [32mBuilding C object CMakeFiles/service_based_nav2_controller_srvs__rosidl_typesupport_c__pyext.dir/rosidl_generator_py/service_based_nav2_controller_srvs/_service_based_nav2_controller_srvs_s.ep.rosidl_typesupport_c.c.o[0m
[10.198s] [ 93%] [32m[1mLinking C shared library rosidl_generator_py/service_based_nav2_controller_srvs/service_based_nav2_controller_srvs_s__rosidl_typesupport_fastrtps_c.cpython-310-x86_64-linux-gnu.so[0m
[10.327s] [ 93%] Built target service_based_nav2_controller_srvs__rosidl_typesupport_fastrtps_c__pyext
[10.399s] [ 96%] [32m[1mLinking C shared library rosidl_generator_py/service_based_nav2_controller_srvs/service_based_nav2_controller_srvs_s__rosidl_typesupport_introspection_c.cpython-310-x86_64-linux-gnu.so[0m
[10.587s] [ 96%] Built target service_based_nav2_controller_srvs__rosidl_typesupport_introspection_c__pyext
[10.598s] [100%] [32m[1mLinking C shared library rosidl_generator_py/service_based_nav2_controller_srvs/service_based_nav2_controller_srvs_s__rosidl_typesupport_c.cpython-310-x86_64-linux-gnu.so[0m
[10.845s] [100%] Built target service_based_nav2_controller_srvs__rosidl_typesupport_c__pyext
[11.069s] Invoked command in '/home/rafal/kalman_ws/src/kalman_robot/build/service_based_nav2_controller_srvs' returned '0': CMAKE_PREFIX_PATH=/home/rafal/dev_ws/install/my_robot:/opt/ros/humble /usr/bin/cmake --build /home/rafal/kalman_ws/src/kalman_robot/build/service_based_nav2_controller_srvs -- -j16 -l16
[11.549s] Invoking command in '/home/rafal/kalman_ws/src/kalman_robot/build/service_based_nav2_controller_srvs': CMAKE_PREFIX_PATH=/home/rafal/dev_ws/install/my_robot:/opt/ros/humble /usr/bin/cmake --install /home/rafal/kalman_ws/src/kalman_robot/build/service_based_nav2_controller_srvs
[11.573s] -- Install configuration: ""
[11.575s] -- Execute custom install script
[11.576s] -- Symlinking: /home/rafal/kalman_ws/src/kalman_robot/install/service_based_nav2_controller_srvs/share/ament_index/resource_index/rosidl_interfaces/service_based_nav2_controller_srvs
[11.603s] -- Symlinking: /home/rafal/kalman_ws/src/kalman_robot/install/service_based_nav2_controller_srvs/include/service_based_nav2_controller_srvs/service_based_nav2_controller_srvs/msg/rosidl_generator_c__visibility_control.h
[11.630s] -- Symlinking: /home/rafal/kalman_ws/src/kalman_robot/install/service_based_nav2_controller_srvs/include/service_based_nav2_controller_srvs/service_based_nav2_controller_srvs/srv/compute_velocity_commands.h
[11.657s] -- Symlinking: /home/rafal/kalman_ws/src/kalman_robot/install/service_based_nav2_controller_srvs/include/service_based_nav2_controller_srvs/service_based_nav2_controller_srvs/srv/detail/compute_velocity_commands__functions.h
[11.681s] -- Symlinking: /home/rafal/kalman_ws/src/kalman_robot/install/service_based_nav2_controller_srvs/include/service_based_nav2_controller_srvs/service_based_nav2_controller_srvs/srv/detail/compute_velocity_commands__struct.h
[11.706s] -- Symlinking: /home/rafal/kalman_ws/src/kalman_robot/install/service_based_nav2_controller_srvs/include/service_based_nav2_controller_srvs/service_based_nav2_controller_srvs/srv/detail/compute_velocity_commands__type_support.h
[11.730s] -- Symlinking: /home/rafal/kalman_ws/src/kalman_robot/install/service_based_nav2_controller_srvs/share/service_based_nav2_controller_srvs/environment/library_path.sh
[11.813s] -- Symlinking: /home/rafal/kalman_ws/src/kalman_robot/install/service_based_nav2_controller_srvs/share/service_based_nav2_controller_srvs/environment/library_path.dsv
[11.840s] -- Symlinking: /home/rafal/kalman_ws/src/kalman_robot/install/service_based_nav2_controller_srvs/include/service_based_nav2_controller_srvs/service_based_nav2_controller_srvs/msg/rosidl_typesupport_fastrtps_c__visibility_control.h
[11.888s] -- Symlinking: /home/rafal/kalman_ws/src/kalman_robot/install/service_based_nav2_controller_srvs/include/service_based_nav2_controller_srvs/service_based_nav2_controller_srvs/srv/detail/compute_velocity_commands__rosidl_typesupport_fastrtps_c.h
[11.935s] -- Symlinking: /home/rafal/kalman_ws/src/kalman_robot/install/service_based_nav2_controller_srvs/include/service_based_nav2_controller_srvs/service_based_nav2_controller_srvs/msg/rosidl_typesupport_introspection_c__visibility_control.h
[11.979s] -- Symlinking: /home/rafal/kalman_ws/src/kalman_robot/install/service_based_nav2_controller_srvs/include/service_based_nav2_controller_srvs/service_based_nav2_controller_srvs/srv/detail/compute_velocity_commands__rosidl_typesupport_introspection_c.h
[12.031s] -- Symlinking: /home/rafal/kalman_ws/src/kalman_robot/install/service_based_nav2_controller_srvs/include/service_based_nav2_controller_srvs/service_based_nav2_controller_srvs/srv/compute_velocity_commands.hpp
[12.102s] -- Symlinking: /home/rafal/kalman_ws/src/kalman_robot/install/service_based_nav2_controller_srvs/include/service_based_nav2_controller_srvs/service_based_nav2_controller_srvs/srv/detail/compute_velocity_commands__builder.hpp
[12.146s] -- Symlinking: /home/rafal/kalman_ws/src/kalman_robot/install/service_based_nav2_controller_srvs/include/service_based_nav2_controller_srvs/service_based_nav2_controller_srvs/srv/detail/compute_velocity_commands__struct.hpp
[12.357s] -- Symlinking: /home/rafal/kalman_ws/src/kalman_robot/install/service_based_nav2_controller_srvs/include/service_based_nav2_controller_srvs/service_based_nav2_controller_srvs/srv/detail/compute_velocity_commands__traits.hpp
[12.385s] -- Symlinking: /home/rafal/kalman_ws/src/kalman_robot/install/service_based_nav2_controller_srvs/include/service_based_nav2_controller_srvs/service_based_nav2_controller_srvs/msg/rosidl_typesupport_fastrtps_cpp__visibility_control.h
[12.413s] -- Symlinking: /home/rafal/kalman_ws/src/kalman_robot/install/service_based_nav2_controller_srvs/include/service_based_nav2_controller_srvs/service_based_nav2_controller_srvs/srv/detail/compute_velocity_commands__rosidl_typesupport_fastrtps_cpp.hpp
[12.441s] -- Symlinking: /home/rafal/kalman_ws/src/kalman_robot/install/service_based_nav2_controller_srvs/include/service_based_nav2_controller_srvs/service_based_nav2_controller_srvs/srv/detail/compute_velocity_commands__rosidl_typesupport_introspection_cpp.hpp
[12.468s] -- Symlinking: /home/rafal/kalman_ws/src/kalman_robot/install/service_based_nav2_controller_srvs/share/service_based_nav2_controller_srvs/environment/pythonpath.sh
[12.496s] -- Symlinking: /home/rafal/kalman_ws/src/kalman_robot/install/service_based_nav2_controller_srvs/share/service_based_nav2_controller_srvs/environment/pythonpath.dsv
[12.528s] -- Symlinking: /home/rafal/kalman_ws/src/kalman_robot/install/service_based_nav2_controller_srvs/local/lib/python3.10/dist-packages/service_based_nav2_controller_srvs-0.0.0-py3.10.egg-info/PKG-INFO
[12.554s] -- Symlinking: /home/rafal/kalman_ws/src/kalman_robot/install/service_based_nav2_controller_srvs/local/lib/python3.10/dist-packages/service_based_nav2_controller_srvs-0.0.0-py3.10.egg-info/SOURCES.txt
[12.581s] -- Symlinking: /home/rafal/kalman_ws/src/kalman_robot/install/service_based_nav2_controller_srvs/local/lib/python3.10/dist-packages/service_based_nav2_controller_srvs-0.0.0-py3.10.egg-info/dependency_links.txt
[12.607s] -- Symlinking: /home/rafal/kalman_ws/src/kalman_robot/install/service_based_nav2_controller_srvs/local/lib/python3.10/dist-packages/service_based_nav2_controller_srvs-0.0.0-py3.10.egg-info/top_level.txt
[12.661s] -- Symlinking: /home/rafal/kalman_ws/src/kalman_robot/install/service_based_nav2_controller_srvs/local/lib/python3.10/dist-packages/service_based_nav2_controller_srvs/__init__.py
[12.689s] -- Symlinking: /home/rafal/kalman_ws/src/kalman_robot/install/service_based_nav2_controller_srvs/local/lib/python3.10/dist-packages/service_based_nav2_controller_srvs/_service_based_nav2_controller_srvs_s.ep.rosidl_typesupport_c.c
[12.716s] -- Symlinking: /home/rafal/kalman_ws/src/kalman_robot/install/service_based_nav2_controller_srvs/local/lib/python3.10/dist-packages/service_based_nav2_controller_srvs/_service_based_nav2_controller_srvs_s.ep.rosidl_typesupport_fastrtps_c.c
[12.734s] -- Symlinking: /home/rafal/kalman_ws/src/kalman_robot/install/service_based_nav2_controller_srvs/local/lib/python3.10/dist-packages/service_based_nav2_controller_srvs/_service_based_nav2_controller_srvs_s.ep.rosidl_typesupport_introspection_c.c
[12.758s] -- Symlinking: /home/rafal/kalman_ws/src/kalman_robot/install/service_based_nav2_controller_srvs/local/lib/python3.10/dist-packages/service_based_nav2_controller_srvs/libservice_based_nav2_controller_srvs__rosidl_generator_py.so
[12.861s] -- Symlinking: /home/rafal/kalman_ws/src/kalman_robot/install/service_based_nav2_controller_srvs/local/lib/python3.10/dist-packages/service_based_nav2_controller_srvs/service_based_nav2_controller_srvs_s__rosidl_typesupport_c.cpython-310-x86_64-linux-gnu.so
[12.885s] -- Symlinking: /home/rafal/kalman_ws/src/kalman_robot/install/service_based_nav2_controller_srvs/local/lib/python3.10/dist-packages/service_based_nav2_controller_srvs/service_based_nav2_controller_srvs_s__rosidl_typesupport_fastrtps_c.cpython-310-x86_64-linux-gnu.so
[12.905s] -- Symlinking: /home/rafal/kalman_ws/src/kalman_robot/install/service_based_nav2_controller_srvs/local/lib/python3.10/dist-packages/service_based_nav2_controller_srvs/service_based_nav2_controller_srvs_s__rosidl_typesupport_introspection_c.cpython-310-x86_64-linux-gnu.so
[12.928s] -- Symlinking: /home/rafal/kalman_ws/src/kalman_robot/install/service_based_nav2_controller_srvs/local/lib/python3.10/dist-packages/service_based_nav2_controller_srvs/srv/__init__.py
[12.953s] -- Symlinking: /home/rafal/kalman_ws/src/kalman_robot/install/service_based_nav2_controller_srvs/local/lib/python3.10/dist-packages/service_based_nav2_controller_srvs/srv/_compute_velocity_commands.py
[12.981s] -- Symlinking: /home/rafal/kalman_ws/src/kalman_robot/install/service_based_nav2_controller_srvs/local/lib/python3.10/dist-packages/service_based_nav2_controller_srvs/srv/_compute_velocity_commands_s.c
[12.997s] -- Up-to-date symlink: /home/rafal/kalman_ws/src/kalman_robot/install/service_based_nav2_controller_srvs/local/lib/python3.10/dist-packages/service_based_nav2_controller_srvs/service_based_nav2_controller_srvs_s__rosidl_typesupport_fastrtps_c.cpython-310-x86_64-linux-gnu.so
[13.010s] -- Up-to-date symlink: /home/rafal/kalman_ws/src/kalman_robot/install/service_based_nav2_controller_srvs/local/lib/python3.10/dist-packages/service_based_nav2_controller_srvs/service_based_nav2_controller_srvs_s__rosidl_typesupport_introspection_c.cpython-310-x86_64-linux-gnu.so
[13.010s] -- Up-to-date symlink: /home/rafal/kalman_ws/src/kalman_robot/install/service_based_nav2_controller_srvs/local/lib/python3.10/dist-packages/service_based_nav2_controller_srvs/service_based_nav2_controller_srvs_s__rosidl_typesupport_c.cpython-310-x86_64-linux-gnu.so
[13.011s] -- Symlinking: /home/rafal/kalman_ws/src/kalman_robot/install/service_based_nav2_controller_srvs/share/service_based_nav2_controller_srvs/srv/ComputeVelocityCommands.idl
[13.025s] -- Symlinking: /home/rafal/kalman_ws/src/kalman_robot/install/service_based_nav2_controller_srvs/share/service_based_nav2_controller_srvs/srv/ComputeVelocityCommands.srv
[13.050s] -- Symlinking: /home/rafal/kalman_ws/src/kalman_robot/install/service_based_nav2_controller_srvs/share/service_based_nav2_controller_srvs/srv/ComputeVelocityCommands_Request.msg
[13.075s] -- Symlinking: /home/rafal/kalman_ws/src/kalman_robot/install/service_based_nav2_controller_srvs/share/service_based_nav2_controller_srvs/srv/ComputeVelocityCommands_Response.msg
[13.100s] -- Symlinking: /home/rafal/kalman_ws/src/kalman_robot/install/service_based_nav2_controller_srvs/share/ament_index/resource_index/package_run_dependencies/service_based_nav2_controller_srvs
[13.126s] -- Symlinking: /home/rafal/kalman_ws/src/kalman_robot/install/service_based_nav2_controller_srvs/share/ament_index/resource_index/parent_prefix_path/service_based_nav2_controller_srvs
[13.148s] -- Symlinking: /home/rafal/kalman_ws/src/kalman_robot/install/service_based_nav2_controller_srvs/share/service_based_nav2_controller_srvs/environment/ament_prefix_path.sh
[13.183s] -- Symlinking: /home/rafal/kalman_ws/src/kalman_robot/install/service_based_nav2_controller_srvs/share/service_based_nav2_controller_srvs/environment/ament_prefix_path.dsv
[13.197s] -- Symlinking: /home/rafal/kalman_ws/src/kalman_robot/install/service_based_nav2_controller_srvs/share/service_based_nav2_controller_srvs/environment/path.sh
[13.219s] -- Symlinking: /home/rafal/kalman_ws/src/kalman_robot/install/service_based_nav2_controller_srvs/share/service_based_nav2_controller_srvs/environment/path.dsv
[13.242s] -- Symlinking: /home/rafal/kalman_ws/src/kalman_robot/install/service_based_nav2_controller_srvs/share/service_based_nav2_controller_srvs/local_setup.bash
[13.259s] -- Symlinking: /home/rafal/kalman_ws/src/kalman_robot/install/service_based_nav2_controller_srvs/share/service_based_nav2_controller_srvs/local_setup.sh
[13.278s] -- Symlinking: /home/rafal/kalman_ws/src/kalman_robot/install/service_based_nav2_controller_srvs/share/service_based_nav2_controller_srvs/local_setup.zsh
[13.308s] -- Symlinking: /home/rafal/kalman_ws/src/kalman_robot/install/service_based_nav2_controller_srvs/share/service_based_nav2_controller_srvs/local_setup.dsv
[13.335s] -- Symlinking: /home/rafal/kalman_ws/src/kalman_robot/install/service_based_nav2_controller_srvs/share/service_based_nav2_controller_srvs/package.dsv
[13.354s] -- Symlinking: /home/rafal/kalman_ws/src/kalman_robot/install/service_based_nav2_controller_srvs/share/ament_index/resource_index/packages/service_based_nav2_controller_srvs
[13.371s] -- Symlinking: /home/rafal/kalman_ws/src/kalman_robot/install/service_based_nav2_controller_srvs/share/service_based_nav2_controller_srvs/cmake/rosidl_cmake-extras.cmake
[13.380s] -- Symlinking: /home/rafal/kalman_ws/src/kalman_robot/install/service_based_nav2_controller_srvs/share/service_based_nav2_controller_srvs/cmake/ament_cmake_export_dependencies-extras.cmake
[13.395s] -- Symlinking: /home/rafal/kalman_ws/src/kalman_robot/install/service_based_nav2_controller_srvs/share/service_based_nav2_controller_srvs/cmake/ament_cmake_export_include_directories-extras.cmake
[13.412s] -- Symlinking: /home/rafal/kalman_ws/src/kalman_robot/install/service_based_nav2_controller_srvs/share/service_based_nav2_controller_srvs/cmake/ament_cmake_export_libraries-extras.cmake
[13.430s] -- Symlinking: /home/rafal/kalman_ws/src/kalman_robot/install/service_based_nav2_controller_srvs/share/service_based_nav2_controller_srvs/cmake/ament_cmake_export_targets-extras.cmake
[13.451s] -- Symlinking: /home/rafal/kalman_ws/src/kalman_robot/install/service_based_nav2_controller_srvs/share/service_based_nav2_controller_srvs/cmake/rosidl_cmake_export_typesupport_targets-extras.cmake
[13.472s] -- Symlinking: /home/rafal/kalman_ws/src/kalman_robot/install/service_based_nav2_controller_srvs/share/service_based_nav2_controller_srvs/cmake/rosidl_cmake_export_typesupport_libraries-extras.cmake
[13.494s] -- Symlinking: /home/rafal/kalman_ws/src/kalman_robot/install/service_based_nav2_controller_srvs/share/service_based_nav2_controller_srvs/cmake/service_based_nav2_controller_srvsConfig.cmake
[13.516s] -- Symlinking: /home/rafal/kalman_ws/src/kalman_robot/install/service_based_nav2_controller_srvs/share/service_based_nav2_controller_srvs/cmake/service_based_nav2_controller_srvsConfig-version.cmake
[13.536s] -- Symlinking: /home/rafal/kalman_ws/src/kalman_robot/install/service_based_nav2_controller_srvs/share/service_based_nav2_controller_srvs/package.xml
[13.556s] -- Installing: /home/rafal/kalman_ws/src/kalman_robot/install/service_based_nav2_controller_srvs/lib/libservice_based_nav2_controller_srvs__rosidl_generator_c.so
[13.557s] -- Set runtime path of "/home/rafal/kalman_ws/src/kalman_robot/install/service_based_nav2_controller_srvs/lib/libservice_based_nav2_controller_srvs__rosidl_generator_c.so" to ""
[13.557s] -- Installing: /home/rafal/kalman_ws/src/kalman_robot/install/service_based_nav2_controller_srvs/lib/libservice_based_nav2_controller_srvs__rosidl_typesupport_fastrtps_c.so
[13.557s] -- Set runtime path of "/home/rafal/kalman_ws/src/kalman_robot/install/service_based_nav2_controller_srvs/lib/libservice_based_nav2_controller_srvs__rosidl_typesupport_fastrtps_c.so" to ""
[13.557s] -- Installing: /home/rafal/kalman_ws/src/kalman_robot/install/service_based_nav2_controller_srvs/lib/libservice_based_nav2_controller_srvs__rosidl_typesupport_introspection_c.so
[13.558s] -- Set runtime path of "/home/rafal/kalman_ws/src/kalman_robot/install/service_based_nav2_controller_srvs/lib/libservice_based_nav2_controller_srvs__rosidl_typesupport_introspection_c.so" to ""
[13.558s] -- Installing: /home/rafal/kalman_ws/src/kalman_robot/install/service_based_nav2_controller_srvs/lib/libservice_based_nav2_controller_srvs__rosidl_typesupport_c.so
[13.559s] -- Set runtime path of "/home/rafal/kalman_ws/src/kalman_robot/install/service_based_nav2_controller_srvs/lib/libservice_based_nav2_controller_srvs__rosidl_typesupport_c.so" to ""
[13.560s] -- Installing: /home/rafal/kalman_ws/src/kalman_robot/install/service_based_nav2_controller_srvs/lib/libservice_based_nav2_controller_srvs__rosidl_typesupport_fastrtps_cpp.so
[13.560s] -- Set runtime path of "/home/rafal/kalman_ws/src/kalman_robot/install/service_based_nav2_controller_srvs/lib/libservice_based_nav2_controller_srvs__rosidl_typesupport_fastrtps_cpp.so" to ""
[13.560s] -- Installing: /home/rafal/kalman_ws/src/kalman_robot/install/service_based_nav2_controller_srvs/lib/libservice_based_nav2_controller_srvs__rosidl_typesupport_introspection_cpp.so
[13.561s] -- Set runtime path of "/home/rafal/kalman_ws/src/kalman_robot/install/service_based_nav2_controller_srvs/lib/libservice_based_nav2_controller_srvs__rosidl_typesupport_introspection_cpp.so" to ""
[13.561s] -- Installing: /home/rafal/kalman_ws/src/kalman_robot/install/service_based_nav2_controller_srvs/lib/libservice_based_nav2_controller_srvs__rosidl_typesupport_cpp.so
[13.562s] -- Set runtime path of "/home/rafal/kalman_ws/src/kalman_robot/install/service_based_nav2_controller_srvs/lib/libservice_based_nav2_controller_srvs__rosidl_typesupport_cpp.so" to ""
[13.651s] Listing '/home/rafal/kalman_ws/src/kalman_robot/install/service_based_nav2_controller_srvs/local/lib/python3.10/dist-packages/service_based_nav2_controller_srvs'...
[13.652s] Compiling '/home/rafal/kalman_ws/src/kalman_robot/install/service_based_nav2_controller_srvs/local/lib/python3.10/dist-packages/service_based_nav2_controller_srvs/__init__.py'...
[13.653s] Listing '/home/rafal/kalman_ws/src/kalman_robot/install/service_based_nav2_controller_srvs/local/lib/python3.10/dist-packages/service_based_nav2_controller_srvs/srv'...
[13.653s] Compiling '/home/rafal/kalman_ws/src/kalman_robot/install/service_based_nav2_controller_srvs/local/lib/python3.10/dist-packages/service_based_nav2_controller_srvs/srv/__init__.py'...
[13.655s] Compiling '/home/rafal/kalman_ws/src/kalman_robot/install/service_based_nav2_controller_srvs/local/lib/python3.10/dist-packages/service_based_nav2_controller_srvs/srv/_compute_velocity_commands.py'...
[13.668s] -- Installing: /home/rafal/kalman_ws/src/kalman_robot/install/service_based_nav2_controller_srvs/lib/libservice_based_nav2_controller_srvs__rosidl_generator_py.so
[13.669s] -- Set runtime path of "/home/rafal/kalman_ws/src/kalman_robot/install/service_based_nav2_controller_srvs/lib/libservice_based_nav2_controller_srvs__rosidl_generator_py.so" to ""
[13.670s] -- Installing: /home/rafal/kalman_ws/src/kalman_robot/install/service_based_nav2_controller_srvs/share/service_based_nav2_controller_srvs/cmake/export_service_based_nav2_controller_srvs__rosidl_generator_cExport.cmake
[13.671s] -- Installing: /home/rafal/kalman_ws/src/kalman_robot/install/service_based_nav2_controller_srvs/share/service_based_nav2_controller_srvs/cmake/export_service_based_nav2_controller_srvs__rosidl_generator_cExport-noconfig.cmake
[13.672s] -- Installing: /home/rafal/kalman_ws/src/kalman_robot/install/service_based_nav2_controller_srvs/share/service_based_nav2_controller_srvs/cmake/export_service_based_nav2_controller_srvs__rosidl_typesupport_fastrtps_cExport.cmake
[13.673s] -- Installing: /home/rafal/kalman_ws/src/kalman_robot/install/service_based_nav2_controller_srvs/share/service_based_nav2_controller_srvs/cmake/export_service_based_nav2_controller_srvs__rosidl_typesupport_fastrtps_cExport-noconfig.cmake
[13.673s] -- Installing: /home/rafal/kalman_ws/src/kalman_robot/install/service_based_nav2_controller_srvs/share/service_based_nav2_controller_srvs/cmake/service_based_nav2_controller_srvs__rosidl_typesupport_introspection_cExport.cmake
[13.673s] -- Installing: /home/rafal/kalman_ws/src/kalman_robot/install/service_based_nav2_controller_srvs/share/service_based_nav2_controller_srvs/cmake/service_based_nav2_controller_srvs__rosidl_typesupport_introspection_cExport-noconfig.cmake
[13.674s] -- Installing: /home/rafal/kalman_ws/src/kalman_robot/install/service_based_nav2_controller_srvs/share/service_based_nav2_controller_srvs/cmake/service_based_nav2_controller_srvs__rosidl_typesupport_cExport.cmake
[13.674s] -- Installing: /home/rafal/kalman_ws/src/kalman_robot/install/service_based_nav2_controller_srvs/share/service_based_nav2_controller_srvs/cmake/service_based_nav2_controller_srvs__rosidl_typesupport_cExport-noconfig.cmake
[13.675s] -- Installing: /home/rafal/kalman_ws/src/kalman_robot/install/service_based_nav2_controller_srvs/share/service_based_nav2_controller_srvs/cmake/export_service_based_nav2_controller_srvs__rosidl_generator_cppExport.cmake
[13.675s] -- Installing: /home/rafal/kalman_ws/src/kalman_robot/install/service_based_nav2_controller_srvs/share/service_based_nav2_controller_srvs/cmake/export_service_based_nav2_controller_srvs__rosidl_typesupport_fastrtps_cppExport.cmake
[13.676s] -- Installing: /home/rafal/kalman_ws/src/kalman_robot/install/service_based_nav2_controller_srvs/share/service_based_nav2_controller_srvs/cmake/export_service_based_nav2_controller_srvs__rosidl_typesupport_fastrtps_cppExport-noconfig.cmake
[13.677s] -- Installing: /home/rafal/kalman_ws/src/kalman_robot/install/service_based_nav2_controller_srvs/share/service_based_nav2_controller_srvs/cmake/service_based_nav2_controller_srvs__rosidl_typesupport_introspection_cppExport.cmake
[13.678s] -- Installing: /home/rafal/kalman_ws/src/kalman_robot/install/service_based_nav2_controller_srvs/share/service_based_nav2_controller_srvs/cmake/service_based_nav2_controller_srvs__rosidl_typesupport_introspection_cppExport-noconfig.cmake
[13.678s] -- Installing: /home/rafal/kalman_ws/src/kalman_robot/install/service_based_nav2_controller_srvs/share/service_based_nav2_controller_srvs/cmake/service_based_nav2_controller_srvs__rosidl_typesupport_cppExport.cmake
[13.678s] -- Installing: /home/rafal/kalman_ws/src/kalman_robot/install/service_based_nav2_controller_srvs/share/service_based_nav2_controller_srvs/cmake/service_based_nav2_controller_srvs__rosidl_typesupport_cppExport-noconfig.cmake
[13.679s] -- Installing: /home/rafal/kalman_ws/src/kalman_robot/install/service_based_nav2_controller_srvs/share/service_based_nav2_controller_srvs/cmake/export_service_based_nav2_controller_srvs__rosidl_generator_pyExport.cmake
[13.679s] -- Installing: /home/rafal/kalman_ws/src/kalman_robot/install/service_based_nav2_controller_srvs/share/service_based_nav2_controller_srvs/cmake/export_service_based_nav2_controller_srvs__rosidl_generator_pyExport-noconfig.cmake
[13.838s] Invoked command in '/home/rafal/kalman_ws/src/kalman_robot/build/service_based_nav2_controller_srvs' returned '0': CMAKE_PREFIX_PATH=/home/rafal/dev_ws/install/my_robot:/opt/ros/humble /usr/bin/cmake --install /home/rafal/kalman_ws/src/kalman_robot/build/service_based_nav2_controller_srvs
