running egg_info
creating ../build/kalman_rosou/kalman_rosou.egg-info
writing ../build/kalman_rosou/kalman_rosou.egg-info/PKG-INFO
writing dependency_links to ../build/kalman_rosou/kalman_rosou.egg-info/dependency_links.txt
writing entry points to ../build/kalman_rosou/kalman_rosou.egg-info/entry_points.txt
writing requirements to ../build/kalman_rosou/kalman_rosou.egg-info/requires.txt
writing top-level names to ../build/kalman_rosou/kalman_rosou.egg-info/top_level.txt
writing manifest file '../build/kalman_rosou/kalman_rosou.egg-info/SOURCES.txt'
reading manifest file '../build/kalman_rosou/kalman_rosou.egg-info/SOURCES.txt'
writing manifest file '../build/kalman_rosou/kalman_rosou.egg-info/SOURCES.txt'
running build
running build_py
creating /home/rafal/.ssh/kalman_ws/src/kalman_robot/build/kalman_rosou/build
creating /home/rafal/.ssh/kalman_ws/src/kalman_robot/build/kalman_rosou/build/lib
creating /home/rafal/.ssh/kalman_ws/src/kalman_robot/build/kalman_rosou/build/lib/kalman_rosou
copying kalman_rosou/__init__.py -> /home/rafal/.ssh/kalman_ws/src/kalman_robot/build/kalman_rosou/build/lib/kalman_rosou
copying kalman_rosou/utils.py -> /home/rafal/.ssh/kalman_ws/src/kalman_robot/build/kalman_rosou/build/lib/kalman_rosou
copying kalman_rosou/rosou_node.py -> /home/rafal/.ssh/kalman_ws/src/kalman_robot/build/kalman_rosou/build/lib/kalman_rosou
running install
running install_lib
creating /home/rafal/.ssh/kalman_ws/src/kalman_robot/install/kalman_rosou/lib/python3.10/site-packages/kalman_rosou
copying /home/rafal/.ssh/kalman_ws/src/kalman_robot/build/kalman_rosou/build/lib/kalman_rosou/__init__.py -> /home/rafal/.ssh/kalman_ws/src/kalman_robot/install/kalman_rosou/lib/python3.10/site-packages/kalman_rosou
copying /home/rafal/.ssh/kalman_ws/src/kalman_robot/build/kalman_rosou/build/lib/kalman_rosou/utils.py -> /home/rafal/.ssh/kalman_ws/src/kalman_robot/install/kalman_rosou/lib/python3.10/site-packages/kalman_rosou
copying /home/rafal/.ssh/kalman_ws/src/kalman_robot/build/kalman_rosou/build/lib/kalman_rosou/rosou_node.py -> /home/rafal/.ssh/kalman_ws/src/kalman_robot/install/kalman_rosou/lib/python3.10/site-packages/kalman_rosou
byte-compiling /home/rafal/.ssh/kalman_ws/src/kalman_robot/install/kalman_rosou/lib/python3.10/site-packages/kalman_rosou/__init__.py to __init__.cpython-310.pyc
byte-compiling /home/rafal/.ssh/kalman_ws/src/kalman_robot/install/kalman_rosou/lib/python3.10/site-packages/kalman_rosou/utils.py to utils.cpython-310.pyc
byte-compiling /home/rafal/.ssh/kalman_ws/src/kalman_robot/install/kalman_rosou/lib/python3.10/site-packages/kalman_rosou/rosou_node.py to rosou_node.cpython-310.pyc
running install_data
creating /home/rafal/.ssh/kalman_ws/src/kalman_robot/install/kalman_rosou/share/ament_index
creating /home/rafal/.ssh/kalman_ws/src/kalman_robot/install/kalman_rosou/share/ament_index/resource_index
creating /home/rafal/.ssh/kalman_ws/src/kalman_robot/install/kalman_rosou/share/ament_index/resource_index/packages
copying resource/kalman_rosou -> /home/rafal/.ssh/kalman_ws/src/kalman_robot/install/kalman_rosou/share/ament_index/resource_index/packages
copying package.xml -> /home/rafal/.ssh/kalman_ws/src/kalman_robot/install/kalman_rosou/share/kalman_rosou
creating /home/rafal/.ssh/kalman_ws/src/kalman_robot/install/kalman_rosou/share/kalman_rosou/config
copying config/rosou_config.json -> /home/rafal/.ssh/kalman_ws/src/kalman_robot/install/kalman_rosou/share/kalman_rosou/config
creating /home/rafal/.ssh/kalman_ws/src/kalman_robot/install/kalman_rosou/share/kalman_rosou/log
copying log/pub_sub.json -> /home/rafal/.ssh/kalman_ws/src/kalman_robot/install/kalman_rosou/share/kalman_rosou/log
copying launch/rosou_launch.py -> /home/rafal/.ssh/kalman_ws/src/kalman_robot/install/kalman_rosou/share/kalman_rosou
running install_egg_info
Copying ../build/kalman_rosou/kalman_rosou.egg-info to /home/rafal/.ssh/kalman_ws/src/kalman_robot/install/kalman_rosou/lib/python3.10/site-packages/kalman_rosou-0.0.0-py3.10.egg-info
running install_scripts
Installing rosou_node script to /home/rafal/.ssh/kalman_ws/src/kalman_robot/install/kalman_rosou/lib/kalman_rosou
writing list of installed files to '/home/rafal/.ssh/kalman_ws/src/kalman_robot/build/kalman_rosou/install.log'
