[0.000000] (-) TimerEvent: {}
[0.000560] (-) JobUnselected: {'identifier': 'kalman_bringup'}
[0.000596] (-) JobUnselected: {'identifier': 'kalman_description'}
[0.000615] (-) JobUnselected: {'identifier': 'kalman_drivers'}
[0.000628] (-) JobUnselected: {'identifier': 'kalman_gazebo'}
[0.000642] (-) JobUnselected: {'identifier': 'kalman_interfaces'}
[0.000658] (-) JobUnselected: {'identifier': 'kalman_master_driver'}
[0.000676] (-) JobUnselected: {'identifier': 'kalman_nav2'}
[0.000695] (-) JobUnselected: {'identifier': 'kalman_robot'}
[0.000713] (-) JobUnselected: {'identifier': 'kalman_rosou'}
[0.000733] (-) JobUnselected: {'identifier': 'kalman_slam'}
[0.000748] (-) JobUnselected: {'identifier': 'kalman_supervisor'}
[0.000762] (-) JobUnselected: {'identifier': 'kalman_wheel_controller'}
[0.000776] (-) JobUnselected: {'identifier': 'kalman_yolo'}
[0.000790] (-) JobUnselected: {'identifier': 'point_cloud_sync'}
[0.000804] (-) JobUnselected: {'identifier': 'service_based_nav2_controller'}
[0.000817] (-) JobUnselected: {'identifier': 'service_based_nav2_controller_srvs'}
[0.000831] (-) JobUnselected: {'identifier': 'unity_rs_publisher'}
[0.000845] (-) JobUnselected: {'identifier': 'unity_rs_publisher_msgs'}
[0.000860] (-) JobUnselected: {'identifier': 'unity_sim'}
[0.000882] (-) EventReactorShutdown: {}
