running develop
running egg_info
creating kalman_master_driver.egg-info
writing kalman_master_driver.egg-info/PKG-INFO
writing dependency_links to kalman_master_driver.egg-info/dependency_links.txt
writing entry points to kalman_master_driver.egg-info/entry_points.txt
writing top-level names to kalman_master_driver.egg-info/top_level.txt
writing manifest file 'kalman_master_driver.egg-info/SOURCES.txt'
reading manifest file 'kalman_master_driver.egg-info/SOURCES.txt'
writing manifest file 'kalman_master_driver.egg-info/SOURCES.txt'
running build_ext
Creating /home/rafal/kalman_ws/src/kalman_robot/install/kalman_master_driver/lib/python3.10/site-packages/kalman-master-driver.egg-link (link to .)
Installing master_com script to /home/rafal/kalman_ws/src/kalman_robot/install/kalman_master_driver/lib/kalman_master_driver
Installing ueuos_driver script to /home/rafal/kalman_ws/src/kalman_robot/install/kalman_master_driver/lib/kalman_master_driver
Installing wheel_driver script to /home/rafal/kalman_ws/src/kalman_robot/install/kalman_master_driver/lib/kalman_master_driver

Installed /home/rafal/kalman_ws/src/kalman_robot/build/kalman_master_driver
running install_data
creating /home/rafal/kalman_ws/src/kalman_robot/install/kalman_master_driver/share/ament_index
creating /home/rafal/kalman_ws/src/kalman_robot/install/kalman_master_driver/share/ament_index/resource_index
creating /home/rafal/kalman_ws/src/kalman_robot/install/kalman_master_driver/share/ament_index/resource_index/packages
copying resource/kalman_master_driver -> /home/rafal/kalman_ws/src/kalman_robot/install/kalman_master_driver/share/ament_index/resource_index/packages
copying package.xml -> /home/rafal/kalman_ws/src/kalman_robot/install/kalman_master_driver/share/kalman_master_driver
creating /home/rafal/kalman_ws/src/kalman_robot/install/kalman_master_driver/share/kalman_master_driver/launch
copying launch/master_driver.launch.py -> /home/rafal/kalman_ws/src/kalman_robot/install/kalman_master_driver/share/kalman_master_driver/launch
