[35m[1mConsolidate compiler generated dependencies of target point_cloud_sync[0m
[100%] Built target point_cloud_sync
-- Install configuration: ""
-- Execute custom install script
-- Up-to-date symlink: /home/rafal/kalman_ws/src/kalman_robot/install/point_cloud_sync/lib/point_cloud_sync/point_cloud_sync
-- Up-to-date symlink: /home/rafal/kalman_ws/src/kalman_robot/install/point_cloud_sync/share/ament_index/resource_index/package_run_dependencies/point_cloud_sync
-- Up-to-date symlink: /home/rafal/kalman_ws/src/kalman_robot/install/point_cloud_sync/share/ament_index/resource_index/parent_prefix_path/point_cloud_sync
-- Up-to-date symlink: /home/rafal/kalman_ws/src/kalman_robot/install/point_cloud_sync/share/point_cloud_sync/environment/ament_prefix_path.sh
-- Up-to-date symlink: /home/rafal/kalman_ws/src/kalman_robot/install/point_cloud_sync/share/point_cloud_sync/environment/ament_prefix_path.dsv
-- Up-to-date symlink: /home/rafal/kalman_ws/src/kalman_robot/install/point_cloud_sync/share/point_cloud_sync/environment/path.sh
-- Up-to-date symlink: /home/rafal/kalman_ws/src/kalman_robot/install/point_cloud_sync/share/point_cloud_sync/environment/path.dsv
-- Up-to-date symlink: /home/rafal/kalman_ws/src/kalman_robot/install/point_cloud_sync/share/point_cloud_sync/local_setup.bash
-- Up-to-date symlink: /home/rafal/kalman_ws/src/kalman_robot/install/point_cloud_sync/share/point_cloud_sync/local_setup.sh
-- Up-to-date symlink: /home/rafal/kalman_ws/src/kalman_robot/install/point_cloud_sync/share/point_cloud_sync/local_setup.zsh
-- Up-to-date symlink: /home/rafal/kalman_ws/src/kalman_robot/install/point_cloud_sync/share/point_cloud_sync/local_setup.dsv
-- Symlinking: /home/rafal/kalman_ws/src/kalman_robot/install/point_cloud_sync/share/point_cloud_sync/package.dsv
-- Up-to-date symlink: /home/rafal/kalman_ws/src/kalman_robot/install/point_cloud_sync/share/ament_index/resource_index/packages/point_cloud_sync
-- Up-to-date symlink: /home/rafal/kalman_ws/src/kalman_robot/install/point_cloud_sync/share/point_cloud_sync/cmake/point_cloud_syncConfig.cmake
-- Up-to-date symlink: /home/rafal/kalman_ws/src/kalman_robot/install/point_cloud_sync/share/point_cloud_sync/cmake/point_cloud_syncConfig-version.cmake
-- Up-to-date symlink: /home/rafal/kalman_ws/src/kalman_robot/install/point_cloud_sync/share/point_cloud_sync/package.xml
