[0.401s] Invoking command in '/home/rafal/kalman_ws/src/kalman_robot/build/point_cloud_sync': CMAKE_PREFIX_PATH=/home/rafal/dev_ws/install/my_robot:/opt/ros/humble /usr/bin/cmake --build /home/rafal/kalman_ws/src/kalman_robot/build/point_cloud_sync -- -j16 -l16
[1.591s] [35m[1mConsolidate compiler generated dependencies of target point_cloud_sync[0m
[1.592s] [100%] Built target point_cloud_sync
[1.595s] Invoked command in '/home/rafal/kalman_ws/src/kalman_robot/build/point_cloud_sync' returned '0': CMAKE_PREFIX_PATH=/home/rafal/dev_ws/install/my_robot:/opt/ros/humble /usr/bin/cmake --build /home/rafal/kalman_ws/src/kalman_robot/build/point_cloud_sync -- -j16 -l16
[2.247s] Invoking command in '/home/rafal/kalman_ws/src/kalman_robot/build/point_cloud_sync': CMAKE_PREFIX_PATH=/home/rafal/dev_ws/install/my_robot:/opt/ros/humble /usr/bin/cmake --install /home/rafal/kalman_ws/src/kalman_robot/build/point_cloud_sync
[2.266s] -- Install configuration: ""
[2.267s] -- Execute custom install script
[2.267s] -- Up-to-date symlink: /home/rafal/kalman_ws/src/kalman_robot/install/point_cloud_sync/lib/point_cloud_sync/point_cloud_sync
[2.267s] -- Up-to-date symlink: /home/rafal/kalman_ws/src/kalman_robot/install/point_cloud_sync/share/ament_index/resource_index/package_run_dependencies/point_cloud_sync
[2.267s] -- Up-to-date symlink: /home/rafal/kalman_ws/src/kalman_robot/install/point_cloud_sync/share/ament_index/resource_index/parent_prefix_path/point_cloud_sync
[2.267s] -- Up-to-date symlink: /home/rafal/kalman_ws/src/kalman_robot/install/point_cloud_sync/share/point_cloud_sync/environment/ament_prefix_path.sh
[2.267s] -- Up-to-date symlink: /home/rafal/kalman_ws/src/kalman_robot/install/point_cloud_sync/share/point_cloud_sync/environment/ament_prefix_path.dsv
[2.268s] -- Up-to-date symlink: /home/rafal/kalman_ws/src/kalman_robot/install/point_cloud_sync/share/point_cloud_sync/environment/path.sh
[2.268s] -- Up-to-date symlink: /home/rafal/kalman_ws/src/kalman_robot/install/point_cloud_sync/share/point_cloud_sync/environment/path.dsv
[2.269s] -- Up-to-date symlink: /home/rafal/kalman_ws/src/kalman_robot/install/point_cloud_sync/share/point_cloud_sync/local_setup.bash
[2.269s] -- Up-to-date symlink: /home/rafal/kalman_ws/src/kalman_robot/install/point_cloud_sync/share/point_cloud_sync/local_setup.sh
[2.269s] -- Up-to-date symlink: /home/rafal/kalman_ws/src/kalman_robot/install/point_cloud_sync/share/point_cloud_sync/local_setup.zsh
[2.269s] -- Up-to-date symlink: /home/rafal/kalman_ws/src/kalman_robot/install/point_cloud_sync/share/point_cloud_sync/local_setup.dsv
[2.270s] -- Symlinking: /home/rafal/kalman_ws/src/kalman_robot/install/point_cloud_sync/share/point_cloud_sync/package.dsv
[2.295s] -- Up-to-date symlink: /home/rafal/kalman_ws/src/kalman_robot/install/point_cloud_sync/share/ament_index/resource_index/packages/point_cloud_sync
[2.295s] -- Up-to-date symlink: /home/rafal/kalman_ws/src/kalman_robot/install/point_cloud_sync/share/point_cloud_sync/cmake/point_cloud_syncConfig.cmake
[2.295s] -- Up-to-date symlink: /home/rafal/kalman_ws/src/kalman_robot/install/point_cloud_sync/share/point_cloud_sync/cmake/point_cloud_syncConfig-version.cmake
[2.296s] -- Up-to-date symlink: /home/rafal/kalman_ws/src/kalman_robot/install/point_cloud_sync/share/point_cloud_sync/package.xml
[2.315s] Invoked command in '/home/rafal/kalman_ws/src/kalman_robot/build/point_cloud_sync' returned '0': CMAKE_PREFIX_PATH=/home/rafal/dev_ws/install/my_robot:/opt/ros/humble /usr/bin/cmake --install /home/rafal/kalman_ws/src/kalman_robot/build/point_cloud_sync
