-- The C compiler identification is GNU 11.4.0
-- The CXX compiler identification is GNU 11.4.0
-- Detecting C compiler ABI info
-- Detecting C compiler ABI info - done
-- Check for working C compiler: /usr/bin/cc - skipped
-- Detecting C compile features
-- Detecting C compile features - done
-- Detecting CXX compiler ABI info
-- Detecting CXX compiler ABI info - done
-- Check for working CXX compiler: /usr/bin/c++ - skipped
-- Detecting CXX compile features
-- Detecting CXX compile features - done
-- Found ament_cmake: 1.3.8 (/opt/ros/humble/share/ament_cmake/cmake)
-- Found Python3: /usr/bin/python3 (found version "3.10.12") found components: Interpreter 
-- Override CMake install command with custom implementation using symlinks instead of copying resources
-- Found rclcpp: 16.0.8 (/opt/ros/humble/share/rclcpp/cmake)
-- Found rosidl_generator_c: 3.1.5 (/opt/ros/humble/share/rosidl_generator_c/cmake)
-- Found rosidl_adapter: 3.1.5 (/opt/ros/humble/share/rosidl_adapter/cmake)
-- Found rosidl_generator_cpp: 3.1.5 (/opt/ros/humble/share/rosidl_generator_cpp/cmake)
-- Using all available rosidl_typesupport_c: rosidl_typesupport_fastrtps_c;rosidl_typesupport_introspection_c
-- Using all available rosidl_typesupport_cpp: rosidl_typesupport_fastrtps_cpp;rosidl_typesupport_introspection_cpp
-- Found rmw_implementation_cmake: 6.1.1 (/opt/ros/humble/share/rmw_implementation_cmake/cmake)
-- Found rmw_fastrtps_cpp: 6.2.6 (/opt/ros/humble/share/rmw_fastrtps_cpp/cmake)
-- Found OpenSSL: /usr/lib/x86_64-linux-gnu/libcrypto.so (found version "3.0.2")  
-- Found FastRTPS: /opt/ros/humble/include  
-- Using RMW implementation 'rmw_fastrtps_cpp' as default
-- Looking for pthread.h
-- Looking for pthread.h - found
-- Performing Test CMAKE_HAVE_LIBC_PTHREAD
-- Performing Test CMAKE_HAVE_LIBC_PTHREAD - Success
-- Found Threads: TRUE  
-- Found nav2_core: 1.1.13 (/opt/ros/humble/share/nav2_core/cmake)
-- Found Eigen3: TRUE (found version "3.4.0") 
-- Ensuring Eigen3 include directory is part of orocos-kdl CMake target
-- Found service_based_nav2_controller_srvs: 0.0.0 (/home/rafal/kalman_ws/src/kalman_robot/install/service_based_nav2_controller_srvs/share/service_based_nav2_controller_srvs/cmake)
-- Configuring done
-- Generating done
-- Build files have been written to: /home/rafal/kalman_ws/src/kalman_robot/build/service_based_nav2_controller
[ 50%] [32mBuilding CXX object CMakeFiles/service_based_nav2_controller.dir/src/main.cpp.o[0m
[100%] [32m[1mLinking CXX shared library libservice_based_nav2_controller.so[0m
[100%] Built target service_based_nav2_controller
-- Install configuration: ""
-- Execute custom install script
-- Symlinking: /home/rafal/kalman_ws/src/kalman_robot/install/service_based_nav2_controller/lib/service_based_nav2_controller/libservice_based_nav2_controller.so
-- Symlinking: /home/rafal/kalman_ws/src/kalman_robot/install/service_based_nav2_controller/share/service_based_nav2_controller//service_based_nav2_controller.xml
-- Symlinking: /home/rafal/kalman_ws/src/kalman_robot/install/service_based_nav2_controller/share/ament_index/resource_index/package_run_dependencies/service_based_nav2_controller
-- Symlinking: /home/rafal/kalman_ws/src/kalman_robot/install/service_based_nav2_controller/share/ament_index/resource_index/parent_prefix_path/service_based_nav2_controller
-- Symlinking: /home/rafal/kalman_ws/src/kalman_robot/install/service_based_nav2_controller/share/service_based_nav2_controller/environment/ament_prefix_path.sh
-- Symlinking: /home/rafal/kalman_ws/src/kalman_robot/install/service_based_nav2_controller/share/service_based_nav2_controller/environment/ament_prefix_path.dsv
-- Symlinking: /home/rafal/kalman_ws/src/kalman_robot/install/service_based_nav2_controller/share/service_based_nav2_controller/environment/path.sh
-- Symlinking: /home/rafal/kalman_ws/src/kalman_robot/install/service_based_nav2_controller/share/service_based_nav2_controller/environment/path.dsv
-- Symlinking: /home/rafal/kalman_ws/src/kalman_robot/install/service_based_nav2_controller/share/service_based_nav2_controller/local_setup.bash
-- Symlinking: /home/rafal/kalman_ws/src/kalman_robot/install/service_based_nav2_controller/share/service_based_nav2_controller/local_setup.sh
-- Symlinking: /home/rafal/kalman_ws/src/kalman_robot/install/service_based_nav2_controller/share/service_based_nav2_controller/local_setup.zsh
-- Symlinking: /home/rafal/kalman_ws/src/kalman_robot/install/service_based_nav2_controller/share/service_based_nav2_controller/local_setup.dsv
-- Symlinking: /home/rafal/kalman_ws/src/kalman_robot/install/service_based_nav2_controller/share/service_based_nav2_controller/package.dsv
-- Symlinking: /home/rafal/kalman_ws/src/kalman_robot/install/service_based_nav2_controller/share/ament_index/resource_index/packages/service_based_nav2_controller
-- Symlinking: /home/rafal/kalman_ws/src/kalman_robot/install/service_based_nav2_controller/share/ament_index/resource_index/nav2_core__pluginlib__plugin/service_based_nav2_controller
-- Symlinking: /home/rafal/kalman_ws/src/kalman_robot/install/service_based_nav2_controller/share/service_based_nav2_controller/cmake/service_based_nav2_controllerConfig.cmake
-- Symlinking: /home/rafal/kalman_ws/src/kalman_robot/install/service_based_nav2_controller/share/service_based_nav2_controller/cmake/service_based_nav2_controllerConfig-version.cmake
-- Symlinking: /home/rafal/kalman_ws/src/kalman_robot/install/service_based_nav2_controller/share/service_based_nav2_controller/package.xml
