[0.756s] Invoking command in '/home/rafal/kalman_ws/src/kalman_robot/build/service_based_nav2_controller': AMENT_PREFIX_PATH=/home/rafal/kalman_ws/src/kalman_robot/install/service_based_nav2_controller_srvs:${AMENT_PREFIX_PATH} CMAKE_PREFIX_PATH=/home/rafal/kalman_ws/src/kalman_robot/install/service_based_nav2_controller_srvs:/home/rafal/dev_ws/install/my_robot:/opt/ros/humble LD_LIBRARY_PATH=/home/rafal/kalman_ws/src/kalman_robot/install/service_based_nav2_controller_srvs/lib:${LD_LIBRARY_PATH} PYTHONPATH=/home/rafal/kalman_ws/src/kalman_robot/install/service_based_nav2_controller_srvs/local/lib/python3.10/dist-packages:${PYTHONPATH} /usr/bin/cmake /home/rafal/kalman_ws/src/kalman_robot/service_based_nav2_controller/service_based_nav2_controller -DAMENT_CMAKE_SYMLINK_INSTALL=1 -DCMAKE_INSTALL_PREFIX=/home/rafal/kalman_ws/src/kalman_robot/install/service_based_nav2_controller
[0.846s] -- The C compiler identification is GNU 11.4.0
[0.941s] -- The CXX compiler identification is GNU 11.4.0
[0.955s] -- Detecting C compiler ABI info
[1.107s] -- Detecting C compiler ABI info - done
[1.123s] -- Check for working C compiler: /usr/bin/cc - skipped
[1.123s] -- Detecting C compile features
[1.124s] -- Detecting C compile features - done
[1.130s] -- Detecting CXX compiler ABI info
[1.399s] -- Detecting CXX compiler ABI info - done
[1.417s] -- Check for working CXX compiler: /usr/bin/c++ - skipped
[1.418s] -- Detecting CXX compile features
[1.419s] -- Detecting CXX compile features - done
[1.425s] -- Found ament_cmake: 1.3.8 (/opt/ros/humble/share/ament_cmake/cmake)
[1.835s] -- Found Python3: /usr/bin/python3 (found version "3.10.12") found components: Interpreter 
[1.978s] -- Override CMake install command with custom implementation using symlinks instead of copying resources
[2.049s] -- Found rclcpp: 16.0.8 (/opt/ros/humble/share/rclcpp/cmake)
[2.186s] -- Found rosidl_generator_c: 3.1.5 (/opt/ros/humble/share/rosidl_generator_c/cmake)
[2.223s] -- Found rosidl_adapter: 3.1.5 (/opt/ros/humble/share/rosidl_adapter/cmake)
[2.291s] -- Found rosidl_generator_cpp: 3.1.5 (/opt/ros/humble/share/rosidl_generator_cpp/cmake)
[2.386s] -- Using all available rosidl_typesupport_c: rosidl_typesupport_fastrtps_c;rosidl_typesupport_introspection_c
[2.430s] -- Using all available rosidl_typesupport_cpp: rosidl_typesupport_fastrtps_cpp;rosidl_typesupport_introspection_cpp
[2.610s] -- Found rmw_implementation_cmake: 6.1.1 (/opt/ros/humble/share/rmw_implementation_cmake/cmake)
[2.617s] -- Found rmw_fastrtps_cpp: 6.2.6 (/opt/ros/humble/share/rmw_fastrtps_cpp/cmake)
[2.881s] -- Found OpenSSL: /usr/lib/x86_64-linux-gnu/libcrypto.so (found version "3.0.2")  
[2.950s] -- Found FastRTPS: /opt/ros/humble/include  
[3.047s] -- Using RMW implementation 'rmw_fastrtps_cpp' as default
[3.067s] -- Looking for pthread.h
[3.188s] -- Looking for pthread.h - found
[3.189s] -- Performing Test CMAKE_HAVE_LIBC_PTHREAD
[3.312s] -- Performing Test CMAKE_HAVE_LIBC_PTHREAD - Success
[3.314s] -- Found Threads: TRUE  
[3.621s] -- Found nav2_core: 1.1.13 (/opt/ros/humble/share/nav2_core/cmake)
[5.869s] -- Found Eigen3: TRUE (found version "3.4.0") 
[5.869s] -- Ensuring Eigen3 include directory is part of orocos-kdl CMake target
[9.314s] -- Found service_based_nav2_controller_srvs: 0.0.0 (/home/rafal/kalman_ws/src/kalman_robot/install/service_based_nav2_controller_srvs/share/service_based_nav2_controller_srvs/cmake)
[13.568s] -- Configuring done
[13.653s] -- Generating done
[13.657s] -- Build files have been written to: /home/rafal/kalman_ws/src/kalman_robot/build/service_based_nav2_controller
[14.171s] Invoked command in '/home/rafal/kalman_ws/src/kalman_robot/build/service_based_nav2_controller' returned '0': AMENT_PREFIX_PATH=/home/rafal/kalman_ws/src/kalman_robot/install/service_based_nav2_controller_srvs:${AMENT_PREFIX_PATH} CMAKE_PREFIX_PATH=/home/rafal/kalman_ws/src/kalman_robot/install/service_based_nav2_controller_srvs:/home/rafal/dev_ws/install/my_robot:/opt/ros/humble LD_LIBRARY_PATH=/home/rafal/kalman_ws/src/kalman_robot/install/service_based_nav2_controller_srvs/lib:${LD_LIBRARY_PATH} PYTHONPATH=/home/rafal/kalman_ws/src/kalman_robot/install/service_based_nav2_controller_srvs/local/lib/python3.10/dist-packages:${PYTHONPATH} /usr/bin/cmake /home/rafal/kalman_ws/src/kalman_robot/service_based_nav2_controller/service_based_nav2_controller -DAMENT_CMAKE_SYMLINK_INSTALL=1 -DCMAKE_INSTALL_PREFIX=/home/rafal/kalman_ws/src/kalman_robot/install/service_based_nav2_controller
[14.179s] Invoking command in '/home/rafal/kalman_ws/src/kalman_robot/build/service_based_nav2_controller': AMENT_PREFIX_PATH=/home/rafal/kalman_ws/src/kalman_robot/install/service_based_nav2_controller_srvs:${AMENT_PREFIX_PATH} CMAKE_PREFIX_PATH=/home/rafal/kalman_ws/src/kalman_robot/install/service_based_nav2_controller_srvs:/home/rafal/dev_ws/install/my_robot:/opt/ros/humble LD_LIBRARY_PATH=/home/rafal/kalman_ws/src/kalman_robot/install/service_based_nav2_controller_srvs/lib:${LD_LIBRARY_PATH} PYTHONPATH=/home/rafal/kalman_ws/src/kalman_robot/install/service_based_nav2_controller_srvs/local/lib/python3.10/dist-packages:${PYTHONPATH} /usr/bin/cmake --build /home/rafal/kalman_ws/src/kalman_robot/build/service_based_nav2_controller -- -j16 -l16
[14.312s] [ 50%] [32mBuilding CXX object CMakeFiles/service_based_nav2_controller.dir/src/main.cpp.o[0m
[23.153s] [100%] [32m[1mLinking CXX shared library libservice_based_nav2_controller.so[0m
[23.520s] [100%] Built target service_based_nav2_controller
[23.536s] Invoked command in '/home/rafal/kalman_ws/src/kalman_robot/build/service_based_nav2_controller' returned '0': AMENT_PREFIX_PATH=/home/rafal/kalman_ws/src/kalman_robot/install/service_based_nav2_controller_srvs:${AMENT_PREFIX_PATH} CMAKE_PREFIX_PATH=/home/rafal/kalman_ws/src/kalman_robot/install/service_based_nav2_controller_srvs:/home/rafal/dev_ws/install/my_robot:/opt/ros/humble LD_LIBRARY_PATH=/home/rafal/kalman_ws/src/kalman_robot/install/service_based_nav2_controller_srvs/lib:${LD_LIBRARY_PATH} PYTHONPATH=/home/rafal/kalman_ws/src/kalman_robot/install/service_based_nav2_controller_srvs/local/lib/python3.10/dist-packages:${PYTHONPATH} /usr/bin/cmake --build /home/rafal/kalman_ws/src/kalman_robot/build/service_based_nav2_controller -- -j16 -l16
[23.576s] Invoking command in '/home/rafal/kalman_ws/src/kalman_robot/build/service_based_nav2_controller': AMENT_PREFIX_PATH=/home/rafal/kalman_ws/src/kalman_robot/install/service_based_nav2_controller_srvs:${AMENT_PREFIX_PATH} CMAKE_PREFIX_PATH=/home/rafal/kalman_ws/src/kalman_robot/install/service_based_nav2_controller_srvs:/home/rafal/dev_ws/install/my_robot:/opt/ros/humble LD_LIBRARY_PATH=/home/rafal/kalman_ws/src/kalman_robot/install/service_based_nav2_controller_srvs/lib:${LD_LIBRARY_PATH} PYTHONPATH=/home/rafal/kalman_ws/src/kalman_robot/install/service_based_nav2_controller_srvs/local/lib/python3.10/dist-packages:${PYTHONPATH} /usr/bin/cmake --install /home/rafal/kalman_ws/src/kalman_robot/build/service_based_nav2_controller
[23.587s] -- Install configuration: ""
[23.588s] -- Execute custom install script
[23.589s] -- Symlinking: /home/rafal/kalman_ws/src/kalman_robot/install/service_based_nav2_controller/lib/service_based_nav2_controller/libservice_based_nav2_controller.so
[23.599s] -- Symlinking: /home/rafal/kalman_ws/src/kalman_robot/install/service_based_nav2_controller/share/service_based_nav2_controller//service_based_nav2_controller.xml
[23.610s] -- Symlinking: /home/rafal/kalman_ws/src/kalman_robot/install/service_based_nav2_controller/share/ament_index/resource_index/package_run_dependencies/service_based_nav2_controller
[23.621s] -- Symlinking: /home/rafal/kalman_ws/src/kalman_robot/install/service_based_nav2_controller/share/ament_index/resource_index/parent_prefix_path/service_based_nav2_controller
[23.631s] -- Symlinking: /home/rafal/kalman_ws/src/kalman_robot/install/service_based_nav2_controller/share/service_based_nav2_controller/environment/ament_prefix_path.sh
[23.642s] -- Symlinking: /home/rafal/kalman_ws/src/kalman_robot/install/service_based_nav2_controller/share/service_based_nav2_controller/environment/ament_prefix_path.dsv
[23.653s] -- Symlinking: /home/rafal/kalman_ws/src/kalman_robot/install/service_based_nav2_controller/share/service_based_nav2_controller/environment/path.sh
[23.665s] -- Symlinking: /home/rafal/kalman_ws/src/kalman_robot/install/service_based_nav2_controller/share/service_based_nav2_controller/environment/path.dsv
[23.676s] -- Symlinking: /home/rafal/kalman_ws/src/kalman_robot/install/service_based_nav2_controller/share/service_based_nav2_controller/local_setup.bash
[23.686s] -- Symlinking: /home/rafal/kalman_ws/src/kalman_robot/install/service_based_nav2_controller/share/service_based_nav2_controller/local_setup.sh
[23.699s] -- Symlinking: /home/rafal/kalman_ws/src/kalman_robot/install/service_based_nav2_controller/share/service_based_nav2_controller/local_setup.zsh
[23.710s] -- Symlinking: /home/rafal/kalman_ws/src/kalman_robot/install/service_based_nav2_controller/share/service_based_nav2_controller/local_setup.dsv
[23.721s] -- Symlinking: /home/rafal/kalman_ws/src/kalman_robot/install/service_based_nav2_controller/share/service_based_nav2_controller/package.dsv
[23.731s] -- Symlinking: /home/rafal/kalman_ws/src/kalman_robot/install/service_based_nav2_controller/share/ament_index/resource_index/packages/service_based_nav2_controller
[23.744s] -- Symlinking: /home/rafal/kalman_ws/src/kalman_robot/install/service_based_nav2_controller/share/ament_index/resource_index/nav2_core__pluginlib__plugin/service_based_nav2_controller
[23.753s] -- Symlinking: /home/rafal/kalman_ws/src/kalman_robot/install/service_based_nav2_controller/share/service_based_nav2_controller/cmake/service_based_nav2_controllerConfig.cmake
[23.764s] -- Symlinking: /home/rafal/kalman_ws/src/kalman_robot/install/service_based_nav2_controller/share/service_based_nav2_controller/cmake/service_based_nav2_controllerConfig-version.cmake
[23.778s] -- Symlinking: /home/rafal/kalman_ws/src/kalman_robot/install/service_based_nav2_controller/share/service_based_nav2_controller/package.xml
[23.791s] Invoked command in '/home/rafal/kalman_ws/src/kalman_robot/build/service_based_nav2_controller' returned '0': AMENT_PREFIX_PATH=/home/rafal/kalman_ws/src/kalman_robot/install/service_based_nav2_controller_srvs:${AMENT_PREFIX_PATH} CMAKE_PREFIX_PATH=/home/rafal/kalman_ws/src/kalman_robot/install/service_based_nav2_controller_srvs:/home/rafal/dev_ws/install/my_robot:/opt/ros/humble LD_LIBRARY_PATH=/home/rafal/kalman_ws/src/kalman_robot/install/service_based_nav2_controller_srvs/lib:${LD_LIBRARY_PATH} PYTHONPATH=/home/rafal/kalman_ws/src/kalman_robot/install/service_based_nav2_controller_srvs/local/lib/python3.10/dist-packages:${PYTHONPATH} /usr/bin/cmake --install /home/rafal/kalman_ws/src/kalman_robot/build/service_based_nav2_controller
