[35m[1mConsolidate compiler generated dependencies of target unity_rs_publisher_msgs__rosidl_generator_c[0m
[  9%] Built target unity_rs_publisher_msgs__rosidl_generator_c
[ 12%] Built target unity_rs_publisher_msgs__cpp
[ 12%] Built target ament_cmake_python_symlink_unity_rs_publisher_msgs
[35m[1mConsolidate compiler generated dependencies of target unity_rs_publisher_msgs__rosidl_typesupport_fastrtps_c[0m
[35m[1mConsolidate compiler generated dependencies of target unity_rs_publisher_msgs__rosidl_typesupport_introspection_c[0m
[35m[1mConsolidate compiler generated dependencies of target unity_rs_publisher_msgs__rosidl_typesupport_c[0m
[35m[1mConsolidate compiler generated dependencies of target unity_rs_publisher_msgs__rosidl_typesupport_introspection_cpp[0m
[35m[1mConsolidate compiler generated dependencies of target unity_rs_publisher_msgs__rosidl_typesupport_fastrtps_cpp[0m
[35m[1mConsolidate compiler generated dependencies of target unity_rs_publisher_msgs__rosidl_typesupport_cpp[0m
[ 22%] Built target unity_rs_publisher_msgs__rosidl_typesupport_introspection_c
[ 32%] Built target unity_rs_publisher_msgs__rosidl_typesupport_fastrtps_c
[ 48%] Built target unity_rs_publisher_msgs__rosidl_typesupport_introspection_cpp
[ 51%] Built target unity_rs_publisher_msgs__rosidl_typesupport_c
[ 61%] Built target unity_rs_publisher_msgs__rosidl_typesupport_cpp
[ 70%] Built target unity_rs_publisher_msgs__rosidl_typesupport_fastrtps_cpp
[ 70%] Built target unity_rs_publisher_msgs
[ 74%] Built target unity_rs_publisher_msgs__py
[35m[1mConsolidate compiler generated dependencies of target unity_rs_publisher_msgs__rosidl_generator_py[0m
[ 80%] Built target unity_rs_publisher_msgs__rosidl_generator_py
[35m[1mConsolidate compiler generated dependencies of target unity_rs_publisher_msgs__rosidl_typesupport_fastrtps_c__pyext[0m
[35m[1mConsolidate compiler generated dependencies of target unity_rs_publisher_msgs__rosidl_typesupport_introspection_c__pyext[0m
[35m[1mConsolidate compiler generated dependencies of target unity_rs_publisher_msgs__rosidl_typesupport_c__pyext[0m
[ 87%] Built target unity_rs_publisher_msgs__rosidl_typesupport_fastrtps_c__pyext
[ 93%] Built target unity_rs_publisher_msgs__rosidl_typesupport_c__pyext
[100%] Built target unity_rs_publisher_msgs__rosidl_typesupport_introspection_c__pyext
running egg_info
writing unity_rs_publisher_msgs.egg-info/PKG-INFO
writing dependency_links to unity_rs_publisher_msgs.egg-info/dependency_links.txt
writing top-level names to unity_rs_publisher_msgs.egg-info/top_level.txt
reading manifest file 'unity_rs_publisher_msgs.egg-info/SOURCES.txt'
writing manifest file 'unity_rs_publisher_msgs.egg-info/SOURCES.txt'
[100%] Built target ament_cmake_python_build_unity_rs_publisher_msgs_egg
-- Install configuration: ""
-- Execute custom install script
-- Up-to-date symlink: /home/rafal/kalman_ws/src/kalman_robot/install/unity_rs_publisher_msgs/share/ament_index/resource_index/rosidl_interfaces/unity_rs_publisher_msgs
-- Up-to-date symlink: /home/rafal/kalman_ws/src/kalman_robot/install/unity_rs_publisher_msgs/include/unity_rs_publisher_msgs/unity_rs_publisher_msgs/msg/camera_metadata.h
-- Up-to-date symlink: /home/rafal/kalman_ws/src/kalman_robot/install/unity_rs_publisher_msgs/include/unity_rs_publisher_msgs/unity_rs_publisher_msgs/msg/detail/camera_metadata__functions.h
-- Up-to-date symlink: /home/rafal/kalman_ws/src/kalman_robot/install/unity_rs_publisher_msgs/include/unity_rs_publisher_msgs/unity_rs_publisher_msgs/msg/detail/camera_metadata__struct.h
-- Up-to-date symlink: /home/rafal/kalman_ws/src/kalman_robot/install/unity_rs_publisher_msgs/include/unity_rs_publisher_msgs/unity_rs_publisher_msgs/msg/detail/camera_metadata__type_support.h
-- Up-to-date symlink: /home/rafal/kalman_ws/src/kalman_robot/install/unity_rs_publisher_msgs/include/unity_rs_publisher_msgs/unity_rs_publisher_msgs/msg/rosidl_generator_c__visibility_control.h
-- Up-to-date symlink: /home/rafal/kalman_ws/src/kalman_robot/install/unity_rs_publisher_msgs/share/unity_rs_publisher_msgs/environment/library_path.sh
-- Up-to-date symlink: /home/rafal/kalman_ws/src/kalman_robot/install/unity_rs_publisher_msgs/share/unity_rs_publisher_msgs/environment/library_path.dsv
-- Up-to-date symlink: /home/rafal/kalman_ws/src/kalman_robot/install/unity_rs_publisher_msgs/include/unity_rs_publisher_msgs/unity_rs_publisher_msgs/msg/detail/camera_metadata__rosidl_typesupport_fastrtps_c.h
-- Up-to-date symlink: /home/rafal/kalman_ws/src/kalman_robot/install/unity_rs_publisher_msgs/include/unity_rs_publisher_msgs/unity_rs_publisher_msgs/msg/rosidl_typesupport_fastrtps_c__visibility_control.h
-- Up-to-date symlink: /home/rafal/kalman_ws/src/kalman_robot/install/unity_rs_publisher_msgs/include/unity_rs_publisher_msgs/unity_rs_publisher_msgs/msg/detail/camera_metadata__rosidl_typesupport_introspection_c.h
-- Up-to-date symlink: /home/rafal/kalman_ws/src/kalman_robot/install/unity_rs_publisher_msgs/include/unity_rs_publisher_msgs/unity_rs_publisher_msgs/msg/rosidl_typesupport_introspection_c__visibility_control.h
-- Up-to-date symlink: /home/rafal/kalman_ws/src/kalman_robot/install/unity_rs_publisher_msgs/include/unity_rs_publisher_msgs/unity_rs_publisher_msgs/msg/camera_metadata.hpp
-- Up-to-date symlink: /home/rafal/kalman_ws/src/kalman_robot/install/unity_rs_publisher_msgs/include/unity_rs_publisher_msgs/unity_rs_publisher_msgs/msg/detail/camera_metadata__builder.hpp
-- Up-to-date symlink: /home/rafal/kalman_ws/src/kalman_robot/install/unity_rs_publisher_msgs/include/unity_rs_publisher_msgs/unity_rs_publisher_msgs/msg/detail/camera_metadata__struct.hpp
-- Up-to-date symlink: /home/rafal/kalman_ws/src/kalman_robot/install/unity_rs_publisher_msgs/include/unity_rs_publisher_msgs/unity_rs_publisher_msgs/msg/detail/camera_metadata__traits.hpp
-- Up-to-date symlink: /home/rafal/kalman_ws/src/kalman_robot/install/unity_rs_publisher_msgs/include/unity_rs_publisher_msgs/unity_rs_publisher_msgs/msg/detail/camera_metadata__rosidl_typesupport_fastrtps_cpp.hpp
-- Up-to-date symlink: /home/rafal/kalman_ws/src/kalman_robot/install/unity_rs_publisher_msgs/include/unity_rs_publisher_msgs/unity_rs_publisher_msgs/msg/rosidl_typesupport_fastrtps_cpp__visibility_control.h
-- Up-to-date symlink: /home/rafal/kalman_ws/src/kalman_robot/install/unity_rs_publisher_msgs/include/unity_rs_publisher_msgs/unity_rs_publisher_msgs/msg/detail/camera_metadata__rosidl_typesupport_introspection_cpp.hpp
-- Up-to-date symlink: /home/rafal/kalman_ws/src/kalman_robot/install/unity_rs_publisher_msgs/share/unity_rs_publisher_msgs/environment/pythonpath.sh
-- Up-to-date symlink: /home/rafal/kalman_ws/src/kalman_robot/install/unity_rs_publisher_msgs/share/unity_rs_publisher_msgs/environment/pythonpath.dsv
-- Up-to-date symlink: /home/rafal/kalman_ws/src/kalman_robot/install/unity_rs_publisher_msgs/local/lib/python3.10/dist-packages/unity_rs_publisher_msgs-0.0.0-py3.10.egg-info/PKG-INFO
-- Up-to-date symlink: /home/rafal/kalman_ws/src/kalman_robot/install/unity_rs_publisher_msgs/local/lib/python3.10/dist-packages/unity_rs_publisher_msgs-0.0.0-py3.10.egg-info/SOURCES.txt
-- Up-to-date symlink: /home/rafal/kalman_ws/src/kalman_robot/install/unity_rs_publisher_msgs/local/lib/python3.10/dist-packages/unity_rs_publisher_msgs-0.0.0-py3.10.egg-info/dependency_links.txt
-- Up-to-date symlink: /home/rafal/kalman_ws/src/kalman_robot/install/unity_rs_publisher_msgs/local/lib/python3.10/dist-packages/unity_rs_publisher_msgs-0.0.0-py3.10.egg-info/top_level.txt
-- Up-to-date symlink: /home/rafal/kalman_ws/src/kalman_robot/install/unity_rs_publisher_msgs/local/lib/python3.10/dist-packages/unity_rs_publisher_msgs/__init__.py
-- Up-to-date symlink: /home/rafal/kalman_ws/src/kalman_robot/install/unity_rs_publisher_msgs/local/lib/python3.10/dist-packages/unity_rs_publisher_msgs/_unity_rs_publisher_msgs_s.ep.rosidl_typesupport_c.c
-- Up-to-date symlink: /home/rafal/kalman_ws/src/kalman_robot/install/unity_rs_publisher_msgs/local/lib/python3.10/dist-packages/unity_rs_publisher_msgs/_unity_rs_publisher_msgs_s.ep.rosidl_typesupport_fastrtps_c.c
-- Up-to-date symlink: /home/rafal/kalman_ws/src/kalman_robot/install/unity_rs_publisher_msgs/local/lib/python3.10/dist-packages/unity_rs_publisher_msgs/_unity_rs_publisher_msgs_s.ep.rosidl_typesupport_introspection_c.c
-- Up-to-date symlink: /home/rafal/kalman_ws/src/kalman_robot/install/unity_rs_publisher_msgs/local/lib/python3.10/dist-packages/unity_rs_publisher_msgs/libunity_rs_publisher_msgs__rosidl_generator_py.so
-- Up-to-date symlink: /home/rafal/kalman_ws/src/kalman_robot/install/unity_rs_publisher_msgs/local/lib/python3.10/dist-packages/unity_rs_publisher_msgs/msg/__init__.py
-- Up-to-date symlink: /home/rafal/kalman_ws/src/kalman_robot/install/unity_rs_publisher_msgs/local/lib/python3.10/dist-packages/unity_rs_publisher_msgs/msg/_camera_metadata.py
-- Up-to-date symlink: /home/rafal/kalman_ws/src/kalman_robot/install/unity_rs_publisher_msgs/local/lib/python3.10/dist-packages/unity_rs_publisher_msgs/msg/_camera_metadata_s.c
-- Up-to-date symlink: /home/rafal/kalman_ws/src/kalman_robot/install/unity_rs_publisher_msgs/local/lib/python3.10/dist-packages/unity_rs_publisher_msgs/unity_rs_publisher_msgs_s__rosidl_typesupport_c.cpython-310-x86_64-linux-gnu.so
-- Up-to-date symlink: /home/rafal/kalman_ws/src/kalman_robot/install/unity_rs_publisher_msgs/local/lib/python3.10/dist-packages/unity_rs_publisher_msgs/unity_rs_publisher_msgs_s__rosidl_typesupport_fastrtps_c.cpython-310-x86_64-linux-gnu.so
-- Up-to-date symlink: /home/rafal/kalman_ws/src/kalman_robot/install/unity_rs_publisher_msgs/local/lib/python3.10/dist-packages/unity_rs_publisher_msgs/unity_rs_publisher_msgs_s__rosidl_typesupport_introspection_c.cpython-310-x86_64-linux-gnu.so
-- Up-to-date symlink: /home/rafal/kalman_ws/src/kalman_robot/install/unity_rs_publisher_msgs/local/lib/python3.10/dist-packages/unity_rs_publisher_msgs/unity_rs_publisher_msgs_s__rosidl_typesupport_fastrtps_c.cpython-310-x86_64-linux-gnu.so
-- Up-to-date symlink: /home/rafal/kalman_ws/src/kalman_robot/install/unity_rs_publisher_msgs/local/lib/python3.10/dist-packages/unity_rs_publisher_msgs/unity_rs_publisher_msgs_s__rosidl_typesupport_introspection_c.cpython-310-x86_64-linux-gnu.so
-- Up-to-date symlink: /home/rafal/kalman_ws/src/kalman_robot/install/unity_rs_publisher_msgs/local/lib/python3.10/dist-packages/unity_rs_publisher_msgs/unity_rs_publisher_msgs_s__rosidl_typesupport_c.cpython-310-x86_64-linux-gnu.so
-- Up-to-date symlink: /home/rafal/kalman_ws/src/kalman_robot/install/unity_rs_publisher_msgs/share/unity_rs_publisher_msgs/msg/CameraMetadata.idl
-- Up-to-date symlink: /home/rafal/kalman_ws/src/kalman_robot/install/unity_rs_publisher_msgs/share/unity_rs_publisher_msgs/msg/CameraMetadata.msg
-- Up-to-date symlink: /home/rafal/kalman_ws/src/kalman_robot/install/unity_rs_publisher_msgs/share/ament_index/resource_index/package_run_dependencies/unity_rs_publisher_msgs
-- Up-to-date symlink: /home/rafal/kalman_ws/src/kalman_robot/install/unity_rs_publisher_msgs/share/ament_index/resource_index/parent_prefix_path/unity_rs_publisher_msgs
-- Up-to-date symlink: /home/rafal/kalman_ws/src/kalman_robot/install/unity_rs_publisher_msgs/share/unity_rs_publisher_msgs/environment/ament_prefix_path.sh
-- Up-to-date symlink: /home/rafal/kalman_ws/src/kalman_robot/install/unity_rs_publisher_msgs/share/unity_rs_publisher_msgs/environment/ament_prefix_path.dsv
-- Up-to-date symlink: /home/rafal/kalman_ws/src/kalman_robot/install/unity_rs_publisher_msgs/share/unity_rs_publisher_msgs/environment/path.sh
-- Up-to-date symlink: /home/rafal/kalman_ws/src/kalman_robot/install/unity_rs_publisher_msgs/share/unity_rs_publisher_msgs/environment/path.dsv
-- Up-to-date symlink: /home/rafal/kalman_ws/src/kalman_robot/install/unity_rs_publisher_msgs/share/unity_rs_publisher_msgs/local_setup.bash
-- Up-to-date symlink: /home/rafal/kalman_ws/src/kalman_robot/install/unity_rs_publisher_msgs/share/unity_rs_publisher_msgs/local_setup.sh
-- Up-to-date symlink: /home/rafal/kalman_ws/src/kalman_robot/install/unity_rs_publisher_msgs/share/unity_rs_publisher_msgs/local_setup.zsh
-- Up-to-date symlink: /home/rafal/kalman_ws/src/kalman_robot/install/unity_rs_publisher_msgs/share/unity_rs_publisher_msgs/local_setup.dsv
-- Symlinking: /home/rafal/kalman_ws/src/kalman_robot/install/unity_rs_publisher_msgs/share/unity_rs_publisher_msgs/package.dsv
-- Up-to-date symlink: /home/rafal/kalman_ws/src/kalman_robot/install/unity_rs_publisher_msgs/share/ament_index/resource_index/packages/unity_rs_publisher_msgs
-- Up-to-date symlink: /home/rafal/kalman_ws/src/kalman_robot/install/unity_rs_publisher_msgs/share/unity_rs_publisher_msgs/cmake/rosidl_cmake-extras.cmake
-- Up-to-date symlink: /home/rafal/kalman_ws/src/kalman_robot/install/unity_rs_publisher_msgs/share/unity_rs_publisher_msgs/cmake/ament_cmake_export_include_directories-extras.cmake
-- Up-to-date symlink: /home/rafal/kalman_ws/src/kalman_robot/install/unity_rs_publisher_msgs/share/unity_rs_publisher_msgs/cmake/ament_cmake_export_libraries-extras.cmake
-- Up-to-date symlink: /home/rafal/kalman_ws/src/kalman_robot/install/unity_rs_publisher_msgs/share/unity_rs_publisher_msgs/cmake/ament_cmake_export_targets-extras.cmake
-- Up-to-date symlink: /home/rafal/kalman_ws/src/kalman_robot/install/unity_rs_publisher_msgs/share/unity_rs_publisher_msgs/cmake/rosidl_cmake_export_typesupport_targets-extras.cmake
-- Up-to-date symlink: /home/rafal/kalman_ws/src/kalman_robot/install/unity_rs_publisher_msgs/share/unity_rs_publisher_msgs/cmake/ament_cmake_export_dependencies-extras.cmake
-- Up-to-date symlink: /home/rafal/kalman_ws/src/kalman_robot/install/unity_rs_publisher_msgs/share/unity_rs_publisher_msgs/cmake/rosidl_cmake_export_typesupport_libraries-extras.cmake
-- Up-to-date symlink: /home/rafal/kalman_ws/src/kalman_robot/install/unity_rs_publisher_msgs/share/unity_rs_publisher_msgs/cmake/unity_rs_publisher_msgsConfig.cmake
-- Up-to-date symlink: /home/rafal/kalman_ws/src/kalman_robot/install/unity_rs_publisher_msgs/share/unity_rs_publisher_msgs/cmake/unity_rs_publisher_msgsConfig-version.cmake
-- Up-to-date symlink: /home/rafal/kalman_ws/src/kalman_robot/install/unity_rs_publisher_msgs/share/unity_rs_publisher_msgs/package.xml
-- Up-to-date: /home/rafal/kalman_ws/src/kalman_robot/install/unity_rs_publisher_msgs/lib/libunity_rs_publisher_msgs__rosidl_generator_c.so
-- Up-to-date: /home/rafal/kalman_ws/src/kalman_robot/install/unity_rs_publisher_msgs/lib/libunity_rs_publisher_msgs__rosidl_typesupport_fastrtps_c.so
-- Up-to-date: /home/rafal/kalman_ws/src/kalman_robot/install/unity_rs_publisher_msgs/lib/libunity_rs_publisher_msgs__rosidl_typesupport_introspection_c.so
-- Up-to-date: /home/rafal/kalman_ws/src/kalman_robot/install/unity_rs_publisher_msgs/lib/libunity_rs_publisher_msgs__rosidl_typesupport_c.so
-- Up-to-date: /home/rafal/kalman_ws/src/kalman_robot/install/unity_rs_publisher_msgs/lib/libunity_rs_publisher_msgs__rosidl_typesupport_fastrtps_cpp.so
-- Up-to-date: /home/rafal/kalman_ws/src/kalman_robot/install/unity_rs_publisher_msgs/lib/libunity_rs_publisher_msgs__rosidl_typesupport_introspection_cpp.so
-- Up-to-date: /home/rafal/kalman_ws/src/kalman_robot/install/unity_rs_publisher_msgs/lib/libunity_rs_publisher_msgs__rosidl_typesupport_cpp.so
Listing '/home/rafal/kalman_ws/src/kalman_robot/install/unity_rs_publisher_msgs/local/lib/python3.10/dist-packages/unity_rs_publisher_msgs'...
Listing '/home/rafal/kalman_ws/src/kalman_robot/install/unity_rs_publisher_msgs/local/lib/python3.10/dist-packages/unity_rs_publisher_msgs/msg'...
-- Up-to-date: /home/rafal/kalman_ws/src/kalman_robot/install/unity_rs_publisher_msgs/lib/libunity_rs_publisher_msgs__rosidl_generator_py.so
-- Up-to-date: /home/rafal/kalman_ws/src/kalman_robot/install/unity_rs_publisher_msgs/share/unity_rs_publisher_msgs/cmake/export_unity_rs_publisher_msgs__rosidl_generator_cExport.cmake
-- Up-to-date: /home/rafal/kalman_ws/src/kalman_robot/install/unity_rs_publisher_msgs/share/unity_rs_publisher_msgs/cmake/export_unity_rs_publisher_msgs__rosidl_generator_cExport-noconfig.cmake
-- Up-to-date: /home/rafal/kalman_ws/src/kalman_robot/install/unity_rs_publisher_msgs/share/unity_rs_publisher_msgs/cmake/export_unity_rs_publisher_msgs__rosidl_typesupport_fastrtps_cExport.cmake
-- Up-to-date: /home/rafal/kalman_ws/src/kalman_robot/install/unity_rs_publisher_msgs/share/unity_rs_publisher_msgs/cmake/export_unity_rs_publisher_msgs__rosidl_typesupport_fastrtps_cExport-noconfig.cmake
-- Up-to-date: /home/rafal/kalman_ws/src/kalman_robot/install/unity_rs_publisher_msgs/share/unity_rs_publisher_msgs/cmake/unity_rs_publisher_msgs__rosidl_typesupport_introspection_cExport.cmake
-- Up-to-date: /home/rafal/kalman_ws/src/kalman_robot/install/unity_rs_publisher_msgs/share/unity_rs_publisher_msgs/cmake/unity_rs_publisher_msgs__rosidl_typesupport_introspection_cExport-noconfig.cmake
-- Up-to-date: /home/rafal/kalman_ws/src/kalman_robot/install/unity_rs_publisher_msgs/share/unity_rs_publisher_msgs/cmake/unity_rs_publisher_msgs__rosidl_typesupport_cExport.cmake
-- Up-to-date: /home/rafal/kalman_ws/src/kalman_robot/install/unity_rs_publisher_msgs/share/unity_rs_publisher_msgs/cmake/unity_rs_publisher_msgs__rosidl_typesupport_cExport-noconfig.cmake
-- Up-to-date: /home/rafal/kalman_ws/src/kalman_robot/install/unity_rs_publisher_msgs/share/unity_rs_publisher_msgs/cmake/export_unity_rs_publisher_msgs__rosidl_generator_cppExport.cmake
-- Up-to-date: /home/rafal/kalman_ws/src/kalman_robot/install/unity_rs_publisher_msgs/share/unity_rs_publisher_msgs/cmake/export_unity_rs_publisher_msgs__rosidl_typesupport_fastrtps_cppExport.cmake
-- Up-to-date: /home/rafal/kalman_ws/src/kalman_robot/install/unity_rs_publisher_msgs/share/unity_rs_publisher_msgs/cmake/export_unity_rs_publisher_msgs__rosidl_typesupport_fastrtps_cppExport-noconfig.cmake
-- Up-to-date: /home/rafal/kalman_ws/src/kalman_robot/install/unity_rs_publisher_msgs/share/unity_rs_publisher_msgs/cmake/unity_rs_publisher_msgs__rosidl_typesupport_introspection_cppExport.cmake
-- Up-to-date: /home/rafal/kalman_ws/src/kalman_robot/install/unity_rs_publisher_msgs/share/unity_rs_publisher_msgs/cmake/unity_rs_publisher_msgs__rosidl_typesupport_introspection_cppExport-noconfig.cmake
-- Up-to-date: /home/rafal/kalman_ws/src/kalman_robot/install/unity_rs_publisher_msgs/share/unity_rs_publisher_msgs/cmake/unity_rs_publisher_msgs__rosidl_typesupport_cppExport.cmake
-- Up-to-date: /home/rafal/kalman_ws/src/kalman_robot/install/unity_rs_publisher_msgs/share/unity_rs_publisher_msgs/cmake/unity_rs_publisher_msgs__rosidl_typesupport_cppExport-noconfig.cmake
-- Up-to-date: /home/rafal/kalman_ws/src/kalman_robot/install/unity_rs_publisher_msgs/share/unity_rs_publisher_msgs/cmake/export_unity_rs_publisher_msgs__rosidl_generator_pyExport.cmake
-- Up-to-date: /home/rafal/kalman_ws/src/kalman_robot/install/unity_rs_publisher_msgs/share/unity_rs_publisher_msgs/cmake/export_unity_rs_publisher_msgs__rosidl_generator_pyExport-noconfig.cmake
