[1.347s] Invoking command in '/home/rafal/kalman_ws/src/kalman_robot/build/unity_rs_publisher_msgs': CMAKE_PREFIX_PATH=/home/rafal/dev_ws/install/my_robot:/opt/ros/humble /usr/bin/cmake --build /home/rafal/kalman_ws/src/kalman_robot/build/unity_rs_publisher_msgs -- -j16 -l16
[1.414s] [35m[1mConsolidate compiler generated dependencies of target unity_rs_publisher_msgs__rosidl_generator_c[0m
[1.433s] [  9%] Built target unity_rs_publisher_msgs__rosidl_generator_c
[1.433s] [ 12%] Built target unity_rs_publisher_msgs__cpp
[1.447s] [ 12%] Built target ament_cmake_python_symlink_unity_rs_publisher_msgs
[1.451s] [35m[1mConsolidate compiler generated dependencies of target unity_rs_publisher_msgs__rosidl_typesupport_fastrtps_c[0m
[1.451s] [35m[1mConsolidate compiler generated dependencies of target unity_rs_publisher_msgs__rosidl_typesupport_introspection_c[0m
[1.455s] [35m[1mConsolidate compiler generated dependencies of target unity_rs_publisher_msgs__rosidl_typesupport_c[0m
[1.456s] [35m[1mConsolidate compiler generated dependencies of target unity_rs_publisher_msgs__rosidl_typesupport_introspection_cpp[0m
[1.463s] [35m[1mConsolidate compiler generated dependencies of target unity_rs_publisher_msgs__rosidl_typesupport_fastrtps_cpp[0m
[1.471s] [35m[1mConsolidate compiler generated dependencies of target unity_rs_publisher_msgs__rosidl_typesupport_cpp[0m
[1.471s] [ 22%] Built target unity_rs_publisher_msgs__rosidl_typesupport_introspection_c
[1.473s] [ 32%] Built target unity_rs_publisher_msgs__rosidl_typesupport_fastrtps_c
[1.479s] [ 48%] Built target unity_rs_publisher_msgs__rosidl_typesupport_introspection_cpp
[1.479s] [ 51%] Built target unity_rs_publisher_msgs__rosidl_typesupport_c
[1.494s] [ 61%] Built target unity_rs_publisher_msgs__rosidl_typesupport_cpp
[1.499s] [ 70%] Built target unity_rs_publisher_msgs__rosidl_typesupport_fastrtps_cpp
[1.553s] [ 70%] Built target unity_rs_publisher_msgs
[1.593s] [ 74%] Built target unity_rs_publisher_msgs__py
[1.610s] [35m[1mConsolidate compiler generated dependencies of target unity_rs_publisher_msgs__rosidl_generator_py[0m
[1.630s] [ 80%] Built target unity_rs_publisher_msgs__rosidl_generator_py
[1.647s] [35m[1mConsolidate compiler generated dependencies of target unity_rs_publisher_msgs__rosidl_typesupport_fastrtps_c__pyext[0m
[1.651s] [35m[1mConsolidate compiler generated dependencies of target unity_rs_publisher_msgs__rosidl_typesupport_introspection_c__pyext[0m
[1.652s] [35m[1mConsolidate compiler generated dependencies of target unity_rs_publisher_msgs__rosidl_typesupport_c__pyext[0m
[1.667s] [ 87%] Built target unity_rs_publisher_msgs__rosidl_typesupport_fastrtps_c__pyext
[1.675s] [ 93%] Built target unity_rs_publisher_msgs__rosidl_typesupport_c__pyext
[1.677s] [100%] Built target unity_rs_publisher_msgs__rosidl_typesupport_introspection_c__pyext
[1.892s] running egg_info
[1.892s] writing unity_rs_publisher_msgs.egg-info/PKG-INFO
[1.893s] writing dependency_links to unity_rs_publisher_msgs.egg-info/dependency_links.txt
[1.893s] writing top-level names to unity_rs_publisher_msgs.egg-info/top_level.txt
[1.894s] reading manifest file 'unity_rs_publisher_msgs.egg-info/SOURCES.txt'
[1.895s] writing manifest file 'unity_rs_publisher_msgs.egg-info/SOURCES.txt'
[1.928s] [100%] Built target ament_cmake_python_build_unity_rs_publisher_msgs_egg
[1.980s] Invoked command in '/home/rafal/kalman_ws/src/kalman_robot/build/unity_rs_publisher_msgs' returned '0': CMAKE_PREFIX_PATH=/home/rafal/dev_ws/install/my_robot:/opt/ros/humble /usr/bin/cmake --build /home/rafal/kalman_ws/src/kalman_robot/build/unity_rs_publisher_msgs -- -j16 -l16
[2.702s] Invoking command in '/home/rafal/kalman_ws/src/kalman_robot/build/unity_rs_publisher_msgs': CMAKE_PREFIX_PATH=/home/rafal/dev_ws/install/my_robot:/opt/ros/humble /usr/bin/cmake --install /home/rafal/kalman_ws/src/kalman_robot/build/unity_rs_publisher_msgs
[2.717s] -- Install configuration: ""
[2.722s] -- Execute custom install script
[2.723s] -- Up-to-date symlink: /home/rafal/kalman_ws/src/kalman_robot/install/unity_rs_publisher_msgs/share/ament_index/resource_index/rosidl_interfaces/unity_rs_publisher_msgs
[2.724s] -- Up-to-date symlink: /home/rafal/kalman_ws/src/kalman_robot/install/unity_rs_publisher_msgs/include/unity_rs_publisher_msgs/unity_rs_publisher_msgs/msg/camera_metadata.h
[2.725s] -- Up-to-date symlink: /home/rafal/kalman_ws/src/kalman_robot/install/unity_rs_publisher_msgs/include/unity_rs_publisher_msgs/unity_rs_publisher_msgs/msg/detail/camera_metadata__functions.h
[2.725s] -- Up-to-date symlink: /home/rafal/kalman_ws/src/kalman_robot/install/unity_rs_publisher_msgs/include/unity_rs_publisher_msgs/unity_rs_publisher_msgs/msg/detail/camera_metadata__struct.h
[2.726s] -- Up-to-date symlink: /home/rafal/kalman_ws/src/kalman_robot/install/unity_rs_publisher_msgs/include/unity_rs_publisher_msgs/unity_rs_publisher_msgs/msg/detail/camera_metadata__type_support.h
[2.726s] -- Up-to-date symlink: /home/rafal/kalman_ws/src/kalman_robot/install/unity_rs_publisher_msgs/include/unity_rs_publisher_msgs/unity_rs_publisher_msgs/msg/rosidl_generator_c__visibility_control.h
[2.727s] -- Up-to-date symlink: /home/rafal/kalman_ws/src/kalman_robot/install/unity_rs_publisher_msgs/share/unity_rs_publisher_msgs/environment/library_path.sh
[2.728s] -- Up-to-date symlink: /home/rafal/kalman_ws/src/kalman_robot/install/unity_rs_publisher_msgs/share/unity_rs_publisher_msgs/environment/library_path.dsv
[2.728s] -- Up-to-date symlink: /home/rafal/kalman_ws/src/kalman_robot/install/unity_rs_publisher_msgs/include/unity_rs_publisher_msgs/unity_rs_publisher_msgs/msg/detail/camera_metadata__rosidl_typesupport_fastrtps_c.h
[2.729s] -- Up-to-date symlink: /home/rafal/kalman_ws/src/kalman_robot/install/unity_rs_publisher_msgs/include/unity_rs_publisher_msgs/unity_rs_publisher_msgs/msg/rosidl_typesupport_fastrtps_c__visibility_control.h
[2.730s] -- Up-to-date symlink: /home/rafal/kalman_ws/src/kalman_robot/install/unity_rs_publisher_msgs/include/unity_rs_publisher_msgs/unity_rs_publisher_msgs/msg/detail/camera_metadata__rosidl_typesupport_introspection_c.h
[2.730s] -- Up-to-date symlink: /home/rafal/kalman_ws/src/kalman_robot/install/unity_rs_publisher_msgs/include/unity_rs_publisher_msgs/unity_rs_publisher_msgs/msg/rosidl_typesupport_introspection_c__visibility_control.h
[2.730s] -- Up-to-date symlink: /home/rafal/kalman_ws/src/kalman_robot/install/unity_rs_publisher_msgs/include/unity_rs_publisher_msgs/unity_rs_publisher_msgs/msg/camera_metadata.hpp
[2.730s] -- Up-to-date symlink: /home/rafal/kalman_ws/src/kalman_robot/install/unity_rs_publisher_msgs/include/unity_rs_publisher_msgs/unity_rs_publisher_msgs/msg/detail/camera_metadata__builder.hpp
[2.731s] -- Up-to-date symlink: /home/rafal/kalman_ws/src/kalman_robot/install/unity_rs_publisher_msgs/include/unity_rs_publisher_msgs/unity_rs_publisher_msgs/msg/detail/camera_metadata__struct.hpp
[2.731s] -- Up-to-date symlink: /home/rafal/kalman_ws/src/kalman_robot/install/unity_rs_publisher_msgs/include/unity_rs_publisher_msgs/unity_rs_publisher_msgs/msg/detail/camera_metadata__traits.hpp
[2.731s] -- Up-to-date symlink: /home/rafal/kalman_ws/src/kalman_robot/install/unity_rs_publisher_msgs/include/unity_rs_publisher_msgs/unity_rs_publisher_msgs/msg/detail/camera_metadata__rosidl_typesupport_fastrtps_cpp.hpp
[2.731s] -- Up-to-date symlink: /home/rafal/kalman_ws/src/kalman_robot/install/unity_rs_publisher_msgs/include/unity_rs_publisher_msgs/unity_rs_publisher_msgs/msg/rosidl_typesupport_fastrtps_cpp__visibility_control.h
[2.731s] -- Up-to-date symlink: /home/rafal/kalman_ws/src/kalman_robot/install/unity_rs_publisher_msgs/include/unity_rs_publisher_msgs/unity_rs_publisher_msgs/msg/detail/camera_metadata__rosidl_typesupport_introspection_cpp.hpp
[2.732s] -- Up-to-date symlink: /home/rafal/kalman_ws/src/kalman_robot/install/unity_rs_publisher_msgs/share/unity_rs_publisher_msgs/environment/pythonpath.sh
[2.732s] -- Up-to-date symlink: /home/rafal/kalman_ws/src/kalman_robot/install/unity_rs_publisher_msgs/share/unity_rs_publisher_msgs/environment/pythonpath.dsv
[2.732s] -- Up-to-date symlink: /home/rafal/kalman_ws/src/kalman_robot/install/unity_rs_publisher_msgs/local/lib/python3.10/dist-packages/unity_rs_publisher_msgs-0.0.0-py3.10.egg-info/PKG-INFO
[2.732s] -- Up-to-date symlink: /home/rafal/kalman_ws/src/kalman_robot/install/unity_rs_publisher_msgs/local/lib/python3.10/dist-packages/unity_rs_publisher_msgs-0.0.0-py3.10.egg-info/SOURCES.txt
[2.732s] -- Up-to-date symlink: /home/rafal/kalman_ws/src/kalman_robot/install/unity_rs_publisher_msgs/local/lib/python3.10/dist-packages/unity_rs_publisher_msgs-0.0.0-py3.10.egg-info/dependency_links.txt
[2.732s] -- Up-to-date symlink: /home/rafal/kalman_ws/src/kalman_robot/install/unity_rs_publisher_msgs/local/lib/python3.10/dist-packages/unity_rs_publisher_msgs-0.0.0-py3.10.egg-info/top_level.txt
[2.732s] -- Up-to-date symlink: /home/rafal/kalman_ws/src/kalman_robot/install/unity_rs_publisher_msgs/local/lib/python3.10/dist-packages/unity_rs_publisher_msgs/__init__.py
[2.732s] -- Up-to-date symlink: /home/rafal/kalman_ws/src/kalman_robot/install/unity_rs_publisher_msgs/local/lib/python3.10/dist-packages/unity_rs_publisher_msgs/_unity_rs_publisher_msgs_s.ep.rosidl_typesupport_c.c
[2.733s] -- Up-to-date symlink: /home/rafal/kalman_ws/src/kalman_robot/install/unity_rs_publisher_msgs/local/lib/python3.10/dist-packages/unity_rs_publisher_msgs/_unity_rs_publisher_msgs_s.ep.rosidl_typesupport_fastrtps_c.c
[2.733s] -- Up-to-date symlink: /home/rafal/kalman_ws/src/kalman_robot/install/unity_rs_publisher_msgs/local/lib/python3.10/dist-packages/unity_rs_publisher_msgs/_unity_rs_publisher_msgs_s.ep.rosidl_typesupport_introspection_c.c
[2.733s] -- Up-to-date symlink: /home/rafal/kalman_ws/src/kalman_robot/install/unity_rs_publisher_msgs/local/lib/python3.10/dist-packages/unity_rs_publisher_msgs/libunity_rs_publisher_msgs__rosidl_generator_py.so
[2.733s] -- Up-to-date symlink: /home/rafal/kalman_ws/src/kalman_robot/install/unity_rs_publisher_msgs/local/lib/python3.10/dist-packages/unity_rs_publisher_msgs/msg/__init__.py
[2.734s] -- Up-to-date symlink: /home/rafal/kalman_ws/src/kalman_robot/install/unity_rs_publisher_msgs/local/lib/python3.10/dist-packages/unity_rs_publisher_msgs/msg/_camera_metadata.py
[2.734s] -- Up-to-date symlink: /home/rafal/kalman_ws/src/kalman_robot/install/unity_rs_publisher_msgs/local/lib/python3.10/dist-packages/unity_rs_publisher_msgs/msg/_camera_metadata_s.c
[2.734s] -- Up-to-date symlink: /home/rafal/kalman_ws/src/kalman_robot/install/unity_rs_publisher_msgs/local/lib/python3.10/dist-packages/unity_rs_publisher_msgs/unity_rs_publisher_msgs_s__rosidl_typesupport_c.cpython-310-x86_64-linux-gnu.so
[2.734s] -- Up-to-date symlink: /home/rafal/kalman_ws/src/kalman_robot/install/unity_rs_publisher_msgs/local/lib/python3.10/dist-packages/unity_rs_publisher_msgs/unity_rs_publisher_msgs_s__rosidl_typesupport_fastrtps_c.cpython-310-x86_64-linux-gnu.so
[2.734s] -- Up-to-date symlink: /home/rafal/kalman_ws/src/kalman_robot/install/unity_rs_publisher_msgs/local/lib/python3.10/dist-packages/unity_rs_publisher_msgs/unity_rs_publisher_msgs_s__rosidl_typesupport_introspection_c.cpython-310-x86_64-linux-gnu.so
[2.734s] -- Up-to-date symlink: /home/rafal/kalman_ws/src/kalman_robot/install/unity_rs_publisher_msgs/local/lib/python3.10/dist-packages/unity_rs_publisher_msgs/unity_rs_publisher_msgs_s__rosidl_typesupport_fastrtps_c.cpython-310-x86_64-linux-gnu.so
[2.734s] -- Up-to-date symlink: /home/rafal/kalman_ws/src/kalman_robot/install/unity_rs_publisher_msgs/local/lib/python3.10/dist-packages/unity_rs_publisher_msgs/unity_rs_publisher_msgs_s__rosidl_typesupport_introspection_c.cpython-310-x86_64-linux-gnu.so
[2.734s] -- Up-to-date symlink: /home/rafal/kalman_ws/src/kalman_robot/install/unity_rs_publisher_msgs/local/lib/python3.10/dist-packages/unity_rs_publisher_msgs/unity_rs_publisher_msgs_s__rosidl_typesupport_c.cpython-310-x86_64-linux-gnu.so
[2.734s] -- Up-to-date symlink: /home/rafal/kalman_ws/src/kalman_robot/install/unity_rs_publisher_msgs/share/unity_rs_publisher_msgs/msg/CameraMetadata.idl
[2.734s] -- Up-to-date symlink: /home/rafal/kalman_ws/src/kalman_robot/install/unity_rs_publisher_msgs/share/unity_rs_publisher_msgs/msg/CameraMetadata.msg
[2.734s] -- Up-to-date symlink: /home/rafal/kalman_ws/src/kalman_robot/install/unity_rs_publisher_msgs/share/ament_index/resource_index/package_run_dependencies/unity_rs_publisher_msgs
[2.734s] -- Up-to-date symlink: /home/rafal/kalman_ws/src/kalman_robot/install/unity_rs_publisher_msgs/share/ament_index/resource_index/parent_prefix_path/unity_rs_publisher_msgs
[2.735s] -- Up-to-date symlink: /home/rafal/kalman_ws/src/kalman_robot/install/unity_rs_publisher_msgs/share/unity_rs_publisher_msgs/environment/ament_prefix_path.sh
[2.735s] -- Up-to-date symlink: /home/rafal/kalman_ws/src/kalman_robot/install/unity_rs_publisher_msgs/share/unity_rs_publisher_msgs/environment/ament_prefix_path.dsv
[2.735s] -- Up-to-date symlink: /home/rafal/kalman_ws/src/kalman_robot/install/unity_rs_publisher_msgs/share/unity_rs_publisher_msgs/environment/path.sh
[2.735s] -- Up-to-date symlink: /home/rafal/kalman_ws/src/kalman_robot/install/unity_rs_publisher_msgs/share/unity_rs_publisher_msgs/environment/path.dsv
[2.735s] -- Up-to-date symlink: /home/rafal/kalman_ws/src/kalman_robot/install/unity_rs_publisher_msgs/share/unity_rs_publisher_msgs/local_setup.bash
[2.735s] -- Up-to-date symlink: /home/rafal/kalman_ws/src/kalman_robot/install/unity_rs_publisher_msgs/share/unity_rs_publisher_msgs/local_setup.sh
[2.735s] -- Up-to-date symlink: /home/rafal/kalman_ws/src/kalman_robot/install/unity_rs_publisher_msgs/share/unity_rs_publisher_msgs/local_setup.zsh
[2.735s] -- Up-to-date symlink: /home/rafal/kalman_ws/src/kalman_robot/install/unity_rs_publisher_msgs/share/unity_rs_publisher_msgs/local_setup.dsv
[2.735s] -- Symlinking: /home/rafal/kalman_ws/src/kalman_robot/install/unity_rs_publisher_msgs/share/unity_rs_publisher_msgs/package.dsv
[2.747s] -- Up-to-date symlink: /home/rafal/kalman_ws/src/kalman_robot/install/unity_rs_publisher_msgs/share/ament_index/resource_index/packages/unity_rs_publisher_msgs
[2.747s] -- Up-to-date symlink: /home/rafal/kalman_ws/src/kalman_robot/install/unity_rs_publisher_msgs/share/unity_rs_publisher_msgs/cmake/rosidl_cmake-extras.cmake
[2.747s] -- Up-to-date symlink: /home/rafal/kalman_ws/src/kalman_robot/install/unity_rs_publisher_msgs/share/unity_rs_publisher_msgs/cmake/ament_cmake_export_include_directories-extras.cmake
[2.747s] -- Up-to-date symlink: /home/rafal/kalman_ws/src/kalman_robot/install/unity_rs_publisher_msgs/share/unity_rs_publisher_msgs/cmake/ament_cmake_export_libraries-extras.cmake
[2.747s] -- Up-to-date symlink: /home/rafal/kalman_ws/src/kalman_robot/install/unity_rs_publisher_msgs/share/unity_rs_publisher_msgs/cmake/ament_cmake_export_targets-extras.cmake
[2.748s] -- Up-to-date symlink: /home/rafal/kalman_ws/src/kalman_robot/install/unity_rs_publisher_msgs/share/unity_rs_publisher_msgs/cmake/rosidl_cmake_export_typesupport_targets-extras.cmake
[2.748s] -- Up-to-date symlink: /home/rafal/kalman_ws/src/kalman_robot/install/unity_rs_publisher_msgs/share/unity_rs_publisher_msgs/cmake/ament_cmake_export_dependencies-extras.cmake
[2.748s] -- Up-to-date symlink: /home/rafal/kalman_ws/src/kalman_robot/install/unity_rs_publisher_msgs/share/unity_rs_publisher_msgs/cmake/rosidl_cmake_export_typesupport_libraries-extras.cmake
[2.748s] -- Up-to-date symlink: /home/rafal/kalman_ws/src/kalman_robot/install/unity_rs_publisher_msgs/share/unity_rs_publisher_msgs/cmake/unity_rs_publisher_msgsConfig.cmake
[2.748s] -- Up-to-date symlink: /home/rafal/kalman_ws/src/kalman_robot/install/unity_rs_publisher_msgs/share/unity_rs_publisher_msgs/cmake/unity_rs_publisher_msgsConfig-version.cmake
[2.748s] -- Up-to-date symlink: /home/rafal/kalman_ws/src/kalman_robot/install/unity_rs_publisher_msgs/share/unity_rs_publisher_msgs/package.xml
[2.749s] -- Up-to-date: /home/rafal/kalman_ws/src/kalman_robot/install/unity_rs_publisher_msgs/lib/libunity_rs_publisher_msgs__rosidl_generator_c.so
[2.749s] -- Up-to-date: /home/rafal/kalman_ws/src/kalman_robot/install/unity_rs_publisher_msgs/lib/libunity_rs_publisher_msgs__rosidl_typesupport_fastrtps_c.so
[2.749s] -- Up-to-date: /home/rafal/kalman_ws/src/kalman_robot/install/unity_rs_publisher_msgs/lib/libunity_rs_publisher_msgs__rosidl_typesupport_introspection_c.so
[2.749s] -- Up-to-date: /home/rafal/kalman_ws/src/kalman_robot/install/unity_rs_publisher_msgs/lib/libunity_rs_publisher_msgs__rosidl_typesupport_c.so
[2.750s] -- Up-to-date: /home/rafal/kalman_ws/src/kalman_robot/install/unity_rs_publisher_msgs/lib/libunity_rs_publisher_msgs__rosidl_typesupport_fastrtps_cpp.so
[2.750s] -- Up-to-date: /home/rafal/kalman_ws/src/kalman_robot/install/unity_rs_publisher_msgs/lib/libunity_rs_publisher_msgs__rosidl_typesupport_introspection_cpp.so
[2.750s] -- Up-to-date: /home/rafal/kalman_ws/src/kalman_robot/install/unity_rs_publisher_msgs/lib/libunity_rs_publisher_msgs__rosidl_typesupport_cpp.so
[2.800s] Listing '/home/rafal/kalman_ws/src/kalman_robot/install/unity_rs_publisher_msgs/local/lib/python3.10/dist-packages/unity_rs_publisher_msgs'...
[2.800s] Listing '/home/rafal/kalman_ws/src/kalman_robot/install/unity_rs_publisher_msgs/local/lib/python3.10/dist-packages/unity_rs_publisher_msgs/msg'...
[2.808s] -- Up-to-date: /home/rafal/kalman_ws/src/kalman_robot/install/unity_rs_publisher_msgs/lib/libunity_rs_publisher_msgs__rosidl_generator_py.so
[2.809s] -- Up-to-date: /home/rafal/kalman_ws/src/kalman_robot/install/unity_rs_publisher_msgs/share/unity_rs_publisher_msgs/cmake/export_unity_rs_publisher_msgs__rosidl_generator_cExport.cmake
[2.809s] -- Up-to-date: /home/rafal/kalman_ws/src/kalman_robot/install/unity_rs_publisher_msgs/share/unity_rs_publisher_msgs/cmake/export_unity_rs_publisher_msgs__rosidl_generator_cExport-noconfig.cmake
[2.810s] -- Up-to-date: /home/rafal/kalman_ws/src/kalman_robot/install/unity_rs_publisher_msgs/share/unity_rs_publisher_msgs/cmake/export_unity_rs_publisher_msgs__rosidl_typesupport_fastrtps_cExport.cmake
[2.810s] -- Up-to-date: /home/rafal/kalman_ws/src/kalman_robot/install/unity_rs_publisher_msgs/share/unity_rs_publisher_msgs/cmake/export_unity_rs_publisher_msgs__rosidl_typesupport_fastrtps_cExport-noconfig.cmake
[2.810s] -- Up-to-date: /home/rafal/kalman_ws/src/kalman_robot/install/unity_rs_publisher_msgs/share/unity_rs_publisher_msgs/cmake/unity_rs_publisher_msgs__rosidl_typesupport_introspection_cExport.cmake
[2.810s] -- Up-to-date: /home/rafal/kalman_ws/src/kalman_robot/install/unity_rs_publisher_msgs/share/unity_rs_publisher_msgs/cmake/unity_rs_publisher_msgs__rosidl_typesupport_introspection_cExport-noconfig.cmake
[2.811s] -- Up-to-date: /home/rafal/kalman_ws/src/kalman_robot/install/unity_rs_publisher_msgs/share/unity_rs_publisher_msgs/cmake/unity_rs_publisher_msgs__rosidl_typesupport_cExport.cmake
[2.812s] -- Up-to-date: /home/rafal/kalman_ws/src/kalman_robot/install/unity_rs_publisher_msgs/share/unity_rs_publisher_msgs/cmake/unity_rs_publisher_msgs__rosidl_typesupport_cExport-noconfig.cmake
[2.812s] -- Up-to-date: /home/rafal/kalman_ws/src/kalman_robot/install/unity_rs_publisher_msgs/share/unity_rs_publisher_msgs/cmake/export_unity_rs_publisher_msgs__rosidl_generator_cppExport.cmake
[2.812s] -- Up-to-date: /home/rafal/kalman_ws/src/kalman_robot/install/unity_rs_publisher_msgs/share/unity_rs_publisher_msgs/cmake/export_unity_rs_publisher_msgs__rosidl_typesupport_fastrtps_cppExport.cmake
[2.813s] -- Up-to-date: /home/rafal/kalman_ws/src/kalman_robot/install/unity_rs_publisher_msgs/share/unity_rs_publisher_msgs/cmake/export_unity_rs_publisher_msgs__rosidl_typesupport_fastrtps_cppExport-noconfig.cmake
[2.813s] -- Up-to-date: /home/rafal/kalman_ws/src/kalman_robot/install/unity_rs_publisher_msgs/share/unity_rs_publisher_msgs/cmake/unity_rs_publisher_msgs__rosidl_typesupport_introspection_cppExport.cmake
[2.814s] -- Up-to-date: /home/rafal/kalman_ws/src/kalman_robot/install/unity_rs_publisher_msgs/share/unity_rs_publisher_msgs/cmake/unity_rs_publisher_msgs__rosidl_typesupport_introspection_cppExport-noconfig.cmake
[2.814s] -- Up-to-date: /home/rafal/kalman_ws/src/kalman_robot/install/unity_rs_publisher_msgs/share/unity_rs_publisher_msgs/cmake/unity_rs_publisher_msgs__rosidl_typesupport_cppExport.cmake
[2.814s] -- Up-to-date: /home/rafal/kalman_ws/src/kalman_robot/install/unity_rs_publisher_msgs/share/unity_rs_publisher_msgs/cmake/unity_rs_publisher_msgs__rosidl_typesupport_cppExport-noconfig.cmake
[2.815s] -- Up-to-date: /home/rafal/kalman_ws/src/kalman_robot/install/unity_rs_publisher_msgs/share/unity_rs_publisher_msgs/cmake/export_unity_rs_publisher_msgs__rosidl_generator_pyExport.cmake
[2.816s] -- Up-to-date: /home/rafal/kalman_ws/src/kalman_robot/install/unity_rs_publisher_msgs/share/unity_rs_publisher_msgs/cmake/export_unity_rs_publisher_msgs__rosidl_generator_pyExport-noconfig.cmake
[3.293s] Invoked command in '/home/rafal/kalman_ws/src/kalman_robot/build/unity_rs_publisher_msgs' returned '0': CMAKE_PREFIX_PATH=/home/rafal/dev_ws/install/my_robot:/opt/ros/humble /usr/bin/cmake --install /home/rafal/kalman_ws/src/kalman_robot/build/unity_rs_publisher_msgs
