[1.570s] Invoking command in '/home/rafal/kalman_ws/src/kalman_robot/build/unity_rs_publisher_msgs': CMAKE_PREFIX_PATH=/home/rafal/dev_ws/install/my_robot:/opt/ros/humble /usr/bin/cmake /home/rafal/kalman_ws/src/kalman_robot/unity_sim/unity_rs_publisher_msgs -DAMENT_CMAKE_SYMLINK_INSTALL=1 -DCMAKE_INSTALL_PREFIX=/home/rafal/kalman_ws/src/kalman_robot/install/unity_rs_publisher_msgs
[1.657s] -- The C compiler identification is GNU 11.4.0
[1.801s] -- The CXX compiler identification is GNU 11.4.0
[1.817s] -- Detecting C compiler ABI info
[2.008s] -- Detecting C compiler ABI info - done
[2.026s] -- Check for working C compiler: /usr/bin/cc - skipped
[2.027s] -- Detecting C compile features
[2.028s] -- Detecting C compile features - done
[2.034s] -- Detecting CXX compiler ABI info
[2.238s] -- Detecting CXX compiler ABI info - done
[2.264s] -- Check for working CXX compiler: /usr/bin/c++ - skipped
[2.265s] -- Detecting CXX compile features
[2.266s] -- Detecting CXX compile features - done
[2.274s] -- Found ament_cmake: 1.3.8 (/opt/ros/humble/share/ament_cmake/cmake)
[2.652s] -- Found Python3: /usr/bin/python3 (found version "3.10.12") found components: Interpreter 
[2.779s] -- Override CMake install command with custom implementation using symlinks instead of copying resources
[2.857s] -- Found rosidl_default_generators: 1.2.0 (/opt/ros/humble/share/rosidl_default_generators/cmake)
[2.866s] -- Using all available rosidl_typesupport_c: rosidl_typesupport_fastrtps_c;rosidl_typesupport_introspection_c
[2.885s] -- Found rosidl_adapter: 3.1.5 (/opt/ros/humble/share/rosidl_adapter/cmake)
[3.008s] -- Using all available rosidl_typesupport_cpp: rosidl_typesupport_fastrtps_cpp;rosidl_typesupport_introspection_cpp
[3.630s] -- Found ament_cmake_ros: 0.10.0 (/opt/ros/humble/share/ament_cmake_ros/cmake)
[4.085s] -- Using all available rosidl_typesupport_c: rosidl_typesupport_fastrtps_c;rosidl_typesupport_introspection_c
[4.558s] -- Using all available rosidl_typesupport_cpp: rosidl_typesupport_fastrtps_cpp;rosidl_typesupport_introspection_cpp
[4.623s] -- Found PythonInterp: /usr/bin/python3 (found suitable version "3.10.12", minimum required is "3.6") 
[4.623s] -- Found python_cmake_module: 0.10.0 (/opt/ros/humble/share/python_cmake_module/cmake)
[4.670s] -- Found PythonLibs: /usr/lib/x86_64-linux-gnu/libpython3.10.so (found suitable version "3.10.12", minimum required is "3.5") 
[4.670s] -- Using PYTHON_EXECUTABLE: /usr/bin/python3
[4.671s] -- Using PYTHON_INCLUDE_DIRS: /usr/include/python3.10
[4.671s] -- Using PYTHON_LIBRARIES: /usr/lib/x86_64-linux-gnu/libpython3.10.so
[4.730s] -- Found PythonExtra: .so  
[4.841s] -- Configuring done
[4.905s] -- Generating done
[4.911s] -- Build files have been written to: /home/rafal/kalman_ws/src/kalman_robot/build/unity_rs_publisher_msgs
[5.006s] Invoked command in '/home/rafal/kalman_ws/src/kalman_robot/build/unity_rs_publisher_msgs' returned '0': CMAKE_PREFIX_PATH=/home/rafal/dev_ws/install/my_robot:/opt/ros/humble /usr/bin/cmake /home/rafal/kalman_ws/src/kalman_robot/unity_sim/unity_rs_publisher_msgs -DAMENT_CMAKE_SYMLINK_INSTALL=1 -DCMAKE_INSTALL_PREFIX=/home/rafal/kalman_ws/src/kalman_robot/install/unity_rs_publisher_msgs
[5.009s] Invoking command in '/home/rafal/kalman_ws/src/kalman_robot/build/unity_rs_publisher_msgs': CMAKE_PREFIX_PATH=/home/rafal/dev_ws/install/my_robot:/opt/ros/humble /usr/bin/cmake --build /home/rafal/kalman_ws/src/kalman_robot/build/unity_rs_publisher_msgs -- -j16 -l16
[5.094s] [  3%] [34m[1mGenerating C code for ROS interfaces[0m
[5.121s] [  6%] [34m[1mGenerating C++ code for ROS interfaces[0m
[5.136s] [  6%] Built target ament_cmake_python_symlink_unity_rs_publisher_msgs
[5.702s] [  9%] [32mBuilding C object CMakeFiles/unity_rs_publisher_msgs__rosidl_generator_c.dir/rosidl_generator_c/unity_rs_publisher_msgs/msg/detail/camera_metadata__functions.c.o[0m
[5.817s] [  9%] Built target unity_rs_publisher_msgs__cpp
[5.836s] [ 12%] [32m[1mLinking C shared library libunity_rs_publisher_msgs__rosidl_generator_c.so[0m
[5.840s] [ 16%] [34m[1mGenerating C++ type support dispatch for ROS interfaces[0m
[5.841s] [ 19%] [34m[1mGenerating C++ introspection for ROS interfaces[0m
[5.857s] [ 22%] [34m[1mGenerating C++ type support for eProsima Fast-RTPS[0m
[5.934s] running egg_info
[5.937s] creating unity_rs_publisher_msgs.egg-info
[5.937s] writing unity_rs_publisher_msgs.egg-info/PKG-INFO
[5.937s] writing dependency_links to unity_rs_publisher_msgs.egg-info/dependency_links.txt
[5.938s] writing top-level names to unity_rs_publisher_msgs.egg-info/top_level.txt
[5.938s] writing manifest file 'unity_rs_publisher_msgs.egg-info/SOURCES.txt'
[5.944s] reading manifest file 'unity_rs_publisher_msgs.egg-info/SOURCES.txt'
[5.946s] writing manifest file 'unity_rs_publisher_msgs.egg-info/SOURCES.txt'
[5.975s] [ 22%] Built target unity_rs_publisher_msgs__rosidl_generator_c
[6.009s] [ 25%] [34m[1mGenerating C type support for eProsima Fast-RTPS[0m
[6.030s] [ 25%] Built target ament_cmake_python_build_unity_rs_publisher_msgs_egg
[6.041s] [ 29%] [34m[1mGenerating C introspection for ROS interfaces[0m
[6.045s] [ 32%] [34m[1mGenerating C type support dispatch for ROS interfaces[0m
[6.507s] [ 35%] [32mBuilding CXX object CMakeFiles/unity_rs_publisher_msgs__rosidl_typesupport_cpp.dir/rosidl_typesupport_cpp/unity_rs_publisher_msgs/msg/camera_metadata__type_support.cpp.o[0m
[6.571s] [ 38%] [32mBuilding CXX object CMakeFiles/unity_rs_publisher_msgs__rosidl_typesupport_introspection_cpp.dir/rosidl_typesupport_introspection_cpp/unity_rs_publisher_msgs/msg/detail/camera_metadata__type_support.cpp.o[0m
[6.686s] [ 41%] [32mBuilding CXX object CMakeFiles/unity_rs_publisher_msgs__rosidl_typesupport_fastrtps_cpp.dir/rosidl_typesupport_fastrtps_cpp/unity_rs_publisher_msgs/msg/detail/dds_fastrtps/camera_metadata__type_support.cpp.o[0m
[6.735s] [ 45%] [32mBuilding CXX object CMakeFiles/unity_rs_publisher_msgs__rosidl_typesupport_fastrtps_c.dir/rosidl_typesupport_fastrtps_c/unity_rs_publisher_msgs/msg/detail/camera_metadata__type_support_c.cpp.o[0m
[6.756s] [ 48%] [32mBuilding CXX object CMakeFiles/unity_rs_publisher_msgs__rosidl_typesupport_c.dir/rosidl_typesupport_c/unity_rs_publisher_msgs/msg/camera_metadata__type_support.cpp.o[0m
[6.757s] [ 51%] [32mBuilding C object CMakeFiles/unity_rs_publisher_msgs__rosidl_typesupport_introspection_c.dir/rosidl_typesupport_introspection_c/unity_rs_publisher_msgs/msg/detail/camera_metadata__type_support.c.o[0m
[6.831s] [ 54%] [32m[1mLinking CXX shared library libunity_rs_publisher_msgs__rosidl_typesupport_c.so[0m
[6.835s] [ 58%] [32m[1mLinking C shared library libunity_rs_publisher_msgs__rosidl_typesupport_introspection_c.so[0m
[6.917s] [ 58%] Built target unity_rs_publisher_msgs__rosidl_typesupport_introspection_c
[6.958s] [ 58%] Built target unity_rs_publisher_msgs__rosidl_typesupport_c
[7.318s] [ 61%] [32m[1mLinking CXX shared library libunity_rs_publisher_msgs__rosidl_typesupport_cpp.so[0m
[7.529s] [ 61%] Built target unity_rs_publisher_msgs__rosidl_typesupport_cpp
[7.733s] [ 64%] [32m[1mLinking CXX shared library libunity_rs_publisher_msgs__rosidl_typesupport_introspection_cpp.so[0m
[7.754s] [ 67%] [32m[1mLinking CXX shared library libunity_rs_publisher_msgs__rosidl_typesupport_fastrtps_c.so[0m
[7.778s] [ 70%] [32m[1mLinking CXX shared library libunity_rs_publisher_msgs__rosidl_typesupport_fastrtps_cpp.so[0m
[7.823s] [ 70%] Built target unity_rs_publisher_msgs__rosidl_typesupport_introspection_cpp
[7.916s] [ 70%] Built target unity_rs_publisher_msgs__rosidl_typesupport_fastrtps_c
[7.953s] [ 70%] Built target unity_rs_publisher_msgs__rosidl_typesupport_fastrtps_cpp
[7.995s] [ 70%] Built target unity_rs_publisher_msgs
[8.039s] [ 74%] [34m[1mGenerating Python code for ROS interfaces[0m
[8.733s] [ 74%] Built target unity_rs_publisher_msgs__py
[8.776s] [ 77%] [32mBuilding C object CMakeFiles/unity_rs_publisher_msgs__rosidl_generator_py.dir/rosidl_generator_py/unity_rs_publisher_msgs/msg/_camera_metadata_s.c.o[0m
[9.113s] [ 80%] [32m[1mLinking C shared library rosidl_generator_py/unity_rs_publisher_msgs/libunity_rs_publisher_msgs__rosidl_generator_py.so[0m
[9.240s] [ 80%] Built target unity_rs_publisher_msgs__rosidl_generator_py
[9.394s] [ 83%] [32mBuilding C object CMakeFiles/unity_rs_publisher_msgs__rosidl_typesupport_introspection_c__pyext.dir/rosidl_generator_py/unity_rs_publisher_msgs/_unity_rs_publisher_msgs_s.ep.rosidl_typesupport_introspection_c.c.o[0m
[9.416s] [ 87%] [32mBuilding C object CMakeFiles/unity_rs_publisher_msgs__rosidl_typesupport_fastrtps_c__pyext.dir/rosidl_generator_py/unity_rs_publisher_msgs/_unity_rs_publisher_msgs_s.ep.rosidl_typesupport_fastrtps_c.c.o[0m
[9.443s] [ 90%] [32mBuilding C object CMakeFiles/unity_rs_publisher_msgs__rosidl_typesupport_c__pyext.dir/rosidl_generator_py/unity_rs_publisher_msgs/_unity_rs_publisher_msgs_s.ep.rosidl_typesupport_c.c.o[0m
[9.805s] [ 93%] [32m[1mLinking C shared library rosidl_generator_py/unity_rs_publisher_msgs/unity_rs_publisher_msgs_s__rosidl_typesupport_introspection_c.cpython-310-x86_64-linux-gnu.so[0m
[9.946s] [ 96%] [32m[1mLinking C shared library rosidl_generator_py/unity_rs_publisher_msgs/unity_rs_publisher_msgs_s__rosidl_typesupport_c.cpython-310-x86_64-linux-gnu.so[0m
[10.000s] [100%] [32m[1mLinking C shared library rosidl_generator_py/unity_rs_publisher_msgs/unity_rs_publisher_msgs_s__rosidl_typesupport_fastrtps_c.cpython-310-x86_64-linux-gnu.so[0m
[10.013s] [100%] Built target unity_rs_publisher_msgs__rosidl_typesupport_introspection_c__pyext
[10.039s] [100%] Built target unity_rs_publisher_msgs__rosidl_typesupport_c__pyext
[10.124s] [100%] Built target unity_rs_publisher_msgs__rosidl_typesupport_fastrtps_c__pyext
[10.167s] Invoked command in '/home/rafal/kalman_ws/src/kalman_robot/build/unity_rs_publisher_msgs' returned '0': CMAKE_PREFIX_PATH=/home/rafal/dev_ws/install/my_robot:/opt/ros/humble /usr/bin/cmake --build /home/rafal/kalman_ws/src/kalman_robot/build/unity_rs_publisher_msgs -- -j16 -l16
[10.438s] Invoking command in '/home/rafal/kalman_ws/src/kalman_robot/build/unity_rs_publisher_msgs': CMAKE_PREFIX_PATH=/home/rafal/dev_ws/install/my_robot:/opt/ros/humble /usr/bin/cmake --install /home/rafal/kalman_ws/src/kalman_robot/build/unity_rs_publisher_msgs
[10.464s] -- Install configuration: ""
[10.466s] -- Execute custom install script
[10.467s] -- Symlinking: /home/rafal/kalman_ws/src/kalman_robot/install/unity_rs_publisher_msgs/share/ament_index/resource_index/rosidl_interfaces/unity_rs_publisher_msgs
[10.521s] -- Symlinking: /home/rafal/kalman_ws/src/kalman_robot/install/unity_rs_publisher_msgs/include/unity_rs_publisher_msgs/unity_rs_publisher_msgs/msg/camera_metadata.h
[10.556s] -- Symlinking: /home/rafal/kalman_ws/src/kalman_robot/install/unity_rs_publisher_msgs/include/unity_rs_publisher_msgs/unity_rs_publisher_msgs/msg/detail/camera_metadata__functions.h
[10.582s] -- Symlinking: /home/rafal/kalman_ws/src/kalman_robot/install/unity_rs_publisher_msgs/include/unity_rs_publisher_msgs/unity_rs_publisher_msgs/msg/detail/camera_metadata__struct.h
[10.609s] -- Symlinking: /home/rafal/kalman_ws/src/kalman_robot/install/unity_rs_publisher_msgs/include/unity_rs_publisher_msgs/unity_rs_publisher_msgs/msg/detail/camera_metadata__type_support.h
[10.636s] -- Symlinking: /home/rafal/kalman_ws/src/kalman_robot/install/unity_rs_publisher_msgs/include/unity_rs_publisher_msgs/unity_rs_publisher_msgs/msg/rosidl_generator_c__visibility_control.h
[10.672s] -- Symlinking: /home/rafal/kalman_ws/src/kalman_robot/install/unity_rs_publisher_msgs/share/unity_rs_publisher_msgs/environment/library_path.sh
[10.692s] -- Symlinking: /home/rafal/kalman_ws/src/kalman_robot/install/unity_rs_publisher_msgs/share/unity_rs_publisher_msgs/environment/library_path.dsv
[10.720s] -- Symlinking: /home/rafal/kalman_ws/src/kalman_robot/install/unity_rs_publisher_msgs/include/unity_rs_publisher_msgs/unity_rs_publisher_msgs/msg/detail/camera_metadata__rosidl_typesupport_fastrtps_c.h
[10.749s] -- Symlinking: /home/rafal/kalman_ws/src/kalman_robot/install/unity_rs_publisher_msgs/include/unity_rs_publisher_msgs/unity_rs_publisher_msgs/msg/rosidl_typesupport_fastrtps_c__visibility_control.h
[10.784s] -- Symlinking: /home/rafal/kalman_ws/src/kalman_robot/install/unity_rs_publisher_msgs/include/unity_rs_publisher_msgs/unity_rs_publisher_msgs/msg/detail/camera_metadata__rosidl_typesupport_introspection_c.h
[10.812s] -- Symlinking: /home/rafal/kalman_ws/src/kalman_robot/install/unity_rs_publisher_msgs/include/unity_rs_publisher_msgs/unity_rs_publisher_msgs/msg/rosidl_typesupport_introspection_c__visibility_control.h
[10.840s] -- Symlinking: /home/rafal/kalman_ws/src/kalman_robot/install/unity_rs_publisher_msgs/include/unity_rs_publisher_msgs/unity_rs_publisher_msgs/msg/camera_metadata.hpp
[10.869s] -- Symlinking: /home/rafal/kalman_ws/src/kalman_robot/install/unity_rs_publisher_msgs/include/unity_rs_publisher_msgs/unity_rs_publisher_msgs/msg/detail/camera_metadata__builder.hpp
[10.899s] -- Symlinking: /home/rafal/kalman_ws/src/kalman_robot/install/unity_rs_publisher_msgs/include/unity_rs_publisher_msgs/unity_rs_publisher_msgs/msg/detail/camera_metadata__struct.hpp
[10.927s] -- Symlinking: /home/rafal/kalman_ws/src/kalman_robot/install/unity_rs_publisher_msgs/include/unity_rs_publisher_msgs/unity_rs_publisher_msgs/msg/detail/camera_metadata__traits.hpp
[10.956s] -- Symlinking: /home/rafal/kalman_ws/src/kalman_robot/install/unity_rs_publisher_msgs/include/unity_rs_publisher_msgs/unity_rs_publisher_msgs/msg/detail/camera_metadata__rosidl_typesupport_fastrtps_cpp.hpp
[11.080s] -- Symlinking: /home/rafal/kalman_ws/src/kalman_robot/install/unity_rs_publisher_msgs/include/unity_rs_publisher_msgs/unity_rs_publisher_msgs/msg/rosidl_typesupport_fastrtps_cpp__visibility_control.h
[11.111s] -- Symlinking: /home/rafal/kalman_ws/src/kalman_robot/install/unity_rs_publisher_msgs/include/unity_rs_publisher_msgs/unity_rs_publisher_msgs/msg/detail/camera_metadata__rosidl_typesupport_introspection_cpp.hpp
[11.138s] -- Symlinking: /home/rafal/kalman_ws/src/kalman_robot/install/unity_rs_publisher_msgs/share/unity_rs_publisher_msgs/environment/pythonpath.sh
[11.161s] -- Symlinking: /home/rafal/kalman_ws/src/kalman_robot/install/unity_rs_publisher_msgs/share/unity_rs_publisher_msgs/environment/pythonpath.dsv
[11.202s] -- Symlinking: /home/rafal/kalman_ws/src/kalman_robot/install/unity_rs_publisher_msgs/local/lib/python3.10/dist-packages/unity_rs_publisher_msgs-0.0.0-py3.10.egg-info/PKG-INFO
[11.256s] -- Symlinking: /home/rafal/kalman_ws/src/kalman_robot/install/unity_rs_publisher_msgs/local/lib/python3.10/dist-packages/unity_rs_publisher_msgs-0.0.0-py3.10.egg-info/SOURCES.txt
[11.270s] -- Symlinking: /home/rafal/kalman_ws/src/kalman_robot/install/unity_rs_publisher_msgs/local/lib/python3.10/dist-packages/unity_rs_publisher_msgs-0.0.0-py3.10.egg-info/dependency_links.txt
[11.307s] -- Symlinking: /home/rafal/kalman_ws/src/kalman_robot/install/unity_rs_publisher_msgs/local/lib/python3.10/dist-packages/unity_rs_publisher_msgs-0.0.0-py3.10.egg-info/top_level.txt
[11.333s] -- Symlinking: /home/rafal/kalman_ws/src/kalman_robot/install/unity_rs_publisher_msgs/local/lib/python3.10/dist-packages/unity_rs_publisher_msgs/__init__.py
[11.357s] -- Symlinking: /home/rafal/kalman_ws/src/kalman_robot/install/unity_rs_publisher_msgs/local/lib/python3.10/dist-packages/unity_rs_publisher_msgs/_unity_rs_publisher_msgs_s.ep.rosidl_typesupport_c.c
[11.382s] -- Symlinking: /home/rafal/kalman_ws/src/kalman_robot/install/unity_rs_publisher_msgs/local/lib/python3.10/dist-packages/unity_rs_publisher_msgs/_unity_rs_publisher_msgs_s.ep.rosidl_typesupport_fastrtps_c.c
[11.451s] -- Symlinking: /home/rafal/kalman_ws/src/kalman_robot/install/unity_rs_publisher_msgs/local/lib/python3.10/dist-packages/unity_rs_publisher_msgs/_unity_rs_publisher_msgs_s.ep.rosidl_typesupport_introspection_c.c
[11.500s] -- Symlinking: /home/rafal/kalman_ws/src/kalman_robot/install/unity_rs_publisher_msgs/local/lib/python3.10/dist-packages/unity_rs_publisher_msgs/libunity_rs_publisher_msgs__rosidl_generator_py.so
[11.535s] -- Symlinking: /home/rafal/kalman_ws/src/kalman_robot/install/unity_rs_publisher_msgs/local/lib/python3.10/dist-packages/unity_rs_publisher_msgs/msg/__init__.py
[11.563s] -- Symlinking: /home/rafal/kalman_ws/src/kalman_robot/install/unity_rs_publisher_msgs/local/lib/python3.10/dist-packages/unity_rs_publisher_msgs/msg/_camera_metadata.py
[11.595s] -- Symlinking: /home/rafal/kalman_ws/src/kalman_robot/install/unity_rs_publisher_msgs/local/lib/python3.10/dist-packages/unity_rs_publisher_msgs/msg/_camera_metadata_s.c
[11.628s] -- Symlinking: /home/rafal/kalman_ws/src/kalman_robot/install/unity_rs_publisher_msgs/local/lib/python3.10/dist-packages/unity_rs_publisher_msgs/unity_rs_publisher_msgs_s__rosidl_typesupport_c.cpython-310-x86_64-linux-gnu.so
[11.655s] -- Symlinking: /home/rafal/kalman_ws/src/kalman_robot/install/unity_rs_publisher_msgs/local/lib/python3.10/dist-packages/unity_rs_publisher_msgs/unity_rs_publisher_msgs_s__rosidl_typesupport_fastrtps_c.cpython-310-x86_64-linux-gnu.so
[11.682s] -- Symlinking: /home/rafal/kalman_ws/src/kalman_robot/install/unity_rs_publisher_msgs/local/lib/python3.10/dist-packages/unity_rs_publisher_msgs/unity_rs_publisher_msgs_s__rosidl_typesupport_introspection_c.cpython-310-x86_64-linux-gnu.so
[11.709s] -- Up-to-date symlink: /home/rafal/kalman_ws/src/kalman_robot/install/unity_rs_publisher_msgs/local/lib/python3.10/dist-packages/unity_rs_publisher_msgs/unity_rs_publisher_msgs_s__rosidl_typesupport_fastrtps_c.cpython-310-x86_64-linux-gnu.so
[11.710s] -- Up-to-date symlink: /home/rafal/kalman_ws/src/kalman_robot/install/unity_rs_publisher_msgs/local/lib/python3.10/dist-packages/unity_rs_publisher_msgs/unity_rs_publisher_msgs_s__rosidl_typesupport_introspection_c.cpython-310-x86_64-linux-gnu.so
[11.711s] -- Up-to-date symlink: /home/rafal/kalman_ws/src/kalman_robot/install/unity_rs_publisher_msgs/local/lib/python3.10/dist-packages/unity_rs_publisher_msgs/unity_rs_publisher_msgs_s__rosidl_typesupport_c.cpython-310-x86_64-linux-gnu.so
[11.712s] -- Symlinking: /home/rafal/kalman_ws/src/kalman_robot/install/unity_rs_publisher_msgs/share/unity_rs_publisher_msgs/msg/CameraMetadata.idl
[11.764s] -- Symlinking: /home/rafal/kalman_ws/src/kalman_robot/install/unity_rs_publisher_msgs/share/unity_rs_publisher_msgs/msg/CameraMetadata.msg
[11.793s] -- Symlinking: /home/rafal/kalman_ws/src/kalman_robot/install/unity_rs_publisher_msgs/share/ament_index/resource_index/package_run_dependencies/unity_rs_publisher_msgs
[11.820s] -- Symlinking: /home/rafal/kalman_ws/src/kalman_robot/install/unity_rs_publisher_msgs/share/ament_index/resource_index/parent_prefix_path/unity_rs_publisher_msgs
[11.847s] -- Symlinking: /home/rafal/kalman_ws/src/kalman_robot/install/unity_rs_publisher_msgs/share/unity_rs_publisher_msgs/environment/ament_prefix_path.sh
[11.875s] -- Symlinking: /home/rafal/kalman_ws/src/kalman_robot/install/unity_rs_publisher_msgs/share/unity_rs_publisher_msgs/environment/ament_prefix_path.dsv
[11.903s] -- Symlinking: /home/rafal/kalman_ws/src/kalman_robot/install/unity_rs_publisher_msgs/share/unity_rs_publisher_msgs/environment/path.sh
[11.931s] -- Symlinking: /home/rafal/kalman_ws/src/kalman_robot/install/unity_rs_publisher_msgs/share/unity_rs_publisher_msgs/environment/path.dsv
[11.958s] -- Symlinking: /home/rafal/kalman_ws/src/kalman_robot/install/unity_rs_publisher_msgs/share/unity_rs_publisher_msgs/local_setup.bash
[12.107s] -- Symlinking: /home/rafal/kalman_ws/src/kalman_robot/install/unity_rs_publisher_msgs/share/unity_rs_publisher_msgs/local_setup.sh
[12.306s] -- Symlinking: /home/rafal/kalman_ws/src/kalman_robot/install/unity_rs_publisher_msgs/share/unity_rs_publisher_msgs/local_setup.zsh
[12.340s] -- Symlinking: /home/rafal/kalman_ws/src/kalman_robot/install/unity_rs_publisher_msgs/share/unity_rs_publisher_msgs/local_setup.dsv
[12.364s] -- Symlinking: /home/rafal/kalman_ws/src/kalman_robot/install/unity_rs_publisher_msgs/share/unity_rs_publisher_msgs/package.dsv
[12.382s] -- Symlinking: /home/rafal/kalman_ws/src/kalman_robot/install/unity_rs_publisher_msgs/share/ament_index/resource_index/packages/unity_rs_publisher_msgs
[12.404s] -- Symlinking: /home/rafal/kalman_ws/src/kalman_robot/install/unity_rs_publisher_msgs/share/unity_rs_publisher_msgs/cmake/rosidl_cmake-extras.cmake
[12.433s] -- Symlinking: /home/rafal/kalman_ws/src/kalman_robot/install/unity_rs_publisher_msgs/share/unity_rs_publisher_msgs/cmake/ament_cmake_export_include_directories-extras.cmake
[12.453s] -- Symlinking: /home/rafal/kalman_ws/src/kalman_robot/install/unity_rs_publisher_msgs/share/unity_rs_publisher_msgs/cmake/ament_cmake_export_libraries-extras.cmake
[12.486s] -- Symlinking: /home/rafal/kalman_ws/src/kalman_robot/install/unity_rs_publisher_msgs/share/unity_rs_publisher_msgs/cmake/ament_cmake_export_targets-extras.cmake
[12.496s] -- Symlinking: /home/rafal/kalman_ws/src/kalman_robot/install/unity_rs_publisher_msgs/share/unity_rs_publisher_msgs/cmake/rosidl_cmake_export_typesupport_targets-extras.cmake
[12.518s] -- Symlinking: /home/rafal/kalman_ws/src/kalman_robot/install/unity_rs_publisher_msgs/share/unity_rs_publisher_msgs/cmake/ament_cmake_export_dependencies-extras.cmake
[12.537s] -- Symlinking: /home/rafal/kalman_ws/src/kalman_robot/install/unity_rs_publisher_msgs/share/unity_rs_publisher_msgs/cmake/rosidl_cmake_export_typesupport_libraries-extras.cmake
[12.556s] -- Symlinking: /home/rafal/kalman_ws/src/kalman_robot/install/unity_rs_publisher_msgs/share/unity_rs_publisher_msgs/cmake/unity_rs_publisher_msgsConfig.cmake
[12.592s] -- Symlinking: /home/rafal/kalman_ws/src/kalman_robot/install/unity_rs_publisher_msgs/share/unity_rs_publisher_msgs/cmake/unity_rs_publisher_msgsConfig-version.cmake
[12.616s] -- Symlinking: /home/rafal/kalman_ws/src/kalman_robot/install/unity_rs_publisher_msgs/share/unity_rs_publisher_msgs/package.xml
[12.666s] -- Installing: /home/rafal/kalman_ws/src/kalman_robot/install/unity_rs_publisher_msgs/lib/libunity_rs_publisher_msgs__rosidl_generator_c.so
[12.666s] -- Set runtime path of "/home/rafal/kalman_ws/src/kalman_robot/install/unity_rs_publisher_msgs/lib/libunity_rs_publisher_msgs__rosidl_generator_c.so" to ""
[12.666s] -- Installing: /home/rafal/kalman_ws/src/kalman_robot/install/unity_rs_publisher_msgs/lib/libunity_rs_publisher_msgs__rosidl_typesupport_fastrtps_c.so
[12.667s] -- Set runtime path of "/home/rafal/kalman_ws/src/kalman_robot/install/unity_rs_publisher_msgs/lib/libunity_rs_publisher_msgs__rosidl_typesupport_fastrtps_c.so" to ""
[12.667s] -- Installing: /home/rafal/kalman_ws/src/kalman_robot/install/unity_rs_publisher_msgs/lib/libunity_rs_publisher_msgs__rosidl_typesupport_introspection_c.so
[12.667s] -- Set runtime path of "/home/rafal/kalman_ws/src/kalman_robot/install/unity_rs_publisher_msgs/lib/libunity_rs_publisher_msgs__rosidl_typesupport_introspection_c.so" to ""
[12.667s] -- Installing: /home/rafal/kalman_ws/src/kalman_robot/install/unity_rs_publisher_msgs/lib/libunity_rs_publisher_msgs__rosidl_typesupport_c.so
[12.679s] -- Set runtime path of "/home/rafal/kalman_ws/src/kalman_robot/install/unity_rs_publisher_msgs/lib/libunity_rs_publisher_msgs__rosidl_typesupport_c.so" to ""
[12.680s] -- Installing: /home/rafal/kalman_ws/src/kalman_robot/install/unity_rs_publisher_msgs/lib/libunity_rs_publisher_msgs__rosidl_typesupport_fastrtps_cpp.so
[12.680s] -- Set runtime path of "/home/rafal/kalman_ws/src/kalman_robot/install/unity_rs_publisher_msgs/lib/libunity_rs_publisher_msgs__rosidl_typesupport_fastrtps_cpp.so" to ""
[12.681s] -- Installing: /home/rafal/kalman_ws/src/kalman_robot/install/unity_rs_publisher_msgs/lib/libunity_rs_publisher_msgs__rosidl_typesupport_introspection_cpp.so
[12.681s] -- Set runtime path of "/home/rafal/kalman_ws/src/kalman_robot/install/unity_rs_publisher_msgs/lib/libunity_rs_publisher_msgs__rosidl_typesupport_introspection_cpp.so" to ""
[12.681s] -- Installing: /home/rafal/kalman_ws/src/kalman_robot/install/unity_rs_publisher_msgs/lib/libunity_rs_publisher_msgs__rosidl_typesupport_cpp.so
[12.681s] -- Set runtime path of "/home/rafal/kalman_ws/src/kalman_robot/install/unity_rs_publisher_msgs/lib/libunity_rs_publisher_msgs__rosidl_typesupport_cpp.so" to ""
[12.796s] Listing '/home/rafal/kalman_ws/src/kalman_robot/install/unity_rs_publisher_msgs/local/lib/python3.10/dist-packages/unity_rs_publisher_msgs'...
[12.796s] Compiling '/home/rafal/kalman_ws/src/kalman_robot/install/unity_rs_publisher_msgs/local/lib/python3.10/dist-packages/unity_rs_publisher_msgs/__init__.py'...
[12.797s] Listing '/home/rafal/kalman_ws/src/kalman_robot/install/unity_rs_publisher_msgs/local/lib/python3.10/dist-packages/unity_rs_publisher_msgs/msg'...
[12.797s] Compiling '/home/rafal/kalman_ws/src/kalman_robot/install/unity_rs_publisher_msgs/local/lib/python3.10/dist-packages/unity_rs_publisher_msgs/msg/__init__.py'...
[12.797s] Compiling '/home/rafal/kalman_ws/src/kalman_robot/install/unity_rs_publisher_msgs/local/lib/python3.10/dist-packages/unity_rs_publisher_msgs/msg/_camera_metadata.py'...
[12.811s] -- Installing: /home/rafal/kalman_ws/src/kalman_robot/install/unity_rs_publisher_msgs/lib/libunity_rs_publisher_msgs__rosidl_generator_py.so
[12.811s] -- Set runtime path of "/home/rafal/kalman_ws/src/kalman_robot/install/unity_rs_publisher_msgs/lib/libunity_rs_publisher_msgs__rosidl_generator_py.so" to ""
[12.812s] -- Installing: /home/rafal/kalman_ws/src/kalman_robot/install/unity_rs_publisher_msgs/share/unity_rs_publisher_msgs/cmake/export_unity_rs_publisher_msgs__rosidl_generator_cExport.cmake
[12.813s] -- Installing: /home/rafal/kalman_ws/src/kalman_robot/install/unity_rs_publisher_msgs/share/unity_rs_publisher_msgs/cmake/export_unity_rs_publisher_msgs__rosidl_generator_cExport-noconfig.cmake
[12.813s] -- Installing: /home/rafal/kalman_ws/src/kalman_robot/install/unity_rs_publisher_msgs/share/unity_rs_publisher_msgs/cmake/export_unity_rs_publisher_msgs__rosidl_typesupport_fastrtps_cExport.cmake
[12.813s] -- Installing: /home/rafal/kalman_ws/src/kalman_robot/install/unity_rs_publisher_msgs/share/unity_rs_publisher_msgs/cmake/export_unity_rs_publisher_msgs__rosidl_typesupport_fastrtps_cExport-noconfig.cmake
[12.814s] -- Installing: /home/rafal/kalman_ws/src/kalman_robot/install/unity_rs_publisher_msgs/share/unity_rs_publisher_msgs/cmake/unity_rs_publisher_msgs__rosidl_typesupport_introspection_cExport.cmake
[12.814s] -- Installing: /home/rafal/kalman_ws/src/kalman_robot/install/unity_rs_publisher_msgs/share/unity_rs_publisher_msgs/cmake/unity_rs_publisher_msgs__rosidl_typesupport_introspection_cExport-noconfig.cmake
[12.814s] -- Installing: /home/rafal/kalman_ws/src/kalman_robot/install/unity_rs_publisher_msgs/share/unity_rs_publisher_msgs/cmake/unity_rs_publisher_msgs__rosidl_typesupport_cExport.cmake
[12.815s] -- Installing: /home/rafal/kalman_ws/src/kalman_robot/install/unity_rs_publisher_msgs/share/unity_rs_publisher_msgs/cmake/unity_rs_publisher_msgs__rosidl_typesupport_cExport-noconfig.cmake
[12.815s] -- Installing: /home/rafal/kalman_ws/src/kalman_robot/install/unity_rs_publisher_msgs/share/unity_rs_publisher_msgs/cmake/export_unity_rs_publisher_msgs__rosidl_generator_cppExport.cmake
[12.816s] -- Installing: /home/rafal/kalman_ws/src/kalman_robot/install/unity_rs_publisher_msgs/share/unity_rs_publisher_msgs/cmake/export_unity_rs_publisher_msgs__rosidl_typesupport_fastrtps_cppExport.cmake
[12.816s] -- Installing: /home/rafal/kalman_ws/src/kalman_robot/install/unity_rs_publisher_msgs/share/unity_rs_publisher_msgs/cmake/export_unity_rs_publisher_msgs__rosidl_typesupport_fastrtps_cppExport-noconfig.cmake
[12.817s] -- Installing: /home/rafal/kalman_ws/src/kalman_robot/install/unity_rs_publisher_msgs/share/unity_rs_publisher_msgs/cmake/unity_rs_publisher_msgs__rosidl_typesupport_introspection_cppExport.cmake
[12.817s] -- Installing: /home/rafal/kalman_ws/src/kalman_robot/install/unity_rs_publisher_msgs/share/unity_rs_publisher_msgs/cmake/unity_rs_publisher_msgs__rosidl_typesupport_introspection_cppExport-noconfig.cmake
[12.817s] -- Installing: /home/rafal/kalman_ws/src/kalman_robot/install/unity_rs_publisher_msgs/share/unity_rs_publisher_msgs/cmake/unity_rs_publisher_msgs__rosidl_typesupport_cppExport.cmake
[12.818s] -- Installing: /home/rafal/kalman_ws/src/kalman_robot/install/unity_rs_publisher_msgs/share/unity_rs_publisher_msgs/cmake/unity_rs_publisher_msgs__rosidl_typesupport_cppExport-noconfig.cmake
[12.818s] -- Installing: /home/rafal/kalman_ws/src/kalman_robot/install/unity_rs_publisher_msgs/share/unity_rs_publisher_msgs/cmake/export_unity_rs_publisher_msgs__rosidl_generator_pyExport.cmake
[12.819s] -- Installing: /home/rafal/kalman_ws/src/kalman_robot/install/unity_rs_publisher_msgs/share/unity_rs_publisher_msgs/cmake/export_unity_rs_publisher_msgs__rosidl_generator_pyExport-noconfig.cmake
[12.824s] Invoked command in '/home/rafal/kalman_ws/src/kalman_robot/build/unity_rs_publisher_msgs' returned '0': CMAKE_PREFIX_PATH=/home/rafal/dev_ws/install/my_robot:/opt/ros/humble /usr/bin/cmake --install /home/rafal/kalman_ws/src/kalman_robot/build/unity_rs_publisher_msgs
