[35m[1mConsolidate compiler generated dependencies of target kalman_interfaces__rosidl_generator_c[0m
[  0%] Built target ament_cmake_python_symlink_kalman_interfaces
[ 11%] Built target kalman_interfaces__rosidl_generator_c
[ 12%] Built target kalman_interfaces__cpp
[35m[1mConsolidate compiler generated dependencies of target kalman_interfaces__rosidl_typesupport_c[0m
[35m[1mConsolidate compiler generated dependencies of target kalman_interfaces__rosidl_typesupport_introspection_c[0m
[35m[1mConsolidate compiler generated dependencies of target kalman_interfaces__rosidl_typesupport_fastrtps_c[0m
[35m[1mConsolidate compiler generated dependencies of target kalman_interfaces__rosidl_typesupport_cpp[0m
[35m[1mConsolidate compiler generated dependencies of target kalman_interfaces__rosidl_typesupport_introspection_cpp[0m
[35m[1mConsolidate compiler generated dependencies of target kalman_interfaces__rosidl_typesupport_fastrtps_cpp[0m
[ 24%] Built target kalman_interfaces__rosidl_typesupport_introspection_c
[ 35%] Built target kalman_interfaces__rosidl_typesupport_c
[ 47%] Built target kalman_interfaces__rosidl_typesupport_fastrtps_c
[ 58%] Built target kalman_interfaces__rosidl_typesupport_introspection_cpp
[ 70%] Built target kalman_interfaces__rosidl_typesupport_cpp
[ 82%] Built target kalman_interfaces__rosidl_typesupport_fastrtps_cpp
[ 82%] Built target kalman_interfaces
[ 83%] Built target kalman_interfaces__py
[35m[1mConsolidate compiler generated dependencies of target kalman_interfaces__rosidl_generator_py[0m
[ 93%] Built target kalman_interfaces__rosidl_generator_py
[35m[1mConsolidate compiler generated dependencies of target kalman_interfaces__rosidl_typesupport_introspection_c__pyext[0m
[35m[1mConsolidate compiler generated dependencies of target kalman_interfaces__rosidl_typesupport_c__pyext[0m
[35m[1mConsolidate compiler generated dependencies of target kalman_interfaces__rosidl_typesupport_fastrtps_c__pyext[0m
[ 97%] Built target kalman_interfaces__rosidl_typesupport_c__pyext
[ 97%] Built target kalman_interfaces__rosidl_typesupport_introspection_c__pyext
[100%] Built target kalman_interfaces__rosidl_typesupport_fastrtps_c__pyext
running egg_info
writing kalman_interfaces.egg-info/PKG-INFO
writing dependency_links to kalman_interfaces.egg-info/dependency_links.txt
writing top-level names to kalman_interfaces.egg-info/top_level.txt
reading manifest file 'kalman_interfaces.egg-info/SOURCES.txt'
writing manifest file 'kalman_interfaces.egg-info/SOURCES.txt'
[100%] Built target ament_cmake_python_build_kalman_interfaces_egg
-- Install configuration: ""
-- Execute custom install script
-- Up-to-date symlink: /home/rafal/kalman_ws/src/kalman_robot/install/kalman_interfaces/share/ament_index/resource_index/rosidl_interfaces/kalman_interfaces
-- Up-to-date symlink: /home/rafal/kalman_ws/src/kalman_robot/install/kalman_interfaces/include/kalman_interfaces/kalman_interfaces/msg/detail/gps_tag__functions.h
-- Up-to-date symlink: /home/rafal/kalman_ws/src/kalman_robot/install/kalman_interfaces/include/kalman_interfaces/kalman_interfaces/msg/detail/gps_tag__struct.h
-- Up-to-date symlink: /home/rafal/kalman_ws/src/kalman_robot/install/kalman_interfaces/include/kalman_interfaces/kalman_interfaces/msg/detail/gps_tag__type_support.h
-- Up-to-date symlink: /home/rafal/kalman_ws/src/kalman_robot/install/kalman_interfaces/include/kalman_interfaces/kalman_interfaces/msg/detail/gps_tag_array__functions.h
-- Up-to-date symlink: /home/rafal/kalman_ws/src/kalman_robot/install/kalman_interfaces/include/kalman_interfaces/kalman_interfaces/msg/detail/gps_tag_array__struct.h
-- Up-to-date symlink: /home/rafal/kalman_ws/src/kalman_robot/install/kalman_interfaces/include/kalman_interfaces/kalman_interfaces/msg/detail/gps_tag_array__type_support.h
-- Up-to-date symlink: /home/rafal/kalman_ws/src/kalman_robot/install/kalman_interfaces/include/kalman_interfaces/kalman_interfaces/msg/detail/master_message__functions.h
-- Up-to-date symlink: /home/rafal/kalman_ws/src/kalman_robot/install/kalman_interfaces/include/kalman_interfaces/kalman_interfaces/msg/detail/master_message__struct.h
-- Up-to-date symlink: /home/rafal/kalman_ws/src/kalman_robot/install/kalman_interfaces/include/kalman_interfaces/kalman_interfaces/msg/detail/master_message__type_support.h
-- Up-to-date symlink: /home/rafal/kalman_ws/src/kalman_robot/install/kalman_interfaces/include/kalman_interfaces/kalman_interfaces/msg/detail/wheel_state__functions.h
-- Up-to-date symlink: /home/rafal/kalman_ws/src/kalman_robot/install/kalman_interfaces/include/kalman_interfaces/kalman_interfaces/msg/detail/wheel_state__struct.h
-- Up-to-date symlink: /home/rafal/kalman_ws/src/kalman_robot/install/kalman_interfaces/include/kalman_interfaces/kalman_interfaces/msg/detail/wheel_state__type_support.h
-- Up-to-date symlink: /home/rafal/kalman_ws/src/kalman_robot/install/kalman_interfaces/include/kalman_interfaces/kalman_interfaces/msg/detail/wheel_states__functions.h
-- Up-to-date symlink: /home/rafal/kalman_ws/src/kalman_robot/install/kalman_interfaces/include/kalman_interfaces/kalman_interfaces/msg/detail/wheel_states__struct.h
-- Up-to-date symlink: /home/rafal/kalman_ws/src/kalman_robot/install/kalman_interfaces/include/kalman_interfaces/kalman_interfaces/msg/detail/wheel_states__type_support.h
-- Up-to-date symlink: /home/rafal/kalman_ws/src/kalman_robot/install/kalman_interfaces/include/kalman_interfaces/kalman_interfaces/msg/gps_tag.h
-- Up-to-date symlink: /home/rafal/kalman_ws/src/kalman_robot/install/kalman_interfaces/include/kalman_interfaces/kalman_interfaces/msg/gps_tag_array.h
-- Up-to-date symlink: /home/rafal/kalman_ws/src/kalman_robot/install/kalman_interfaces/include/kalman_interfaces/kalman_interfaces/msg/master_message.h
-- Up-to-date symlink: /home/rafal/kalman_ws/src/kalman_robot/install/kalman_interfaces/include/kalman_interfaces/kalman_interfaces/msg/rosidl_generator_c__visibility_control.h
-- Up-to-date symlink: /home/rafal/kalman_ws/src/kalman_robot/install/kalman_interfaces/include/kalman_interfaces/kalman_interfaces/msg/wheel_state.h
-- Up-to-date symlink: /home/rafal/kalman_ws/src/kalman_robot/install/kalman_interfaces/include/kalman_interfaces/kalman_interfaces/msg/wheel_states.h
-- Up-to-date symlink: /home/rafal/kalman_ws/src/kalman_robot/install/kalman_interfaces/include/kalman_interfaces/kalman_interfaces/srv/calibrate_compass.h
-- Up-to-date symlink: /home/rafal/kalman_ws/src/kalman_robot/install/kalman_interfaces/include/kalman_interfaces/kalman_interfaces/srv/detail/calibrate_compass__functions.h
-- Up-to-date symlink: /home/rafal/kalman_ws/src/kalman_robot/install/kalman_interfaces/include/kalman_interfaces/kalman_interfaces/srv/detail/calibrate_compass__struct.h
-- Up-to-date symlink: /home/rafal/kalman_ws/src/kalman_robot/install/kalman_interfaces/include/kalman_interfaces/kalman_interfaces/srv/detail/calibrate_compass__type_support.h
-- Up-to-date symlink: /home/rafal/kalman_ws/src/kalman_robot/install/kalman_interfaces/include/kalman_interfaces/kalman_interfaces/srv/detail/set_ueuos_color__functions.h
-- Up-to-date symlink: /home/rafal/kalman_ws/src/kalman_robot/install/kalman_interfaces/include/kalman_interfaces/kalman_interfaces/srv/detail/set_ueuos_color__struct.h
-- Up-to-date symlink: /home/rafal/kalman_ws/src/kalman_robot/install/kalman_interfaces/include/kalman_interfaces/kalman_interfaces/srv/detail/set_ueuos_color__type_support.h
-- Up-to-date symlink: /home/rafal/kalman_ws/src/kalman_robot/install/kalman_interfaces/include/kalman_interfaces/kalman_interfaces/srv/detail/set_ueuos_effect__functions.h
-- Up-to-date symlink: /home/rafal/kalman_ws/src/kalman_robot/install/kalman_interfaces/include/kalman_interfaces/kalman_interfaces/srv/detail/set_ueuos_effect__struct.h
-- Up-to-date symlink: /home/rafal/kalman_ws/src/kalman_robot/install/kalman_interfaces/include/kalman_interfaces/kalman_interfaces/srv/detail/set_ueuos_effect__type_support.h
-- Up-to-date symlink: /home/rafal/kalman_ws/src/kalman_robot/install/kalman_interfaces/include/kalman_interfaces/kalman_interfaces/srv/detail/set_ueuos_mode__functions.h
-- Up-to-date symlink: /home/rafal/kalman_ws/src/kalman_robot/install/kalman_interfaces/include/kalman_interfaces/kalman_interfaces/srv/detail/set_ueuos_mode__struct.h
-- Up-to-date symlink: /home/rafal/kalman_ws/src/kalman_robot/install/kalman_interfaces/include/kalman_interfaces/kalman_interfaces/srv/detail/set_ueuos_mode__type_support.h
-- Up-to-date symlink: /home/rafal/kalman_ws/src/kalman_robot/install/kalman_interfaces/include/kalman_interfaces/kalman_interfaces/srv/set_ueuos_color.h
-- Up-to-date symlink: /home/rafal/kalman_ws/src/kalman_robot/install/kalman_interfaces/include/kalman_interfaces/kalman_interfaces/srv/set_ueuos_effect.h
-- Up-to-date symlink: /home/rafal/kalman_ws/src/kalman_robot/install/kalman_interfaces/include/kalman_interfaces/kalman_interfaces/srv/set_ueuos_mode.h
-- Up-to-date symlink: /home/rafal/kalman_ws/src/kalman_robot/install/kalman_interfaces/share/kalman_interfaces/environment/library_path.sh
-- Up-to-date symlink: /home/rafal/kalman_ws/src/kalman_robot/install/kalman_interfaces/share/kalman_interfaces/environment/library_path.dsv
-- Up-to-date symlink: /home/rafal/kalman_ws/src/kalman_robot/install/kalman_interfaces/include/kalman_interfaces/kalman_interfaces/msg/detail/gps_tag__rosidl_typesupport_fastrtps_c.h
-- Up-to-date symlink: /home/rafal/kalman_ws/src/kalman_robot/install/kalman_interfaces/include/kalman_interfaces/kalman_interfaces/msg/detail/gps_tag_array__rosidl_typesupport_fastrtps_c.h
-- Up-to-date symlink: /home/rafal/kalman_ws/src/kalman_robot/install/kalman_interfaces/include/kalman_interfaces/kalman_interfaces/msg/detail/master_message__rosidl_typesupport_fastrtps_c.h
-- Up-to-date symlink: /home/rafal/kalman_ws/src/kalman_robot/install/kalman_interfaces/include/kalman_interfaces/kalman_interfaces/msg/detail/wheel_state__rosidl_typesupport_fastrtps_c.h
-- Up-to-date symlink: /home/rafal/kalman_ws/src/kalman_robot/install/kalman_interfaces/include/kalman_interfaces/kalman_interfaces/msg/detail/wheel_states__rosidl_typesupport_fastrtps_c.h
-- Up-to-date symlink: /home/rafal/kalman_ws/src/kalman_robot/install/kalman_interfaces/include/kalman_interfaces/kalman_interfaces/msg/rosidl_typesupport_fastrtps_c__visibility_control.h
-- Up-to-date symlink: /home/rafal/kalman_ws/src/kalman_robot/install/kalman_interfaces/include/kalman_interfaces/kalman_interfaces/srv/detail/calibrate_compass__rosidl_typesupport_fastrtps_c.h
-- Up-to-date symlink: /home/rafal/kalman_ws/src/kalman_robot/install/kalman_interfaces/include/kalman_interfaces/kalman_interfaces/srv/detail/set_ueuos_color__rosidl_typesupport_fastrtps_c.h
-- Up-to-date symlink: /home/rafal/kalman_ws/src/kalman_robot/install/kalman_interfaces/include/kalman_interfaces/kalman_interfaces/srv/detail/set_ueuos_effect__rosidl_typesupport_fastrtps_c.h
-- Up-to-date symlink: /home/rafal/kalman_ws/src/kalman_robot/install/kalman_interfaces/include/kalman_interfaces/kalman_interfaces/srv/detail/set_ueuos_mode__rosidl_typesupport_fastrtps_c.h
-- Up-to-date symlink: /home/rafal/kalman_ws/src/kalman_robot/install/kalman_interfaces/include/kalman_interfaces/kalman_interfaces/msg/detail/gps_tag__rosidl_typesupport_introspection_c.h
-- Up-to-date symlink: /home/rafal/kalman_ws/src/kalman_robot/install/kalman_interfaces/include/kalman_interfaces/kalman_interfaces/msg/detail/gps_tag_array__rosidl_typesupport_introspection_c.h
-- Up-to-date symlink: /home/rafal/kalman_ws/src/kalman_robot/install/kalman_interfaces/include/kalman_interfaces/kalman_interfaces/msg/detail/master_message__rosidl_typesupport_introspection_c.h
-- Up-to-date symlink: /home/rafal/kalman_ws/src/kalman_robot/install/kalman_interfaces/include/kalman_interfaces/kalman_interfaces/msg/detail/wheel_state__rosidl_typesupport_introspection_c.h
-- Up-to-date symlink: /home/rafal/kalman_ws/src/kalman_robot/install/kalman_interfaces/include/kalman_interfaces/kalman_interfaces/msg/detail/wheel_states__rosidl_typesupport_introspection_c.h
-- Up-to-date symlink: /home/rafal/kalman_ws/src/kalman_robot/install/kalman_interfaces/include/kalman_interfaces/kalman_interfaces/msg/rosidl_typesupport_introspection_c__visibility_control.h
-- Up-to-date symlink: /home/rafal/kalman_ws/src/kalman_robot/install/kalman_interfaces/include/kalman_interfaces/kalman_interfaces/srv/detail/calibrate_compass__rosidl_typesupport_introspection_c.h
-- Up-to-date symlink: /home/rafal/kalman_ws/src/kalman_robot/install/kalman_interfaces/include/kalman_interfaces/kalman_interfaces/srv/detail/set_ueuos_color__rosidl_typesupport_introspection_c.h
-- Up-to-date symlink: /home/rafal/kalman_ws/src/kalman_robot/install/kalman_interfaces/include/kalman_interfaces/kalman_interfaces/srv/detail/set_ueuos_effect__rosidl_typesupport_introspection_c.h
-- Up-to-date symlink: /home/rafal/kalman_ws/src/kalman_robot/install/kalman_interfaces/include/kalman_interfaces/kalman_interfaces/srv/detail/set_ueuos_mode__rosidl_typesupport_introspection_c.h
-- Up-to-date symlink: /home/rafal/kalman_ws/src/kalman_robot/install/kalman_interfaces/include/kalman_interfaces/kalman_interfaces/msg/detail/gps_tag__builder.hpp
-- Up-to-date symlink: /home/rafal/kalman_ws/src/kalman_robot/install/kalman_interfaces/include/kalman_interfaces/kalman_interfaces/msg/detail/gps_tag__struct.hpp
-- Up-to-date symlink: /home/rafal/kalman_ws/src/kalman_robot/install/kalman_interfaces/include/kalman_interfaces/kalman_interfaces/msg/detail/gps_tag__traits.hpp
-- Up-to-date symlink: /home/rafal/kalman_ws/src/kalman_robot/install/kalman_interfaces/include/kalman_interfaces/kalman_interfaces/msg/detail/gps_tag_array__builder.hpp
-- Up-to-date symlink: /home/rafal/kalman_ws/src/kalman_robot/install/kalman_interfaces/include/kalman_interfaces/kalman_interfaces/msg/detail/gps_tag_array__struct.hpp
-- Up-to-date symlink: /home/rafal/kalman_ws/src/kalman_robot/install/kalman_interfaces/include/kalman_interfaces/kalman_interfaces/msg/detail/gps_tag_array__traits.hpp
-- Up-to-date symlink: /home/rafal/kalman_ws/src/kalman_robot/install/kalman_interfaces/include/kalman_interfaces/kalman_interfaces/msg/detail/master_message__builder.hpp
-- Up-to-date symlink: /home/rafal/kalman_ws/src/kalman_robot/install/kalman_interfaces/include/kalman_interfaces/kalman_interfaces/msg/detail/master_message__struct.hpp
-- Up-to-date symlink: /home/rafal/kalman_ws/src/kalman_robot/install/kalman_interfaces/include/kalman_interfaces/kalman_interfaces/msg/detail/master_message__traits.hpp
-- Up-to-date symlink: /home/rafal/kalman_ws/src/kalman_robot/install/kalman_interfaces/include/kalman_interfaces/kalman_interfaces/msg/detail/wheel_state__builder.hpp
-- Up-to-date symlink: /home/rafal/kalman_ws/src/kalman_robot/install/kalman_interfaces/include/kalman_interfaces/kalman_interfaces/msg/detail/wheel_state__struct.hpp
-- Up-to-date symlink: /home/rafal/kalman_ws/src/kalman_robot/install/kalman_interfaces/include/kalman_interfaces/kalman_interfaces/msg/detail/wheel_state__traits.hpp
-- Up-to-date symlink: /home/rafal/kalman_ws/src/kalman_robot/install/kalman_interfaces/include/kalman_interfaces/kalman_interfaces/msg/detail/wheel_states__builder.hpp
-- Up-to-date symlink: /home/rafal/kalman_ws/src/kalman_robot/install/kalman_interfaces/include/kalman_interfaces/kalman_interfaces/msg/detail/wheel_states__struct.hpp
-- Up-to-date symlink: /home/rafal/kalman_ws/src/kalman_robot/install/kalman_interfaces/include/kalman_interfaces/kalman_interfaces/msg/detail/wheel_states__traits.hpp
-- Up-to-date symlink: /home/rafal/kalman_ws/src/kalman_robot/install/kalman_interfaces/include/kalman_interfaces/kalman_interfaces/msg/gps_tag.hpp
-- Up-to-date symlink: /home/rafal/kalman_ws/src/kalman_robot/install/kalman_interfaces/include/kalman_interfaces/kalman_interfaces/msg/gps_tag_array.hpp
-- Up-to-date symlink: /home/rafal/kalman_ws/src/kalman_robot/install/kalman_interfaces/include/kalman_interfaces/kalman_interfaces/msg/master_message.hpp
-- Up-to-date symlink: /home/rafal/kalman_ws/src/kalman_robot/install/kalman_interfaces/include/kalman_interfaces/kalman_interfaces/msg/wheel_state.hpp
-- Up-to-date symlink: /home/rafal/kalman_ws/src/kalman_robot/install/kalman_interfaces/include/kalman_interfaces/kalman_interfaces/msg/wheel_states.hpp
-- Up-to-date symlink: /home/rafal/kalman_ws/src/kalman_robot/install/kalman_interfaces/include/kalman_interfaces/kalman_interfaces/srv/calibrate_compass.hpp
-- Up-to-date symlink: /home/rafal/kalman_ws/src/kalman_robot/install/kalman_interfaces/include/kalman_interfaces/kalman_interfaces/srv/detail/calibrate_compass__builder.hpp
-- Up-to-date symlink: /home/rafal/kalman_ws/src/kalman_robot/install/kalman_interfaces/include/kalman_interfaces/kalman_interfaces/srv/detail/calibrate_compass__struct.hpp
-- Up-to-date symlink: /home/rafal/kalman_ws/src/kalman_robot/install/kalman_interfaces/include/kalman_interfaces/kalman_interfaces/srv/detail/calibrate_compass__traits.hpp
-- Up-to-date symlink: /home/rafal/kalman_ws/src/kalman_robot/install/kalman_interfaces/include/kalman_interfaces/kalman_interfaces/srv/detail/set_ueuos_color__builder.hpp
-- Up-to-date symlink: /home/rafal/kalman_ws/src/kalman_robot/install/kalman_interfaces/include/kalman_interfaces/kalman_interfaces/srv/detail/set_ueuos_color__struct.hpp
-- Up-to-date symlink: /home/rafal/kalman_ws/src/kalman_robot/install/kalman_interfaces/include/kalman_interfaces/kalman_interfaces/srv/detail/set_ueuos_color__traits.hpp
-- Up-to-date symlink: /home/rafal/kalman_ws/src/kalman_robot/install/kalman_interfaces/include/kalman_interfaces/kalman_interfaces/srv/detail/set_ueuos_effect__builder.hpp
-- Up-to-date symlink: /home/rafal/kalman_ws/src/kalman_robot/install/kalman_interfaces/include/kalman_interfaces/kalman_interfaces/srv/detail/set_ueuos_effect__struct.hpp
-- Up-to-date symlink: /home/rafal/kalman_ws/src/kalman_robot/install/kalman_interfaces/include/kalman_interfaces/kalman_interfaces/srv/detail/set_ueuos_effect__traits.hpp
-- Up-to-date symlink: /home/rafal/kalman_ws/src/kalman_robot/install/kalman_interfaces/include/kalman_interfaces/kalman_interfaces/srv/detail/set_ueuos_mode__builder.hpp
-- Up-to-date symlink: /home/rafal/kalman_ws/src/kalman_robot/install/kalman_interfaces/include/kalman_interfaces/kalman_interfaces/srv/detail/set_ueuos_mode__struct.hpp
-- Up-to-date symlink: /home/rafal/kalman_ws/src/kalman_robot/install/kalman_interfaces/include/kalman_interfaces/kalman_interfaces/srv/detail/set_ueuos_mode__traits.hpp
-- Up-to-date symlink: /home/rafal/kalman_ws/src/kalman_robot/install/kalman_interfaces/include/kalman_interfaces/kalman_interfaces/srv/set_ueuos_color.hpp
-- Up-to-date symlink: /home/rafal/kalman_ws/src/kalman_robot/install/kalman_interfaces/include/kalman_interfaces/kalman_interfaces/srv/set_ueuos_effect.hpp
-- Up-to-date symlink: /home/rafal/kalman_ws/src/kalman_robot/install/kalman_interfaces/include/kalman_interfaces/kalman_interfaces/srv/set_ueuos_mode.hpp
-- Up-to-date symlink: /home/rafal/kalman_ws/src/kalman_robot/install/kalman_interfaces/include/kalman_interfaces/kalman_interfaces/msg/detail/gps_tag__rosidl_typesupport_fastrtps_cpp.hpp
-- Up-to-date symlink: /home/rafal/kalman_ws/src/kalman_robot/install/kalman_interfaces/include/kalman_interfaces/kalman_interfaces/msg/detail/gps_tag_array__rosidl_typesupport_fastrtps_cpp.hpp
-- Up-to-date symlink: /home/rafal/kalman_ws/src/kalman_robot/install/kalman_interfaces/include/kalman_interfaces/kalman_interfaces/msg/detail/master_message__rosidl_typesupport_fastrtps_cpp.hpp
-- Up-to-date symlink: /home/rafal/kalman_ws/src/kalman_robot/install/kalman_interfaces/include/kalman_interfaces/kalman_interfaces/msg/detail/wheel_state__rosidl_typesupport_fastrtps_cpp.hpp
-- Up-to-date symlink: /home/rafal/kalman_ws/src/kalman_robot/install/kalman_interfaces/include/kalman_interfaces/kalman_interfaces/msg/detail/wheel_states__rosidl_typesupport_fastrtps_cpp.hpp
-- Up-to-date symlink: /home/rafal/kalman_ws/src/kalman_robot/install/kalman_interfaces/include/kalman_interfaces/kalman_interfaces/msg/rosidl_typesupport_fastrtps_cpp__visibility_control.h
-- Up-to-date symlink: /home/rafal/kalman_ws/src/kalman_robot/install/kalman_interfaces/include/kalman_interfaces/kalman_interfaces/srv/detail/calibrate_compass__rosidl_typesupport_fastrtps_cpp.hpp
-- Up-to-date symlink: /home/rafal/kalman_ws/src/kalman_robot/install/kalman_interfaces/include/kalman_interfaces/kalman_interfaces/srv/detail/set_ueuos_color__rosidl_typesupport_fastrtps_cpp.hpp
-- Up-to-date symlink: /home/rafal/kalman_ws/src/kalman_robot/install/kalman_interfaces/include/kalman_interfaces/kalman_interfaces/srv/detail/set_ueuos_effect__rosidl_typesupport_fastrtps_cpp.hpp
-- Up-to-date symlink: /home/rafal/kalman_ws/src/kalman_robot/install/kalman_interfaces/include/kalman_interfaces/kalman_interfaces/srv/detail/set_ueuos_mode__rosidl_typesupport_fastrtps_cpp.hpp
-- Up-to-date symlink: /home/rafal/kalman_ws/src/kalman_robot/install/kalman_interfaces/include/kalman_interfaces/kalman_interfaces/msg/detail/gps_tag__rosidl_typesupport_introspection_cpp.hpp
-- Up-to-date symlink: /home/rafal/kalman_ws/src/kalman_robot/install/kalman_interfaces/include/kalman_interfaces/kalman_interfaces/msg/detail/gps_tag_array__rosidl_typesupport_introspection_cpp.hpp
-- Up-to-date symlink: /home/rafal/kalman_ws/src/kalman_robot/install/kalman_interfaces/include/kalman_interfaces/kalman_interfaces/msg/detail/master_message__rosidl_typesupport_introspection_cpp.hpp
-- Up-to-date symlink: /home/rafal/kalman_ws/src/kalman_robot/install/kalman_interfaces/include/kalman_interfaces/kalman_interfaces/msg/detail/wheel_state__rosidl_typesupport_introspection_cpp.hpp
-- Up-to-date symlink: /home/rafal/kalman_ws/src/kalman_robot/install/kalman_interfaces/include/kalman_interfaces/kalman_interfaces/msg/detail/wheel_states__rosidl_typesupport_introspection_cpp.hpp
-- Up-to-date symlink: /home/rafal/kalman_ws/src/kalman_robot/install/kalman_interfaces/include/kalman_interfaces/kalman_interfaces/srv/detail/calibrate_compass__rosidl_typesupport_introspection_cpp.hpp
-- Up-to-date symlink: /home/rafal/kalman_ws/src/kalman_robot/install/kalman_interfaces/include/kalman_interfaces/kalman_interfaces/srv/detail/set_ueuos_color__rosidl_typesupport_introspection_cpp.hpp
-- Up-to-date symlink: /home/rafal/kalman_ws/src/kalman_robot/install/kalman_interfaces/include/kalman_interfaces/kalman_interfaces/srv/detail/set_ueuos_effect__rosidl_typesupport_introspection_cpp.hpp
-- Up-to-date symlink: /home/rafal/kalman_ws/src/kalman_robot/install/kalman_interfaces/include/kalman_interfaces/kalman_interfaces/srv/detail/set_ueuos_mode__rosidl_typesupport_introspection_cpp.hpp
-- Up-to-date symlink: /home/rafal/kalman_ws/src/kalman_robot/install/kalman_interfaces/share/kalman_interfaces/environment/pythonpath.sh
-- Up-to-date symlink: /home/rafal/kalman_ws/src/kalman_robot/install/kalman_interfaces/share/kalman_interfaces/environment/pythonpath.dsv
-- Up-to-date symlink: /home/rafal/kalman_ws/src/kalman_robot/install/kalman_interfaces/local/lib/python3.10/dist-packages/kalman_interfaces-0.0.0-py3.10.egg-info/PKG-INFO
-- Up-to-date symlink: /home/rafal/kalman_ws/src/kalman_robot/install/kalman_interfaces/local/lib/python3.10/dist-packages/kalman_interfaces-0.0.0-py3.10.egg-info/SOURCES.txt
-- Up-to-date symlink: /home/rafal/kalman_ws/src/kalman_robot/install/kalman_interfaces/local/lib/python3.10/dist-packages/kalman_interfaces-0.0.0-py3.10.egg-info/dependency_links.txt
-- Up-to-date symlink: /home/rafal/kalman_ws/src/kalman_robot/install/kalman_interfaces/local/lib/python3.10/dist-packages/kalman_interfaces-0.0.0-py3.10.egg-info/top_level.txt
-- Up-to-date symlink: /home/rafal/kalman_ws/src/kalman_robot/install/kalman_interfaces/local/lib/python3.10/dist-packages/kalman_interfaces/__init__.py
-- Up-to-date symlink: /home/rafal/kalman_ws/src/kalman_robot/install/kalman_interfaces/local/lib/python3.10/dist-packages/kalman_interfaces/_kalman_interfaces_s.ep.rosidl_typesupport_c.c
-- Up-to-date symlink: /home/rafal/kalman_ws/src/kalman_robot/install/kalman_interfaces/local/lib/python3.10/dist-packages/kalman_interfaces/_kalman_interfaces_s.ep.rosidl_typesupport_fastrtps_c.c
-- Up-to-date symlink: /home/rafal/kalman_ws/src/kalman_robot/install/kalman_interfaces/local/lib/python3.10/dist-packages/kalman_interfaces/_kalman_interfaces_s.ep.rosidl_typesupport_introspection_c.c
-- Up-to-date symlink: /home/rafal/kalman_ws/src/kalman_robot/install/kalman_interfaces/local/lib/python3.10/dist-packages/kalman_interfaces/kalman_interfaces_s__rosidl_typesupport_c.cpython-310-x86_64-linux-gnu.so
-- Up-to-date symlink: /home/rafal/kalman_ws/src/kalman_robot/install/kalman_interfaces/local/lib/python3.10/dist-packages/kalman_interfaces/kalman_interfaces_s__rosidl_typesupport_fastrtps_c.cpython-310-x86_64-linux-gnu.so
-- Up-to-date symlink: /home/rafal/kalman_ws/src/kalman_robot/install/kalman_interfaces/local/lib/python3.10/dist-packages/kalman_interfaces/kalman_interfaces_s__rosidl_typesupport_introspection_c.cpython-310-x86_64-linux-gnu.so
-- Up-to-date symlink: /home/rafal/kalman_ws/src/kalman_robot/install/kalman_interfaces/local/lib/python3.10/dist-packages/kalman_interfaces/libkalman_interfaces__rosidl_generator_py.so
-- Up-to-date symlink: /home/rafal/kalman_ws/src/kalman_robot/install/kalman_interfaces/local/lib/python3.10/dist-packages/kalman_interfaces/msg/__init__.py
-- Up-to-date symlink: /home/rafal/kalman_ws/src/kalman_robot/install/kalman_interfaces/local/lib/python3.10/dist-packages/kalman_interfaces/msg/_gps_tag.py
-- Up-to-date symlink: /home/rafal/kalman_ws/src/kalman_robot/install/kalman_interfaces/local/lib/python3.10/dist-packages/kalman_interfaces/msg/_gps_tag_array.py
-- Up-to-date symlink: /home/rafal/kalman_ws/src/kalman_robot/install/kalman_interfaces/local/lib/python3.10/dist-packages/kalman_interfaces/msg/_gps_tag_array_s.c
-- Up-to-date symlink: /home/rafal/kalman_ws/src/kalman_robot/install/kalman_interfaces/local/lib/python3.10/dist-packages/kalman_interfaces/msg/_gps_tag_s.c
-- Up-to-date symlink: /home/rafal/kalman_ws/src/kalman_robot/install/kalman_interfaces/local/lib/python3.10/dist-packages/kalman_interfaces/msg/_master_message.py
-- Up-to-date symlink: /home/rafal/kalman_ws/src/kalman_robot/install/kalman_interfaces/local/lib/python3.10/dist-packages/kalman_interfaces/msg/_master_message_s.c
-- Up-to-date symlink: /home/rafal/kalman_ws/src/kalman_robot/install/kalman_interfaces/local/lib/python3.10/dist-packages/kalman_interfaces/msg/_wheel_state.py
-- Up-to-date symlink: /home/rafal/kalman_ws/src/kalman_robot/install/kalman_interfaces/local/lib/python3.10/dist-packages/kalman_interfaces/msg/_wheel_state_s.c
-- Up-to-date symlink: /home/rafal/kalman_ws/src/kalman_robot/install/kalman_interfaces/local/lib/python3.10/dist-packages/kalman_interfaces/msg/_wheel_states.py
-- Up-to-date symlink: /home/rafal/kalman_ws/src/kalman_robot/install/kalman_interfaces/local/lib/python3.10/dist-packages/kalman_interfaces/msg/_wheel_states_s.c
-- Up-to-date symlink: /home/rafal/kalman_ws/src/kalman_robot/install/kalman_interfaces/local/lib/python3.10/dist-packages/kalman_interfaces/srv/__init__.py
-- Up-to-date symlink: /home/rafal/kalman_ws/src/kalman_robot/install/kalman_interfaces/local/lib/python3.10/dist-packages/kalman_interfaces/srv/_calibrate_compass.py
-- Up-to-date symlink: /home/rafal/kalman_ws/src/kalman_robot/install/kalman_interfaces/local/lib/python3.10/dist-packages/kalman_interfaces/srv/_calibrate_compass_s.c
-- Up-to-date symlink: /home/rafal/kalman_ws/src/kalman_robot/install/kalman_interfaces/local/lib/python3.10/dist-packages/kalman_interfaces/srv/_set_ueuos_color.py
-- Up-to-date symlink: /home/rafal/kalman_ws/src/kalman_robot/install/kalman_interfaces/local/lib/python3.10/dist-packages/kalman_interfaces/srv/_set_ueuos_color_s.c
-- Up-to-date symlink: /home/rafal/kalman_ws/src/kalman_robot/install/kalman_interfaces/local/lib/python3.10/dist-packages/kalman_interfaces/srv/_set_ueuos_effect.py
-- Up-to-date symlink: /home/rafal/kalman_ws/src/kalman_robot/install/kalman_interfaces/local/lib/python3.10/dist-packages/kalman_interfaces/srv/_set_ueuos_effect_s.c
-- Up-to-date symlink: /home/rafal/kalman_ws/src/kalman_robot/install/kalman_interfaces/local/lib/python3.10/dist-packages/kalman_interfaces/srv/_set_ueuos_mode.py
-- Up-to-date symlink: /home/rafal/kalman_ws/src/kalman_robot/install/kalman_interfaces/local/lib/python3.10/dist-packages/kalman_interfaces/srv/_set_ueuos_mode_s.c
-- Up-to-date symlink: /home/rafal/kalman_ws/src/kalman_robot/install/kalman_interfaces/local/lib/python3.10/dist-packages/kalman_interfaces/kalman_interfaces_s__rosidl_typesupport_fastrtps_c.cpython-310-x86_64-linux-gnu.so
-- Up-to-date symlink: /home/rafal/kalman_ws/src/kalman_robot/install/kalman_interfaces/local/lib/python3.10/dist-packages/kalman_interfaces/kalman_interfaces_s__rosidl_typesupport_introspection_c.cpython-310-x86_64-linux-gnu.so
-- Up-to-date symlink: /home/rafal/kalman_ws/src/kalman_robot/install/kalman_interfaces/local/lib/python3.10/dist-packages/kalman_interfaces/kalman_interfaces_s__rosidl_typesupport_c.cpython-310-x86_64-linux-gnu.so
-- Up-to-date symlink: /home/rafal/kalman_ws/src/kalman_robot/install/kalman_interfaces/share/kalman_interfaces/msg/GpsTagArray.idl
-- Up-to-date symlink: /home/rafal/kalman_ws/src/kalman_robot/install/kalman_interfaces/share/kalman_interfaces/msg/GpsTag.idl
-- Up-to-date symlink: /home/rafal/kalman_ws/src/kalman_robot/install/kalman_interfaces/share/kalman_interfaces/msg/MasterMessage.idl
-- Up-to-date symlink: /home/rafal/kalman_ws/src/kalman_robot/install/kalman_interfaces/share/kalman_interfaces/msg/WheelState.idl
-- Up-to-date symlink: /home/rafal/kalman_ws/src/kalman_robot/install/kalman_interfaces/share/kalman_interfaces/msg/WheelStates.idl
-- Up-to-date symlink: /home/rafal/kalman_ws/src/kalman_robot/install/kalman_interfaces/share/kalman_interfaces/srv/CalibrateCompass.idl
-- Up-to-date symlink: /home/rafal/kalman_ws/src/kalman_robot/install/kalman_interfaces/share/kalman_interfaces/srv/SetUeuosColor.idl
-- Up-to-date symlink: /home/rafal/kalman_ws/src/kalman_robot/install/kalman_interfaces/share/kalman_interfaces/srv/SetUeuosEffect.idl
-- Up-to-date symlink: /home/rafal/kalman_ws/src/kalman_robot/install/kalman_interfaces/share/kalman_interfaces/srv/SetUeuosMode.idl
-- Up-to-date symlink: /home/rafal/kalman_ws/src/kalman_robot/install/kalman_interfaces/share/kalman_interfaces/msg/GpsTagArray.msg
-- Up-to-date symlink: /home/rafal/kalman_ws/src/kalman_robot/install/kalman_interfaces/share/kalman_interfaces/msg/GpsTag.msg
-- Up-to-date symlink: /home/rafal/kalman_ws/src/kalman_robot/install/kalman_interfaces/share/kalman_interfaces/msg/MasterMessage.msg
-- Up-to-date symlink: /home/rafal/kalman_ws/src/kalman_robot/install/kalman_interfaces/share/kalman_interfaces/msg/WheelState.msg
-- Up-to-date symlink: /home/rafal/kalman_ws/src/kalman_robot/install/kalman_interfaces/share/kalman_interfaces/msg/WheelStates.msg
-- Up-to-date symlink: /home/rafal/kalman_ws/src/kalman_robot/install/kalman_interfaces/share/kalman_interfaces/srv/CalibrateCompass.srv
-- Up-to-date symlink: /home/rafal/kalman_ws/src/kalman_robot/install/kalman_interfaces/share/kalman_interfaces/srv/CalibrateCompass_Request.msg
-- Up-to-date symlink: /home/rafal/kalman_ws/src/kalman_robot/install/kalman_interfaces/share/kalman_interfaces/srv/CalibrateCompass_Response.msg
-- Up-to-date symlink: /home/rafal/kalman_ws/src/kalman_robot/install/kalman_interfaces/share/kalman_interfaces/srv/SetUeuosColor.srv
-- Up-to-date symlink: /home/rafal/kalman_ws/src/kalman_robot/install/kalman_interfaces/share/kalman_interfaces/srv/SetUeuosColor_Request.msg
-- Up-to-date symlink: /home/rafal/kalman_ws/src/kalman_robot/install/kalman_interfaces/share/kalman_interfaces/srv/SetUeuosColor_Response.msg
-- Up-to-date symlink: /home/rafal/kalman_ws/src/kalman_robot/install/kalman_interfaces/share/kalman_interfaces/srv/SetUeuosEffect.srv
-- Up-to-date symlink: /home/rafal/kalman_ws/src/kalman_robot/install/kalman_interfaces/share/kalman_interfaces/srv/SetUeuosEffect_Request.msg
-- Up-to-date symlink: /home/rafal/kalman_ws/src/kalman_robot/install/kalman_interfaces/share/kalman_interfaces/srv/SetUeuosEffect_Response.msg
-- Up-to-date symlink: /home/rafal/kalman_ws/src/kalman_robot/install/kalman_interfaces/share/kalman_interfaces/srv/SetUeuosMode.srv
-- Up-to-date symlink: /home/rafal/kalman_ws/src/kalman_robot/install/kalman_interfaces/share/kalman_interfaces/srv/SetUeuosMode_Request.msg
-- Up-to-date symlink: /home/rafal/kalman_ws/src/kalman_robot/install/kalman_interfaces/share/kalman_interfaces/srv/SetUeuosMode_Response.msg
-- Up-to-date symlink: /home/rafal/kalman_ws/src/kalman_robot/install/kalman_interfaces/share/ament_index/resource_index/package_run_dependencies/kalman_interfaces
-- Up-to-date symlink: /home/rafal/kalman_ws/src/kalman_robot/install/kalman_interfaces/share/ament_index/resource_index/parent_prefix_path/kalman_interfaces
-- Up-to-date symlink: /home/rafal/kalman_ws/src/kalman_robot/install/kalman_interfaces/share/kalman_interfaces/environment/ament_prefix_path.sh
-- Up-to-date symlink: /home/rafal/kalman_ws/src/kalman_robot/install/kalman_interfaces/share/kalman_interfaces/environment/ament_prefix_path.dsv
-- Up-to-date symlink: /home/rafal/kalman_ws/src/kalman_robot/install/kalman_interfaces/share/kalman_interfaces/environment/path.sh
-- Up-to-date symlink: /home/rafal/kalman_ws/src/kalman_robot/install/kalman_interfaces/share/kalman_interfaces/environment/path.dsv
-- Up-to-date symlink: /home/rafal/kalman_ws/src/kalman_robot/install/kalman_interfaces/share/kalman_interfaces/local_setup.bash
-- Up-to-date symlink: /home/rafal/kalman_ws/src/kalman_robot/install/kalman_interfaces/share/kalman_interfaces/local_setup.sh
-- Up-to-date symlink: /home/rafal/kalman_ws/src/kalman_robot/install/kalman_interfaces/share/kalman_interfaces/local_setup.zsh
-- Up-to-date symlink: /home/rafal/kalman_ws/src/kalman_robot/install/kalman_interfaces/share/kalman_interfaces/local_setup.dsv
-- Symlinking: /home/rafal/kalman_ws/src/kalman_robot/install/kalman_interfaces/share/kalman_interfaces/package.dsv
-- Up-to-date symlink: /home/rafal/kalman_ws/src/kalman_robot/install/kalman_interfaces/share/ament_index/resource_index/packages/kalman_interfaces
-- Up-to-date symlink: /home/rafal/kalman_ws/src/kalman_robot/install/kalman_interfaces/share/kalman_interfaces/cmake/rosidl_cmake-extras.cmake
-- Up-to-date symlink: /home/rafal/kalman_ws/src/kalman_robot/install/kalman_interfaces/share/kalman_interfaces/cmake/ament_cmake_export_dependencies-extras.cmake
-- Up-to-date symlink: /home/rafal/kalman_ws/src/kalman_robot/install/kalman_interfaces/share/kalman_interfaces/cmake/ament_cmake_export_include_directories-extras.cmake
-- Up-to-date symlink: /home/rafal/kalman_ws/src/kalman_robot/install/kalman_interfaces/share/kalman_interfaces/cmake/ament_cmake_export_libraries-extras.cmake
-- Up-to-date symlink: /home/rafal/kalman_ws/src/kalman_robot/install/kalman_interfaces/share/kalman_interfaces/cmake/ament_cmake_export_targets-extras.cmake
-- Up-to-date symlink: /home/rafal/kalman_ws/src/kalman_robot/install/kalman_interfaces/share/kalman_interfaces/cmake/rosidl_cmake_export_typesupport_targets-extras.cmake
-- Up-to-date symlink: /home/rafal/kalman_ws/src/kalman_robot/install/kalman_interfaces/share/kalman_interfaces/cmake/rosidl_cmake_export_typesupport_libraries-extras.cmake
-- Up-to-date symlink: /home/rafal/kalman_ws/src/kalman_robot/install/kalman_interfaces/share/kalman_interfaces/cmake/kalman_interfacesConfig.cmake
-- Up-to-date symlink: /home/rafal/kalman_ws/src/kalman_robot/install/kalman_interfaces/share/kalman_interfaces/cmake/kalman_interfacesConfig-version.cmake
-- Up-to-date symlink: /home/rafal/kalman_ws/src/kalman_robot/install/kalman_interfaces/share/kalman_interfaces/package.xml
-- Up-to-date: /home/rafal/kalman_ws/src/kalman_robot/install/kalman_interfaces/lib/libkalman_interfaces__rosidl_generator_c.so
-- Up-to-date: /home/rafal/kalman_ws/src/kalman_robot/install/kalman_interfaces/lib/libkalman_interfaces__rosidl_typesupport_fastrtps_c.so
-- Up-to-date: /home/rafal/kalman_ws/src/kalman_robot/install/kalman_interfaces/lib/libkalman_interfaces__rosidl_typesupport_introspection_c.so
-- Up-to-date: /home/rafal/kalman_ws/src/kalman_robot/install/kalman_interfaces/lib/libkalman_interfaces__rosidl_typesupport_c.so
-- Up-to-date: /home/rafal/kalman_ws/src/kalman_robot/install/kalman_interfaces/lib/libkalman_interfaces__rosidl_typesupport_fastrtps_cpp.so
-- Up-to-date: /home/rafal/kalman_ws/src/kalman_robot/install/kalman_interfaces/lib/libkalman_interfaces__rosidl_typesupport_introspection_cpp.so
-- Up-to-date: /home/rafal/kalman_ws/src/kalman_robot/install/kalman_interfaces/lib/libkalman_interfaces__rosidl_typesupport_cpp.so
Listing '/home/rafal/kalman_ws/src/kalman_robot/install/kalman_interfaces/local/lib/python3.10/dist-packages/kalman_interfaces'...
Listing '/home/rafal/kalman_ws/src/kalman_robot/install/kalman_interfaces/local/lib/python3.10/dist-packages/kalman_interfaces/msg'...
Listing '/home/rafal/kalman_ws/src/kalman_robot/install/kalman_interfaces/local/lib/python3.10/dist-packages/kalman_interfaces/srv'...
-- Up-to-date: /home/rafal/kalman_ws/src/kalman_robot/install/kalman_interfaces/lib/libkalman_interfaces__rosidl_generator_py.so
-- Up-to-date: /home/rafal/kalman_ws/src/kalman_robot/install/kalman_interfaces/share/kalman_interfaces/cmake/export_kalman_interfaces__rosidl_generator_cExport.cmake
-- Up-to-date: /home/rafal/kalman_ws/src/kalman_robot/install/kalman_interfaces/share/kalman_interfaces/cmake/export_kalman_interfaces__rosidl_generator_cExport-noconfig.cmake
-- Up-to-date: /home/rafal/kalman_ws/src/kalman_robot/install/kalman_interfaces/share/kalman_interfaces/cmake/export_kalman_interfaces__rosidl_typesupport_fastrtps_cExport.cmake
-- Up-to-date: /home/rafal/kalman_ws/src/kalman_robot/install/kalman_interfaces/share/kalman_interfaces/cmake/export_kalman_interfaces__rosidl_typesupport_fastrtps_cExport-noconfig.cmake
-- Up-to-date: /home/rafal/kalman_ws/src/kalman_robot/install/kalman_interfaces/share/kalman_interfaces/cmake/kalman_interfaces__rosidl_typesupport_introspection_cExport.cmake
-- Up-to-date: /home/rafal/kalman_ws/src/kalman_robot/install/kalman_interfaces/share/kalman_interfaces/cmake/kalman_interfaces__rosidl_typesupport_introspection_cExport-noconfig.cmake
-- Up-to-date: /home/rafal/kalman_ws/src/kalman_robot/install/kalman_interfaces/share/kalman_interfaces/cmake/kalman_interfaces__rosidl_typesupport_cExport.cmake
-- Up-to-date: /home/rafal/kalman_ws/src/kalman_robot/install/kalman_interfaces/share/kalman_interfaces/cmake/kalman_interfaces__rosidl_typesupport_cExport-noconfig.cmake
-- Up-to-date: /home/rafal/kalman_ws/src/kalman_robot/install/kalman_interfaces/share/kalman_interfaces/cmake/export_kalman_interfaces__rosidl_generator_cppExport.cmake
-- Up-to-date: /home/rafal/kalman_ws/src/kalman_robot/install/kalman_interfaces/share/kalman_interfaces/cmake/export_kalman_interfaces__rosidl_typesupport_fastrtps_cppExport.cmake
-- Up-to-date: /home/rafal/kalman_ws/src/kalman_robot/install/kalman_interfaces/share/kalman_interfaces/cmake/export_kalman_interfaces__rosidl_typesupport_fastrtps_cppExport-noconfig.cmake
-- Up-to-date: /home/rafal/kalman_ws/src/kalman_robot/install/kalman_interfaces/share/kalman_interfaces/cmake/kalman_interfaces__rosidl_typesupport_introspection_cppExport.cmake
-- Up-to-date: /home/rafal/kalman_ws/src/kalman_robot/install/kalman_interfaces/share/kalman_interfaces/cmake/kalman_interfaces__rosidl_typesupport_introspection_cppExport-noconfig.cmake
-- Up-to-date: /home/rafal/kalman_ws/src/kalman_robot/install/kalman_interfaces/share/kalman_interfaces/cmake/kalman_interfaces__rosidl_typesupport_cppExport.cmake
-- Up-to-date: /home/rafal/kalman_ws/src/kalman_robot/install/kalman_interfaces/share/kalman_interfaces/cmake/kalman_interfaces__rosidl_typesupport_cppExport-noconfig.cmake
-- Up-to-date: /home/rafal/kalman_ws/src/kalman_robot/install/kalman_interfaces/share/kalman_interfaces/cmake/export_kalman_interfaces__rosidl_generator_pyExport.cmake
-- Up-to-date: /home/rafal/kalman_ws/src/kalman_robot/install/kalman_interfaces/share/kalman_interfaces/cmake/export_kalman_interfaces__rosidl_generator_pyExport-noconfig.cmake
