[0.586s] Invoking command in '/home/rafal/kalman_ws/src/kalman_robot/build/kalman_interfaces': CMAKE_PREFIX_PATH=/home/rafal/dev_ws/install/my_robot:/opt/ros/humble /usr/bin/cmake --build /home/rafal/kalman_ws/src/kalman_robot/build/kalman_interfaces -- -j16 -l16
[1.781s] [35m[1mConsolidate compiler generated dependencies of target kalman_interfaces__rosidl_generator_c[0m
[1.781s] [  0%] Built target ament_cmake_python_symlink_kalman_interfaces
[1.781s] [ 11%] Built target kalman_interfaces__rosidl_generator_c
[1.781s] [ 12%] Built target kalman_interfaces__cpp
[1.782s] [35m[1mConsolidate compiler generated dependencies of target kalman_interfaces__rosidl_typesupport_c[0m
[1.782s] [35m[1mConsolidate compiler generated dependencies of target kalman_interfaces__rosidl_typesupport_introspection_c[0m
[1.782s] [35m[1mConsolidate compiler generated dependencies of target kalman_interfaces__rosidl_typesupport_fastrtps_c[0m
[1.782s] [35m[1mConsolidate compiler generated dependencies of target kalman_interfaces__rosidl_typesupport_cpp[0m
[1.782s] [35m[1mConsolidate compiler generated dependencies of target kalman_interfaces__rosidl_typesupport_introspection_cpp[0m
[1.782s] [35m[1mConsolidate compiler generated dependencies of target kalman_interfaces__rosidl_typesupport_fastrtps_cpp[0m
[1.782s] [ 24%] Built target kalman_interfaces__rosidl_typesupport_introspection_c
[1.782s] [ 35%] Built target kalman_interfaces__rosidl_typesupport_c
[1.782s] [ 47%] Built target kalman_interfaces__rosidl_typesupport_fastrtps_c
[1.782s] [ 58%] Built target kalman_interfaces__rosidl_typesupport_introspection_cpp
[1.782s] [ 70%] Built target kalman_interfaces__rosidl_typesupport_cpp
[1.782s] [ 82%] Built target kalman_interfaces__rosidl_typesupport_fastrtps_cpp
[1.782s] [ 82%] Built target kalman_interfaces
[1.782s] [ 83%] Built target kalman_interfaces__py
[1.783s] [35m[1mConsolidate compiler generated dependencies of target kalman_interfaces__rosidl_generator_py[0m
[1.783s] [ 93%] Built target kalman_interfaces__rosidl_generator_py
[1.783s] [35m[1mConsolidate compiler generated dependencies of target kalman_interfaces__rosidl_typesupport_introspection_c__pyext[0m
[1.783s] [35m[1mConsolidate compiler generated dependencies of target kalman_interfaces__rosidl_typesupport_c__pyext[0m
[1.783s] [35m[1mConsolidate compiler generated dependencies of target kalman_interfaces__rosidl_typesupport_fastrtps_c__pyext[0m
[1.783s] [ 97%] Built target kalman_interfaces__rosidl_typesupport_c__pyext
[1.783s] [ 97%] Built target kalman_interfaces__rosidl_typesupport_introspection_c__pyext
[1.783s] [100%] Built target kalman_interfaces__rosidl_typesupport_fastrtps_c__pyext
[1.783s] running egg_info
[1.783s] writing kalman_interfaces.egg-info/PKG-INFO
[1.783s] writing dependency_links to kalman_interfaces.egg-info/dependency_links.txt
[1.783s] writing top-level names to kalman_interfaces.egg-info/top_level.txt
[1.783s] reading manifest file 'kalman_interfaces.egg-info/SOURCES.txt'
[1.783s] writing manifest file 'kalman_interfaces.egg-info/SOURCES.txt'
[1.783s] [100%] Built target ament_cmake_python_build_kalman_interfaces_egg
[1.794s] Invoked command in '/home/rafal/kalman_ws/src/kalman_robot/build/kalman_interfaces' returned '0': CMAKE_PREFIX_PATH=/home/rafal/dev_ws/install/my_robot:/opt/ros/humble /usr/bin/cmake --build /home/rafal/kalman_ws/src/kalman_robot/build/kalman_interfaces -- -j16 -l16
[2.448s] Invoking command in '/home/rafal/kalman_ws/src/kalman_robot/build/kalman_interfaces': CMAKE_PREFIX_PATH=/home/rafal/dev_ws/install/my_robot:/opt/ros/humble /usr/bin/cmake --install /home/rafal/kalman_ws/src/kalman_robot/build/kalman_interfaces
[2.469s] -- Install configuration: ""
[2.471s] -- Execute custom install script
[2.471s] -- Up-to-date symlink: /home/rafal/kalman_ws/src/kalman_robot/install/kalman_interfaces/share/ament_index/resource_index/rosidl_interfaces/kalman_interfaces
[2.471s] -- Up-to-date symlink: /home/rafal/kalman_ws/src/kalman_robot/install/kalman_interfaces/include/kalman_interfaces/kalman_interfaces/msg/detail/gps_tag__functions.h
[2.472s] -- Up-to-date symlink: /home/rafal/kalman_ws/src/kalman_robot/install/kalman_interfaces/include/kalman_interfaces/kalman_interfaces/msg/detail/gps_tag__struct.h
[2.473s] -- Up-to-date symlink: /home/rafal/kalman_ws/src/kalman_robot/install/kalman_interfaces/include/kalman_interfaces/kalman_interfaces/msg/detail/gps_tag__type_support.h
[2.473s] -- Up-to-date symlink: /home/rafal/kalman_ws/src/kalman_robot/install/kalman_interfaces/include/kalman_interfaces/kalman_interfaces/msg/detail/gps_tag_array__functions.h
[2.473s] -- Up-to-date symlink: /home/rafal/kalman_ws/src/kalman_robot/install/kalman_interfaces/include/kalman_interfaces/kalman_interfaces/msg/detail/gps_tag_array__struct.h
[2.474s] -- Up-to-date symlink: /home/rafal/kalman_ws/src/kalman_robot/install/kalman_interfaces/include/kalman_interfaces/kalman_interfaces/msg/detail/gps_tag_array__type_support.h
[2.474s] -- Up-to-date symlink: /home/rafal/kalman_ws/src/kalman_robot/install/kalman_interfaces/include/kalman_interfaces/kalman_interfaces/msg/detail/master_message__functions.h
[2.475s] -- Up-to-date symlink: /home/rafal/kalman_ws/src/kalman_robot/install/kalman_interfaces/include/kalman_interfaces/kalman_interfaces/msg/detail/master_message__struct.h
[2.475s] -- Up-to-date symlink: /home/rafal/kalman_ws/src/kalman_robot/install/kalman_interfaces/include/kalman_interfaces/kalman_interfaces/msg/detail/master_message__type_support.h
[2.475s] -- Up-to-date symlink: /home/rafal/kalman_ws/src/kalman_robot/install/kalman_interfaces/include/kalman_interfaces/kalman_interfaces/msg/detail/wheel_state__functions.h
[2.475s] -- Up-to-date symlink: /home/rafal/kalman_ws/src/kalman_robot/install/kalman_interfaces/include/kalman_interfaces/kalman_interfaces/msg/detail/wheel_state__struct.h
[2.476s] -- Up-to-date symlink: /home/rafal/kalman_ws/src/kalman_robot/install/kalman_interfaces/include/kalman_interfaces/kalman_interfaces/msg/detail/wheel_state__type_support.h
[2.476s] -- Up-to-date symlink: /home/rafal/kalman_ws/src/kalman_robot/install/kalman_interfaces/include/kalman_interfaces/kalman_interfaces/msg/detail/wheel_states__functions.h
[2.476s] -- Up-to-date symlink: /home/rafal/kalman_ws/src/kalman_robot/install/kalman_interfaces/include/kalman_interfaces/kalman_interfaces/msg/detail/wheel_states__struct.h
[2.476s] -- Up-to-date symlink: /home/rafal/kalman_ws/src/kalman_robot/install/kalman_interfaces/include/kalman_interfaces/kalman_interfaces/msg/detail/wheel_states__type_support.h
[2.478s] -- Up-to-date symlink: /home/rafal/kalman_ws/src/kalman_robot/install/kalman_interfaces/include/kalman_interfaces/kalman_interfaces/msg/gps_tag.h
[2.478s] -- Up-to-date symlink: /home/rafal/kalman_ws/src/kalman_robot/install/kalman_interfaces/include/kalman_interfaces/kalman_interfaces/msg/gps_tag_array.h
[2.478s] -- Up-to-date symlink: /home/rafal/kalman_ws/src/kalman_robot/install/kalman_interfaces/include/kalman_interfaces/kalman_interfaces/msg/master_message.h
[2.479s] -- Up-to-date symlink: /home/rafal/kalman_ws/src/kalman_robot/install/kalman_interfaces/include/kalman_interfaces/kalman_interfaces/msg/rosidl_generator_c__visibility_control.h
[2.479s] -- Up-to-date symlink: /home/rafal/kalman_ws/src/kalman_robot/install/kalman_interfaces/include/kalman_interfaces/kalman_interfaces/msg/wheel_state.h
[2.479s] -- Up-to-date symlink: /home/rafal/kalman_ws/src/kalman_robot/install/kalman_interfaces/include/kalman_interfaces/kalman_interfaces/msg/wheel_states.h
[2.480s] -- Up-to-date symlink: /home/rafal/kalman_ws/src/kalman_robot/install/kalman_interfaces/include/kalman_interfaces/kalman_interfaces/srv/calibrate_compass.h
[2.480s] -- Up-to-date symlink: /home/rafal/kalman_ws/src/kalman_robot/install/kalman_interfaces/include/kalman_interfaces/kalman_interfaces/srv/detail/calibrate_compass__functions.h
[2.480s] -- Up-to-date symlink: /home/rafal/kalman_ws/src/kalman_robot/install/kalman_interfaces/include/kalman_interfaces/kalman_interfaces/srv/detail/calibrate_compass__struct.h
[2.481s] -- Up-to-date symlink: /home/rafal/kalman_ws/src/kalman_robot/install/kalman_interfaces/include/kalman_interfaces/kalman_interfaces/srv/detail/calibrate_compass__type_support.h
[2.483s] -- Up-to-date symlink: /home/rafal/kalman_ws/src/kalman_robot/install/kalman_interfaces/include/kalman_interfaces/kalman_interfaces/srv/detail/set_ueuos_color__functions.h
[2.484s] -- Up-to-date symlink: /home/rafal/kalman_ws/src/kalman_robot/install/kalman_interfaces/include/kalman_interfaces/kalman_interfaces/srv/detail/set_ueuos_color__struct.h
[2.485s] -- Up-to-date symlink: /home/rafal/kalman_ws/src/kalman_robot/install/kalman_interfaces/include/kalman_interfaces/kalman_interfaces/srv/detail/set_ueuos_color__type_support.h
[2.485s] -- Up-to-date symlink: /home/rafal/kalman_ws/src/kalman_robot/install/kalman_interfaces/include/kalman_interfaces/kalman_interfaces/srv/detail/set_ueuos_effect__functions.h
[2.487s] -- Up-to-date symlink: /home/rafal/kalman_ws/src/kalman_robot/install/kalman_interfaces/include/kalman_interfaces/kalman_interfaces/srv/detail/set_ueuos_effect__struct.h
[2.487s] -- Up-to-date symlink: /home/rafal/kalman_ws/src/kalman_robot/install/kalman_interfaces/include/kalman_interfaces/kalman_interfaces/srv/detail/set_ueuos_effect__type_support.h
[2.487s] -- Up-to-date symlink: /home/rafal/kalman_ws/src/kalman_robot/install/kalman_interfaces/include/kalman_interfaces/kalman_interfaces/srv/detail/set_ueuos_mode__functions.h
[2.488s] -- Up-to-date symlink: /home/rafal/kalman_ws/src/kalman_robot/install/kalman_interfaces/include/kalman_interfaces/kalman_interfaces/srv/detail/set_ueuos_mode__struct.h
[2.488s] -- Up-to-date symlink: /home/rafal/kalman_ws/src/kalman_robot/install/kalman_interfaces/include/kalman_interfaces/kalman_interfaces/srv/detail/set_ueuos_mode__type_support.h
[2.488s] -- Up-to-date symlink: /home/rafal/kalman_ws/src/kalman_robot/install/kalman_interfaces/include/kalman_interfaces/kalman_interfaces/srv/set_ueuos_color.h
[2.488s] -- Up-to-date symlink: /home/rafal/kalman_ws/src/kalman_robot/install/kalman_interfaces/include/kalman_interfaces/kalman_interfaces/srv/set_ueuos_effect.h
[2.488s] -- Up-to-date symlink: /home/rafal/kalman_ws/src/kalman_robot/install/kalman_interfaces/include/kalman_interfaces/kalman_interfaces/srv/set_ueuos_mode.h
[2.489s] -- Up-to-date symlink: /home/rafal/kalman_ws/src/kalman_robot/install/kalman_interfaces/share/kalman_interfaces/environment/library_path.sh
[2.489s] -- Up-to-date symlink: /home/rafal/kalman_ws/src/kalman_robot/install/kalman_interfaces/share/kalman_interfaces/environment/library_path.dsv
[2.491s] -- Up-to-date symlink: /home/rafal/kalman_ws/src/kalman_robot/install/kalman_interfaces/include/kalman_interfaces/kalman_interfaces/msg/detail/gps_tag__rosidl_typesupport_fastrtps_c.h
[2.493s] -- Up-to-date symlink: /home/rafal/kalman_ws/src/kalman_robot/install/kalman_interfaces/include/kalman_interfaces/kalman_interfaces/msg/detail/gps_tag_array__rosidl_typesupport_fastrtps_c.h
[2.494s] -- Up-to-date symlink: /home/rafal/kalman_ws/src/kalman_robot/install/kalman_interfaces/include/kalman_interfaces/kalman_interfaces/msg/detail/master_message__rosidl_typesupport_fastrtps_c.h
[2.494s] -- Up-to-date symlink: /home/rafal/kalman_ws/src/kalman_robot/install/kalman_interfaces/include/kalman_interfaces/kalman_interfaces/msg/detail/wheel_state__rosidl_typesupport_fastrtps_c.h
[2.494s] -- Up-to-date symlink: /home/rafal/kalman_ws/src/kalman_robot/install/kalman_interfaces/include/kalman_interfaces/kalman_interfaces/msg/detail/wheel_states__rosidl_typesupport_fastrtps_c.h
[2.494s] -- Up-to-date symlink: /home/rafal/kalman_ws/src/kalman_robot/install/kalman_interfaces/include/kalman_interfaces/kalman_interfaces/msg/rosidl_typesupport_fastrtps_c__visibility_control.h
[2.495s] -- Up-to-date symlink: /home/rafal/kalman_ws/src/kalman_robot/install/kalman_interfaces/include/kalman_interfaces/kalman_interfaces/srv/detail/calibrate_compass__rosidl_typesupport_fastrtps_c.h
[2.495s] -- Up-to-date symlink: /home/rafal/kalman_ws/src/kalman_robot/install/kalman_interfaces/include/kalman_interfaces/kalman_interfaces/srv/detail/set_ueuos_color__rosidl_typesupport_fastrtps_c.h
[2.496s] -- Up-to-date symlink: /home/rafal/kalman_ws/src/kalman_robot/install/kalman_interfaces/include/kalman_interfaces/kalman_interfaces/srv/detail/set_ueuos_effect__rosidl_typesupport_fastrtps_c.h
[2.496s] -- Up-to-date symlink: /home/rafal/kalman_ws/src/kalman_robot/install/kalman_interfaces/include/kalman_interfaces/kalman_interfaces/srv/detail/set_ueuos_mode__rosidl_typesupport_fastrtps_c.h
[2.497s] -- Up-to-date symlink: /home/rafal/kalman_ws/src/kalman_robot/install/kalman_interfaces/include/kalman_interfaces/kalman_interfaces/msg/detail/gps_tag__rosidl_typesupport_introspection_c.h
[2.498s] -- Up-to-date symlink: /home/rafal/kalman_ws/src/kalman_robot/install/kalman_interfaces/include/kalman_interfaces/kalman_interfaces/msg/detail/gps_tag_array__rosidl_typesupport_introspection_c.h
[2.498s] -- Up-to-date symlink: /home/rafal/kalman_ws/src/kalman_robot/install/kalman_interfaces/include/kalman_interfaces/kalman_interfaces/msg/detail/master_message__rosidl_typesupport_introspection_c.h
[2.499s] -- Up-to-date symlink: /home/rafal/kalman_ws/src/kalman_robot/install/kalman_interfaces/include/kalman_interfaces/kalman_interfaces/msg/detail/wheel_state__rosidl_typesupport_introspection_c.h
[2.499s] -- Up-to-date symlink: /home/rafal/kalman_ws/src/kalman_robot/install/kalman_interfaces/include/kalman_interfaces/kalman_interfaces/msg/detail/wheel_states__rosidl_typesupport_introspection_c.h
[2.499s] -- Up-to-date symlink: /home/rafal/kalman_ws/src/kalman_robot/install/kalman_interfaces/include/kalman_interfaces/kalman_interfaces/msg/rosidl_typesupport_introspection_c__visibility_control.h
[2.502s] -- Up-to-date symlink: /home/rafal/kalman_ws/src/kalman_robot/install/kalman_interfaces/include/kalman_interfaces/kalman_interfaces/srv/detail/calibrate_compass__rosidl_typesupport_introspection_c.h
[2.502s] -- Up-to-date symlink: /home/rafal/kalman_ws/src/kalman_robot/install/kalman_interfaces/include/kalman_interfaces/kalman_interfaces/srv/detail/set_ueuos_color__rosidl_typesupport_introspection_c.h
[2.502s] -- Up-to-date symlink: /home/rafal/kalman_ws/src/kalman_robot/install/kalman_interfaces/include/kalman_interfaces/kalman_interfaces/srv/detail/set_ueuos_effect__rosidl_typesupport_introspection_c.h
[2.502s] -- Up-to-date symlink: /home/rafal/kalman_ws/src/kalman_robot/install/kalman_interfaces/include/kalman_interfaces/kalman_interfaces/srv/detail/set_ueuos_mode__rosidl_typesupport_introspection_c.h
[2.503s] -- Up-to-date symlink: /home/rafal/kalman_ws/src/kalman_robot/install/kalman_interfaces/include/kalman_interfaces/kalman_interfaces/msg/detail/gps_tag__builder.hpp
[2.503s] -- Up-to-date symlink: /home/rafal/kalman_ws/src/kalman_robot/install/kalman_interfaces/include/kalman_interfaces/kalman_interfaces/msg/detail/gps_tag__struct.hpp
[2.505s] -- Up-to-date symlink: /home/rafal/kalman_ws/src/kalman_robot/install/kalman_interfaces/include/kalman_interfaces/kalman_interfaces/msg/detail/gps_tag__traits.hpp
[2.505s] -- Up-to-date symlink: /home/rafal/kalman_ws/src/kalman_robot/install/kalman_interfaces/include/kalman_interfaces/kalman_interfaces/msg/detail/gps_tag_array__builder.hpp
[2.505s] -- Up-to-date symlink: /home/rafal/kalman_ws/src/kalman_robot/install/kalman_interfaces/include/kalman_interfaces/kalman_interfaces/msg/detail/gps_tag_array__struct.hpp
[2.505s] -- Up-to-date symlink: /home/rafal/kalman_ws/src/kalman_robot/install/kalman_interfaces/include/kalman_interfaces/kalman_interfaces/msg/detail/gps_tag_array__traits.hpp
[2.505s] -- Up-to-date symlink: /home/rafal/kalman_ws/src/kalman_robot/install/kalman_interfaces/include/kalman_interfaces/kalman_interfaces/msg/detail/master_message__builder.hpp
[2.506s] -- Up-to-date symlink: /home/rafal/kalman_ws/src/kalman_robot/install/kalman_interfaces/include/kalman_interfaces/kalman_interfaces/msg/detail/master_message__struct.hpp
[2.506s] -- Up-to-date symlink: /home/rafal/kalman_ws/src/kalman_robot/install/kalman_interfaces/include/kalman_interfaces/kalman_interfaces/msg/detail/master_message__traits.hpp
[2.506s] -- Up-to-date symlink: /home/rafal/kalman_ws/src/kalman_robot/install/kalman_interfaces/include/kalman_interfaces/kalman_interfaces/msg/detail/wheel_state__builder.hpp
[2.506s] -- Up-to-date symlink: /home/rafal/kalman_ws/src/kalman_robot/install/kalman_interfaces/include/kalman_interfaces/kalman_interfaces/msg/detail/wheel_state__struct.hpp
[2.508s] -- Up-to-date symlink: /home/rafal/kalman_ws/src/kalman_robot/install/kalman_interfaces/include/kalman_interfaces/kalman_interfaces/msg/detail/wheel_state__traits.hpp
[2.508s] -- Up-to-date symlink: /home/rafal/kalman_ws/src/kalman_robot/install/kalman_interfaces/include/kalman_interfaces/kalman_interfaces/msg/detail/wheel_states__builder.hpp
[2.508s] -- Up-to-date symlink: /home/rafal/kalman_ws/src/kalman_robot/install/kalman_interfaces/include/kalman_interfaces/kalman_interfaces/msg/detail/wheel_states__struct.hpp
[2.508s] -- Up-to-date symlink: /home/rafal/kalman_ws/src/kalman_robot/install/kalman_interfaces/include/kalman_interfaces/kalman_interfaces/msg/detail/wheel_states__traits.hpp
[2.509s] -- Up-to-date symlink: /home/rafal/kalman_ws/src/kalman_robot/install/kalman_interfaces/include/kalman_interfaces/kalman_interfaces/msg/gps_tag.hpp
[2.510s] -- Up-to-date symlink: /home/rafal/kalman_ws/src/kalman_robot/install/kalman_interfaces/include/kalman_interfaces/kalman_interfaces/msg/gps_tag_array.hpp
[2.510s] -- Up-to-date symlink: /home/rafal/kalman_ws/src/kalman_robot/install/kalman_interfaces/include/kalman_interfaces/kalman_interfaces/msg/master_message.hpp
[2.510s] -- Up-to-date symlink: /home/rafal/kalman_ws/src/kalman_robot/install/kalman_interfaces/include/kalman_interfaces/kalman_interfaces/msg/wheel_state.hpp
[2.510s] -- Up-to-date symlink: /home/rafal/kalman_ws/src/kalman_robot/install/kalman_interfaces/include/kalman_interfaces/kalman_interfaces/msg/wheel_states.hpp
[2.510s] -- Up-to-date symlink: /home/rafal/kalman_ws/src/kalman_robot/install/kalman_interfaces/include/kalman_interfaces/kalman_interfaces/srv/calibrate_compass.hpp
[2.513s] -- Up-to-date symlink: /home/rafal/kalman_ws/src/kalman_robot/install/kalman_interfaces/include/kalman_interfaces/kalman_interfaces/srv/detail/calibrate_compass__builder.hpp
[2.513s] -- Up-to-date symlink: /home/rafal/kalman_ws/src/kalman_robot/install/kalman_interfaces/include/kalman_interfaces/kalman_interfaces/srv/detail/calibrate_compass__struct.hpp
[2.513s] -- Up-to-date symlink: /home/rafal/kalman_ws/src/kalman_robot/install/kalman_interfaces/include/kalman_interfaces/kalman_interfaces/srv/detail/calibrate_compass__traits.hpp
[2.514s] -- Up-to-date symlink: /home/rafal/kalman_ws/src/kalman_robot/install/kalman_interfaces/include/kalman_interfaces/kalman_interfaces/srv/detail/set_ueuos_color__builder.hpp
[2.514s] -- Up-to-date symlink: /home/rafal/kalman_ws/src/kalman_robot/install/kalman_interfaces/include/kalman_interfaces/kalman_interfaces/srv/detail/set_ueuos_color__struct.hpp
[2.515s] -- Up-to-date symlink: /home/rafal/kalman_ws/src/kalman_robot/install/kalman_interfaces/include/kalman_interfaces/kalman_interfaces/srv/detail/set_ueuos_color__traits.hpp
[2.515s] -- Up-to-date symlink: /home/rafal/kalman_ws/src/kalman_robot/install/kalman_interfaces/include/kalman_interfaces/kalman_interfaces/srv/detail/set_ueuos_effect__builder.hpp
[2.516s] -- Up-to-date symlink: /home/rafal/kalman_ws/src/kalman_robot/install/kalman_interfaces/include/kalman_interfaces/kalman_interfaces/srv/detail/set_ueuos_effect__struct.hpp
[2.516s] -- Up-to-date symlink: /home/rafal/kalman_ws/src/kalman_robot/install/kalman_interfaces/include/kalman_interfaces/kalman_interfaces/srv/detail/set_ueuos_effect__traits.hpp
[2.516s] -- Up-to-date symlink: /home/rafal/kalman_ws/src/kalman_robot/install/kalman_interfaces/include/kalman_interfaces/kalman_interfaces/srv/detail/set_ueuos_mode__builder.hpp
[2.516s] -- Up-to-date symlink: /home/rafal/kalman_ws/src/kalman_robot/install/kalman_interfaces/include/kalman_interfaces/kalman_interfaces/srv/detail/set_ueuos_mode__struct.hpp
[2.517s] -- Up-to-date symlink: /home/rafal/kalman_ws/src/kalman_robot/install/kalman_interfaces/include/kalman_interfaces/kalman_interfaces/srv/detail/set_ueuos_mode__traits.hpp
[2.517s] -- Up-to-date symlink: /home/rafal/kalman_ws/src/kalman_robot/install/kalman_interfaces/include/kalman_interfaces/kalman_interfaces/srv/set_ueuos_color.hpp
[2.518s] -- Up-to-date symlink: /home/rafal/kalman_ws/src/kalman_robot/install/kalman_interfaces/include/kalman_interfaces/kalman_interfaces/srv/set_ueuos_effect.hpp
[2.518s] -- Up-to-date symlink: /home/rafal/kalman_ws/src/kalman_robot/install/kalman_interfaces/include/kalman_interfaces/kalman_interfaces/srv/set_ueuos_mode.hpp
[2.518s] -- Up-to-date symlink: /home/rafal/kalman_ws/src/kalman_robot/install/kalman_interfaces/include/kalman_interfaces/kalman_interfaces/msg/detail/gps_tag__rosidl_typesupport_fastrtps_cpp.hpp
[2.520s] -- Up-to-date symlink: /home/rafal/kalman_ws/src/kalman_robot/install/kalman_interfaces/include/kalman_interfaces/kalman_interfaces/msg/detail/gps_tag_array__rosidl_typesupport_fastrtps_cpp.hpp
[2.520s] -- Up-to-date symlink: /home/rafal/kalman_ws/src/kalman_robot/install/kalman_interfaces/include/kalman_interfaces/kalman_interfaces/msg/detail/master_message__rosidl_typesupport_fastrtps_cpp.hpp
[2.520s] -- Up-to-date symlink: /home/rafal/kalman_ws/src/kalman_robot/install/kalman_interfaces/include/kalman_interfaces/kalman_interfaces/msg/detail/wheel_state__rosidl_typesupport_fastrtps_cpp.hpp
[2.520s] -- Up-to-date symlink: /home/rafal/kalman_ws/src/kalman_robot/install/kalman_interfaces/include/kalman_interfaces/kalman_interfaces/msg/detail/wheel_states__rosidl_typesupport_fastrtps_cpp.hpp
[2.520s] -- Up-to-date symlink: /home/rafal/kalman_ws/src/kalman_robot/install/kalman_interfaces/include/kalman_interfaces/kalman_interfaces/msg/rosidl_typesupport_fastrtps_cpp__visibility_control.h
[2.520s] -- Up-to-date symlink: /home/rafal/kalman_ws/src/kalman_robot/install/kalman_interfaces/include/kalman_interfaces/kalman_interfaces/srv/detail/calibrate_compass__rosidl_typesupport_fastrtps_cpp.hpp
[2.521s] -- Up-to-date symlink: /home/rafal/kalman_ws/src/kalman_robot/install/kalman_interfaces/include/kalman_interfaces/kalman_interfaces/srv/detail/set_ueuos_color__rosidl_typesupport_fastrtps_cpp.hpp
[2.521s] -- Up-to-date symlink: /home/rafal/kalman_ws/src/kalman_robot/install/kalman_interfaces/include/kalman_interfaces/kalman_interfaces/srv/detail/set_ueuos_effect__rosidl_typesupport_fastrtps_cpp.hpp
[2.522s] -- Up-to-date symlink: /home/rafal/kalman_ws/src/kalman_robot/install/kalman_interfaces/include/kalman_interfaces/kalman_interfaces/srv/detail/set_ueuos_mode__rosidl_typesupport_fastrtps_cpp.hpp
[2.522s] -- Up-to-date symlink: /home/rafal/kalman_ws/src/kalman_robot/install/kalman_interfaces/include/kalman_interfaces/kalman_interfaces/msg/detail/gps_tag__rosidl_typesupport_introspection_cpp.hpp
[2.522s] -- Up-to-date symlink: /home/rafal/kalman_ws/src/kalman_robot/install/kalman_interfaces/include/kalman_interfaces/kalman_interfaces/msg/detail/gps_tag_array__rosidl_typesupport_introspection_cpp.hpp
[2.522s] -- Up-to-date symlink: /home/rafal/kalman_ws/src/kalman_robot/install/kalman_interfaces/include/kalman_interfaces/kalman_interfaces/msg/detail/master_message__rosidl_typesupport_introspection_cpp.hpp
[2.522s] -- Up-to-date symlink: /home/rafal/kalman_ws/src/kalman_robot/install/kalman_interfaces/include/kalman_interfaces/kalman_interfaces/msg/detail/wheel_state__rosidl_typesupport_introspection_cpp.hpp
[2.522s] -- Up-to-date symlink: /home/rafal/kalman_ws/src/kalman_robot/install/kalman_interfaces/include/kalman_interfaces/kalman_interfaces/msg/detail/wheel_states__rosidl_typesupport_introspection_cpp.hpp
[2.523s] -- Up-to-date symlink: /home/rafal/kalman_ws/src/kalman_robot/install/kalman_interfaces/include/kalman_interfaces/kalman_interfaces/srv/detail/calibrate_compass__rosidl_typesupport_introspection_cpp.hpp
[2.523s] -- Up-to-date symlink: /home/rafal/kalman_ws/src/kalman_robot/install/kalman_interfaces/include/kalman_interfaces/kalman_interfaces/srv/detail/set_ueuos_color__rosidl_typesupport_introspection_cpp.hpp
[2.523s] -- Up-to-date symlink: /home/rafal/kalman_ws/src/kalman_robot/install/kalman_interfaces/include/kalman_interfaces/kalman_interfaces/srv/detail/set_ueuos_effect__rosidl_typesupport_introspection_cpp.hpp
[2.523s] -- Up-to-date symlink: /home/rafal/kalman_ws/src/kalman_robot/install/kalman_interfaces/include/kalman_interfaces/kalman_interfaces/srv/detail/set_ueuos_mode__rosidl_typesupport_introspection_cpp.hpp
[2.523s] -- Up-to-date symlink: /home/rafal/kalman_ws/src/kalman_robot/install/kalman_interfaces/share/kalman_interfaces/environment/pythonpath.sh
[2.524s] -- Up-to-date symlink: /home/rafal/kalman_ws/src/kalman_robot/install/kalman_interfaces/share/kalman_interfaces/environment/pythonpath.dsv
[2.524s] -- Up-to-date symlink: /home/rafal/kalman_ws/src/kalman_robot/install/kalman_interfaces/local/lib/python3.10/dist-packages/kalman_interfaces-0.0.0-py3.10.egg-info/PKG-INFO
[2.524s] -- Up-to-date symlink: /home/rafal/kalman_ws/src/kalman_robot/install/kalman_interfaces/local/lib/python3.10/dist-packages/kalman_interfaces-0.0.0-py3.10.egg-info/SOURCES.txt
[2.524s] -- Up-to-date symlink: /home/rafal/kalman_ws/src/kalman_robot/install/kalman_interfaces/local/lib/python3.10/dist-packages/kalman_interfaces-0.0.0-py3.10.egg-info/dependency_links.txt
[2.524s] -- Up-to-date symlink: /home/rafal/kalman_ws/src/kalman_robot/install/kalman_interfaces/local/lib/python3.10/dist-packages/kalman_interfaces-0.0.0-py3.10.egg-info/top_level.txt
[2.524s] -- Up-to-date symlink: /home/rafal/kalman_ws/src/kalman_robot/install/kalman_interfaces/local/lib/python3.10/dist-packages/kalman_interfaces/__init__.py
[2.525s] -- Up-to-date symlink: /home/rafal/kalman_ws/src/kalman_robot/install/kalman_interfaces/local/lib/python3.10/dist-packages/kalman_interfaces/_kalman_interfaces_s.ep.rosidl_typesupport_c.c
[2.525s] -- Up-to-date symlink: /home/rafal/kalman_ws/src/kalman_robot/install/kalman_interfaces/local/lib/python3.10/dist-packages/kalman_interfaces/_kalman_interfaces_s.ep.rosidl_typesupport_fastrtps_c.c
[2.525s] -- Up-to-date symlink: /home/rafal/kalman_ws/src/kalman_robot/install/kalman_interfaces/local/lib/python3.10/dist-packages/kalman_interfaces/_kalman_interfaces_s.ep.rosidl_typesupport_introspection_c.c
[2.525s] -- Up-to-date symlink: /home/rafal/kalman_ws/src/kalman_robot/install/kalman_interfaces/local/lib/python3.10/dist-packages/kalman_interfaces/kalman_interfaces_s__rosidl_typesupport_c.cpython-310-x86_64-linux-gnu.so
[2.526s] -- Up-to-date symlink: /home/rafal/kalman_ws/src/kalman_robot/install/kalman_interfaces/local/lib/python3.10/dist-packages/kalman_interfaces/kalman_interfaces_s__rosidl_typesupport_fastrtps_c.cpython-310-x86_64-linux-gnu.so
[2.526s] -- Up-to-date symlink: /home/rafal/kalman_ws/src/kalman_robot/install/kalman_interfaces/local/lib/python3.10/dist-packages/kalman_interfaces/kalman_interfaces_s__rosidl_typesupport_introspection_c.cpython-310-x86_64-linux-gnu.so
[2.526s] -- Up-to-date symlink: /home/rafal/kalman_ws/src/kalman_robot/install/kalman_interfaces/local/lib/python3.10/dist-packages/kalman_interfaces/libkalman_interfaces__rosidl_generator_py.so
[2.526s] -- Up-to-date symlink: /home/rafal/kalman_ws/src/kalman_robot/install/kalman_interfaces/local/lib/python3.10/dist-packages/kalman_interfaces/msg/__init__.py
[2.526s] -- Up-to-date symlink: /home/rafal/kalman_ws/src/kalman_robot/install/kalman_interfaces/local/lib/python3.10/dist-packages/kalman_interfaces/msg/_gps_tag.py
[2.526s] -- Up-to-date symlink: /home/rafal/kalman_ws/src/kalman_robot/install/kalman_interfaces/local/lib/python3.10/dist-packages/kalman_interfaces/msg/_gps_tag_array.py
[2.527s] -- Up-to-date symlink: /home/rafal/kalman_ws/src/kalman_robot/install/kalman_interfaces/local/lib/python3.10/dist-packages/kalman_interfaces/msg/_gps_tag_array_s.c
[2.527s] -- Up-to-date symlink: /home/rafal/kalman_ws/src/kalman_robot/install/kalman_interfaces/local/lib/python3.10/dist-packages/kalman_interfaces/msg/_gps_tag_s.c
[2.527s] -- Up-to-date symlink: /home/rafal/kalman_ws/src/kalman_robot/install/kalman_interfaces/local/lib/python3.10/dist-packages/kalman_interfaces/msg/_master_message.py
[2.527s] -- Up-to-date symlink: /home/rafal/kalman_ws/src/kalman_robot/install/kalman_interfaces/local/lib/python3.10/dist-packages/kalman_interfaces/msg/_master_message_s.c
[2.527s] -- Up-to-date symlink: /home/rafal/kalman_ws/src/kalman_robot/install/kalman_interfaces/local/lib/python3.10/dist-packages/kalman_interfaces/msg/_wheel_state.py
[2.528s] -- Up-to-date symlink: /home/rafal/kalman_ws/src/kalman_robot/install/kalman_interfaces/local/lib/python3.10/dist-packages/kalman_interfaces/msg/_wheel_state_s.c
[2.528s] -- Up-to-date symlink: /home/rafal/kalman_ws/src/kalman_robot/install/kalman_interfaces/local/lib/python3.10/dist-packages/kalman_interfaces/msg/_wheel_states.py
[2.528s] -- Up-to-date symlink: /home/rafal/kalman_ws/src/kalman_robot/install/kalman_interfaces/local/lib/python3.10/dist-packages/kalman_interfaces/msg/_wheel_states_s.c
[2.528s] -- Up-to-date symlink: /home/rafal/kalman_ws/src/kalman_robot/install/kalman_interfaces/local/lib/python3.10/dist-packages/kalman_interfaces/srv/__init__.py
[2.528s] -- Up-to-date symlink: /home/rafal/kalman_ws/src/kalman_robot/install/kalman_interfaces/local/lib/python3.10/dist-packages/kalman_interfaces/srv/_calibrate_compass.py
[2.528s] -- Up-to-date symlink: /home/rafal/kalman_ws/src/kalman_robot/install/kalman_interfaces/local/lib/python3.10/dist-packages/kalman_interfaces/srv/_calibrate_compass_s.c
[2.529s] -- Up-to-date symlink: /home/rafal/kalman_ws/src/kalman_robot/install/kalman_interfaces/local/lib/python3.10/dist-packages/kalman_interfaces/srv/_set_ueuos_color.py
[2.529s] -- Up-to-date symlink: /home/rafal/kalman_ws/src/kalman_robot/install/kalman_interfaces/local/lib/python3.10/dist-packages/kalman_interfaces/srv/_set_ueuos_color_s.c
[2.529s] -- Up-to-date symlink: /home/rafal/kalman_ws/src/kalman_robot/install/kalman_interfaces/local/lib/python3.10/dist-packages/kalman_interfaces/srv/_set_ueuos_effect.py
[2.529s] -- Up-to-date symlink: /home/rafal/kalman_ws/src/kalman_robot/install/kalman_interfaces/local/lib/python3.10/dist-packages/kalman_interfaces/srv/_set_ueuos_effect_s.c
[2.530s] -- Up-to-date symlink: /home/rafal/kalman_ws/src/kalman_robot/install/kalman_interfaces/local/lib/python3.10/dist-packages/kalman_interfaces/srv/_set_ueuos_mode.py
[2.530s] -- Up-to-date symlink: /home/rafal/kalman_ws/src/kalman_robot/install/kalman_interfaces/local/lib/python3.10/dist-packages/kalman_interfaces/srv/_set_ueuos_mode_s.c
[2.530s] -- Up-to-date symlink: /home/rafal/kalman_ws/src/kalman_robot/install/kalman_interfaces/local/lib/python3.10/dist-packages/kalman_interfaces/kalman_interfaces_s__rosidl_typesupport_fastrtps_c.cpython-310-x86_64-linux-gnu.so
[2.530s] -- Up-to-date symlink: /home/rafal/kalman_ws/src/kalman_robot/install/kalman_interfaces/local/lib/python3.10/dist-packages/kalman_interfaces/kalman_interfaces_s__rosidl_typesupport_introspection_c.cpython-310-x86_64-linux-gnu.so
[2.531s] -- Up-to-date symlink: /home/rafal/kalman_ws/src/kalman_robot/install/kalman_interfaces/local/lib/python3.10/dist-packages/kalman_interfaces/kalman_interfaces_s__rosidl_typesupport_c.cpython-310-x86_64-linux-gnu.so
[2.531s] -- Up-to-date symlink: /home/rafal/kalman_ws/src/kalman_robot/install/kalman_interfaces/share/kalman_interfaces/msg/GpsTagArray.idl
[2.531s] -- Up-to-date symlink: /home/rafal/kalman_ws/src/kalman_robot/install/kalman_interfaces/share/kalman_interfaces/msg/GpsTag.idl
[2.531s] -- Up-to-date symlink: /home/rafal/kalman_ws/src/kalman_robot/install/kalman_interfaces/share/kalman_interfaces/msg/MasterMessage.idl
[2.531s] -- Up-to-date symlink: /home/rafal/kalman_ws/src/kalman_robot/install/kalman_interfaces/share/kalman_interfaces/msg/WheelState.idl
[2.531s] -- Up-to-date symlink: /home/rafal/kalman_ws/src/kalman_robot/install/kalman_interfaces/share/kalman_interfaces/msg/WheelStates.idl
[2.532s] -- Up-to-date symlink: /home/rafal/kalman_ws/src/kalman_robot/install/kalman_interfaces/share/kalman_interfaces/srv/CalibrateCompass.idl
[2.532s] -- Up-to-date symlink: /home/rafal/kalman_ws/src/kalman_robot/install/kalman_interfaces/share/kalman_interfaces/srv/SetUeuosColor.idl
[2.532s] -- Up-to-date symlink: /home/rafal/kalman_ws/src/kalman_robot/install/kalman_interfaces/share/kalman_interfaces/srv/SetUeuosEffect.idl
[2.532s] -- Up-to-date symlink: /home/rafal/kalman_ws/src/kalman_robot/install/kalman_interfaces/share/kalman_interfaces/srv/SetUeuosMode.idl
[2.532s] -- Up-to-date symlink: /home/rafal/kalman_ws/src/kalman_robot/install/kalman_interfaces/share/kalman_interfaces/msg/GpsTagArray.msg
[2.533s] -- Up-to-date symlink: /home/rafal/kalman_ws/src/kalman_robot/install/kalman_interfaces/share/kalman_interfaces/msg/GpsTag.msg
[2.533s] -- Up-to-date symlink: /home/rafal/kalman_ws/src/kalman_robot/install/kalman_interfaces/share/kalman_interfaces/msg/MasterMessage.msg
[2.533s] -- Up-to-date symlink: /home/rafal/kalman_ws/src/kalman_robot/install/kalman_interfaces/share/kalman_interfaces/msg/WheelState.msg
[2.533s] -- Up-to-date symlink: /home/rafal/kalman_ws/src/kalman_robot/install/kalman_interfaces/share/kalman_interfaces/msg/WheelStates.msg
[2.534s] -- Up-to-date symlink: /home/rafal/kalman_ws/src/kalman_robot/install/kalman_interfaces/share/kalman_interfaces/srv/CalibrateCompass.srv
[2.534s] -- Up-to-date symlink: /home/rafal/kalman_ws/src/kalman_robot/install/kalman_interfaces/share/kalman_interfaces/srv/CalibrateCompass_Request.msg
[2.534s] -- Up-to-date symlink: /home/rafal/kalman_ws/src/kalman_robot/install/kalman_interfaces/share/kalman_interfaces/srv/CalibrateCompass_Response.msg
[2.534s] -- Up-to-date symlink: /home/rafal/kalman_ws/src/kalman_robot/install/kalman_interfaces/share/kalman_interfaces/srv/SetUeuosColor.srv
[2.534s] -- Up-to-date symlink: /home/rafal/kalman_ws/src/kalman_robot/install/kalman_interfaces/share/kalman_interfaces/srv/SetUeuosColor_Request.msg
[2.535s] -- Up-to-date symlink: /home/rafal/kalman_ws/src/kalman_robot/install/kalman_interfaces/share/kalman_interfaces/srv/SetUeuosColor_Response.msg
[2.535s] -- Up-to-date symlink: /home/rafal/kalman_ws/src/kalman_robot/install/kalman_interfaces/share/kalman_interfaces/srv/SetUeuosEffect.srv
[2.535s] -- Up-to-date symlink: /home/rafal/kalman_ws/src/kalman_robot/install/kalman_interfaces/share/kalman_interfaces/srv/SetUeuosEffect_Request.msg
[2.535s] -- Up-to-date symlink: /home/rafal/kalman_ws/src/kalman_robot/install/kalman_interfaces/share/kalman_interfaces/srv/SetUeuosEffect_Response.msg
[2.535s] -- Up-to-date symlink: /home/rafal/kalman_ws/src/kalman_robot/install/kalman_interfaces/share/kalman_interfaces/srv/SetUeuosMode.srv
[2.535s] -- Up-to-date symlink: /home/rafal/kalman_ws/src/kalman_robot/install/kalman_interfaces/share/kalman_interfaces/srv/SetUeuosMode_Request.msg
[2.536s] -- Up-to-date symlink: /home/rafal/kalman_ws/src/kalman_robot/install/kalman_interfaces/share/kalman_interfaces/srv/SetUeuosMode_Response.msg
[2.536s] -- Up-to-date symlink: /home/rafal/kalman_ws/src/kalman_robot/install/kalman_interfaces/share/ament_index/resource_index/package_run_dependencies/kalman_interfaces
[2.536s] -- Up-to-date symlink: /home/rafal/kalman_ws/src/kalman_robot/install/kalman_interfaces/share/ament_index/resource_index/parent_prefix_path/kalman_interfaces
[2.536s] -- Up-to-date symlink: /home/rafal/kalman_ws/src/kalman_robot/install/kalman_interfaces/share/kalman_interfaces/environment/ament_prefix_path.sh
[2.536s] -- Up-to-date symlink: /home/rafal/kalman_ws/src/kalman_robot/install/kalman_interfaces/share/kalman_interfaces/environment/ament_prefix_path.dsv
[2.537s] -- Up-to-date symlink: /home/rafal/kalman_ws/src/kalman_robot/install/kalman_interfaces/share/kalman_interfaces/environment/path.sh
[2.537s] -- Up-to-date symlink: /home/rafal/kalman_ws/src/kalman_robot/install/kalman_interfaces/share/kalman_interfaces/environment/path.dsv
[2.537s] -- Up-to-date symlink: /home/rafal/kalman_ws/src/kalman_robot/install/kalman_interfaces/share/kalman_interfaces/local_setup.bash
[2.538s] -- Up-to-date symlink: /home/rafal/kalman_ws/src/kalman_robot/install/kalman_interfaces/share/kalman_interfaces/local_setup.sh
[2.538s] -- Up-to-date symlink: /home/rafal/kalman_ws/src/kalman_robot/install/kalman_interfaces/share/kalman_interfaces/local_setup.zsh
[2.539s] -- Up-to-date symlink: /home/rafal/kalman_ws/src/kalman_robot/install/kalman_interfaces/share/kalman_interfaces/local_setup.dsv
[2.539s] -- Symlinking: /home/rafal/kalman_ws/src/kalman_robot/install/kalman_interfaces/share/kalman_interfaces/package.dsv
[2.543s] -- Up-to-date symlink: /home/rafal/kalman_ws/src/kalman_robot/install/kalman_interfaces/share/ament_index/resource_index/packages/kalman_interfaces
[2.543s] -- Up-to-date symlink: /home/rafal/kalman_ws/src/kalman_robot/install/kalman_interfaces/share/kalman_interfaces/cmake/rosidl_cmake-extras.cmake
[2.543s] -- Up-to-date symlink: /home/rafal/kalman_ws/src/kalman_robot/install/kalman_interfaces/share/kalman_interfaces/cmake/ament_cmake_export_dependencies-extras.cmake
[2.544s] -- Up-to-date symlink: /home/rafal/kalman_ws/src/kalman_robot/install/kalman_interfaces/share/kalman_interfaces/cmake/ament_cmake_export_include_directories-extras.cmake
[2.544s] -- Up-to-date symlink: /home/rafal/kalman_ws/src/kalman_robot/install/kalman_interfaces/share/kalman_interfaces/cmake/ament_cmake_export_libraries-extras.cmake
[2.544s] -- Up-to-date symlink: /home/rafal/kalman_ws/src/kalman_robot/install/kalman_interfaces/share/kalman_interfaces/cmake/ament_cmake_export_targets-extras.cmake
[2.544s] -- Up-to-date symlink: /home/rafal/kalman_ws/src/kalman_robot/install/kalman_interfaces/share/kalman_interfaces/cmake/rosidl_cmake_export_typesupport_targets-extras.cmake
[2.544s] -- Up-to-date symlink: /home/rafal/kalman_ws/src/kalman_robot/install/kalman_interfaces/share/kalman_interfaces/cmake/rosidl_cmake_export_typesupport_libraries-extras.cmake
[2.544s] -- Up-to-date symlink: /home/rafal/kalman_ws/src/kalman_robot/install/kalman_interfaces/share/kalman_interfaces/cmake/kalman_interfacesConfig.cmake
[2.545s] -- Up-to-date symlink: /home/rafal/kalman_ws/src/kalman_robot/install/kalman_interfaces/share/kalman_interfaces/cmake/kalman_interfacesConfig-version.cmake
[2.545s] -- Up-to-date symlink: /home/rafal/kalman_ws/src/kalman_robot/install/kalman_interfaces/share/kalman_interfaces/package.xml
[2.545s] -- Up-to-date: /home/rafal/kalman_ws/src/kalman_robot/install/kalman_interfaces/lib/libkalman_interfaces__rosidl_generator_c.so
[2.546s] -- Up-to-date: /home/rafal/kalman_ws/src/kalman_robot/install/kalman_interfaces/lib/libkalman_interfaces__rosidl_typesupport_fastrtps_c.so
[2.546s] -- Up-to-date: /home/rafal/kalman_ws/src/kalman_robot/install/kalman_interfaces/lib/libkalman_interfaces__rosidl_typesupport_introspection_c.so
[2.546s] -- Up-to-date: /home/rafal/kalman_ws/src/kalman_robot/install/kalman_interfaces/lib/libkalman_interfaces__rosidl_typesupport_c.so
[2.546s] -- Up-to-date: /home/rafal/kalman_ws/src/kalman_robot/install/kalman_interfaces/lib/libkalman_interfaces__rosidl_typesupport_fastrtps_cpp.so
[2.547s] -- Up-to-date: /home/rafal/kalman_ws/src/kalman_robot/install/kalman_interfaces/lib/libkalman_interfaces__rosidl_typesupport_introspection_cpp.so
[2.547s] -- Up-to-date: /home/rafal/kalman_ws/src/kalman_robot/install/kalman_interfaces/lib/libkalman_interfaces__rosidl_typesupport_cpp.so
[2.600s] Listing '/home/rafal/kalman_ws/src/kalman_robot/install/kalman_interfaces/local/lib/python3.10/dist-packages/kalman_interfaces'...
[2.600s] Listing '/home/rafal/kalman_ws/src/kalman_robot/install/kalman_interfaces/local/lib/python3.10/dist-packages/kalman_interfaces/msg'...
[2.600s] Listing '/home/rafal/kalman_ws/src/kalman_robot/install/kalman_interfaces/local/lib/python3.10/dist-packages/kalman_interfaces/srv'...
[2.608s] -- Up-to-date: /home/rafal/kalman_ws/src/kalman_robot/install/kalman_interfaces/lib/libkalman_interfaces__rosidl_generator_py.so
[2.608s] -- Up-to-date: /home/rafal/kalman_ws/src/kalman_robot/install/kalman_interfaces/share/kalman_interfaces/cmake/export_kalman_interfaces__rosidl_generator_cExport.cmake
[2.608s] -- Up-to-date: /home/rafal/kalman_ws/src/kalman_robot/install/kalman_interfaces/share/kalman_interfaces/cmake/export_kalman_interfaces__rosidl_generator_cExport-noconfig.cmake
[2.609s] -- Up-to-date: /home/rafal/kalman_ws/src/kalman_robot/install/kalman_interfaces/share/kalman_interfaces/cmake/export_kalman_interfaces__rosidl_typesupport_fastrtps_cExport.cmake
[2.610s] -- Up-to-date: /home/rafal/kalman_ws/src/kalman_robot/install/kalman_interfaces/share/kalman_interfaces/cmake/export_kalman_interfaces__rosidl_typesupport_fastrtps_cExport-noconfig.cmake
[2.610s] -- Up-to-date: /home/rafal/kalman_ws/src/kalman_robot/install/kalman_interfaces/share/kalman_interfaces/cmake/kalman_interfaces__rosidl_typesupport_introspection_cExport.cmake
[2.611s] -- Up-to-date: /home/rafal/kalman_ws/src/kalman_robot/install/kalman_interfaces/share/kalman_interfaces/cmake/kalman_interfaces__rosidl_typesupport_introspection_cExport-noconfig.cmake
[2.611s] -- Up-to-date: /home/rafal/kalman_ws/src/kalman_robot/install/kalman_interfaces/share/kalman_interfaces/cmake/kalman_interfaces__rosidl_typesupport_cExport.cmake
[2.611s] -- Up-to-date: /home/rafal/kalman_ws/src/kalman_robot/install/kalman_interfaces/share/kalman_interfaces/cmake/kalman_interfaces__rosidl_typesupport_cExport-noconfig.cmake
[2.611s] -- Up-to-date: /home/rafal/kalman_ws/src/kalman_robot/install/kalman_interfaces/share/kalman_interfaces/cmake/export_kalman_interfaces__rosidl_generator_cppExport.cmake
[2.612s] -- Up-to-date: /home/rafal/kalman_ws/src/kalman_robot/install/kalman_interfaces/share/kalman_interfaces/cmake/export_kalman_interfaces__rosidl_typesupport_fastrtps_cppExport.cmake
[2.612s] -- Up-to-date: /home/rafal/kalman_ws/src/kalman_robot/install/kalman_interfaces/share/kalman_interfaces/cmake/export_kalman_interfaces__rosidl_typesupport_fastrtps_cppExport-noconfig.cmake
[2.612s] -- Up-to-date: /home/rafal/kalman_ws/src/kalman_robot/install/kalman_interfaces/share/kalman_interfaces/cmake/kalman_interfaces__rosidl_typesupport_introspection_cppExport.cmake
[2.612s] -- Up-to-date: /home/rafal/kalman_ws/src/kalman_robot/install/kalman_interfaces/share/kalman_interfaces/cmake/kalman_interfaces__rosidl_typesupport_introspection_cppExport-noconfig.cmake
[2.613s] -- Up-to-date: /home/rafal/kalman_ws/src/kalman_robot/install/kalman_interfaces/share/kalman_interfaces/cmake/kalman_interfaces__rosidl_typesupport_cppExport.cmake
[2.613s] -- Up-to-date: /home/rafal/kalman_ws/src/kalman_robot/install/kalman_interfaces/share/kalman_interfaces/cmake/kalman_interfaces__rosidl_typesupport_cppExport-noconfig.cmake
[2.613s] -- Up-to-date: /home/rafal/kalman_ws/src/kalman_robot/install/kalman_interfaces/share/kalman_interfaces/cmake/export_kalman_interfaces__rosidl_generator_pyExport.cmake
[2.613s] -- Up-to-date: /home/rafal/kalman_ws/src/kalman_robot/install/kalman_interfaces/share/kalman_interfaces/cmake/export_kalman_interfaces__rosidl_generator_pyExport-noconfig.cmake
[2.994s] Invoked command in '/home/rafal/kalman_ws/src/kalman_robot/build/kalman_interfaces' returned '0': CMAKE_PREFIX_PATH=/home/rafal/dev_ws/install/my_robot:/opt/ros/humble /usr/bin/cmake --install /home/rafal/kalman_ws/src/kalman_robot/build/kalman_interfaces
