[3.569s] Invoking command in '/home/rafal/kalman_ws/src/kalman_robot/build/kalman_drivers': PYTHONPATH=/home/rafal/kalman_ws/src/kalman_robot/build/kalman_drivers/prefix_override:/home/rafal/kalman_ws/src/kalman_robot/install/kalman_drivers/lib/python3.10/site-packages:${PYTHONPATH} /usr/bin/python3 setup.py develop --editable --build-directory /home/rafal/kalman_ws/src/kalman_robot/build/kalman_drivers/build --no-deps install_data
[5.469s] running develop
[6.025s] running egg_info
[6.026s] creating kalman_drivers.egg-info
[6.027s] writing kalman_drivers.egg-info/PKG-INFO
[6.028s] writing dependency_links to kalman_drivers.egg-info/dependency_links.txt
[6.029s] writing entry points to kalman_drivers.egg-info/entry_points.txt
[6.029s] writing top-level names to kalman_drivers.egg-info/top_level.txt
[6.031s] writing manifest file 'kalman_drivers.egg-info/SOURCES.txt'
[6.036s] reading manifest file 'kalman_drivers.egg-info/SOURCES.txt'
[6.038s] writing manifest file 'kalman_drivers.egg-info/SOURCES.txt'
[6.041s] running build_ext
[6.042s] Creating /home/rafal/kalman_ws/src/kalman_robot/install/kalman_drivers/lib/python3.10/site-packages/kalman-drivers.egg-link (link to .)
[6.044s] Installing compasscal script to /home/rafal/kalman_ws/src/kalman_robot/install/kalman_drivers/lib/kalman_drivers
[6.045s] 
[6.045s] Installed /home/rafal/kalman_ws/src/kalman_robot/build/kalman_drivers
[6.046s] running install_data
[6.046s] creating /home/rafal/kalman_ws/src/kalman_robot/install/kalman_drivers/share/ament_index
[6.046s] creating /home/rafal/kalman_ws/src/kalman_robot/install/kalman_drivers/share/ament_index/resource_index
[6.047s] creating /home/rafal/kalman_ws/src/kalman_robot/install/kalman_drivers/share/ament_index/resource_index/packages
[6.047s] copying resource/kalman_drivers -> /home/rafal/kalman_ws/src/kalman_robot/install/kalman_drivers/share/ament_index/resource_index/packages
[6.048s] copying package.xml -> /home/rafal/kalman_ws/src/kalman_robot/install/kalman_drivers/share/kalman_drivers
[6.058s] copying compasscal_build/compasscal -> /home/rafal/kalman_ws/src/kalman_robot/install/kalman_drivers/share/kalman_drivers
[6.058s] creating /home/rafal/kalman_ws/src/kalman_robot/install/kalman_drivers/share/kalman_drivers/launch
[6.058s] copying launch/drivers.launch.py -> /home/rafal/kalman_ws/src/kalman_robot/install/kalman_drivers/share/kalman_drivers/launch
[6.058s] creating /home/rafal/kalman_ws/src/kalman_robot/install/kalman_drivers/share/kalman_drivers/param
[6.059s] copying param/phidgets_spatial.yaml -> /home/rafal/kalman_ws/src/kalman_robot/install/kalman_drivers/share/kalman_drivers/param
[6.059s] copying param/realsense2_camera.yaml -> /home/rafal/kalman_ws/src/kalman_robot/install/kalman_drivers/share/kalman_drivers/param
[6.059s] copying param/imu_filter_madgwick.yaml -> /home/rafal/kalman_ws/src/kalman_robot/install/kalman_drivers/share/kalman_drivers/param
[6.154s] Invoked command in '/home/rafal/kalman_ws/src/kalman_robot/build/kalman_drivers' returned '0': PYTHONPATH=/home/rafal/kalman_ws/src/kalman_robot/build/kalman_drivers/prefix_override:/home/rafal/kalman_ws/src/kalman_robot/install/kalman_drivers/lib/python3.10/site-packages:${PYTHONPATH} /usr/bin/python3 setup.py develop --editable --build-directory /home/rafal/kalman_ws/src/kalman_robot/build/kalman_drivers/build --no-deps install_data
