running egg_info
creating ../build/kalman_drivers/kalman_drivers.egg-info
writing ../build/kalman_drivers/kalman_drivers.egg-info/PKG-INFO
writing dependency_links to ../build/kalman_drivers/kalman_drivers.egg-info/dependency_links.txt
writing top-level names to ../build/kalman_drivers/kalman_drivers.egg-info/top_level.txt
writing manifest file '../build/kalman_drivers/kalman_drivers.egg-info/SOURCES.txt'
reading manifest file '../build/kalman_drivers/kalman_drivers.egg-info/SOURCES.txt'
writing manifest file '../build/kalman_drivers/kalman_drivers.egg-info/SOURCES.txt'
running build
running install
running install_data
creating /home/rafal/.ssh/kalman_ws/src/kalman_robot/install/kalman_drivers/share/ament_index
creating /home/rafal/.ssh/kalman_ws/src/kalman_robot/install/kalman_drivers/share/ament_index/resource_index
creating /home/rafal/.ssh/kalman_ws/src/kalman_robot/install/kalman_drivers/share/ament_index/resource_index/packages
copying resource/kalman_drivers -> /home/rafal/.ssh/kalman_ws/src/kalman_robot/install/kalman_drivers/share/ament_index/resource_index/packages
copying package.xml -> /home/rafal/.ssh/kalman_ws/src/kalman_robot/install/kalman_drivers/share/kalman_drivers
creating /home/rafal/.ssh/kalman_ws/src/kalman_robot/install/kalman_drivers/share/kalman_drivers/launch
copying launch/drivers.launch.py -> /home/rafal/.ssh/kalman_ws/src/kalman_robot/install/kalman_drivers/share/kalman_drivers/launch
creating /home/rafal/.ssh/kalman_ws/src/kalman_robot/install/kalman_drivers/share/kalman_drivers/param
copying param/realsense.yaml -> /home/rafal/.ssh/kalman_ws/src/kalman_robot/install/kalman_drivers/share/kalman_drivers/param
running install_egg_info
Copying ../build/kalman_drivers/kalman_drivers.egg-info to /home/rafal/.ssh/kalman_ws/src/kalman_robot/install/kalman_drivers/lib/python3.10/site-packages/kalman_drivers-0.0.0-py3.10.egg-info
running install_scripts
writing list of installed files to '/home/rafal/.ssh/kalman_ws/src/kalman_robot/build/kalman_drivers/install.log'
