[1.488s] Invoking command in '/home/rafal/.ssh/kalman_ws/src/kalman_robot/kalman_drivers': PYTHONPATH=/home/rafal/.ssh/kalman_ws/src/kalman_robot/build/kalman_drivers/prefix_override:/home/rafal/.ssh/kalman_ws/src/kalman_robot/install/kalman_drivers/lib/python3.10/site-packages:${PYTHONPATH} /usr/bin/python3 setup.py egg_info --egg-base ../build/kalman_drivers build --build-base /home/rafal/.ssh/kalman_ws/src/kalman_robot/build/kalman_drivers/build install --record /home/rafal/.ssh/kalman_ws/src/kalman_robot/build/kalman_drivers/install.log --single-version-externally-managed
[1.764s] running egg_info
[1.765s] creating ../build/kalman_drivers/kalman_drivers.egg-info
[1.765s] writing ../build/kalman_drivers/kalman_drivers.egg-info/PKG-INFO
[1.765s] writing dependency_links to ../build/kalman_drivers/kalman_drivers.egg-info/dependency_links.txt
[1.765s] writing top-level names to ../build/kalman_drivers/kalman_drivers.egg-info/top_level.txt
[1.765s] writing manifest file '../build/kalman_drivers/kalman_drivers.egg-info/SOURCES.txt'
[1.766s] reading manifest file '../build/kalman_drivers/kalman_drivers.egg-info/SOURCES.txt'
[1.767s] writing manifest file '../build/kalman_drivers/kalman_drivers.egg-info/SOURCES.txt'
[1.767s] running build
[1.767s] running install
[1.767s] running install_data
[1.767s] creating /home/rafal/.ssh/kalman_ws/src/kalman_robot/install/kalman_drivers/share/ament_index
[1.768s] creating /home/rafal/.ssh/kalman_ws/src/kalman_robot/install/kalman_drivers/share/ament_index/resource_index
[1.768s] creating /home/rafal/.ssh/kalman_ws/src/kalman_robot/install/kalman_drivers/share/ament_index/resource_index/packages
[1.768s] copying resource/kalman_drivers -> /home/rafal/.ssh/kalman_ws/src/kalman_robot/install/kalman_drivers/share/ament_index/resource_index/packages
[1.768s] copying package.xml -> /home/rafal/.ssh/kalman_ws/src/kalman_robot/install/kalman_drivers/share/kalman_drivers
[1.768s] creating /home/rafal/.ssh/kalman_ws/src/kalman_robot/install/kalman_drivers/share/kalman_drivers/launch
[1.768s] copying launch/drivers.launch.py -> /home/rafal/.ssh/kalman_ws/src/kalman_robot/install/kalman_drivers/share/kalman_drivers/launch
[1.768s] creating /home/rafal/.ssh/kalman_ws/src/kalman_robot/install/kalman_drivers/share/kalman_drivers/param
[1.768s] copying param/realsense.yaml -> /home/rafal/.ssh/kalman_ws/src/kalman_robot/install/kalman_drivers/share/kalman_drivers/param
[1.768s] running install_egg_info
[1.770s] Copying ../build/kalman_drivers/kalman_drivers.egg-info to /home/rafal/.ssh/kalman_ws/src/kalman_robot/install/kalman_drivers/lib/python3.10/site-packages/kalman_drivers-0.0.0-py3.10.egg-info
[1.771s] running install_scripts
[1.791s] writing list of installed files to '/home/rafal/.ssh/kalman_ws/src/kalman_robot/build/kalman_drivers/install.log'
