running develop
running egg_info
creating kalman_supervisor.egg-info
writing kalman_supervisor.egg-info/PKG-INFO
writing dependency_links to kalman_supervisor.egg-info/dependency_links.txt
writing entry points to kalman_supervisor.egg-info/entry_points.txt
writing top-level names to kalman_supervisor.egg-info/top_level.txt
writing manifest file 'kalman_supervisor.egg-info/SOURCES.txt'
reading manifest file 'kalman_supervisor.egg-info/SOURCES.txt'
writing manifest file 'kalman_supervisor.egg-info/SOURCES.txt'
running build_ext
Creating /home/rafal/kalman_ws/src/kalman_robot/install/kalman_supervisor/lib/python3.10/site-packages/kalman-supervisor.egg-link (link to .)
Installing supervisor_node script to /home/rafal/kalman_ws/src/kalman_robot/install/kalman_supervisor/lib/kalman_supervisor

Installed /home/rafal/kalman_ws/src/kalman_robot/build/kalman_supervisor
running install_data
creating /home/rafal/kalman_ws/src/kalman_robot/install/kalman_supervisor/share/ament_index
creating /home/rafal/kalman_ws/src/kalman_robot/install/kalman_supervisor/share/ament_index/resource_index
creating /home/rafal/kalman_ws/src/kalman_robot/install/kalman_supervisor/share/ament_index/resource_index/packages
copying resource/kalman_supervisor -> /home/rafal/kalman_ws/src/kalman_robot/install/kalman_supervisor/share/ament_index/resource_index/packages
copying package.xml -> /home/rafal/kalman_ws/src/kalman_robot/install/kalman_supervisor/share/kalman_supervisor
creating /home/rafal/kalman_ws/src/kalman_robot/install/kalman_supervisor/share/kalman_supervisor/launch
copying launch/supervisor.launch.py -> /home/rafal/kalman_ws/src/kalman_robot/install/kalman_supervisor/share/kalman_supervisor/launch
