[3.315s] Invoking command in '/home/rafal/kalman_ws/src/kalman_robot/build/kalman_supervisor': PYTHONPATH=/home/rafal/kalman_ws/src/kalman_robot/build/kalman_supervisor/prefix_override:/home/rafal/kalman_ws/src/kalman_robot/install/kalman_supervisor/lib/python3.10/site-packages:${PYTHONPATH} /usr/bin/python3 setup.py develop --editable --build-directory /home/rafal/kalman_ws/src/kalman_robot/build/kalman_supervisor/build --no-deps install_data
[3.873s] running develop
[4.196s] running egg_info
[4.197s] creating kalman_supervisor.egg-info
[4.197s] writing kalman_supervisor.egg-info/PKG-INFO
[4.197s] writing dependency_links to kalman_supervisor.egg-info/dependency_links.txt
[4.198s] writing entry points to kalman_supervisor.egg-info/entry_points.txt
[4.198s] writing top-level names to kalman_supervisor.egg-info/top_level.txt
[4.198s] writing manifest file 'kalman_supervisor.egg-info/SOURCES.txt'
[4.199s] reading manifest file 'kalman_supervisor.egg-info/SOURCES.txt'
[4.200s] writing manifest file 'kalman_supervisor.egg-info/SOURCES.txt'
[4.203s] running build_ext
[4.204s] Creating /home/rafal/kalman_ws/src/kalman_robot/install/kalman_supervisor/lib/python3.10/site-packages/kalman-supervisor.egg-link (link to .)
[4.205s] Installing supervisor_node script to /home/rafal/kalman_ws/src/kalman_robot/install/kalman_supervisor/lib/kalman_supervisor
[4.206s] 
[4.206s] Installed /home/rafal/kalman_ws/src/kalman_robot/build/kalman_supervisor
[4.206s] running install_data
[4.207s] creating /home/rafal/kalman_ws/src/kalman_robot/install/kalman_supervisor/share/ament_index
[4.207s] creating /home/rafal/kalman_ws/src/kalman_robot/install/kalman_supervisor/share/ament_index/resource_index
[4.207s] creating /home/rafal/kalman_ws/src/kalman_robot/install/kalman_supervisor/share/ament_index/resource_index/packages
[4.207s] copying resource/kalman_supervisor -> /home/rafal/kalman_ws/src/kalman_robot/install/kalman_supervisor/share/ament_index/resource_index/packages
[4.207s] copying package.xml -> /home/rafal/kalman_ws/src/kalman_robot/install/kalman_supervisor/share/kalman_supervisor
[4.208s] creating /home/rafal/kalman_ws/src/kalman_robot/install/kalman_supervisor/share/kalman_supervisor/launch
[4.208s] copying launch/supervisor.launch.py -> /home/rafal/kalman_ws/src/kalman_robot/install/kalman_supervisor/share/kalman_supervisor/launch
[4.266s] Invoked command in '/home/rafal/kalman_ws/src/kalman_robot/build/kalman_supervisor' returned '0': PYTHONPATH=/home/rafal/kalman_ws/src/kalman_robot/build/kalman_supervisor/prefix_override:/home/rafal/kalman_ws/src/kalman_robot/install/kalman_supervisor/lib/python3.10/site-packages:${PYTHONPATH} /usr/bin/python3 setup.py develop --editable --build-directory /home/rafal/kalman_ws/src/kalman_robot/build/kalman_supervisor/build --no-deps install_data
