[0.282s] Invoking command in '/home/rafal/.ssh/kalman_ws/src/kalman_robot/build/kalman_interfaces': CMAKE_PREFIX_PATH=/home/rafal/dev_ws/install/my_robot:/opt/ros/humble /usr/bin/cmake /home/rafal/.ssh/kalman_ws/src/kalman_robot/kalman_interfaces -DCMAKE_INSTALL_PREFIX=/home/rafal/.ssh/kalman_ws/src/kalman_robot/install/kalman_interfaces
[0.994s] -- The C compiler identification is GNU 11.4.0
[0.995s] -- The CXX compiler identification is GNU 11.4.0
[0.995s] -- Detecting C compiler ABI info
[0.995s] -- Detecting C compiler ABI info - done
[0.995s] -- Check for working C compiler: /usr/bin/cc - skipped
[0.995s] -- Detecting C compile features
[0.995s] -- Detecting C compile features - done
[0.995s] -- Detecting CXX compiler ABI info
[0.996s] -- Detecting CXX compiler ABI info - done
[0.996s] -- Check for working CXX compiler: /usr/bin/c++ - skipped
[0.997s] -- Detecting CXX compile features
[0.997s] -- Detecting CXX compile features - done
[0.997s] -- Found ament_cmake: 1.3.5 (/opt/ros/humble/share/ament_cmake/cmake)
[0.997s] -- Found Python3: /usr/bin/python3.10 (found version "3.10.12") found components: Interpreter 
[0.997s] -- Found rosidl_default_generators: 1.2.0 (/opt/ros/humble/share/rosidl_default_generators/cmake)
[0.997s] -- Using all available rosidl_typesupport_c: rosidl_typesupport_fastrtps_c;rosidl_typesupport_introspection_c
[0.997s] -- Found rosidl_adapter: 3.1.5 (/opt/ros/humble/share/rosidl_adapter/cmake)
[0.997s] -- Using all available rosidl_typesupport_cpp: rosidl_typesupport_fastrtps_cpp;rosidl_typesupport_introspection_cpp
[0.997s] -- Found ament_cmake_ros: 0.10.0 (/opt/ros/humble/share/ament_cmake_ros/cmake)
[1.026s] -- Using all available rosidl_typesupport_c: rosidl_typesupport_fastrtps_c;rosidl_typesupport_introspection_c
[1.184s] -- Using all available rosidl_typesupport_cpp: rosidl_typesupport_fastrtps_cpp;rosidl_typesupport_introspection_cpp
[1.198s] -- Found PythonInterp: /usr/bin/python3 (found suitable version "3.10.12", minimum required is "3.6") 
[1.199s] -- Found python_cmake_module: 0.10.0 (/opt/ros/humble/share/python_cmake_module/cmake)
[1.218s] -- Found PythonLibs: /usr/lib/x86_64-linux-gnu/libpython3.10.so (found suitable version "3.10.12", minimum required is "3.5") 
[1.218s] -- Using PYTHON_EXECUTABLE: /usr/bin/python3
[1.218s] -- Using PYTHON_INCLUDE_DIRS: /usr/include/python3.10
[1.218s] -- Using PYTHON_LIBRARIES: /usr/lib/x86_64-linux-gnu/libpython3.10.so
[1.240s] -- Found PythonExtra: .so  
[1.281s] -- Configuring done
[1.314s] -- Generating done
[1.317s] -- Build files have been written to: /home/rafal/.ssh/kalman_ws/src/kalman_robot/build/kalman_interfaces
[1.324s] Invoked command in '/home/rafal/.ssh/kalman_ws/src/kalman_robot/build/kalman_interfaces' returned '0': CMAKE_PREFIX_PATH=/home/rafal/dev_ws/install/my_robot:/opt/ros/humble /usr/bin/cmake /home/rafal/.ssh/kalman_ws/src/kalman_robot/kalman_interfaces -DCMAKE_INSTALL_PREFIX=/home/rafal/.ssh/kalman_ws/src/kalman_robot/install/kalman_interfaces
[1.325s] Invoking command in '/home/rafal/.ssh/kalman_ws/src/kalman_robot/build/kalman_interfaces': CMAKE_PREFIX_PATH=/home/rafal/dev_ws/install/my_robot:/opt/ros/humble /usr/bin/cmake --build /home/rafal/.ssh/kalman_ws/src/kalman_robot/build/kalman_interfaces -- -j16 -l16
[1.361s] [  1%] [34m[1mGenerating C code for ROS interfaces[0m
[1.369s] [  3%] [34m[1mGenerating C++ code for ROS interfaces[0m
[1.376s] [  3%] Built target ament_cmake_python_copy_kalman_interfaces
[1.663s] running egg_info
[1.664s] creating kalman_interfaces.egg-info
[1.664s] writing kalman_interfaces.egg-info/PKG-INFO
[1.665s] writing dependency_links to kalman_interfaces.egg-info/dependency_links.txt
[1.665s] writing top-level names to kalman_interfaces.egg-info/top_level.txt
[1.665s] writing manifest file 'kalman_interfaces.egg-info/SOURCES.txt'
[1.667s] reading manifest file 'kalman_interfaces.egg-info/SOURCES.txt'
[1.667s] writing manifest file 'kalman_interfaces.egg-info/SOURCES.txt'
[1.676s] [  5%] [32mBuilding C object CMakeFiles/kalman_interfaces__rosidl_generator_c.dir/rosidl_generator_c/kalman_interfaces/msg/detail/wheel_state__functions.c.o[0m
[1.677s] [  7%] [32mBuilding C object CMakeFiles/kalman_interfaces__rosidl_generator_c.dir/rosidl_generator_c/kalman_interfaces/msg/detail/wheel_states__functions.c.o[0m
[1.680s] [ 10%] [32mBuilding C object CMakeFiles/kalman_interfaces__rosidl_generator_c.dir/rosidl_generator_c/kalman_interfaces/msg/detail/gps_tag__functions.c.o[0m
[1.680s] [ 10%] [32mBuilding C object CMakeFiles/kalman_interfaces__rosidl_generator_c.dir/rosidl_generator_c/kalman_interfaces/msg/detail/gps_tag_array__functions.c.o[0m
[1.693s] [ 10%] Built target kalman_interfaces__cpp
[1.697s] [ 10%] Built target ament_cmake_python_build_kalman_interfaces_egg
[1.702s] [ 12%] [34m[1mGenerating C++ type support for eProsima Fast-RTPS[0m
[1.702s] [ 14%] [34m[1mGenerating C++ introspection for ROS interfaces[0m
[1.703s] [ 16%] [34m[1mGenerating C++ type support dispatch for ROS interfaces[0m
[1.726s] [ 18%] [32m[1mLinking C shared library libkalman_interfaces__rosidl_generator_c.so[0m
[1.761s] [ 18%] Built target kalman_interfaces__rosidl_generator_c
[1.770s] [ 21%] [34m[1mGenerating C type support dispatch for ROS interfaces[0m
[1.770s] [ 21%] [34m[1mGenerating C type support for eProsima Fast-RTPS[0m
[1.770s] [ 23%] [34m[1mGenerating C introspection for ROS interfaces[0m
[1.893s] [ 25%] [32mBuilding CXX object CMakeFiles/kalman_interfaces__rosidl_typesupport_cpp.dir/rosidl_typesupport_cpp/kalman_interfaces/msg/gps_tag__type_support.cpp.o[0m
[1.895s] [ 27%] [32mBuilding CXX object CMakeFiles/kalman_interfaces__rosidl_typesupport_cpp.dir/rosidl_typesupport_cpp/kalman_interfaces/msg/wheel_state__type_support.cpp.o[0m
[1.895s] [ 29%] [32mBuilding CXX object CMakeFiles/kalman_interfaces__rosidl_typesupport_cpp.dir/rosidl_typesupport_cpp/kalman_interfaces/msg/wheel_states__type_support.cpp.o[0m
[1.895s] [ 30%] [32mBuilding CXX object CMakeFiles/kalman_interfaces__rosidl_typesupport_cpp.dir/rosidl_typesupport_cpp/kalman_interfaces/msg/gps_tag_array__type_support.cpp.o[0m
[1.968s] [ 34%] [32mBuilding CXX object CMakeFiles/kalman_interfaces__rosidl_typesupport_c.dir/rosidl_typesupport_c/kalman_interfaces/msg/gps_tag_array__type_support.cpp.o[0m
[1.968s] [ 34%] [32mBuilding CXX object CMakeFiles/kalman_interfaces__rosidl_typesupport_c.dir/rosidl_typesupport_c/kalman_interfaces/msg/wheel_state__type_support.cpp.o[0m
[1.968s] [ 36%] [32mBuilding CXX object CMakeFiles/kalman_interfaces__rosidl_typesupport_c.dir/rosidl_typesupport_c/kalman_interfaces/msg/wheel_states__type_support.cpp.o[0m
[1.970s] [ 38%] [32mBuilding CXX object CMakeFiles/kalman_interfaces__rosidl_typesupport_c.dir/rosidl_typesupport_c/kalman_interfaces/msg/gps_tag__type_support.cpp.o[0m
[1.976s] [ 41%] [32mBuilding CXX object CMakeFiles/kalman_interfaces__rosidl_typesupport_fastrtps_cpp.dir/rosidl_typesupport_fastrtps_cpp/kalman_interfaces/msg/detail/dds_fastrtps/wheel_states__type_support.cpp.o[0m
[1.977s] [ 41%] [32mBuilding CXX object CMakeFiles/kalman_interfaces__rosidl_typesupport_fastrtps_cpp.dir/rosidl_typesupport_fastrtps_cpp/kalman_interfaces/msg/detail/dds_fastrtps/wheel_state__type_support.cpp.o[0m
[1.977s] [ 43%] [32mBuilding CXX object CMakeFiles/kalman_interfaces__rosidl_typesupport_fastrtps_cpp.dir/rosidl_typesupport_fastrtps_cpp/kalman_interfaces/msg/detail/dds_fastrtps/gps_tag__type_support.cpp.o[0m
[1.988s] [ 45%] [32mBuilding CXX object CMakeFiles/kalman_interfaces__rosidl_typesupport_fastrtps_cpp.dir/rosidl_typesupport_fastrtps_cpp/kalman_interfaces/msg/detail/dds_fastrtps/gps_tag_array__type_support.cpp.o[0m
[2.018s] [ 47%] [32m[1mLinking CXX shared library libkalman_interfaces__rosidl_typesupport_c.so[0m
[2.032s] [ 52%] [32mBuilding C object CMakeFiles/kalman_interfaces__rosidl_typesupport_introspection_c.dir/rosidl_typesupport_introspection_c/kalman_interfaces/msg/detail/gps_tag_array__type_support.c.o[0m
[2.032s] [ 52%] [32mBuilding C object CMakeFiles/kalman_interfaces__rosidl_typesupport_introspection_c.dir/rosidl_typesupport_introspection_c/kalman_interfaces/msg/detail/wheel_state__type_support.c.o[0m
[2.032s] [ 54%] [32mBuilding C object CMakeFiles/kalman_interfaces__rosidl_typesupport_introspection_c.dir/rosidl_typesupport_introspection_c/kalman_interfaces/msg/detail/gps_tag__type_support.c.o[0m
[2.032s] [ 54%] [32mBuilding C object CMakeFiles/kalman_interfaces__rosidl_typesupport_introspection_c.dir/rosidl_typesupport_introspection_c/kalman_interfaces/msg/detail/wheel_states__type_support.c.o[0m
[2.050s] [ 56%] [32mBuilding CXX object CMakeFiles/kalman_interfaces__rosidl_typesupport_fastrtps_c.dir/rosidl_typesupport_fastrtps_c/kalman_interfaces/msg/detail/wheel_state__type_support_c.cpp.o[0m
[2.070s] [ 56%] Built target kalman_interfaces__rosidl_typesupport_c
[2.073s] [ 58%] [32m[1mLinking C shared library libkalman_interfaces__rosidl_typesupport_introspection_c.so[0m
[2.073s] [ 60%] [32mBuilding CXX object CMakeFiles/kalman_interfaces__rosidl_typesupport_fastrtps_c.dir/rosidl_typesupport_fastrtps_c/kalman_interfaces/msg/detail/wheel_states__type_support_c.cpp.o[0m
[2.073s] [ 61%] [32mBuilding CXX object CMakeFiles/kalman_interfaces__rosidl_typesupport_fastrtps_c.dir/rosidl_typesupport_fastrtps_c/kalman_interfaces/msg/detail/gps_tag__type_support_c.cpp.o[0m
[2.076s] [ 63%] [32mBuilding CXX object CMakeFiles/kalman_interfaces__rosidl_typesupport_fastrtps_c.dir/rosidl_typesupport_fastrtps_c/kalman_interfaces/msg/detail/gps_tag_array__type_support_c.cpp.o[0m
[2.089s] [ 65%] [32mBuilding CXX object CMakeFiles/kalman_interfaces__rosidl_typesupport_introspection_cpp.dir/rosidl_typesupport_introspection_cpp/kalman_interfaces/msg/detail/wheel_state__type_support.cpp.o[0m
[2.089s] [ 67%] [32mBuilding CXX object CMakeFiles/kalman_interfaces__rosidl_typesupport_introspection_cpp.dir/rosidl_typesupport_introspection_cpp/kalman_interfaces/msg/detail/gps_tag__type_support.cpp.o[0m
[2.115s] [ 69%] [32mBuilding CXX object CMakeFiles/kalman_interfaces__rosidl_typesupport_introspection_cpp.dir/rosidl_typesupport_introspection_cpp/kalman_interfaces/msg/detail/wheel_states__type_support.cpp.o[0m
[2.115s] [ 69%] Built target kalman_interfaces__rosidl_typesupport_introspection_c
[2.123s] [ 70%] [32mBuilding CXX object CMakeFiles/kalman_interfaces__rosidl_typesupport_introspection_cpp.dir/rosidl_typesupport_introspection_cpp/kalman_interfaces/msg/detail/gps_tag_array__type_support.cpp.o[0m
[2.223s] [ 72%] [32m[1mLinking CXX shared library libkalman_interfaces__rosidl_typesupport_cpp.so[0m
[2.265s] [ 72%] Built target kalman_interfaces__rosidl_typesupport_cpp
[2.403s] [ 74%] [32m[1mLinking CXX shared library libkalman_interfaces__rosidl_typesupport_fastrtps_cpp.so[0m
[2.432s] [ 76%] [32m[1mLinking CXX shared library libkalman_interfaces__rosidl_typesupport_fastrtps_c.so[0m
[2.449s] [ 76%] Built target kalman_interfaces__rosidl_typesupport_fastrtps_cpp
[2.476s] [ 76%] Built target kalman_interfaces__rosidl_typesupport_fastrtps_c
[2.496s] [ 78%] [32m[1mLinking CXX shared library libkalman_interfaces__rosidl_typesupport_introspection_cpp.so[0m
[2.537s] [ 78%] Built target kalman_interfaces__rosidl_typesupport_introspection_cpp
[2.548s] [ 78%] Built target kalman_interfaces
[2.559s] [ 80%] [34m[1mGenerating Python code for ROS interfaces[0m
[2.849s] [ 80%] Built target kalman_interfaces__py
[2.860s] [ 81%] [32mBuilding C object CMakeFiles/kalman_interfaces__rosidl_generator_py.dir/rosidl_generator_py/kalman_interfaces/msg/_wheel_states_s.c.o[0m
[2.860s] [ 85%] [32mBuilding C object CMakeFiles/kalman_interfaces__rosidl_generator_py.dir/rosidl_generator_py/kalman_interfaces/msg/_wheel_state_s.c.o[0m
[2.860s] [ 85%] [32mBuilding C object CMakeFiles/kalman_interfaces__rosidl_generator_py.dir/rosidl_generator_py/kalman_interfaces/msg/_gps_tag_s.c.o[0m
[2.860s] [ 87%] [32mBuilding C object CMakeFiles/kalman_interfaces__rosidl_generator_py.dir/rosidl_generator_py/kalman_interfaces/msg/_gps_tag_array_s.c.o[0m
[2.928s] [ 89%] [32m[1mLinking C shared library rosidl_generator_py/kalman_interfaces/libkalman_interfaces__rosidl_generator_py.so[0m
[2.950s] [ 89%] Built target kalman_interfaces__rosidl_generator_py
[2.961s] [ 90%] [32mBuilding C object CMakeFiles/kalman_interfaces__rosidl_typesupport_fastrtps_c__pyext.dir/rosidl_generator_py/kalman_interfaces/_kalman_interfaces_s.ep.rosidl_typesupport_fastrtps_c.c.o[0m
[2.961s] [ 92%] [32mBuilding C object CMakeFiles/kalman_interfaces__rosidl_typesupport_introspection_c__pyext.dir/rosidl_generator_py/kalman_interfaces/_kalman_interfaces_s.ep.rosidl_typesupport_introspection_c.c.o[0m
[2.961s] [ 94%] [32mBuilding C object CMakeFiles/kalman_interfaces__rosidl_typesupport_c__pyext.dir/rosidl_generator_py/kalman_interfaces/_kalman_interfaces_s.ep.rosidl_typesupport_c.c.o[0m
[3.014s] [ 98%] [32m[1mLinking C shared library rosidl_generator_py/kalman_interfaces/kalman_interfaces_s__rosidl_typesupport_c.cpython-310-x86_64-linux-gnu.so[0m
[3.014s] [ 98%] [32m[1mLinking C shared library rosidl_generator_py/kalman_interfaces/kalman_interfaces_s__rosidl_typesupport_introspection_c.cpython-310-x86_64-linux-gnu.so[0m
[3.016s] [100%] [32m[1mLinking C shared library rosidl_generator_py/kalman_interfaces/kalman_interfaces_s__rosidl_typesupport_fastrtps_c.cpython-310-x86_64-linux-gnu.so[0m
[3.033s] [100%] Built target kalman_interfaces__rosidl_typesupport_introspection_c__pyext
[3.034s] [100%] Built target kalman_interfaces__rosidl_typesupport_fastrtps_c__pyext
[3.034s] [100%] Built target kalman_interfaces__rosidl_typesupport_c__pyext
