[0.852s] Invoking command in '/home/rafal/kalman_ws/src/kalman_robot/build/kalman_slam': AMENT_PREFIX_PATH=/home/rafal/kalman_ws/src/kalman_robot/install/point_cloud_sync:${AMENT_PREFIX_PATH} CMAKE_PREFIX_PATH=/home/rafal/kalman_ws/src/kalman_robot/install/point_cloud_sync PYTHONPATH=/home/rafal/kalman_ws/src/kalman_robot/build/kalman_slam/prefix_override:/home/rafal/kalman_ws/src/kalman_robot/install/kalman_slam/lib/python3.10/site-packages:${PYTHONPATH} /usr/bin/python3 setup.py develop --editable --build-directory /home/rafal/kalman_ws/src/kalman_robot/build/kalman_slam/build --no-deps install_data
[1.149s] running develop
[1.328s] running egg_info
[1.328s] creating kalman_slam.egg-info
[1.328s] writing kalman_slam.egg-info/PKG-INFO
[1.328s] writing dependency_links to kalman_slam.egg-info/dependency_links.txt
[1.328s] writing top-level names to kalman_slam.egg-info/top_level.txt
[1.329s] writing manifest file 'kalman_slam.egg-info/SOURCES.txt'
[1.329s] reading manifest file 'kalman_slam.egg-info/SOURCES.txt'
[1.330s] writing manifest file 'kalman_slam.egg-info/SOURCES.txt'
[1.331s] running build_ext
[1.332s] Creating /home/rafal/kalman_ws/src/kalman_robot/install/kalman_slam/lib/python3.10/site-packages/kalman-slam.egg-link (link to .)
[1.333s] 
[1.333s] Installed /home/rafal/kalman_ws/src/kalman_robot/build/kalman_slam
[1.333s] running install_data
[1.333s] creating /home/rafal/kalman_ws/src/kalman_robot/install/kalman_slam/share/ament_index
[1.333s] creating /home/rafal/kalman_ws/src/kalman_robot/install/kalman_slam/share/ament_index/resource_index
[1.333s] creating /home/rafal/kalman_ws/src/kalman_robot/install/kalman_slam/share/ament_index/resource_index/packages
[1.334s] copying resource/kalman_slam -> /home/rafal/kalman_ws/src/kalman_robot/install/kalman_slam/share/ament_index/resource_index/packages
[1.334s] copying package.xml -> /home/rafal/kalman_ws/src/kalman_robot/install/kalman_slam/share/kalman_slam
[1.334s] creating /home/rafal/kalman_ws/src/kalman_robot/install/kalman_slam/share/kalman_slam/launch
[1.334s] copying launch/slam.launch.py -> /home/rafal/kalman_ws/src/kalman_robot/install/kalman_slam/share/kalman_slam/launch
[1.341s] creating /home/rafal/kalman_ws/src/kalman_robot/install/kalman_slam/share/kalman_slam/param
[1.342s] copying param/rtabmap.yaml -> /home/rafal/kalman_ws/src/kalman_robot/install/kalman_slam/share/kalman_slam/param
[1.342s] copying param/ukf_filter_node.yaml.j2 -> /home/rafal/kalman_ws/src/kalman_robot/install/kalman_slam/share/kalman_slam/param
[1.375s] Invoked command in '/home/rafal/kalman_ws/src/kalman_robot/build/kalman_slam' returned '0': AMENT_PREFIX_PATH=/home/rafal/kalman_ws/src/kalman_robot/install/point_cloud_sync:${AMENT_PREFIX_PATH} CMAKE_PREFIX_PATH=/home/rafal/kalman_ws/src/kalman_robot/install/point_cloud_sync PYTHONPATH=/home/rafal/kalman_ws/src/kalman_robot/build/kalman_slam/prefix_override:/home/rafal/kalman_ws/src/kalman_robot/install/kalman_slam/lib/python3.10/site-packages:${PYTHONPATH} /usr/bin/python3 setup.py develop --editable --build-directory /home/rafal/kalman_ws/src/kalman_robot/build/kalman_slam/build --no-deps install_data
