[35m[1mConsolidate compiler generated dependencies of target service_based_nav2_controller_srvs__rosidl_generator_c[0m
[  3%] Built target service_based_nav2_controller_srvs__cpp
[ 12%] Built target service_based_nav2_controller_srvs__rosidl_generator_c
[35m[1mConsolidate compiler generated dependencies of target service_based_nav2_controller_srvs__rosidl_typesupport_cpp[0m
[35m[1mConsolidate compiler generated dependencies of target service_based_nav2_controller_srvs__rosidl_typesupport_introspection_cpp[0m
[35m[1mConsolidate compiler generated dependencies of target service_based_nav2_controller_srvs__rosidl_typesupport_fastrtps_cpp[0m
[35m[1mConsolidate compiler generated dependencies of target service_based_nav2_controller_srvs__rosidl_typesupport_introspection_c[0m
[35m[1mConsolidate compiler generated dependencies of target service_based_nav2_controller_srvs__rosidl_typesupport_c[0m
[35m[1mConsolidate compiler generated dependencies of target service_based_nav2_controller_srvs__rosidl_typesupport_fastrtps_c[0m
[ 22%] Built target service_based_nav2_controller_srvs__rosidl_typesupport_cpp
[ 32%] Built target service_based_nav2_controller_srvs__rosidl_typesupport_introspection_cpp
[ 41%] Built target service_based_nav2_controller_srvs__rosidl_typesupport_fastrtps_cpp
[ 51%] Built target service_based_nav2_controller_srvs__rosidl_typesupport_introspection_c
[ 61%] Built target service_based_nav2_controller_srvs__rosidl_typesupport_c
[ 70%] Built target service_based_nav2_controller_srvs__rosidl_typesupport_fastrtps_c
[ 70%] Built target ament_cmake_python_symlink_service_based_nav2_controller_srvs
[ 70%] Built target service_based_nav2_controller_srvs
[ 74%] Built target service_based_nav2_controller_srvs__py
[35m[1mConsolidate compiler generated dependencies of target service_based_nav2_controller_srvs__rosidl_generator_py[0m
[ 80%] Built target service_based_nav2_controller_srvs__rosidl_generator_py
[35m[1mConsolidate compiler generated dependencies of target service_based_nav2_controller_srvs__rosidl_typesupport_fastrtps_c__pyext[0m
[35m[1mConsolidate compiler generated dependencies of target service_based_nav2_controller_srvs__rosidl_typesupport_introspection_c__pyext[0m
[35m[1mConsolidate compiler generated dependencies of target service_based_nav2_controller_srvs__rosidl_typesupport_c__pyext[0m
[ 87%] Built target service_based_nav2_controller_srvs__rosidl_typesupport_fastrtps_c__pyext
[ 93%] Built target service_based_nav2_controller_srvs__rosidl_typesupport_introspection_c__pyext
[100%] Built target service_based_nav2_controller_srvs__rosidl_typesupport_c__pyext
running egg_info
writing service_based_nav2_controller_srvs.egg-info/PKG-INFO
writing dependency_links to service_based_nav2_controller_srvs.egg-info/dependency_links.txt
writing top-level names to service_based_nav2_controller_srvs.egg-info/top_level.txt
reading manifest file 'service_based_nav2_controller_srvs.egg-info/SOURCES.txt'
writing manifest file 'service_based_nav2_controller_srvs.egg-info/SOURCES.txt'
[100%] Built target ament_cmake_python_build_service_based_nav2_controller_srvs_egg
-- Install configuration: ""
-- Execute custom install script
-- Up-to-date symlink: /home/rafal/kalman_ws/src/kalman_robot/install/service_based_nav2_controller_srvs/share/ament_index/resource_index/rosidl_interfaces/service_based_nav2_controller_srvs
-- Up-to-date symlink: /home/rafal/kalman_ws/src/kalman_robot/install/service_based_nav2_controller_srvs/include/service_based_nav2_controller_srvs/service_based_nav2_controller_srvs/msg/rosidl_generator_c__visibility_control.h
-- Up-to-date symlink: /home/rafal/kalman_ws/src/kalman_robot/install/service_based_nav2_controller_srvs/include/service_based_nav2_controller_srvs/service_based_nav2_controller_srvs/srv/compute_velocity_commands.h
-- Up-to-date symlink: /home/rafal/kalman_ws/src/kalman_robot/install/service_based_nav2_controller_srvs/include/service_based_nav2_controller_srvs/service_based_nav2_controller_srvs/srv/detail/compute_velocity_commands__functions.h
-- Up-to-date symlink: /home/rafal/kalman_ws/src/kalman_robot/install/service_based_nav2_controller_srvs/include/service_based_nav2_controller_srvs/service_based_nav2_controller_srvs/srv/detail/compute_velocity_commands__struct.h
-- Up-to-date symlink: /home/rafal/kalman_ws/src/kalman_robot/install/service_based_nav2_controller_srvs/include/service_based_nav2_controller_srvs/service_based_nav2_controller_srvs/srv/detail/compute_velocity_commands__type_support.h
-- Up-to-date symlink: /home/rafal/kalman_ws/src/kalman_robot/install/service_based_nav2_controller_srvs/share/service_based_nav2_controller_srvs/environment/library_path.sh
-- Up-to-date symlink: /home/rafal/kalman_ws/src/kalman_robot/install/service_based_nav2_controller_srvs/share/service_based_nav2_controller_srvs/environment/library_path.dsv
-- Up-to-date symlink: /home/rafal/kalman_ws/src/kalman_robot/install/service_based_nav2_controller_srvs/include/service_based_nav2_controller_srvs/service_based_nav2_controller_srvs/msg/rosidl_typesupport_fastrtps_c__visibility_control.h
-- Up-to-date symlink: /home/rafal/kalman_ws/src/kalman_robot/install/service_based_nav2_controller_srvs/include/service_based_nav2_controller_srvs/service_based_nav2_controller_srvs/srv/detail/compute_velocity_commands__rosidl_typesupport_fastrtps_c.h
-- Up-to-date symlink: /home/rafal/kalman_ws/src/kalman_robot/install/service_based_nav2_controller_srvs/include/service_based_nav2_controller_srvs/service_based_nav2_controller_srvs/msg/rosidl_typesupport_introspection_c__visibility_control.h
-- Up-to-date symlink: /home/rafal/kalman_ws/src/kalman_robot/install/service_based_nav2_controller_srvs/include/service_based_nav2_controller_srvs/service_based_nav2_controller_srvs/srv/detail/compute_velocity_commands__rosidl_typesupport_introspection_c.h
-- Up-to-date symlink: /home/rafal/kalman_ws/src/kalman_robot/install/service_based_nav2_controller_srvs/include/service_based_nav2_controller_srvs/service_based_nav2_controller_srvs/srv/compute_velocity_commands.hpp
-- Up-to-date symlink: /home/rafal/kalman_ws/src/kalman_robot/install/service_based_nav2_controller_srvs/include/service_based_nav2_controller_srvs/service_based_nav2_controller_srvs/srv/detail/compute_velocity_commands__builder.hpp
-- Up-to-date symlink: /home/rafal/kalman_ws/src/kalman_robot/install/service_based_nav2_controller_srvs/include/service_based_nav2_controller_srvs/service_based_nav2_controller_srvs/srv/detail/compute_velocity_commands__struct.hpp
-- Up-to-date symlink: /home/rafal/kalman_ws/src/kalman_robot/install/service_based_nav2_controller_srvs/include/service_based_nav2_controller_srvs/service_based_nav2_controller_srvs/srv/detail/compute_velocity_commands__traits.hpp
-- Up-to-date symlink: /home/rafal/kalman_ws/src/kalman_robot/install/service_based_nav2_controller_srvs/include/service_based_nav2_controller_srvs/service_based_nav2_controller_srvs/msg/rosidl_typesupport_fastrtps_cpp__visibility_control.h
-- Up-to-date symlink: /home/rafal/kalman_ws/src/kalman_robot/install/service_based_nav2_controller_srvs/include/service_based_nav2_controller_srvs/service_based_nav2_controller_srvs/srv/detail/compute_velocity_commands__rosidl_typesupport_fastrtps_cpp.hpp
-- Up-to-date symlink: /home/rafal/kalman_ws/src/kalman_robot/install/service_based_nav2_controller_srvs/include/service_based_nav2_controller_srvs/service_based_nav2_controller_srvs/srv/detail/compute_velocity_commands__rosidl_typesupport_introspection_cpp.hpp
-- Up-to-date symlink: /home/rafal/kalman_ws/src/kalman_robot/install/service_based_nav2_controller_srvs/share/service_based_nav2_controller_srvs/environment/pythonpath.sh
-- Up-to-date symlink: /home/rafal/kalman_ws/src/kalman_robot/install/service_based_nav2_controller_srvs/share/service_based_nav2_controller_srvs/environment/pythonpath.dsv
-- Up-to-date symlink: /home/rafal/kalman_ws/src/kalman_robot/install/service_based_nav2_controller_srvs/local/lib/python3.10/dist-packages/service_based_nav2_controller_srvs-0.0.0-py3.10.egg-info/PKG-INFO
-- Up-to-date symlink: /home/rafal/kalman_ws/src/kalman_robot/install/service_based_nav2_controller_srvs/local/lib/python3.10/dist-packages/service_based_nav2_controller_srvs-0.0.0-py3.10.egg-info/SOURCES.txt
-- Up-to-date symlink: /home/rafal/kalman_ws/src/kalman_robot/install/service_based_nav2_controller_srvs/local/lib/python3.10/dist-packages/service_based_nav2_controller_srvs-0.0.0-py3.10.egg-info/dependency_links.txt
-- Up-to-date symlink: /home/rafal/kalman_ws/src/kalman_robot/install/service_based_nav2_controller_srvs/local/lib/python3.10/dist-packages/service_based_nav2_controller_srvs-0.0.0-py3.10.egg-info/top_level.txt
-- Up-to-date symlink: /home/rafal/kalman_ws/src/kalman_robot/install/service_based_nav2_controller_srvs/local/lib/python3.10/dist-packages/service_based_nav2_controller_srvs/__init__.py
-- Up-to-date symlink: /home/rafal/kalman_ws/src/kalman_robot/install/service_based_nav2_controller_srvs/local/lib/python3.10/dist-packages/service_based_nav2_controller_srvs/_service_based_nav2_controller_srvs_s.ep.rosidl_typesupport_c.c
-- Up-to-date symlink: /home/rafal/kalman_ws/src/kalman_robot/install/service_based_nav2_controller_srvs/local/lib/python3.10/dist-packages/service_based_nav2_controller_srvs/_service_based_nav2_controller_srvs_s.ep.rosidl_typesupport_fastrtps_c.c
-- Up-to-date symlink: /home/rafal/kalman_ws/src/kalman_robot/install/service_based_nav2_controller_srvs/local/lib/python3.10/dist-packages/service_based_nav2_controller_srvs/_service_based_nav2_controller_srvs_s.ep.rosidl_typesupport_introspection_c.c
-- Up-to-date symlink: /home/rafal/kalman_ws/src/kalman_robot/install/service_based_nav2_controller_srvs/local/lib/python3.10/dist-packages/service_based_nav2_controller_srvs/libservice_based_nav2_controller_srvs__rosidl_generator_py.so
-- Up-to-date symlink: /home/rafal/kalman_ws/src/kalman_robot/install/service_based_nav2_controller_srvs/local/lib/python3.10/dist-packages/service_based_nav2_controller_srvs/service_based_nav2_controller_srvs_s__rosidl_typesupport_c.cpython-310-x86_64-linux-gnu.so
-- Up-to-date symlink: /home/rafal/kalman_ws/src/kalman_robot/install/service_based_nav2_controller_srvs/local/lib/python3.10/dist-packages/service_based_nav2_controller_srvs/service_based_nav2_controller_srvs_s__rosidl_typesupport_fastrtps_c.cpython-310-x86_64-linux-gnu.so
-- Up-to-date symlink: /home/rafal/kalman_ws/src/kalman_robot/install/service_based_nav2_controller_srvs/local/lib/python3.10/dist-packages/service_based_nav2_controller_srvs/service_based_nav2_controller_srvs_s__rosidl_typesupport_introspection_c.cpython-310-x86_64-linux-gnu.so
-- Up-to-date symlink: /home/rafal/kalman_ws/src/kalman_robot/install/service_based_nav2_controller_srvs/local/lib/python3.10/dist-packages/service_based_nav2_controller_srvs/srv/__init__.py
-- Up-to-date symlink: /home/rafal/kalman_ws/src/kalman_robot/install/service_based_nav2_controller_srvs/local/lib/python3.10/dist-packages/service_based_nav2_controller_srvs/srv/_compute_velocity_commands.py
-- Up-to-date symlink: /home/rafal/kalman_ws/src/kalman_robot/install/service_based_nav2_controller_srvs/local/lib/python3.10/dist-packages/service_based_nav2_controller_srvs/srv/_compute_velocity_commands_s.c
-- Up-to-date symlink: /home/rafal/kalman_ws/src/kalman_robot/install/service_based_nav2_controller_srvs/local/lib/python3.10/dist-packages/service_based_nav2_controller_srvs/service_based_nav2_controller_srvs_s__rosidl_typesupport_fastrtps_c.cpython-310-x86_64-linux-gnu.so
-- Up-to-date symlink: /home/rafal/kalman_ws/src/kalman_robot/install/service_based_nav2_controller_srvs/local/lib/python3.10/dist-packages/service_based_nav2_controller_srvs/service_based_nav2_controller_srvs_s__rosidl_typesupport_introspection_c.cpython-310-x86_64-linux-gnu.so
-- Up-to-date symlink: /home/rafal/kalman_ws/src/kalman_robot/install/service_based_nav2_controller_srvs/local/lib/python3.10/dist-packages/service_based_nav2_controller_srvs/service_based_nav2_controller_srvs_s__rosidl_typesupport_c.cpython-310-x86_64-linux-gnu.so
-- Up-to-date symlink: /home/rafal/kalman_ws/src/kalman_robot/install/service_based_nav2_controller_srvs/share/service_based_nav2_controller_srvs/srv/ComputeVelocityCommands.idl
-- Up-to-date symlink: /home/rafal/kalman_ws/src/kalman_robot/install/service_based_nav2_controller_srvs/share/service_based_nav2_controller_srvs/srv/ComputeVelocityCommands.srv
-- Up-to-date symlink: /home/rafal/kalman_ws/src/kalman_robot/install/service_based_nav2_controller_srvs/share/service_based_nav2_controller_srvs/srv/ComputeVelocityCommands_Request.msg
-- Up-to-date symlink: /home/rafal/kalman_ws/src/kalman_robot/install/service_based_nav2_controller_srvs/share/service_based_nav2_controller_srvs/srv/ComputeVelocityCommands_Response.msg
-- Up-to-date symlink: /home/rafal/kalman_ws/src/kalman_robot/install/service_based_nav2_controller_srvs/share/ament_index/resource_index/package_run_dependencies/service_based_nav2_controller_srvs
-- Up-to-date symlink: /home/rafal/kalman_ws/src/kalman_robot/install/service_based_nav2_controller_srvs/share/ament_index/resource_index/parent_prefix_path/service_based_nav2_controller_srvs
-- Up-to-date symlink: /home/rafal/kalman_ws/src/kalman_robot/install/service_based_nav2_controller_srvs/share/service_based_nav2_controller_srvs/environment/ament_prefix_path.sh
-- Up-to-date symlink: /home/rafal/kalman_ws/src/kalman_robot/install/service_based_nav2_controller_srvs/share/service_based_nav2_controller_srvs/environment/ament_prefix_path.dsv
-- Up-to-date symlink: /home/rafal/kalman_ws/src/kalman_robot/install/service_based_nav2_controller_srvs/share/service_based_nav2_controller_srvs/environment/path.sh
-- Up-to-date symlink: /home/rafal/kalman_ws/src/kalman_robot/install/service_based_nav2_controller_srvs/share/service_based_nav2_controller_srvs/environment/path.dsv
-- Up-to-date symlink: /home/rafal/kalman_ws/src/kalman_robot/install/service_based_nav2_controller_srvs/share/service_based_nav2_controller_srvs/local_setup.bash
-- Up-to-date symlink: /home/rafal/kalman_ws/src/kalman_robot/install/service_based_nav2_controller_srvs/share/service_based_nav2_controller_srvs/local_setup.sh
-- Up-to-date symlink: /home/rafal/kalman_ws/src/kalman_robot/install/service_based_nav2_controller_srvs/share/service_based_nav2_controller_srvs/local_setup.zsh
-- Up-to-date symlink: /home/rafal/kalman_ws/src/kalman_robot/install/service_based_nav2_controller_srvs/share/service_based_nav2_controller_srvs/local_setup.dsv
-- Symlinking: /home/rafal/kalman_ws/src/kalman_robot/install/service_based_nav2_controller_srvs/share/service_based_nav2_controller_srvs/package.dsv
-- Up-to-date symlink: /home/rafal/kalman_ws/src/kalman_robot/install/service_based_nav2_controller_srvs/share/ament_index/resource_index/packages/service_based_nav2_controller_srvs
-- Up-to-date symlink: /home/rafal/kalman_ws/src/kalman_robot/install/service_based_nav2_controller_srvs/share/service_based_nav2_controller_srvs/cmake/rosidl_cmake-extras.cmake
-- Up-to-date symlink: /home/rafal/kalman_ws/src/kalman_robot/install/service_based_nav2_controller_srvs/share/service_based_nav2_controller_srvs/cmake/ament_cmake_export_dependencies-extras.cmake
-- Up-to-date symlink: /home/rafal/kalman_ws/src/kalman_robot/install/service_based_nav2_controller_srvs/share/service_based_nav2_controller_srvs/cmake/ament_cmake_export_include_directories-extras.cmake
-- Up-to-date symlink: /home/rafal/kalman_ws/src/kalman_robot/install/service_based_nav2_controller_srvs/share/service_based_nav2_controller_srvs/cmake/ament_cmake_export_libraries-extras.cmake
-- Up-to-date symlink: /home/rafal/kalman_ws/src/kalman_robot/install/service_based_nav2_controller_srvs/share/service_based_nav2_controller_srvs/cmake/ament_cmake_export_targets-extras.cmake
-- Up-to-date symlink: /home/rafal/kalman_ws/src/kalman_robot/install/service_based_nav2_controller_srvs/share/service_based_nav2_controller_srvs/cmake/rosidl_cmake_export_typesupport_targets-extras.cmake
-- Up-to-date symlink: /home/rafal/kalman_ws/src/kalman_robot/install/service_based_nav2_controller_srvs/share/service_based_nav2_controller_srvs/cmake/rosidl_cmake_export_typesupport_libraries-extras.cmake
-- Up-to-date symlink: /home/rafal/kalman_ws/src/kalman_robot/install/service_based_nav2_controller_srvs/share/service_based_nav2_controller_srvs/cmake/service_based_nav2_controller_srvsConfig.cmake
-- Up-to-date symlink: /home/rafal/kalman_ws/src/kalman_robot/install/service_based_nav2_controller_srvs/share/service_based_nav2_controller_srvs/cmake/service_based_nav2_controller_srvsConfig-version.cmake
-- Up-to-date symlink: /home/rafal/kalman_ws/src/kalman_robot/install/service_based_nav2_controller_srvs/share/service_based_nav2_controller_srvs/package.xml
-- Up-to-date: /home/rafal/kalman_ws/src/kalman_robot/install/service_based_nav2_controller_srvs/lib/libservice_based_nav2_controller_srvs__rosidl_generator_c.so
-- Up-to-date: /home/rafal/kalman_ws/src/kalman_robot/install/service_based_nav2_controller_srvs/lib/libservice_based_nav2_controller_srvs__rosidl_typesupport_fastrtps_c.so
-- Up-to-date: /home/rafal/kalman_ws/src/kalman_robot/install/service_based_nav2_controller_srvs/lib/libservice_based_nav2_controller_srvs__rosidl_typesupport_introspection_c.so
-- Up-to-date: /home/rafal/kalman_ws/src/kalman_robot/install/service_based_nav2_controller_srvs/lib/libservice_based_nav2_controller_srvs__rosidl_typesupport_c.so
-- Up-to-date: /home/rafal/kalman_ws/src/kalman_robot/install/service_based_nav2_controller_srvs/lib/libservice_based_nav2_controller_srvs__rosidl_typesupport_fastrtps_cpp.so
-- Up-to-date: /home/rafal/kalman_ws/src/kalman_robot/install/service_based_nav2_controller_srvs/lib/libservice_based_nav2_controller_srvs__rosidl_typesupport_introspection_cpp.so
-- Up-to-date: /home/rafal/kalman_ws/src/kalman_robot/install/service_based_nav2_controller_srvs/lib/libservice_based_nav2_controller_srvs__rosidl_typesupport_cpp.so
Listing '/home/rafal/kalman_ws/src/kalman_robot/install/service_based_nav2_controller_srvs/local/lib/python3.10/dist-packages/service_based_nav2_controller_srvs'...
Listing '/home/rafal/kalman_ws/src/kalman_robot/install/service_based_nav2_controller_srvs/local/lib/python3.10/dist-packages/service_based_nav2_controller_srvs/srv'...
-- Up-to-date: /home/rafal/kalman_ws/src/kalman_robot/install/service_based_nav2_controller_srvs/lib/libservice_based_nav2_controller_srvs__rosidl_generator_py.so
-- Up-to-date: /home/rafal/kalman_ws/src/kalman_robot/install/service_based_nav2_controller_srvs/share/service_based_nav2_controller_srvs/cmake/export_service_based_nav2_controller_srvs__rosidl_generator_cExport.cmake
-- Up-to-date: /home/rafal/kalman_ws/src/kalman_robot/install/service_based_nav2_controller_srvs/share/service_based_nav2_controller_srvs/cmake/export_service_based_nav2_controller_srvs__rosidl_generator_cExport-noconfig.cmake
-- Up-to-date: /home/rafal/kalman_ws/src/kalman_robot/install/service_based_nav2_controller_srvs/share/service_based_nav2_controller_srvs/cmake/export_service_based_nav2_controller_srvs__rosidl_typesupport_fastrtps_cExport.cmake
-- Up-to-date: /home/rafal/kalman_ws/src/kalman_robot/install/service_based_nav2_controller_srvs/share/service_based_nav2_controller_srvs/cmake/export_service_based_nav2_controller_srvs__rosidl_typesupport_fastrtps_cExport-noconfig.cmake
-- Up-to-date: /home/rafal/kalman_ws/src/kalman_robot/install/service_based_nav2_controller_srvs/share/service_based_nav2_controller_srvs/cmake/service_based_nav2_controller_srvs__rosidl_typesupport_introspection_cExport.cmake
-- Up-to-date: /home/rafal/kalman_ws/src/kalman_robot/install/service_based_nav2_controller_srvs/share/service_based_nav2_controller_srvs/cmake/service_based_nav2_controller_srvs__rosidl_typesupport_introspection_cExport-noconfig.cmake
-- Up-to-date: /home/rafal/kalman_ws/src/kalman_robot/install/service_based_nav2_controller_srvs/share/service_based_nav2_controller_srvs/cmake/service_based_nav2_controller_srvs__rosidl_typesupport_cExport.cmake
-- Up-to-date: /home/rafal/kalman_ws/src/kalman_robot/install/service_based_nav2_controller_srvs/share/service_based_nav2_controller_srvs/cmake/service_based_nav2_controller_srvs__rosidl_typesupport_cExport-noconfig.cmake
-- Up-to-date: /home/rafal/kalman_ws/src/kalman_robot/install/service_based_nav2_controller_srvs/share/service_based_nav2_controller_srvs/cmake/export_service_based_nav2_controller_srvs__rosidl_generator_cppExport.cmake
-- Up-to-date: /home/rafal/kalman_ws/src/kalman_robot/install/service_based_nav2_controller_srvs/share/service_based_nav2_controller_srvs/cmake/export_service_based_nav2_controller_srvs__rosidl_typesupport_fastrtps_cppExport.cmake
-- Up-to-date: /home/rafal/kalman_ws/src/kalman_robot/install/service_based_nav2_controller_srvs/share/service_based_nav2_controller_srvs/cmake/export_service_based_nav2_controller_srvs__rosidl_typesupport_fastrtps_cppExport-noconfig.cmake
-- Up-to-date: /home/rafal/kalman_ws/src/kalman_robot/install/service_based_nav2_controller_srvs/share/service_based_nav2_controller_srvs/cmake/service_based_nav2_controller_srvs__rosidl_typesupport_introspection_cppExport.cmake
-- Up-to-date: /home/rafal/kalman_ws/src/kalman_robot/install/service_based_nav2_controller_srvs/share/service_based_nav2_controller_srvs/cmake/service_based_nav2_controller_srvs__rosidl_typesupport_introspection_cppExport-noconfig.cmake
-- Up-to-date: /home/rafal/kalman_ws/src/kalman_robot/install/service_based_nav2_controller_srvs/share/service_based_nav2_controller_srvs/cmake/service_based_nav2_controller_srvs__rosidl_typesupport_cppExport.cmake
-- Up-to-date: /home/rafal/kalman_ws/src/kalman_robot/install/service_based_nav2_controller_srvs/share/service_based_nav2_controller_srvs/cmake/service_based_nav2_controller_srvs__rosidl_typesupport_cppExport-noconfig.cmake
-- Up-to-date: /home/rafal/kalman_ws/src/kalman_robot/install/service_based_nav2_controller_srvs/share/service_based_nav2_controller_srvs/cmake/export_service_based_nav2_controller_srvs__rosidl_generator_pyExport.cmake
-- Up-to-date: /home/rafal/kalman_ws/src/kalman_robot/install/service_based_nav2_controller_srvs/share/service_based_nav2_controller_srvs/cmake/export_service_based_nav2_controller_srvs__rosidl_generator_pyExport-noconfig.cmake
