[0.911s] Invoking command in '/home/rafal/kalman_ws/src/kalman_robot/build/kalman_bringup': AMENT_PREFIX_PATH=/home/rafal/kalman_ws/src/kalman_robot/install/unity_sim:/home/rafal/kalman_ws/src/kalman_robot/install/kalman_slam:/home/rafal/kalman_ws/src/kalman_robot/install/kalman_nav2:/home/rafal/kalman_ws/src/kalman_robot/install/service_based_nav2_controller_srvs:/home/rafal/kalman_ws/src/kalman_robot/install/point_cloud_sync:/home/rafal/kalman_ws/src/kalman_robot/install/kalman_interfaces:/home/rafal/kalman_ws/src/kalman_robot/install/kalman_drivers:/home/rafal/kalman_ws/src/kalman_robot/install/kalman_description:${AMENT_PREFIX_PATH} CMAKE_PREFIX_PATH=/home/rafal/kalman_ws/src/kalman_robot/install/service_based_nav2_controller_srvs:/home/rafal/kalman_ws/src/kalman_robot/install/point_cloud_sync:/home/rafal/kalman_ws/src/kalman_robot/install/kalman_interfaces:/home/rafal/kalman_ws/src/kalman_robot/install/kalman_description LD_LIBRARY_PATH=/home/rafal/kalman_ws/src/kalman_robot/install/service_based_nav2_controller_srvs/lib:/home/rafal/kalman_ws/src/kalman_robot/install/kalman_interfaces/lib:${LD_LIBRARY_PATH} PYTHONPATH=/home/rafal/kalman_ws/src/kalman_robot/build/kalman_bringup/prefix_override:/home/rafal/kalman_ws/src/kalman_robot/install/kalman_bringup/lib/python3.10/site-packages:/home/rafal/kalman_ws/src/kalman_robot/build/unity_sim:/home/rafal/kalman_ws/src/kalman_robot/install/unity_sim/lib/python3.10/site-packages:/home/rafal/kalman_ws/src/kalman_robot/build/kalman_slam:/home/rafal/kalman_ws/src/kalman_robot/install/kalman_slam/lib/python3.10/site-packages:/home/rafal/kalman_ws/src/kalman_robot/build/kalman_nav2:/home/rafal/kalman_ws/src/kalman_robot/install/kalman_nav2/lib/python3.10/site-packages:/home/rafal/kalman_ws/src/kalman_robot/install/service_based_nav2_controller_srvs/local/lib/python3.10/dist-packages:/home/rafal/kalman_ws/src/kalman_robot/install/kalman_interfaces/local/lib/python3.10/dist-packages:/home/rafal/kalman_ws/src/kalman_robot/build/kalman_drivers:/home/rafal/kalman_ws/src/kalman_robot/install/kalman_drivers/lib/python3.10/site-packages:${PYTHONPATH} /usr/bin/python3 setup.py develop --editable --build-directory /home/rafal/kalman_ws/src/kalman_robot/build/kalman_bringup/build --no-deps install_data
[1.223s] running develop
[1.406s] running egg_info
[1.406s] creating kalman_bringup.egg-info
[1.406s] writing kalman_bringup.egg-info/PKG-INFO
[1.406s] writing dependency_links to kalman_bringup.egg-info/dependency_links.txt
[1.407s] writing top-level names to kalman_bringup.egg-info/top_level.txt
[1.407s] writing manifest file 'kalman_bringup.egg-info/SOURCES.txt'
[1.407s] reading manifest file 'kalman_bringup.egg-info/SOURCES.txt'
[1.408s] writing manifest file 'kalman_bringup.egg-info/SOURCES.txt'
[1.409s] running build_ext
[1.410s] Creating /home/rafal/kalman_ws/src/kalman_robot/install/kalman_bringup/lib/python3.10/site-packages/kalman-bringup.egg-link (link to .)
[1.411s] 
[1.411s] Installed /home/rafal/kalman_ws/src/kalman_robot/build/kalman_bringup
[1.411s] running install_data
[1.411s] creating /home/rafal/kalman_ws/src/kalman_robot/install/kalman_bringup/share/ament_index
[1.411s] creating /home/rafal/kalman_ws/src/kalman_robot/install/kalman_bringup/share/ament_index/resource_index
[1.411s] creating /home/rafal/kalman_ws/src/kalman_robot/install/kalman_bringup/share/ament_index/resource_index/packages
[1.411s] copying resource/kalman_bringup -> /home/rafal/kalman_ws/src/kalman_robot/install/kalman_bringup/share/ament_index/resource_index/packages
[1.411s] copying package.xml -> /home/rafal/kalman_ws/src/kalman_robot/install/kalman_bringup/share/kalman_bringup
[1.412s] creating /home/rafal/kalman_ws/src/kalman_robot/install/kalman_bringup/share/kalman_bringup/launch
[1.412s] copying launch/rviz.launch.py -> /home/rafal/kalman_ws/src/kalman_robot/install/kalman_bringup/share/kalman_bringup/launch
[1.419s] copying launch/kalman.launch.py -> /home/rafal/kalman_ws/src/kalman_robot/install/kalman_bringup/share/kalman_bringup/launch
[1.419s] copying launch/compasscal.launch.py -> /home/rafal/kalman_ws/src/kalman_robot/install/kalman_bringup/share/kalman_bringup/launch
[1.419s] creating /home/rafal/kalman_ws/src/kalman_robot/install/kalman_bringup/share/kalman_bringup/rviz
[1.419s] copying rviz/default.rviz -> /home/rafal/kalman_ws/src/kalman_robot/install/kalman_bringup/share/kalman_bringup/rviz
[1.454s] Invoked command in '/home/rafal/kalman_ws/src/kalman_robot/build/kalman_bringup' returned '0': AMENT_PREFIX_PATH=/home/rafal/kalman_ws/src/kalman_robot/install/unity_sim:/home/rafal/kalman_ws/src/kalman_robot/install/kalman_slam:/home/rafal/kalman_ws/src/kalman_robot/install/kalman_nav2:/home/rafal/kalman_ws/src/kalman_robot/install/service_based_nav2_controller_srvs:/home/rafal/kalman_ws/src/kalman_robot/install/point_cloud_sync:/home/rafal/kalman_ws/src/kalman_robot/install/kalman_interfaces:/home/rafal/kalman_ws/src/kalman_robot/install/kalman_drivers:/home/rafal/kalman_ws/src/kalman_robot/install/kalman_description:${AMENT_PREFIX_PATH} CMAKE_PREFIX_PATH=/home/rafal/kalman_ws/src/kalman_robot/install/service_based_nav2_controller_srvs:/home/rafal/kalman_ws/src/kalman_robot/install/point_cloud_sync:/home/rafal/kalman_ws/src/kalman_robot/install/kalman_interfaces:/home/rafal/kalman_ws/src/kalman_robot/install/kalman_description LD_LIBRARY_PATH=/home/rafal/kalman_ws/src/kalman_robot/install/service_based_nav2_controller_srvs/lib:/home/rafal/kalman_ws/src/kalman_robot/install/kalman_interfaces/lib:${LD_LIBRARY_PATH} PYTHONPATH=/home/rafal/kalman_ws/src/kalman_robot/build/kalman_bringup/prefix_override:/home/rafal/kalman_ws/src/kalman_robot/install/kalman_bringup/lib/python3.10/site-packages:/home/rafal/kalman_ws/src/kalman_robot/build/unity_sim:/home/rafal/kalman_ws/src/kalman_robot/install/unity_sim/lib/python3.10/site-packages:/home/rafal/kalman_ws/src/kalman_robot/build/kalman_slam:/home/rafal/kalman_ws/src/kalman_robot/install/kalman_slam/lib/python3.10/site-packages:/home/rafal/kalman_ws/src/kalman_robot/build/kalman_nav2:/home/rafal/kalman_ws/src/kalman_robot/install/kalman_nav2/lib/python3.10/site-packages:/home/rafal/kalman_ws/src/kalman_robot/install/service_based_nav2_controller_srvs/local/lib/python3.10/dist-packages:/home/rafal/kalman_ws/src/kalman_robot/install/kalman_interfaces/local/lib/python3.10/dist-packages:/home/rafal/kalman_ws/src/kalman_robot/build/kalman_drivers:/home/rafal/kalman_ws/src/kalman_robot/install/kalman_drivers/lib/python3.10/site-packages:${PYTHONPATH} /usr/bin/python3 setup.py develop --editable --build-directory /home/rafal/kalman_ws/src/kalman_robot/build/kalman_bringup/build --no-deps install_data
