[1.837s] Invoking command in '/home/rafal/kalman_ws/src/kalman_robot/build/service_based_nav2_controller': AMENT_PREFIX_PATH=/home/rafal/kalman_ws/src/kalman_robot/install/service_based_nav2_controller_srvs:${AMENT_PREFIX_PATH} CMAKE_PREFIX_PATH=/home/rafal/kalman_ws/src/kalman_robot/install/service_based_nav2_controller_srvs:/home/rafal/dev_ws/install/my_robot:/opt/ros/humble LD_LIBRARY_PATH=/home/rafal/kalman_ws/src/kalman_robot/install/service_based_nav2_controller_srvs/lib:${LD_LIBRARY_PATH} PYTHONPATH=/home/rafal/kalman_ws/src/kalman_robot/install/service_based_nav2_controller_srvs/local/lib/python3.10/dist-packages:${PYTHONPATH} /usr/bin/cmake --build /home/rafal/kalman_ws/src/kalman_robot/build/service_based_nav2_controller -- -j16 -l16
[2.151s] [35m[1mConsolidate compiler generated dependencies of target service_based_nav2_controller[0m
[2.152s] [100%] Built target service_based_nav2_controller
[3.745s] Invoked command in '/home/rafal/kalman_ws/src/kalman_robot/build/service_based_nav2_controller' returned '0': AMENT_PREFIX_PATH=/home/rafal/kalman_ws/src/kalman_robot/install/service_based_nav2_controller_srvs:${AMENT_PREFIX_PATH} CMAKE_PREFIX_PATH=/home/rafal/kalman_ws/src/kalman_robot/install/service_based_nav2_controller_srvs:/home/rafal/dev_ws/install/my_robot:/opt/ros/humble LD_LIBRARY_PATH=/home/rafal/kalman_ws/src/kalman_robot/install/service_based_nav2_controller_srvs/lib:${LD_LIBRARY_PATH} PYTHONPATH=/home/rafal/kalman_ws/src/kalman_robot/install/service_based_nav2_controller_srvs/local/lib/python3.10/dist-packages:${PYTHONPATH} /usr/bin/cmake --build /home/rafal/kalman_ws/src/kalman_robot/build/service_based_nav2_controller -- -j16 -l16
[3.791s] Invoking command in '/home/rafal/kalman_ws/src/kalman_robot/build/service_based_nav2_controller': AMENT_PREFIX_PATH=/home/rafal/kalman_ws/src/kalman_robot/install/service_based_nav2_controller_srvs:${AMENT_PREFIX_PATH} CMAKE_PREFIX_PATH=/home/rafal/kalman_ws/src/kalman_robot/install/service_based_nav2_controller_srvs:/home/rafal/dev_ws/install/my_robot:/opt/ros/humble LD_LIBRARY_PATH=/home/rafal/kalman_ws/src/kalman_robot/install/service_based_nav2_controller_srvs/lib:${LD_LIBRARY_PATH} PYTHONPATH=/home/rafal/kalman_ws/src/kalman_robot/install/service_based_nav2_controller_srvs/local/lib/python3.10/dist-packages:${PYTHONPATH} /usr/bin/cmake --install /home/rafal/kalman_ws/src/kalman_robot/build/service_based_nav2_controller
[3.808s] -- Install configuration: ""
[3.809s] -- Execute custom install script
[3.810s] -- Up-to-date symlink: /home/rafal/kalman_ws/src/kalman_robot/install/service_based_nav2_controller/lib/service_based_nav2_controller/libservice_based_nav2_controller.so
[3.810s] -- Up-to-date symlink: /home/rafal/kalman_ws/src/kalman_robot/install/service_based_nav2_controller/share/service_based_nav2_controller//service_based_nav2_controller.xml
[3.811s] -- Up-to-date symlink: /home/rafal/kalman_ws/src/kalman_robot/install/service_based_nav2_controller/share/ament_index/resource_index/package_run_dependencies/service_based_nav2_controller
[3.811s] -- Up-to-date symlink: /home/rafal/kalman_ws/src/kalman_robot/install/service_based_nav2_controller/share/ament_index/resource_index/parent_prefix_path/service_based_nav2_controller
[3.812s] -- Up-to-date symlink: /home/rafal/kalman_ws/src/kalman_robot/install/service_based_nav2_controller/share/service_based_nav2_controller/environment/ament_prefix_path.sh
[3.812s] -- Up-to-date symlink: /home/rafal/kalman_ws/src/kalman_robot/install/service_based_nav2_controller/share/service_based_nav2_controller/environment/ament_prefix_path.dsv
[3.813s] -- Up-to-date symlink: /home/rafal/kalman_ws/src/kalman_robot/install/service_based_nav2_controller/share/service_based_nav2_controller/environment/path.sh
[3.813s] -- Up-to-date symlink: /home/rafal/kalman_ws/src/kalman_robot/install/service_based_nav2_controller/share/service_based_nav2_controller/environment/path.dsv
[3.813s] -- Up-to-date symlink: /home/rafal/kalman_ws/src/kalman_robot/install/service_based_nav2_controller/share/service_based_nav2_controller/local_setup.bash
[3.814s] -- Up-to-date symlink: /home/rafal/kalman_ws/src/kalman_robot/install/service_based_nav2_controller/share/service_based_nav2_controller/local_setup.sh
[3.814s] -- Up-to-date symlink: /home/rafal/kalman_ws/src/kalman_robot/install/service_based_nav2_controller/share/service_based_nav2_controller/local_setup.zsh
[3.815s] -- Up-to-date symlink: /home/rafal/kalman_ws/src/kalman_robot/install/service_based_nav2_controller/share/service_based_nav2_controller/local_setup.dsv
[3.815s] -- Symlinking: /home/rafal/kalman_ws/src/kalman_robot/install/service_based_nav2_controller/share/service_based_nav2_controller/package.dsv
[3.835s] -- Up-to-date symlink: /home/rafal/kalman_ws/src/kalman_robot/install/service_based_nav2_controller/share/ament_index/resource_index/packages/service_based_nav2_controller
[3.847s] -- Up-to-date symlink: /home/rafal/kalman_ws/src/kalman_robot/install/service_based_nav2_controller/share/ament_index/resource_index/nav2_core__pluginlib__plugin/service_based_nav2_controller
[3.847s] -- Up-to-date symlink: /home/rafal/kalman_ws/src/kalman_robot/install/service_based_nav2_controller/share/service_based_nav2_controller/cmake/service_based_nav2_controllerConfig.cmake
[3.847s] -- Up-to-date symlink: /home/rafal/kalman_ws/src/kalman_robot/install/service_based_nav2_controller/share/service_based_nav2_controller/cmake/service_based_nav2_controllerConfig-version.cmake
[3.847s] -- Up-to-date symlink: /home/rafal/kalman_ws/src/kalman_robot/install/service_based_nav2_controller/share/service_based_nav2_controller/package.xml
[3.848s] Invoked command in '/home/rafal/kalman_ws/src/kalman_robot/build/service_based_nav2_controller' returned '0': AMENT_PREFIX_PATH=/home/rafal/kalman_ws/src/kalman_robot/install/service_based_nav2_controller_srvs:${AMENT_PREFIX_PATH} CMAKE_PREFIX_PATH=/home/rafal/kalman_ws/src/kalman_robot/install/service_based_nav2_controller_srvs:/home/rafal/dev_ws/install/my_robot:/opt/ros/humble LD_LIBRARY_PATH=/home/rafal/kalman_ws/src/kalman_robot/install/service_based_nav2_controller_srvs/lib:${LD_LIBRARY_PATH} PYTHONPATH=/home/rafal/kalman_ws/src/kalman_robot/install/service_based_nav2_controller_srvs/local/lib/python3.10/dist-packages:${PYTHONPATH} /usr/bin/cmake --install /home/rafal/kalman_ws/src/kalman_robot/build/service_based_nav2_controller
