-- The C compiler identification is GNU 11.4.0
-- The CXX compiler identification is GNU 11.4.0
-- Detecting C compiler ABI info
-- Detecting C compiler ABI info - done
-- Check for working C compiler: /usr/bin/cc - skipped
-- Detecting C compile features
-- Detecting C compile features - done
-- Detecting CXX compiler ABI info
-- Detecting CXX compiler ABI info - done
-- Check for working CXX compiler: /usr/bin/c++ - skipped
-- Detecting CXX compile features
-- Detecting CXX compile features - done
-- Found ament_cmake: 1.3.8 (/opt/ros/humble/share/ament_cmake/cmake)
-- Found Python3: /usr/bin/python3 (found version "3.10.12") found components: Interpreter 
-- Override CMake install command with custom implementation using symlinks instead of copying resources
-- Found unity_rs_publisher_msgs: 0.0.0 (/home/rafal/kalman_ws/src/kalman_robot/install/unity_rs_publisher_msgs/share/unity_rs_publisher_msgs/cmake)
-- Found rosidl_generator_c: 3.1.5 (/opt/ros/humble/share/rosidl_generator_c/cmake)
-- Found rosidl_adapter: 3.1.5 (/opt/ros/humble/share/rosidl_adapter/cmake)
-- Found rosidl_generator_cpp: 3.1.5 (/opt/ros/humble/share/rosidl_generator_cpp/cmake)
-- Using all available rosidl_typesupport_c: rosidl_typesupport_fastrtps_c;rosidl_typesupport_introspection_c
-- Using all available rosidl_typesupport_cpp: rosidl_typesupport_fastrtps_cpp;rosidl_typesupport_introspection_cpp
-- Found rclcpp: 16.0.8 (/opt/ros/humble/share/rclcpp/cmake)
-- Found rmw_implementation_cmake: 6.1.1 (/opt/ros/humble/share/rmw_implementation_cmake/cmake)
-- Found rmw_fastrtps_cpp: 6.2.6 (/opt/ros/humble/share/rmw_fastrtps_cpp/cmake)
-- Found OpenSSL: /usr/lib/x86_64-linux-gnu/libcrypto.so (found version "3.0.2")  
-- Found FastRTPS: /opt/ros/humble/include  
-- Using RMW implementation 'rmw_fastrtps_cpp' as default
-- Looking for pthread.h
-- Looking for pthread.h - found
-- Performing Test CMAKE_HAVE_LIBC_PTHREAD
-- Performing Test CMAKE_HAVE_LIBC_PTHREAD - Success
-- Found Threads: TRUE  
-- Found image_transport: 3.1.8 (/opt/ros/humble/share/image_transport/cmake)
-- Found cv_bridge: 3.2.1 (/opt/ros/humble/share/cv_bridge/cmake)
-- Configuring done
-- Generating done
-- Build files have been written to: /home/rafal/kalman_ws/src/kalman_robot/build/unity_rs_publisher
[ 50%] [32mBuilding CXX object CMakeFiles/unity_rs_publisher.dir/src/main.cpp.o[0m
[100%] [32m[1mLinking CXX executable unity_rs_publisher[0m
[100%] Built target unity_rs_publisher
-- Install configuration: ""
-- Execute custom install script
-- Symlinking: /home/rafal/kalman_ws/src/kalman_robot/install/unity_rs_publisher/lib/unity_rs_publisher/unity_rs_publisher
-- Symlinking: /home/rafal/kalman_ws/src/kalman_robot/install/unity_rs_publisher/share/ament_index/resource_index/package_run_dependencies/unity_rs_publisher
-- Symlinking: /home/rafal/kalman_ws/src/kalman_robot/install/unity_rs_publisher/share/ament_index/resource_index/parent_prefix_path/unity_rs_publisher
-- Symlinking: /home/rafal/kalman_ws/src/kalman_robot/install/unity_rs_publisher/share/unity_rs_publisher/environment/ament_prefix_path.sh
-- Symlinking: /home/rafal/kalman_ws/src/kalman_robot/install/unity_rs_publisher/share/unity_rs_publisher/environment/ament_prefix_path.dsv
-- Symlinking: /home/rafal/kalman_ws/src/kalman_robot/install/unity_rs_publisher/share/unity_rs_publisher/environment/path.sh
-- Symlinking: /home/rafal/kalman_ws/src/kalman_robot/install/unity_rs_publisher/share/unity_rs_publisher/environment/path.dsv
-- Symlinking: /home/rafal/kalman_ws/src/kalman_robot/install/unity_rs_publisher/share/unity_rs_publisher/local_setup.bash
-- Symlinking: /home/rafal/kalman_ws/src/kalman_robot/install/unity_rs_publisher/share/unity_rs_publisher/local_setup.sh
-- Symlinking: /home/rafal/kalman_ws/src/kalman_robot/install/unity_rs_publisher/share/unity_rs_publisher/local_setup.zsh
-- Symlinking: /home/rafal/kalman_ws/src/kalman_robot/install/unity_rs_publisher/share/unity_rs_publisher/local_setup.dsv
-- Symlinking: /home/rafal/kalman_ws/src/kalman_robot/install/unity_rs_publisher/share/unity_rs_publisher/package.dsv
-- Symlinking: /home/rafal/kalman_ws/src/kalman_robot/install/unity_rs_publisher/share/ament_index/resource_index/packages/unity_rs_publisher
-- Symlinking: /home/rafal/kalman_ws/src/kalman_robot/install/unity_rs_publisher/share/unity_rs_publisher/cmake/unity_rs_publisherConfig.cmake
-- Symlinking: /home/rafal/kalman_ws/src/kalman_robot/install/unity_rs_publisher/share/unity_rs_publisher/cmake/unity_rs_publisherConfig-version.cmake
-- Symlinking: /home/rafal/kalman_ws/src/kalman_robot/install/unity_rs_publisher/share/unity_rs_publisher/package.xml
