[0.435s] DEBUG:colcon:Command line arguments: ['/usr/bin/colcon', 'build']
[0.435s] DEBUG:colcon:Parsed command line arguments: Namespace(log_base=None, log_level=None, verb_name='build', build_base='build', install_base='install', merge_install=False, symlink_install=False, test_result_base=None, continue_on_error=False, executor='parallel', parallel_workers=16, event_handlers=None, ignore_user_meta=False, metas=['./colcon.meta'], base_paths=['.'], packages_ignore=None, packages_ignore_regex=None, paths=None, packages_up_to=None, packages_up_to_regex=None, packages_above=None, packages_above_and_dependencies=None, packages_above_depth=None, packages_select_by_dep=None, packages_skip_by_dep=None, packages_skip_up_to=None, packages_select_build_failed=False, packages_skip_build_finished=False, packages_select_test_failures=False, packages_skip_test_passed=False, packages_select=None, packages_skip=None, packages_select_regex=None, packages_skip_regex=None, packages_start=None, packages_end=None, allow_overriding=[], cmake_args=None, cmake_target=None, cmake_target_skip_unavailable=False, cmake_clean_cache=False, cmake_clean_first=False, cmake_force_configure=False, ament_cmake_args=None, catkin_cmake_args=None, catkin_skip_building_tests=False, verb_parser=<colcon_defaults.argument_parser.defaults.DefaultArgumentsDecorator object at 0x7f1cbb9994b0>, verb_extension=<colcon_core.verb.build.BuildVerb object at 0x7f1cbb998be0>, main=<bound method BuildVerb.main of <colcon_core.verb.build.BuildVerb object at 0x7f1cbb998be0>>)
[0.456s] Level 1:colcon.colcon_core.package_discovery:discover_packages(colcon_meta) check parameters
[0.456s] Level 1:colcon.colcon_core.package_discovery:discover_packages(recursive) check parameters
[0.456s] Level 1:colcon.colcon_core.package_discovery:discover_packages(ignore) check parameters
[0.456s] Level 1:colcon.colcon_core.package_discovery:discover_packages(path) check parameters
[0.456s] Level 1:colcon.colcon_core.package_discovery:discover_packages(colcon_meta) discover
[0.456s] Level 1:colcon.colcon_core.package_discovery:discover_packages(recursive) discover
[0.456s] INFO:colcon.colcon_core.package_discovery:Crawling recursively for packages in '/home/rafal/.ssh/kalman_ws/src/kalman_robot'
[0.456s] Level 1:colcon.colcon_core.package_identification:_identify(.) by extensions ['ignore', 'ignore_ament_install']
[0.456s] Level 1:colcon.colcon_core.package_identification:_identify(.) by extension 'ignore'
[0.456s] Level 1:colcon.colcon_core.package_identification:_identify(.) by extension 'ignore_ament_install'
[0.457s] Level 1:colcon.colcon_core.package_identification:_identify(.) by extensions ['colcon_pkg']
[0.457s] Level 1:colcon.colcon_core.package_identification:_identify(.) by extension 'colcon_pkg'
[0.457s] Level 1:colcon.colcon_core.package_identification:_identify(.) by extensions ['colcon_meta']
[0.457s] Level 1:colcon.colcon_core.package_identification:_identify(.) by extension 'colcon_meta'
[0.457s] Level 1:colcon.colcon_core.package_identification:_identify(.) by extensions ['ros']
[0.457s] Level 1:colcon.colcon_core.package_identification:_identify(.) by extension 'ros'
[0.463s] Level 1:colcon.colcon_core.package_identification:_identify(.) by extensions ['cmake', 'python']
[0.463s] Level 1:colcon.colcon_core.package_identification:_identify(.) by extension 'cmake'
[0.463s] Level 1:colcon.colcon_core.package_identification:_identify(.) by extension 'python'
[0.463s] Level 1:colcon.colcon_core.package_identification:_identify(.) by extensions ['python_setup_py']
[0.463s] Level 1:colcon.colcon_core.package_identification:_identify(.) by extension 'python_setup_py'
[0.463s] Level 1:colcon.colcon_core.package_identification:_identify(build) by extensions ['ignore', 'ignore_ament_install']
[0.463s] Level 1:colcon.colcon_core.package_identification:_identify(build) by extension 'ignore'
[0.463s] Level 1:colcon.colcon_core.package_identification:_identify(build) ignored
[0.463s] Level 1:colcon.colcon_core.package_identification:_identify(docs) by extensions ['ignore', 'ignore_ament_install']
[0.463s] Level 1:colcon.colcon_core.package_identification:_identify(docs) by extension 'ignore'
[0.463s] Level 1:colcon.colcon_core.package_identification:_identify(docs) by extension 'ignore_ament_install'
[0.463s] Level 1:colcon.colcon_core.package_identification:_identify(docs) by extensions ['colcon_pkg']
[0.463s] Level 1:colcon.colcon_core.package_identification:_identify(docs) by extension 'colcon_pkg'
[0.463s] Level 1:colcon.colcon_core.package_identification:_identify(docs) by extensions ['colcon_meta']
[0.463s] Level 1:colcon.colcon_core.package_identification:_identify(docs) by extension 'colcon_meta'
[0.463s] Level 1:colcon.colcon_core.package_identification:_identify(docs) by extensions ['ros']
[0.463s] Level 1:colcon.colcon_core.package_identification:_identify(docs) by extension 'ros'
[0.463s] Level 1:colcon.colcon_core.package_identification:_identify(docs) by extensions ['cmake', 'python']
[0.463s] Level 1:colcon.colcon_core.package_identification:_identify(docs) by extension 'cmake'
[0.463s] Level 1:colcon.colcon_core.package_identification:_identify(docs) by extension 'python'
[0.463s] Level 1:colcon.colcon_core.package_identification:_identify(docs) by extensions ['python_setup_py']
[0.463s] Level 1:colcon.colcon_core.package_identification:_identify(docs) by extension 'python_setup_py'
[0.463s] Level 1:colcon.colcon_core.package_identification:_identify(install) by extensions ['ignore', 'ignore_ament_install']
[0.463s] Level 1:colcon.colcon_core.package_identification:_identify(install) by extension 'ignore'
[0.463s] Level 1:colcon.colcon_core.package_identification:_identify(install) ignored
[0.463s] Level 1:colcon.colcon_core.package_identification:_identify(kalman_bringup) by extensions ['ignore', 'ignore_ament_install']
[0.463s] Level 1:colcon.colcon_core.package_identification:_identify(kalman_bringup) by extension 'ignore'
[0.463s] Level 1:colcon.colcon_core.package_identification:_identify(kalman_bringup) by extension 'ignore_ament_install'
[0.463s] Level 1:colcon.colcon_core.package_identification:_identify(kalman_bringup) by extensions ['colcon_pkg']
[0.463s] Level 1:colcon.colcon_core.package_identification:_identify(kalman_bringup) by extension 'colcon_pkg'
[0.463s] Level 1:colcon.colcon_core.package_identification:_identify(kalman_bringup) by extensions ['colcon_meta']
[0.463s] Level 1:colcon.colcon_core.package_identification:_identify(kalman_bringup) by extension 'colcon_meta'
[0.463s] Level 1:colcon.colcon_core.package_identification:_identify(kalman_bringup) by extensions ['ros']
[0.463s] Level 1:colcon.colcon_core.package_identification:_identify(kalman_bringup) by extension 'ros'
[0.465s] DEBUG:colcon.colcon_core.package_identification:Package 'kalman_bringup' with type 'ros.ament_python' and name 'kalman_bringup'
[0.465s] Level 1:colcon.colcon_core.package_identification:_identify(kalman_description) by extensions ['ignore', 'ignore_ament_install']
[0.465s] Level 1:colcon.colcon_core.package_identification:_identify(kalman_description) by extension 'ignore'
[0.465s] Level 1:colcon.colcon_core.package_identification:_identify(kalman_description) by extension 'ignore_ament_install'
[0.465s] Level 1:colcon.colcon_core.package_identification:_identify(kalman_description) by extensions ['colcon_pkg']
[0.465s] Level 1:colcon.colcon_core.package_identification:_identify(kalman_description) by extension 'colcon_pkg'
[0.465s] Level 1:colcon.colcon_core.package_identification:_identify(kalman_description) by extensions ['colcon_meta']
[0.465s] Level 1:colcon.colcon_core.package_identification:_identify(kalman_description) by extension 'colcon_meta'
[0.465s] Level 1:colcon.colcon_core.package_identification:_identify(kalman_description) by extensions ['ros']
[0.465s] Level 1:colcon.colcon_core.package_identification:_identify(kalman_description) by extension 'ros'
[0.465s] DEBUG:colcon.colcon_core.package_identification:Package 'kalman_description' with type 'ros.ament_python' and name 'kalman_description'
[0.465s] Level 1:colcon.colcon_core.package_identification:_identify(kalman_drivers) by extensions ['ignore', 'ignore_ament_install']
[0.465s] Level 1:colcon.colcon_core.package_identification:_identify(kalman_drivers) by extension 'ignore'
[0.465s] Level 1:colcon.colcon_core.package_identification:_identify(kalman_drivers) by extension 'ignore_ament_install'
[0.465s] Level 1:colcon.colcon_core.package_identification:_identify(kalman_drivers) by extensions ['colcon_pkg']
[0.465s] Level 1:colcon.colcon_core.package_identification:_identify(kalman_drivers) by extension 'colcon_pkg'
[0.465s] Level 1:colcon.colcon_core.package_identification:_identify(kalman_drivers) by extensions ['colcon_meta']
[0.465s] Level 1:colcon.colcon_core.package_identification:_identify(kalman_drivers) by extension 'colcon_meta'
[0.465s] Level 1:colcon.colcon_core.package_identification:_identify(kalman_drivers) by extensions ['ros']
[0.465s] Level 1:colcon.colcon_core.package_identification:_identify(kalman_drivers) by extension 'ros'
[0.465s] DEBUG:colcon.colcon_core.package_identification:Package 'kalman_drivers' with type 'ros.ament_python' and name 'kalman_drivers'
[0.466s] Level 1:colcon.colcon_core.package_identification:_identify(kalman_interfaces) by extensions ['ignore', 'ignore_ament_install']
[0.466s] Level 1:colcon.colcon_core.package_identification:_identify(kalman_interfaces) by extension 'ignore'
[0.466s] Level 1:colcon.colcon_core.package_identification:_identify(kalman_interfaces) by extension 'ignore_ament_install'
[0.466s] Level 1:colcon.colcon_core.package_identification:_identify(kalman_interfaces) by extensions ['colcon_pkg']
[0.466s] Level 1:colcon.colcon_core.package_identification:_identify(kalman_interfaces) by extension 'colcon_pkg'
[0.466s] Level 1:colcon.colcon_core.package_identification:_identify(kalman_interfaces) by extensions ['colcon_meta']
[0.466s] Level 1:colcon.colcon_core.package_identification:_identify(kalman_interfaces) by extension 'colcon_meta'
[0.466s] Level 1:colcon.colcon_core.package_identification:_identify(kalman_interfaces) by extensions ['ros']
[0.466s] Level 1:colcon.colcon_core.package_identification:_identify(kalman_interfaces) by extension 'ros'
[0.466s] DEBUG:colcon.colcon_core.package_identification:Package 'kalman_interfaces' with type 'ros.ament_cmake' and name 'kalman_interfaces'
[0.466s] Level 1:colcon.colcon_core.package_identification:_identify(kalman_master_driver) by extensions ['ignore', 'ignore_ament_install']
[0.466s] Level 1:colcon.colcon_core.package_identification:_identify(kalman_master_driver) by extension 'ignore'
[0.466s] Level 1:colcon.colcon_core.package_identification:_identify(kalman_master_driver) by extension 'ignore_ament_install'
[0.466s] Level 1:colcon.colcon_core.package_identification:_identify(kalman_master_driver) by extensions ['colcon_pkg']
[0.466s] Level 1:colcon.colcon_core.package_identification:_identify(kalman_master_driver) by extension 'colcon_pkg'
[0.466s] Level 1:colcon.colcon_core.package_identification:_identify(kalman_master_driver) by extensions ['colcon_meta']
[0.466s] Level 1:colcon.colcon_core.package_identification:_identify(kalman_master_driver) by extension 'colcon_meta'
[0.466s] Level 1:colcon.colcon_core.package_identification:_identify(kalman_master_driver) by extensions ['ros']
[0.466s] Level 1:colcon.colcon_core.package_identification:_identify(kalman_master_driver) by extension 'ros'
[0.466s] DEBUG:colcon.colcon_core.package_identification:Package 'kalman_master_driver' with type 'ros.ament_cmake' and name 'kalman_master_driver'
[0.466s] Level 1:colcon.colcon_core.package_identification:_identify(kalman_nav2) by extensions ['ignore', 'ignore_ament_install']
[0.467s] Level 1:colcon.colcon_core.package_identification:_identify(kalman_nav2) by extension 'ignore'
[0.467s] Level 1:colcon.colcon_core.package_identification:_identify(kalman_nav2) by extension 'ignore_ament_install'
[0.467s] Level 1:colcon.colcon_core.package_identification:_identify(kalman_nav2) by extensions ['colcon_pkg']
[0.467s] Level 1:colcon.colcon_core.package_identification:_identify(kalman_nav2) by extension 'colcon_pkg'
[0.467s] Level 1:colcon.colcon_core.package_identification:_identify(kalman_nav2) by extensions ['colcon_meta']
[0.467s] Level 1:colcon.colcon_core.package_identification:_identify(kalman_nav2) by extension 'colcon_meta'
[0.467s] Level 1:colcon.colcon_core.package_identification:_identify(kalman_nav2) by extensions ['ros']
[0.467s] Level 1:colcon.colcon_core.package_identification:_identify(kalman_nav2) by extension 'ros'
[0.467s] DEBUG:colcon.colcon_core.package_identification:Package 'kalman_nav2' with type 'ros.ament_python' and name 'kalman_nav2'
[0.467s] Level 1:colcon.colcon_core.package_identification:_identify(kalman_robot) by extensions ['ignore', 'ignore_ament_install']
[0.467s] Level 1:colcon.colcon_core.package_identification:_identify(kalman_robot) by extension 'ignore'
[0.467s] Level 1:colcon.colcon_core.package_identification:_identify(kalman_robot) by extension 'ignore_ament_install'
[0.467s] Level 1:colcon.colcon_core.package_identification:_identify(kalman_robot) by extensions ['colcon_pkg']
[0.467s] Level 1:colcon.colcon_core.package_identification:_identify(kalman_robot) by extension 'colcon_pkg'
[0.467s] Level 1:colcon.colcon_core.package_identification:_identify(kalman_robot) by extensions ['colcon_meta']
[0.467s] Level 1:colcon.colcon_core.package_identification:_identify(kalman_robot) by extension 'colcon_meta'
[0.467s] Level 1:colcon.colcon_core.package_identification:_identify(kalman_robot) by extensions ['ros']
[0.467s] Level 1:colcon.colcon_core.package_identification:_identify(kalman_robot) by extension 'ros'
[0.468s] DEBUG:colcon.colcon_core.package_identification:Package 'kalman_robot' with type 'ros.ament_cmake' and name 'kalman_robot'
[0.468s] Level 1:colcon.colcon_core.package_identification:_identify(kalman_rosou) by extensions ['ignore', 'ignore_ament_install']
[0.468s] Level 1:colcon.colcon_core.package_identification:_identify(kalman_rosou) by extension 'ignore'
[0.468s] Level 1:colcon.colcon_core.package_identification:_identify(kalman_rosou) by extension 'ignore_ament_install'
[0.468s] Level 1:colcon.colcon_core.package_identification:_identify(kalman_rosou) by extensions ['colcon_pkg']
[0.468s] Level 1:colcon.colcon_core.package_identification:_identify(kalman_rosou) by extension 'colcon_pkg'
[0.468s] Level 1:colcon.colcon_core.package_identification:_identify(kalman_rosou) by extensions ['colcon_meta']
[0.468s] Level 1:colcon.colcon_core.package_identification:_identify(kalman_rosou) by extension 'colcon_meta'
[0.468s] Level 1:colcon.colcon_core.package_identification:_identify(kalman_rosou) by extensions ['ros']
[0.468s] Level 1:colcon.colcon_core.package_identification:_identify(kalman_rosou) by extension 'ros'
[0.468s] DEBUG:colcon.colcon_core.package_identification:Package 'kalman_rosou' with type 'ros.ament_python' and name 'kalman_rosou'
[0.468s] Level 1:colcon.colcon_core.package_identification:_identify(kalman_slam) by extensions ['ignore', 'ignore_ament_install']
[0.468s] Level 1:colcon.colcon_core.package_identification:_identify(kalman_slam) by extension 'ignore'
[0.468s] Level 1:colcon.colcon_core.package_identification:_identify(kalman_slam) by extension 'ignore_ament_install'
[0.468s] Level 1:colcon.colcon_core.package_identification:_identify(kalman_slam) by extensions ['colcon_pkg']
[0.468s] Level 1:colcon.colcon_core.package_identification:_identify(kalman_slam) by extension 'colcon_pkg'
[0.468s] Level 1:colcon.colcon_core.package_identification:_identify(kalman_slam) by extensions ['colcon_meta']
[0.468s] Level 1:colcon.colcon_core.package_identification:_identify(kalman_slam) by extension 'colcon_meta'
[0.468s] Level 1:colcon.colcon_core.package_identification:_identify(kalman_slam) by extensions ['ros']
[0.468s] Level 1:colcon.colcon_core.package_identification:_identify(kalman_slam) by extension 'ros'
[0.468s] DEBUG:colcon.colcon_core.package_identification:Package 'kalman_slam' with type 'ros.ament_python' and name 'kalman_slam'
[0.468s] Level 1:colcon.colcon_core.package_identification:_identify(kalman_wheel_controller) by extensions ['ignore', 'ignore_ament_install']
[0.468s] Level 1:colcon.colcon_core.package_identification:_identify(kalman_wheel_controller) by extension 'ignore'
[0.469s] Level 1:colcon.colcon_core.package_identification:_identify(kalman_wheel_controller) by extension 'ignore_ament_install'
[0.469s] Level 1:colcon.colcon_core.package_identification:_identify(kalman_wheel_controller) by extensions ['colcon_pkg']
[0.469s] Level 1:colcon.colcon_core.package_identification:_identify(kalman_wheel_controller) by extension 'colcon_pkg'
[0.469s] Level 1:colcon.colcon_core.package_identification:_identify(kalman_wheel_controller) by extensions ['colcon_meta']
[0.469s] Level 1:colcon.colcon_core.package_identification:_identify(kalman_wheel_controller) by extension 'colcon_meta'
[0.469s] Level 1:colcon.colcon_core.package_identification:_identify(kalman_wheel_controller) by extensions ['ros']
[0.469s] Level 1:colcon.colcon_core.package_identification:_identify(kalman_wheel_controller) by extension 'ros'
[0.469s] DEBUG:colcon.colcon_core.package_identification:Package 'kalman_wheel_controller' with type 'ros.ament_python' and name 'kalman_wheel_controller'
[0.469s] Level 1:colcon.colcon_core.package_identification:_identify(kalman_yolo) by extensions ['ignore', 'ignore_ament_install']
[0.469s] Level 1:colcon.colcon_core.package_identification:_identify(kalman_yolo) by extension 'ignore'
[0.469s] Level 1:colcon.colcon_core.package_identification:_identify(kalman_yolo) by extension 'ignore_ament_install'
[0.469s] Level 1:colcon.colcon_core.package_identification:_identify(kalman_yolo) by extensions ['colcon_pkg']
[0.469s] Level 1:colcon.colcon_core.package_identification:_identify(kalman_yolo) by extension 'colcon_pkg'
[0.469s] Level 1:colcon.colcon_core.package_identification:_identify(kalman_yolo) by extensions ['colcon_meta']
[0.469s] Level 1:colcon.colcon_core.package_identification:_identify(kalman_yolo) by extension 'colcon_meta'
[0.469s] Level 1:colcon.colcon_core.package_identification:_identify(kalman_yolo) by extensions ['ros']
[0.469s] Level 1:colcon.colcon_core.package_identification:_identify(kalman_yolo) by extension 'ros'
[0.469s] Level 1:colcon.colcon_core.package_identification:_identify(kalman_yolo) by extensions ['cmake', 'python']
[0.469s] Level 1:colcon.colcon_core.package_identification:_identify(kalman_yolo) by extension 'cmake'
[0.469s] Level 1:colcon.colcon_core.package_identification:_identify(kalman_yolo) by extension 'python'
[0.469s] Level 1:colcon.colcon_core.package_identification:_identify(kalman_yolo) by extensions ['python_setup_py']
[0.469s] Level 1:colcon.colcon_core.package_identification:_identify(kalman_yolo) by extension 'python_setup_py'
[0.469s] Level 1:colcon.colcon_core.package_identification:_identify(log) by extensions ['ignore', 'ignore_ament_install']
[0.469s] Level 1:colcon.colcon_core.package_identification:_identify(log) by extension 'ignore'
[0.469s] Level 1:colcon.colcon_core.package_identification:_identify(log) ignored
[0.469s] Level 1:colcon.colcon_core.package_identification:_identify(service_based_nav2_controller) by extensions ['ignore', 'ignore_ament_install']
[0.469s] Level 1:colcon.colcon_core.package_identification:_identify(service_based_nav2_controller) by extension 'ignore'
[0.469s] Level 1:colcon.colcon_core.package_identification:_identify(service_based_nav2_controller) by extension 'ignore_ament_install'
[0.469s] Level 1:colcon.colcon_core.package_identification:_identify(service_based_nav2_controller) by extensions ['colcon_pkg']
[0.469s] Level 1:colcon.colcon_core.package_identification:_identify(service_based_nav2_controller) by extension 'colcon_pkg'
[0.469s] Level 1:colcon.colcon_core.package_identification:_identify(service_based_nav2_controller) by extensions ['colcon_meta']
[0.469s] Level 1:colcon.colcon_core.package_identification:_identify(service_based_nav2_controller) by extension 'colcon_meta'
[0.469s] Level 1:colcon.colcon_core.package_identification:_identify(service_based_nav2_controller) by extensions ['ros']
[0.469s] Level 1:colcon.colcon_core.package_identification:_identify(service_based_nav2_controller) by extension 'ros'
[0.469s] Level 1:colcon.colcon_core.package_identification:_identify(service_based_nav2_controller) by extensions ['cmake', 'python']
[0.469s] Level 1:colcon.colcon_core.package_identification:_identify(service_based_nav2_controller) by extension 'cmake'
[0.470s] Level 1:colcon.colcon_core.package_identification:_identify(service_based_nav2_controller) by extension 'python'
[0.470s] Level 1:colcon.colcon_core.package_identification:_identify(service_based_nav2_controller) by extensions ['python_setup_py']
[0.470s] Level 1:colcon.colcon_core.package_identification:_identify(service_based_nav2_controller) by extension 'python_setup_py'
[0.470s] Level 1:colcon.colcon_core.package_identification:_identify(service_based_nav2_controller/service_based_nav2_controller) by extensions ['ignore', 'ignore_ament_install']
[0.470s] Level 1:colcon.colcon_core.package_identification:_identify(service_based_nav2_controller/service_based_nav2_controller) by extension 'ignore'
[0.470s] Level 1:colcon.colcon_core.package_identification:_identify(service_based_nav2_controller/service_based_nav2_controller) by extension 'ignore_ament_install'
[0.470s] Level 1:colcon.colcon_core.package_identification:_identify(service_based_nav2_controller/service_based_nav2_controller) by extensions ['colcon_pkg']
[0.470s] Level 1:colcon.colcon_core.package_identification:_identify(service_based_nav2_controller/service_based_nav2_controller) by extension 'colcon_pkg'
[0.470s] Level 1:colcon.colcon_core.package_identification:_identify(service_based_nav2_controller/service_based_nav2_controller) by extensions ['colcon_meta']
[0.470s] Level 1:colcon.colcon_core.package_identification:_identify(service_based_nav2_controller/service_based_nav2_controller) by extension 'colcon_meta'
[0.470s] Level 1:colcon.colcon_core.package_identification:_identify(service_based_nav2_controller/service_based_nav2_controller) by extensions ['ros']
[0.470s] Level 1:colcon.colcon_core.package_identification:_identify(service_based_nav2_controller/service_based_nav2_controller) by extension 'ros'
[0.470s] DEBUG:colcon.colcon_core.package_identification:Package 'service_based_nav2_controller/service_based_nav2_controller' with type 'ros.ament_cmake' and name 'service_based_nav2_controller'
[0.470s] Level 1:colcon.colcon_core.package_identification:_identify(service_based_nav2_controller/service_based_nav2_controller_srvs) by extensions ['ignore', 'ignore_ament_install']
[0.470s] Level 1:colcon.colcon_core.package_identification:_identify(service_based_nav2_controller/service_based_nav2_controller_srvs) by extension 'ignore'
[0.470s] Level 1:colcon.colcon_core.package_identification:_identify(service_based_nav2_controller/service_based_nav2_controller_srvs) by extension 'ignore_ament_install'
[0.470s] Level 1:colcon.colcon_core.package_identification:_identify(service_based_nav2_controller/service_based_nav2_controller_srvs) by extensions ['colcon_pkg']
[0.470s] Level 1:colcon.colcon_core.package_identification:_identify(service_based_nav2_controller/service_based_nav2_controller_srvs) by extension 'colcon_pkg'
[0.470s] Level 1:colcon.colcon_core.package_identification:_identify(service_based_nav2_controller/service_based_nav2_controller_srvs) by extensions ['colcon_meta']
[0.470s] Level 1:colcon.colcon_core.package_identification:_identify(service_based_nav2_controller/service_based_nav2_controller_srvs) by extension 'colcon_meta'
[0.470s] Level 1:colcon.colcon_core.package_identification:_identify(service_based_nav2_controller/service_based_nav2_controller_srvs) by extensions ['ros']
[0.470s] Level 1:colcon.colcon_core.package_identification:_identify(service_based_nav2_controller/service_based_nav2_controller_srvs) by extension 'ros'
[0.471s] DEBUG:colcon.colcon_core.package_identification:Package 'service_based_nav2_controller/service_based_nav2_controller_srvs' with type 'ros.ament_cmake' and name 'service_based_nav2_controller_srvs'
[0.471s] Level 1:colcon.colcon_core.package_identification:_identify(supervisor) by extensions ['ignore', 'ignore_ament_install']
[0.471s] Level 1:colcon.colcon_core.package_identification:_identify(supervisor) by extension 'ignore'
[0.471s] Level 1:colcon.colcon_core.package_identification:_identify(supervisor) by extension 'ignore_ament_install'
[0.471s] Level 1:colcon.colcon_core.package_identification:_identify(supervisor) by extensions ['colcon_pkg']
[0.471s] Level 1:colcon.colcon_core.package_identification:_identify(supervisor) by extension 'colcon_pkg'
[0.471s] Level 1:colcon.colcon_core.package_identification:_identify(supervisor) by extensions ['colcon_meta']
[0.471s] Level 1:colcon.colcon_core.package_identification:_identify(supervisor) by extension 'colcon_meta'
[0.471s] Level 1:colcon.colcon_core.package_identification:_identify(supervisor) by extensions ['ros']
[0.471s] Level 1:colcon.colcon_core.package_identification:_identify(supervisor) by extension 'ros'
[0.471s] DEBUG:colcon.colcon_core.package_identification:Package 'supervisor' with type 'ros.ament_python' and name 'supervisor2'
[0.471s] Level 1:colcon.colcon_core.package_identification:_identify(unity_sim) by extensions ['ignore', 'ignore_ament_install']
[0.471s] Level 1:colcon.colcon_core.package_identification:_identify(unity_sim) by extension 'ignore'
[0.471s] Level 1:colcon.colcon_core.package_identification:_identify(unity_sim) by extension 'ignore_ament_install'
[0.471s] Level 1:colcon.colcon_core.package_identification:_identify(unity_sim) by extensions ['colcon_pkg']
[0.471s] Level 1:colcon.colcon_core.package_identification:_identify(unity_sim) by extension 'colcon_pkg'
[0.471s] Level 1:colcon.colcon_core.package_identification:_identify(unity_sim) by extensions ['colcon_meta']
[0.471s] Level 1:colcon.colcon_core.package_identification:_identify(unity_sim) by extension 'colcon_meta'
[0.471s] Level 1:colcon.colcon_core.package_identification:_identify(unity_sim) by extensions ['ros']
[0.471s] Level 1:colcon.colcon_core.package_identification:_identify(unity_sim) by extension 'ros'
[0.471s] Level 1:colcon.colcon_core.package_identification:_identify(unity_sim) by extensions ['cmake', 'python']
[0.471s] Level 1:colcon.colcon_core.package_identification:_identify(unity_sim) by extension 'cmake'
[0.471s] Level 1:colcon.colcon_core.package_identification:_identify(unity_sim) by extension 'python'
[0.472s] Level 1:colcon.colcon_core.package_identification:_identify(unity_sim) by extensions ['python_setup_py']
[0.472s] Level 1:colcon.colcon_core.package_identification:_identify(unity_sim) by extension 'python_setup_py'
[0.472s] Level 1:colcon.colcon_core.package_identification:_identify(unity_sim/docs) by extensions ['ignore', 'ignore_ament_install']
[0.472s] Level 1:colcon.colcon_core.package_identification:_identify(unity_sim/docs) by extension 'ignore'
[0.472s] Level 1:colcon.colcon_core.package_identification:_identify(unity_sim/docs) by extension 'ignore_ament_install'
[0.472s] Level 1:colcon.colcon_core.package_identification:_identify(unity_sim/docs) by extensions ['colcon_pkg']
[0.472s] Level 1:colcon.colcon_core.package_identification:_identify(unity_sim/docs) by extension 'colcon_pkg'
[0.472s] Level 1:colcon.colcon_core.package_identification:_identify(unity_sim/docs) by extensions ['colcon_meta']
[0.472s] Level 1:colcon.colcon_core.package_identification:_identify(unity_sim/docs) by extension 'colcon_meta'
[0.472s] Level 1:colcon.colcon_core.package_identification:_identify(unity_sim/docs) by extensions ['ros']
[0.472s] Level 1:colcon.colcon_core.package_identification:_identify(unity_sim/docs) by extension 'ros'
[0.472s] Level 1:colcon.colcon_core.package_identification:_identify(unity_sim/docs) by extensions ['cmake', 'python']
[0.472s] Level 1:colcon.colcon_core.package_identification:_identify(unity_sim/docs) by extension 'cmake'
[0.472s] Level 1:colcon.colcon_core.package_identification:_identify(unity_sim/docs) by extension 'python'
[0.472s] Level 1:colcon.colcon_core.package_identification:_identify(unity_sim/docs) by extensions ['python_setup_py']
[0.472s] Level 1:colcon.colcon_core.package_identification:_identify(unity_sim/docs) by extension 'python_setup_py'
[0.472s] Level 1:colcon.colcon_core.package_identification:_identify(unity_sim/unity_project) by extensions ['ignore', 'ignore_ament_install']
[0.472s] Level 1:colcon.colcon_core.package_identification:_identify(unity_sim/unity_project) by extension 'ignore'
[0.472s] Level 1:colcon.colcon_core.package_identification:_identify(unity_sim/unity_project) ignored
[0.472s] Level 1:colcon.colcon_core.package_identification:_identify(unity_sim/unity_rs_publisher) by extensions ['ignore', 'ignore_ament_install']
[0.472s] Level 1:colcon.colcon_core.package_identification:_identify(unity_sim/unity_rs_publisher) by extension 'ignore'
[0.472s] Level 1:colcon.colcon_core.package_identification:_identify(unity_sim/unity_rs_publisher) by extension 'ignore_ament_install'
[0.472s] Level 1:colcon.colcon_core.package_identification:_identify(unity_sim/unity_rs_publisher) by extensions ['colcon_pkg']
[0.472s] Level 1:colcon.colcon_core.package_identification:_identify(unity_sim/unity_rs_publisher) by extension 'colcon_pkg'
[0.472s] Level 1:colcon.colcon_core.package_identification:_identify(unity_sim/unity_rs_publisher) by extensions ['colcon_meta']
[0.472s] Level 1:colcon.colcon_core.package_identification:_identify(unity_sim/unity_rs_publisher) by extension 'colcon_meta'
[0.472s] Level 1:colcon.colcon_core.package_identification:_identify(unity_sim/unity_rs_publisher) by extensions ['ros']
[0.472s] Level 1:colcon.colcon_core.package_identification:_identify(unity_sim/unity_rs_publisher) by extension 'ros'
[0.472s] DEBUG:colcon.colcon_core.package_identification:Package 'unity_sim/unity_rs_publisher' with type 'ros.ament_cmake' and name 'unity_rs_publisher'
[0.473s] Level 1:colcon.colcon_core.package_identification:_identify(unity_sim/unity_rs_publisher_msgs) by extensions ['ignore', 'ignore_ament_install']
[0.473s] Level 1:colcon.colcon_core.package_identification:_identify(unity_sim/unity_rs_publisher_msgs) by extension 'ignore'
[0.473s] Level 1:colcon.colcon_core.package_identification:_identify(unity_sim/unity_rs_publisher_msgs) by extension 'ignore_ament_install'
[0.473s] Level 1:colcon.colcon_core.package_identification:_identify(unity_sim/unity_rs_publisher_msgs) by extensions ['colcon_pkg']
[0.473s] Level 1:colcon.colcon_core.package_identification:_identify(unity_sim/unity_rs_publisher_msgs) by extension 'colcon_pkg'
[0.473s] Level 1:colcon.colcon_core.package_identification:_identify(unity_sim/unity_rs_publisher_msgs) by extensions ['colcon_meta']
[0.473s] Level 1:colcon.colcon_core.package_identification:_identify(unity_sim/unity_rs_publisher_msgs) by extension 'colcon_meta'
[0.473s] Level 1:colcon.colcon_core.package_identification:_identify(unity_sim/unity_rs_publisher_msgs) by extensions ['ros']
[0.473s] Level 1:colcon.colcon_core.package_identification:_identify(unity_sim/unity_rs_publisher_msgs) by extension 'ros'
[0.473s] DEBUG:colcon.colcon_core.package_identification:Package 'unity_sim/unity_rs_publisher_msgs' with type 'ros.ament_cmake' and name 'unity_rs_publisher_msgs'
[0.473s] Level 1:colcon.colcon_core.package_identification:_identify(unity_sim/unity_sim) by extensions ['ignore', 'ignore_ament_install']
[0.473s] Level 1:colcon.colcon_core.package_identification:_identify(unity_sim/unity_sim) by extension 'ignore'
[0.473s] Level 1:colcon.colcon_core.package_identification:_identify(unity_sim/unity_sim) by extension 'ignore_ament_install'
[0.473s] Level 1:colcon.colcon_core.package_identification:_identify(unity_sim/unity_sim) by extensions ['colcon_pkg']
[0.473s] Level 1:colcon.colcon_core.package_identification:_identify(unity_sim/unity_sim) by extension 'colcon_pkg'
[0.473s] Level 1:colcon.colcon_core.package_identification:_identify(unity_sim/unity_sim) by extensions ['colcon_meta']
[0.473s] Level 1:colcon.colcon_core.package_identification:_identify(unity_sim/unity_sim) by extension 'colcon_meta'
[0.473s] Level 1:colcon.colcon_core.package_identification:_identify(unity_sim/unity_sim) by extensions ['ros']
[0.473s] Level 1:colcon.colcon_core.package_identification:_identify(unity_sim/unity_sim) by extension 'ros'
[0.474s] DEBUG:colcon.colcon_core.package_identification:Package 'unity_sim/unity_sim' with type 'ros.ament_python' and name 'unity_sim'
[0.474s] Level 1:colcon.colcon_core.package_discovery:discover_packages(recursive) using defaults
[0.474s] Level 1:colcon.colcon_core.package_discovery:discover_packages(ignore) discover
[0.474s] Level 1:colcon.colcon_core.package_discovery:discover_packages(ignore) using defaults
[0.474s] Level 1:colcon.colcon_core.package_discovery:discover_packages(path) discover
[0.474s] Level 1:colcon.colcon_core.package_discovery:discover_packages(path) using defaults
[0.516s] Level 1:colcon.colcon_core.package_discovery:discover_packages(prefix_path) check parameters
[0.516s] Level 1:colcon.colcon_core.package_discovery:discover_packages(prefix_path) discover
[0.528s] DEBUG:colcon.colcon_installed_package_information.package_discovery:Found 1 installed packages in /home/rafal/dev_ws/install
[0.535s] DEBUG:colcon.colcon_installed_package_information.package_discovery:Found 330 installed packages in /opt/ros/humble
[0.536s] Level 1:colcon.colcon_core.package_discovery:discover_packages(prefix_path) using defaults
[0.588s] Level 5:colcon.colcon_core.verb:set package 'kalman_description' build argument 'cmake_args' from command line to 'None'
[0.588s] Level 5:colcon.colcon_core.verb:set package 'kalman_description' build argument 'cmake_target' from command line to 'None'
[0.588s] Level 5:colcon.colcon_core.verb:set package 'kalman_description' build argument 'cmake_target_skip_unavailable' from command line to 'False'
[0.588s] Level 5:colcon.colcon_core.verb:set package 'kalman_description' build argument 'cmake_clean_cache' from command line to 'False'
[0.588s] Level 5:colcon.colcon_core.verb:set package 'kalman_description' build argument 'cmake_clean_first' from command line to 'False'
[0.588s] Level 5:colcon.colcon_core.verb:set package 'kalman_description' build argument 'cmake_force_configure' from command line to 'False'
[0.588s] Level 5:colcon.colcon_core.verb:set package 'kalman_description' build argument 'ament_cmake_args' from command line to 'None'
[0.588s] Level 5:colcon.colcon_core.verb:set package 'kalman_description' build argument 'catkin_cmake_args' from command line to 'None'
[0.588s] Level 5:colcon.colcon_core.verb:set package 'kalman_description' build argument 'catkin_skip_building_tests' from command line to 'False'
[0.588s] DEBUG:colcon.colcon_core.verb:Building package 'kalman_description' with the following arguments: {'ament_cmake_args': None, 'build_base': '/home/rafal/.ssh/kalman_ws/src/kalman_robot/build/kalman_description', 'catkin_cmake_args': None, 'catkin_skip_building_tests': False, 'cmake_args': None, 'cmake_clean_cache': False, 'cmake_clean_first': False, 'cmake_force_configure': False, 'cmake_target': None, 'cmake_target_skip_unavailable': False, 'install_base': '/home/rafal/.ssh/kalman_ws/src/kalman_robot/install/kalman_description', 'merge_install': False, 'path': '/home/rafal/.ssh/kalman_ws/src/kalman_robot/kalman_description', 'symlink_install': False, 'test_result_base': None}
[0.594s] Level 5:colcon.colcon_core.verb:set package 'kalman_drivers' build argument 'cmake_args' from command line to 'None'
[0.594s] Level 5:colcon.colcon_core.verb:set package 'kalman_drivers' build argument 'cmake_target' from command line to 'None'
[0.594s] Level 5:colcon.colcon_core.verb:set package 'kalman_drivers' build argument 'cmake_target_skip_unavailable' from command line to 'False'
[0.594s] Level 5:colcon.colcon_core.verb:set package 'kalman_drivers' build argument 'cmake_clean_cache' from command line to 'False'
[0.594s] Level 5:colcon.colcon_core.verb:set package 'kalman_drivers' build argument 'cmake_clean_first' from command line to 'False'
[0.594s] Level 5:colcon.colcon_core.verb:set package 'kalman_drivers' build argument 'cmake_force_configure' from command line to 'False'
[0.594s] Level 5:colcon.colcon_core.verb:set package 'kalman_drivers' build argument 'ament_cmake_args' from command line to 'None'
[0.594s] Level 5:colcon.colcon_core.verb:set package 'kalman_drivers' build argument 'catkin_cmake_args' from command line to 'None'
[0.594s] Level 5:colcon.colcon_core.verb:set package 'kalman_drivers' build argument 'catkin_skip_building_tests' from command line to 'False'
[0.594s] DEBUG:colcon.colcon_core.verb:Building package 'kalman_drivers' with the following arguments: {'ament_cmake_args': None, 'build_base': '/home/rafal/.ssh/kalman_ws/src/kalman_robot/build/kalman_drivers', 'catkin_cmake_args': None, 'catkin_skip_building_tests': False, 'cmake_args': None, 'cmake_clean_cache': False, 'cmake_clean_first': False, 'cmake_force_configure': False, 'cmake_target': None, 'cmake_target_skip_unavailable': False, 'install_base': '/home/rafal/.ssh/kalman_ws/src/kalman_robot/install/kalman_drivers', 'merge_install': False, 'path': '/home/rafal/.ssh/kalman_ws/src/kalman_robot/kalman_drivers', 'symlink_install': False, 'test_result_base': None}
[0.600s] Level 5:colcon.colcon_core.verb:set package 'kalman_interfaces' build argument 'cmake_args' from command line to 'None'
[0.600s] Level 5:colcon.colcon_core.verb:set package 'kalman_interfaces' build argument 'cmake_target' from command line to 'None'
[0.600s] Level 5:colcon.colcon_core.verb:set package 'kalman_interfaces' build argument 'cmake_target_skip_unavailable' from command line to 'False'
[0.600s] Level 5:colcon.colcon_core.verb:set package 'kalman_interfaces' build argument 'cmake_clean_cache' from command line to 'False'
[0.600s] Level 5:colcon.colcon_core.verb:set package 'kalman_interfaces' build argument 'cmake_clean_first' from command line to 'False'
[0.600s] Level 5:colcon.colcon_core.verb:set package 'kalman_interfaces' build argument 'cmake_force_configure' from command line to 'False'
[0.600s] Level 5:colcon.colcon_core.verb:set package 'kalman_interfaces' build argument 'ament_cmake_args' from command line to 'None'
[0.600s] Level 5:colcon.colcon_core.verb:set package 'kalman_interfaces' build argument 'catkin_cmake_args' from command line to 'None'
[0.600s] Level 5:colcon.colcon_core.verb:set package 'kalman_interfaces' build argument 'catkin_skip_building_tests' from command line to 'False'
[0.600s] DEBUG:colcon.colcon_core.verb:Building package 'kalman_interfaces' with the following arguments: {'ament_cmake_args': None, 'build_base': '/home/rafal/.ssh/kalman_ws/src/kalman_robot/build/kalman_interfaces', 'catkin_cmake_args': None, 'catkin_skip_building_tests': False, 'cmake_args': None, 'cmake_clean_cache': False, 'cmake_clean_first': False, 'cmake_force_configure': False, 'cmake_target': None, 'cmake_target_skip_unavailable': False, 'install_base': '/home/rafal/.ssh/kalman_ws/src/kalman_robot/install/kalman_interfaces', 'merge_install': False, 'path': '/home/rafal/.ssh/kalman_ws/src/kalman_robot/kalman_interfaces', 'symlink_install': False, 'test_result_base': None}
[0.606s] Level 5:colcon.colcon_core.verb:set package 'kalman_master_driver' build argument 'cmake_args' from command line to 'None'
[0.606s] Level 5:colcon.colcon_core.verb:set package 'kalman_master_driver' build argument 'cmake_target' from command line to 'None'
[0.606s] Level 5:colcon.colcon_core.verb:set package 'kalman_master_driver' build argument 'cmake_target_skip_unavailable' from command line to 'False'
[0.606s] Level 5:colcon.colcon_core.verb:set package 'kalman_master_driver' build argument 'cmake_clean_cache' from command line to 'False'
[0.606s] Level 5:colcon.colcon_core.verb:set package 'kalman_master_driver' build argument 'cmake_clean_first' from command line to 'False'
[0.606s] Level 5:colcon.colcon_core.verb:set package 'kalman_master_driver' build argument 'cmake_force_configure' from command line to 'False'
[0.606s] Level 5:colcon.colcon_core.verb:set package 'kalman_master_driver' build argument 'ament_cmake_args' from command line to 'None'
[0.606s] Level 5:colcon.colcon_core.verb:set package 'kalman_master_driver' build argument 'catkin_cmake_args' from command line to 'None'
[0.606s] Level 5:colcon.colcon_core.verb:set package 'kalman_master_driver' build argument 'catkin_skip_building_tests' from command line to 'False'
[0.606s] DEBUG:colcon.colcon_core.verb:Building package 'kalman_master_driver' with the following arguments: {'ament_cmake_args': None, 'build_base': '/home/rafal/.ssh/kalman_ws/src/kalman_robot/build/kalman_master_driver', 'catkin_cmake_args': None, 'catkin_skip_building_tests': False, 'cmake_args': None, 'cmake_clean_cache': False, 'cmake_clean_first': False, 'cmake_force_configure': False, 'cmake_target': None, 'cmake_target_skip_unavailable': False, 'install_base': '/home/rafal/.ssh/kalman_ws/src/kalman_robot/install/kalman_master_driver', 'merge_install': False, 'path': '/home/rafal/.ssh/kalman_ws/src/kalman_robot/kalman_master_driver', 'symlink_install': False, 'test_result_base': None}
[0.613s] Level 5:colcon.colcon_core.verb:set package 'kalman_rosou' build argument 'cmake_args' from command line to 'None'
[0.613s] Level 5:colcon.colcon_core.verb:set package 'kalman_rosou' build argument 'cmake_target' from command line to 'None'
[0.613s] Level 5:colcon.colcon_core.verb:set package 'kalman_rosou' build argument 'cmake_target_skip_unavailable' from command line to 'False'
[0.613s] Level 5:colcon.colcon_core.verb:set package 'kalman_rosou' build argument 'cmake_clean_cache' from command line to 'False'
[0.613s] Level 5:colcon.colcon_core.verb:set package 'kalman_rosou' build argument 'cmake_clean_first' from command line to 'False'
[0.613s] Level 5:colcon.colcon_core.verb:set package 'kalman_rosou' build argument 'cmake_force_configure' from command line to 'False'
[0.613s] Level 5:colcon.colcon_core.verb:set package 'kalman_rosou' build argument 'ament_cmake_args' from command line to 'None'
[0.613s] Level 5:colcon.colcon_core.verb:set package 'kalman_rosou' build argument 'catkin_cmake_args' from command line to 'None'
[0.613s] Level 5:colcon.colcon_core.verb:set package 'kalman_rosou' build argument 'catkin_skip_building_tests' from command line to 'False'
[0.613s] DEBUG:colcon.colcon_core.verb:Building package 'kalman_rosou' with the following arguments: {'ament_cmake_args': None, 'build_base': '/home/rafal/.ssh/kalman_ws/src/kalman_robot/build/kalman_rosou', 'catkin_cmake_args': None, 'catkin_skip_building_tests': False, 'cmake_args': None, 'cmake_clean_cache': False, 'cmake_clean_first': False, 'cmake_force_configure': False, 'cmake_target': None, 'cmake_target_skip_unavailable': False, 'install_base': '/home/rafal/.ssh/kalman_ws/src/kalman_robot/install/kalman_rosou', 'merge_install': False, 'path': '/home/rafal/.ssh/kalman_ws/src/kalman_robot/kalman_rosou', 'symlink_install': False, 'test_result_base': None}
[0.619s] Level 5:colcon.colcon_core.verb:set package 'kalman_slam' build argument 'cmake_args' from command line to 'None'
[0.619s] Level 5:colcon.colcon_core.verb:set package 'kalman_slam' build argument 'cmake_target' from command line to 'None'
[0.619s] Level 5:colcon.colcon_core.verb:set package 'kalman_slam' build argument 'cmake_target_skip_unavailable' from command line to 'False'
[0.619s] Level 5:colcon.colcon_core.verb:set package 'kalman_slam' build argument 'cmake_clean_cache' from command line to 'False'
[0.619s] Level 5:colcon.colcon_core.verb:set package 'kalman_slam' build argument 'cmake_clean_first' from command line to 'False'
[0.619s] Level 5:colcon.colcon_core.verb:set package 'kalman_slam' build argument 'cmake_force_configure' from command line to 'False'
[0.619s] Level 5:colcon.colcon_core.verb:set package 'kalman_slam' build argument 'ament_cmake_args' from command line to 'None'
[0.619s] Level 5:colcon.colcon_core.verb:set package 'kalman_slam' build argument 'catkin_cmake_args' from command line to 'None'
[0.619s] Level 5:colcon.colcon_core.verb:set package 'kalman_slam' build argument 'catkin_skip_building_tests' from command line to 'False'
[0.619s] DEBUG:colcon.colcon_core.verb:Building package 'kalman_slam' with the following arguments: {'ament_cmake_args': None, 'build_base': '/home/rafal/.ssh/kalman_ws/src/kalman_robot/build/kalman_slam', 'catkin_cmake_args': None, 'catkin_skip_building_tests': False, 'cmake_args': None, 'cmake_clean_cache': False, 'cmake_clean_first': False, 'cmake_force_configure': False, 'cmake_target': None, 'cmake_target_skip_unavailable': False, 'install_base': '/home/rafal/.ssh/kalman_ws/src/kalman_robot/install/kalman_slam', 'merge_install': False, 'path': '/home/rafal/.ssh/kalman_ws/src/kalman_robot/kalman_slam', 'symlink_install': False, 'test_result_base': None}
[0.625s] Level 5:colcon.colcon_core.verb:set package 'service_based_nav2_controller_srvs' build argument 'cmake_args' from command line to 'None'
[0.625s] Level 5:colcon.colcon_core.verb:set package 'service_based_nav2_controller_srvs' build argument 'cmake_target' from command line to 'None'
[0.625s] Level 5:colcon.colcon_core.verb:set package 'service_based_nav2_controller_srvs' build argument 'cmake_target_skip_unavailable' from command line to 'False'
[0.625s] Level 5:colcon.colcon_core.verb:set package 'service_based_nav2_controller_srvs' build argument 'cmake_clean_cache' from command line to 'False'
[0.625s] Level 5:colcon.colcon_core.verb:set package 'service_based_nav2_controller_srvs' build argument 'cmake_clean_first' from command line to 'False'
[0.625s] Level 5:colcon.colcon_core.verb:set package 'service_based_nav2_controller_srvs' build argument 'cmake_force_configure' from command line to 'False'
[0.625s] Level 5:colcon.colcon_core.verb:set package 'service_based_nav2_controller_srvs' build argument 'ament_cmake_args' from command line to 'None'
[0.625s] Level 5:colcon.colcon_core.verb:set package 'service_based_nav2_controller_srvs' build argument 'catkin_cmake_args' from command line to 'None'
[0.625s] Level 5:colcon.colcon_core.verb:set package 'service_based_nav2_controller_srvs' build argument 'catkin_skip_building_tests' from command line to 'False'
[0.625s] DEBUG:colcon.colcon_core.verb:Building package 'service_based_nav2_controller_srvs' with the following arguments: {'ament_cmake_args': None, 'build_base': '/home/rafal/.ssh/kalman_ws/src/kalman_robot/build/service_based_nav2_controller_srvs', 'catkin_cmake_args': None, 'catkin_skip_building_tests': False, 'cmake_args': None, 'cmake_clean_cache': False, 'cmake_clean_first': False, 'cmake_force_configure': False, 'cmake_target': None, 'cmake_target_skip_unavailable': False, 'install_base': '/home/rafal/.ssh/kalman_ws/src/kalman_robot/install/service_based_nav2_controller_srvs', 'merge_install': False, 'path': '/home/rafal/.ssh/kalman_ws/src/kalman_robot/service_based_nav2_controller/service_based_nav2_controller_srvs', 'symlink_install': False, 'test_result_base': None}
[0.631s] Level 5:colcon.colcon_core.verb:set package 'supervisor2' build argument 'cmake_args' from command line to 'None'
[0.631s] Level 5:colcon.colcon_core.verb:set package 'supervisor2' build argument 'cmake_target' from command line to 'None'
[0.631s] Level 5:colcon.colcon_core.verb:set package 'supervisor2' build argument 'cmake_target_skip_unavailable' from command line to 'False'
[0.631s] Level 5:colcon.colcon_core.verb:set package 'supervisor2' build argument 'cmake_clean_cache' from command line to 'False'
[0.631s] Level 5:colcon.colcon_core.verb:set package 'supervisor2' build argument 'cmake_clean_first' from command line to 'False'
[0.631s] Level 5:colcon.colcon_core.verb:set package 'supervisor2' build argument 'cmake_force_configure' from command line to 'False'
[0.631s] Level 5:colcon.colcon_core.verb:set package 'supervisor2' build argument 'ament_cmake_args' from command line to 'None'
[0.631s] Level 5:colcon.colcon_core.verb:set package 'supervisor2' build argument 'catkin_cmake_args' from command line to 'None'
[0.631s] Level 5:colcon.colcon_core.verb:set package 'supervisor2' build argument 'catkin_skip_building_tests' from command line to 'False'
[0.631s] DEBUG:colcon.colcon_core.verb:Building package 'supervisor2' with the following arguments: {'ament_cmake_args': None, 'build_base': '/home/rafal/.ssh/kalman_ws/src/kalman_robot/build/supervisor2', 'catkin_cmake_args': None, 'catkin_skip_building_tests': False, 'cmake_args': None, 'cmake_clean_cache': False, 'cmake_clean_first': False, 'cmake_force_configure': False, 'cmake_target': None, 'cmake_target_skip_unavailable': False, 'install_base': '/home/rafal/.ssh/kalman_ws/src/kalman_robot/install/supervisor2', 'merge_install': False, 'path': '/home/rafal/.ssh/kalman_ws/src/kalman_robot/supervisor', 'symlink_install': False, 'test_result_base': None}
[0.637s] Level 5:colcon.colcon_core.verb:set package 'unity_rs_publisher_msgs' build argument 'cmake_args' from command line to 'None'
[0.637s] Level 5:colcon.colcon_core.verb:set package 'unity_rs_publisher_msgs' build argument 'cmake_target' from command line to 'None'
[0.637s] Level 5:colcon.colcon_core.verb:set package 'unity_rs_publisher_msgs' build argument 'cmake_target_skip_unavailable' from command line to 'False'
[0.637s] Level 5:colcon.colcon_core.verb:set package 'unity_rs_publisher_msgs' build argument 'cmake_clean_cache' from command line to 'False'
[0.637s] Level 5:colcon.colcon_core.verb:set package 'unity_rs_publisher_msgs' build argument 'cmake_clean_first' from command line to 'False'
[0.637s] Level 5:colcon.colcon_core.verb:set package 'unity_rs_publisher_msgs' build argument 'cmake_force_configure' from command line to 'False'
[0.637s] Level 5:colcon.colcon_core.verb:set package 'unity_rs_publisher_msgs' build argument 'ament_cmake_args' from command line to 'None'
[0.637s] Level 5:colcon.colcon_core.verb:set package 'unity_rs_publisher_msgs' build argument 'catkin_cmake_args' from command line to 'None'
[0.637s] Level 5:colcon.colcon_core.verb:set package 'unity_rs_publisher_msgs' build argument 'catkin_skip_building_tests' from command line to 'False'
[0.637s] DEBUG:colcon.colcon_core.verb:Building package 'unity_rs_publisher_msgs' with the following arguments: {'ament_cmake_args': None, 'build_base': '/home/rafal/.ssh/kalman_ws/src/kalman_robot/build/unity_rs_publisher_msgs', 'catkin_cmake_args': None, 'catkin_skip_building_tests': False, 'cmake_args': None, 'cmake_clean_cache': False, 'cmake_clean_first': False, 'cmake_force_configure': False, 'cmake_target': None, 'cmake_target_skip_unavailable': False, 'install_base': '/home/rafal/.ssh/kalman_ws/src/kalman_robot/install/unity_rs_publisher_msgs', 'merge_install': False, 'path': '/home/rafal/.ssh/kalman_ws/src/kalman_robot/unity_sim/unity_rs_publisher_msgs', 'symlink_install': False, 'test_result_base': None}
[0.643s] Level 5:colcon.colcon_core.verb:set package 'kalman_nav2' build argument 'cmake_args' from command line to 'None'
[0.643s] Level 5:colcon.colcon_core.verb:set package 'kalman_nav2' build argument 'cmake_target' from command line to 'None'
[0.643s] Level 5:colcon.colcon_core.verb:set package 'kalman_nav2' build argument 'cmake_target_skip_unavailable' from command line to 'False'
[0.643s] Level 5:colcon.colcon_core.verb:set package 'kalman_nav2' build argument 'cmake_clean_cache' from command line to 'False'
[0.643s] Level 5:colcon.colcon_core.verb:set package 'kalman_nav2' build argument 'cmake_clean_first' from command line to 'False'
[0.643s] Level 5:colcon.colcon_core.verb:set package 'kalman_nav2' build argument 'cmake_force_configure' from command line to 'False'
[0.643s] Level 5:colcon.colcon_core.verb:set package 'kalman_nav2' build argument 'ament_cmake_args' from command line to 'None'
[0.643s] Level 5:colcon.colcon_core.verb:set package 'kalman_nav2' build argument 'catkin_cmake_args' from command line to 'None'
[0.643s] Level 5:colcon.colcon_core.verb:set package 'kalman_nav2' build argument 'catkin_skip_building_tests' from command line to 'False'
[0.643s] DEBUG:colcon.colcon_core.verb:Building package 'kalman_nav2' with the following arguments: {'ament_cmake_args': None, 'build_base': '/home/rafal/.ssh/kalman_ws/src/kalman_robot/build/kalman_nav2', 'catkin_cmake_args': None, 'catkin_skip_building_tests': False, 'cmake_args': None, 'cmake_clean_cache': False, 'cmake_clean_first': False, 'cmake_force_configure': False, 'cmake_target': None, 'cmake_target_skip_unavailable': False, 'install_base': '/home/rafal/.ssh/kalman_ws/src/kalman_robot/install/kalman_nav2', 'merge_install': False, 'path': '/home/rafal/.ssh/kalman_ws/src/kalman_robot/kalman_nav2', 'symlink_install': False, 'test_result_base': None}
[0.649s] Level 5:colcon.colcon_core.verb:set package 'kalman_wheel_controller' build argument 'cmake_args' from command line to 'None'
[0.649s] Level 5:colcon.colcon_core.verb:set package 'kalman_wheel_controller' build argument 'cmake_target' from command line to 'None'
[0.649s] Level 5:colcon.colcon_core.verb:set package 'kalman_wheel_controller' build argument 'cmake_target_skip_unavailable' from command line to 'False'
[0.649s] Level 5:colcon.colcon_core.verb:set package 'kalman_wheel_controller' build argument 'cmake_clean_cache' from command line to 'False'
[0.649s] Level 5:colcon.colcon_core.verb:set package 'kalman_wheel_controller' build argument 'cmake_clean_first' from command line to 'False'
[0.649s] Level 5:colcon.colcon_core.verb:set package 'kalman_wheel_controller' build argument 'cmake_force_configure' from command line to 'False'
[0.649s] Level 5:colcon.colcon_core.verb:set package 'kalman_wheel_controller' build argument 'ament_cmake_args' from command line to 'None'
[0.649s] Level 5:colcon.colcon_core.verb:set package 'kalman_wheel_controller' build argument 'catkin_cmake_args' from command line to 'None'
[0.649s] Level 5:colcon.colcon_core.verb:set package 'kalman_wheel_controller' build argument 'catkin_skip_building_tests' from command line to 'False'
[0.649s] DEBUG:colcon.colcon_core.verb:Building package 'kalman_wheel_controller' with the following arguments: {'ament_cmake_args': None, 'build_base': '/home/rafal/.ssh/kalman_ws/src/kalman_robot/build/kalman_wheel_controller', 'catkin_cmake_args': None, 'catkin_skip_building_tests': False, 'cmake_args': None, 'cmake_clean_cache': False, 'cmake_clean_first': False, 'cmake_force_configure': False, 'cmake_target': None, 'cmake_target_skip_unavailable': False, 'install_base': '/home/rafal/.ssh/kalman_ws/src/kalman_robot/install/kalman_wheel_controller', 'merge_install': False, 'path': '/home/rafal/.ssh/kalman_ws/src/kalman_robot/kalman_wheel_controller', 'symlink_install': False, 'test_result_base': None}
[0.655s] Level 5:colcon.colcon_core.verb:set package 'service_based_nav2_controller' build argument 'cmake_args' from command line to 'None'
[0.655s] Level 5:colcon.colcon_core.verb:set package 'service_based_nav2_controller' build argument 'cmake_target' from command line to 'None'
[0.655s] Level 5:colcon.colcon_core.verb:set package 'service_based_nav2_controller' build argument 'cmake_target_skip_unavailable' from command line to 'False'
[0.655s] Level 5:colcon.colcon_core.verb:set package 'service_based_nav2_controller' build argument 'cmake_clean_cache' from command line to 'False'
[0.655s] Level 5:colcon.colcon_core.verb:set package 'service_based_nav2_controller' build argument 'cmake_clean_first' from command line to 'False'
[0.655s] Level 5:colcon.colcon_core.verb:set package 'service_based_nav2_controller' build argument 'cmake_force_configure' from command line to 'False'
[0.655s] Level 5:colcon.colcon_core.verb:set package 'service_based_nav2_controller' build argument 'ament_cmake_args' from command line to 'None'
[0.656s] Level 5:colcon.colcon_core.verb:set package 'service_based_nav2_controller' build argument 'catkin_cmake_args' from command line to 'None'
[0.656s] Level 5:colcon.colcon_core.verb:set package 'service_based_nav2_controller' build argument 'catkin_skip_building_tests' from command line to 'False'
[0.656s] DEBUG:colcon.colcon_core.verb:Building package 'service_based_nav2_controller' with the following arguments: {'ament_cmake_args': None, 'build_base': '/home/rafal/.ssh/kalman_ws/src/kalman_robot/build/service_based_nav2_controller', 'catkin_cmake_args': None, 'catkin_skip_building_tests': False, 'cmake_args': None, 'cmake_clean_cache': False, 'cmake_clean_first': False, 'cmake_force_configure': False, 'cmake_target': None, 'cmake_target_skip_unavailable': False, 'install_base': '/home/rafal/.ssh/kalman_ws/src/kalman_robot/install/service_based_nav2_controller', 'merge_install': False, 'path': '/home/rafal/.ssh/kalman_ws/src/kalman_robot/service_based_nav2_controller/service_based_nav2_controller', 'symlink_install': False, 'test_result_base': None}
[0.661s] Level 5:colcon.colcon_core.verb:set package 'unity_rs_publisher' build argument 'cmake_args' from command line to 'None'
[0.661s] Level 5:colcon.colcon_core.verb:set package 'unity_rs_publisher' build argument 'cmake_target' from command line to 'None'
[0.661s] Level 5:colcon.colcon_core.verb:set package 'unity_rs_publisher' build argument 'cmake_target_skip_unavailable' from command line to 'False'
[0.661s] Level 5:colcon.colcon_core.verb:set package 'unity_rs_publisher' build argument 'cmake_clean_cache' from command line to 'False'
[0.661s] Level 5:colcon.colcon_core.verb:set package 'unity_rs_publisher' build argument 'cmake_clean_first' from command line to 'False'
[0.662s] Level 5:colcon.colcon_core.verb:set package 'unity_rs_publisher' build argument 'cmake_force_configure' from command line to 'False'
[0.662s] Level 5:colcon.colcon_core.verb:set package 'unity_rs_publisher' build argument 'ament_cmake_args' from command line to 'None'
[0.662s] Level 5:colcon.colcon_core.verb:set package 'unity_rs_publisher' build argument 'catkin_cmake_args' from command line to 'None'
[0.662s] Level 5:colcon.colcon_core.verb:set package 'unity_rs_publisher' build argument 'catkin_skip_building_tests' from command line to 'False'
[0.662s] DEBUG:colcon.colcon_core.verb:Building package 'unity_rs_publisher' with the following arguments: {'ament_cmake_args': None, 'build_base': '/home/rafal/.ssh/kalman_ws/src/kalman_robot/build/unity_rs_publisher', 'catkin_cmake_args': None, 'catkin_skip_building_tests': False, 'cmake_args': None, 'cmake_clean_cache': False, 'cmake_clean_first': False, 'cmake_force_configure': False, 'cmake_target': None, 'cmake_target_skip_unavailable': False, 'install_base': '/home/rafal/.ssh/kalman_ws/src/kalman_robot/install/unity_rs_publisher', 'merge_install': False, 'path': '/home/rafal/.ssh/kalman_ws/src/kalman_robot/unity_sim/unity_rs_publisher', 'symlink_install': False, 'test_result_base': None}
[0.667s] Level 5:colcon.colcon_core.verb:set package 'unity_sim' build argument 'cmake_args' from command line to 'None'
[0.667s] Level 5:colcon.colcon_core.verb:set package 'unity_sim' build argument 'cmake_target' from command line to 'None'
[0.667s] Level 5:colcon.colcon_core.verb:set package 'unity_sim' build argument 'cmake_target_skip_unavailable' from command line to 'False'
[0.667s] Level 5:colcon.colcon_core.verb:set package 'unity_sim' build argument 'cmake_clean_cache' from command line to 'False'
[0.668s] Level 5:colcon.colcon_core.verb:set package 'unity_sim' build argument 'cmake_clean_first' from command line to 'False'
[0.668s] Level 5:colcon.colcon_core.verb:set package 'unity_sim' build argument 'cmake_force_configure' from command line to 'False'
[0.668s] Level 5:colcon.colcon_core.verb:set package 'unity_sim' build argument 'ament_cmake_args' from command line to 'None'
[0.668s] Level 5:colcon.colcon_core.verb:set package 'unity_sim' build argument 'catkin_cmake_args' from command line to 'None'
[0.668s] Level 5:colcon.colcon_core.verb:set package 'unity_sim' build argument 'catkin_skip_building_tests' from command line to 'False'
[0.668s] DEBUG:colcon.colcon_core.verb:Building package 'unity_sim' with the following arguments: {'ament_cmake_args': None, 'build_base': '/home/rafal/.ssh/kalman_ws/src/kalman_robot/build/unity_sim', 'catkin_cmake_args': None, 'catkin_skip_building_tests': False, 'cmake_args': None, 'cmake_clean_cache': False, 'cmake_clean_first': False, 'cmake_force_configure': False, 'cmake_target': None, 'cmake_target_skip_unavailable': False, 'install_base': '/home/rafal/.ssh/kalman_ws/src/kalman_robot/install/unity_sim', 'merge_install': False, 'path': '/home/rafal/.ssh/kalman_ws/src/kalman_robot/unity_sim/unity_sim', 'symlink_install': False, 'test_result_base': None}
[0.674s] Level 5:colcon.colcon_core.verb:set package 'kalman_bringup' build argument 'cmake_args' from command line to 'None'
[0.674s] Level 5:colcon.colcon_core.verb:set package 'kalman_bringup' build argument 'cmake_target' from command line to 'None'
[0.674s] Level 5:colcon.colcon_core.verb:set package 'kalman_bringup' build argument 'cmake_target_skip_unavailable' from command line to 'False'
[0.674s] Level 5:colcon.colcon_core.verb:set package 'kalman_bringup' build argument 'cmake_clean_cache' from command line to 'False'
[0.674s] Level 5:colcon.colcon_core.verb:set package 'kalman_bringup' build argument 'cmake_clean_first' from command line to 'False'
[0.674s] Level 5:colcon.colcon_core.verb:set package 'kalman_bringup' build argument 'cmake_force_configure' from command line to 'False'
[0.674s] Level 5:colcon.colcon_core.verb:set package 'kalman_bringup' build argument 'ament_cmake_args' from command line to 'None'
[0.674s] Level 5:colcon.colcon_core.verb:set package 'kalman_bringup' build argument 'catkin_cmake_args' from command line to 'None'
[0.674s] Level 5:colcon.colcon_core.verb:set package 'kalman_bringup' build argument 'catkin_skip_building_tests' from command line to 'False'
[0.674s] DEBUG:colcon.colcon_core.verb:Building package 'kalman_bringup' with the following arguments: {'ament_cmake_args': None, 'build_base': '/home/rafal/.ssh/kalman_ws/src/kalman_robot/build/kalman_bringup', 'catkin_cmake_args': None, 'catkin_skip_building_tests': False, 'cmake_args': None, 'cmake_clean_cache': False, 'cmake_clean_first': False, 'cmake_force_configure': False, 'cmake_target': None, 'cmake_target_skip_unavailable': False, 'install_base': '/home/rafal/.ssh/kalman_ws/src/kalman_robot/install/kalman_bringup', 'merge_install': False, 'path': '/home/rafal/.ssh/kalman_ws/src/kalman_robot/kalman_bringup', 'symlink_install': False, 'test_result_base': None}
[0.680s] Level 5:colcon.colcon_core.verb:set package 'kalman_robot' build argument 'cmake_args' from command line to 'None'
[0.680s] Level 5:colcon.colcon_core.verb:set package 'kalman_robot' build argument 'cmake_target' from command line to 'None'
[0.680s] Level 5:colcon.colcon_core.verb:set package 'kalman_robot' build argument 'cmake_target_skip_unavailable' from command line to 'False'
[0.680s] Level 5:colcon.colcon_core.verb:set package 'kalman_robot' build argument 'cmake_clean_cache' from command line to 'False'
[0.680s] Level 5:colcon.colcon_core.verb:set package 'kalman_robot' build argument 'cmake_clean_first' from command line to 'False'
[0.680s] Level 5:colcon.colcon_core.verb:set package 'kalman_robot' build argument 'cmake_force_configure' from command line to 'False'
[0.680s] Level 5:colcon.colcon_core.verb:set package 'kalman_robot' build argument 'ament_cmake_args' from command line to 'None'
[0.680s] Level 5:colcon.colcon_core.verb:set package 'kalman_robot' build argument 'catkin_cmake_args' from command line to 'None'
[0.680s] Level 5:colcon.colcon_core.verb:set package 'kalman_robot' build argument 'catkin_skip_building_tests' from command line to 'False'
[0.680s] DEBUG:colcon.colcon_core.verb:Building package 'kalman_robot' with the following arguments: {'ament_cmake_args': None, 'build_base': '/home/rafal/.ssh/kalman_ws/src/kalman_robot/build/kalman_robot', 'catkin_cmake_args': None, 'catkin_skip_building_tests': False, 'cmake_args': None, 'cmake_clean_cache': False, 'cmake_clean_first': False, 'cmake_force_configure': False, 'cmake_target': None, 'cmake_target_skip_unavailable': False, 'install_base': '/home/rafal/.ssh/kalman_ws/src/kalman_robot/install/kalman_robot', 'merge_install': False, 'path': '/home/rafal/.ssh/kalman_ws/src/kalman_robot/kalman_robot', 'symlink_install': False, 'test_result_base': None}
[0.685s] INFO:colcon.colcon_core.executor:Executing jobs using 'parallel' executor
[0.692s] DEBUG:colcon.colcon_parallel_executor.executor.parallel:run_until_complete
[0.692s] INFO:colcon.colcon_ros.task.ament_cmake.build:Building ROS package in '/home/rafal/.ssh/kalman_ws/src/kalman_robot/kalman_interfaces' with build type 'ament_cmake'
[0.692s] INFO:colcon.colcon_cmake.task.cmake.build:Building CMake package in '/home/rafal/.ssh/kalman_ws/src/kalman_robot/kalman_interfaces'
[0.699s] INFO:colcon.colcon_core.plugin_system:Skipping extension 'colcon_core.shell.bat': Not used on non-Windows systems
[0.699s] INFO:colcon.colcon_core.shell:Skip shell extension 'powershell' for command environment: Not usable outside of PowerShell
[0.699s] DEBUG:colcon.colcon_core.shell:Skip shell extension 'dsv' for command environment
[0.719s] INFO:colcon.colcon_ros.task.ament_cmake.build:Building ROS package in '/home/rafal/.ssh/kalman_ws/src/kalman_robot/service_based_nav2_controller/service_based_nav2_controller_srvs' with build type 'ament_cmake'
[0.719s] INFO:colcon.colcon_cmake.task.cmake.build:Building CMake package in '/home/rafal/.ssh/kalman_ws/src/kalman_robot/service_based_nav2_controller/service_based_nav2_controller_srvs'
[0.725s] INFO:colcon.colcon_core.shell:Skip shell extension 'powershell' for command environment: Not usable outside of PowerShell
[0.725s] DEBUG:colcon.colcon_core.shell:Skip shell extension 'dsv' for command environment
[0.744s] INFO:colcon.colcon_ros.task.ament_python.build:Building ROS package in '/home/rafal/.ssh/kalman_ws/src/kalman_robot/kalman_description' with build type 'ament_python'
[0.745s] Level 1:colcon.colcon_core.shell:create_environment_hook('kalman_description', 'ament_prefix_path')
[0.751s] INFO:colcon.colcon_core.shell:Creating environment hook '/home/rafal/.ssh/kalman_ws/src/kalman_robot/install/kalman_description/share/kalman_description/hook/ament_prefix_path.ps1'
[0.751s] INFO:colcon.colcon_core.shell:Creating environment descriptor '/home/rafal/.ssh/kalman_ws/src/kalman_robot/install/kalman_description/share/kalman_description/hook/ament_prefix_path.dsv'
[0.752s] INFO:colcon.colcon_core.shell:Creating environment hook '/home/rafal/.ssh/kalman_ws/src/kalman_robot/install/kalman_description/share/kalman_description/hook/ament_prefix_path.sh'
[0.758s] INFO:colcon.colcon_core.shell:Skip shell extension 'powershell' for command environment: Not usable outside of PowerShell
[0.758s] DEBUG:colcon.colcon_core.shell:Skip shell extension 'dsv' for command environment
[0.777s] INFO:colcon.colcon_ros.task.ament_python.build:Building ROS package in '/home/rafal/.ssh/kalman_ws/src/kalman_robot/kalman_drivers' with build type 'ament_python'
[0.777s] Level 1:colcon.colcon_core.shell:create_environment_hook('kalman_drivers', 'ament_prefix_path')
[0.784s] INFO:colcon.colcon_core.shell:Creating environment hook '/home/rafal/.ssh/kalman_ws/src/kalman_robot/install/kalman_drivers/share/kalman_drivers/hook/ament_prefix_path.ps1'
[0.784s] INFO:colcon.colcon_core.shell:Creating environment descriptor '/home/rafal/.ssh/kalman_ws/src/kalman_robot/install/kalman_drivers/share/kalman_drivers/hook/ament_prefix_path.dsv'
[0.784s] INFO:colcon.colcon_core.shell:Creating environment hook '/home/rafal/.ssh/kalman_ws/src/kalman_robot/install/kalman_drivers/share/kalman_drivers/hook/ament_prefix_path.sh'
[0.791s] INFO:colcon.colcon_core.shell:Skip shell extension 'powershell' for command environment: Not usable outside of PowerShell
[0.791s] DEBUG:colcon.colcon_core.shell:Skip shell extension 'dsv' for command environment
[0.810s] INFO:colcon.colcon_ros.task.ament_python.build:Building ROS package in '/home/rafal/.ssh/kalman_ws/src/kalman_robot/kalman_slam' with build type 'ament_python'
[0.811s] Level 1:colcon.colcon_core.shell:create_environment_hook('kalman_slam', 'ament_prefix_path')
[0.817s] INFO:colcon.colcon_core.shell:Creating environment hook '/home/rafal/.ssh/kalman_ws/src/kalman_robot/install/kalman_slam/share/kalman_slam/hook/ament_prefix_path.ps1'
[0.817s] INFO:colcon.colcon_core.shell:Creating environment descriptor '/home/rafal/.ssh/kalman_ws/src/kalman_robot/install/kalman_slam/share/kalman_slam/hook/ament_prefix_path.dsv'
[0.818s] INFO:colcon.colcon_core.shell:Creating environment hook '/home/rafal/.ssh/kalman_ws/src/kalman_robot/install/kalman_slam/share/kalman_slam/hook/ament_prefix_path.sh'
[0.824s] INFO:colcon.colcon_core.shell:Skip shell extension 'powershell' for command environment: Not usable outside of PowerShell
[0.824s] DEBUG:colcon.colcon_core.shell:Skip shell extension 'dsv' for command environment
[0.843s] INFO:colcon.colcon_ros.task.ament_cmake.build:Building ROS package in '/home/rafal/.ssh/kalman_ws/src/kalman_robot/kalman_master_driver' with build type 'ament_cmake'
[0.844s] INFO:colcon.colcon_cmake.task.cmake.build:Building CMake package in '/home/rafal/.ssh/kalman_ws/src/kalman_robot/kalman_master_driver'
[0.850s] INFO:colcon.colcon_core.shell:Skip shell extension 'powershell' for command environment: Not usable outside of PowerShell
[0.850s] DEBUG:colcon.colcon_core.shell:Skip shell extension 'dsv' for command environment
[0.870s] INFO:colcon.colcon_ros.task.ament_python.build:Building ROS package in '/home/rafal/.ssh/kalman_ws/src/kalman_robot/kalman_rosou' with build type 'ament_python'
[0.870s] Level 1:colcon.colcon_core.shell:create_environment_hook('kalman_rosou', 'ament_prefix_path')
[0.876s] INFO:colcon.colcon_core.shell:Creating environment hook '/home/rafal/.ssh/kalman_ws/src/kalman_robot/install/kalman_rosou/share/kalman_rosou/hook/ament_prefix_path.ps1'
[0.876s] INFO:colcon.colcon_core.shell:Creating environment descriptor '/home/rafal/.ssh/kalman_ws/src/kalman_robot/install/kalman_rosou/share/kalman_rosou/hook/ament_prefix_path.dsv'
[0.876s] INFO:colcon.colcon_core.shell:Creating environment hook '/home/rafal/.ssh/kalman_ws/src/kalman_robot/install/kalman_rosou/share/kalman_rosou/hook/ament_prefix_path.sh'
[0.883s] INFO:colcon.colcon_core.shell:Skip shell extension 'powershell' for command environment: Not usable outside of PowerShell
[0.883s] DEBUG:colcon.colcon_core.shell:Skip shell extension 'dsv' for command environment
[0.902s] INFO:colcon.colcon_ros.task.ament_cmake.build:Building ROS package in '/home/rafal/.ssh/kalman_ws/src/kalman_robot/unity_sim/unity_rs_publisher_msgs' with build type 'ament_cmake'
[0.902s] INFO:colcon.colcon_cmake.task.cmake.build:Building CMake package in '/home/rafal/.ssh/kalman_ws/src/kalman_robot/unity_sim/unity_rs_publisher_msgs'
[0.908s] INFO:colcon.colcon_core.shell:Skip shell extension 'powershell' for command environment: Not usable outside of PowerShell
[0.908s] DEBUG:colcon.colcon_core.shell:Skip shell extension 'dsv' for command environment
[0.928s] INFO:colcon.colcon_ros.task.ament_python.build:Building ROS package in '/home/rafal/.ssh/kalman_ws/src/kalman_robot/supervisor' with build type 'ament_python'
[0.928s] Level 1:colcon.colcon_core.shell:create_environment_hook('supervisor2', 'ament_prefix_path')
[0.935s] INFO:colcon.colcon_core.shell:Creating environment hook '/home/rafal/.ssh/kalman_ws/src/kalman_robot/install/supervisor2/share/supervisor2/hook/ament_prefix_path.ps1'
[0.935s] INFO:colcon.colcon_core.shell:Creating environment descriptor '/home/rafal/.ssh/kalman_ws/src/kalman_robot/install/supervisor2/share/supervisor2/hook/ament_prefix_path.dsv'
[0.935s] INFO:colcon.colcon_core.shell:Creating environment hook '/home/rafal/.ssh/kalman_ws/src/kalman_robot/install/supervisor2/share/supervisor2/hook/ament_prefix_path.sh'
[0.941s] INFO:colcon.colcon_core.shell:Skip shell extension 'powershell' for command environment: Not usable outside of PowerShell
[0.941s] DEBUG:colcon.colcon_core.shell:Skip shell extension 'dsv' for command environment
[0.974s] DEBUG:colcon.colcon_core.event_handler.log_command:Invoking command in '/home/rafal/.ssh/kalman_ws/src/kalman_robot/build/kalman_interfaces': CMAKE_PREFIX_PATH=/home/rafal/dev_ws/install/my_robot:/opt/ros/humble /usr/bin/cmake /home/rafal/.ssh/kalman_ws/src/kalman_robot/kalman_interfaces -DCMAKE_INSTALL_PREFIX=/home/rafal/.ssh/kalman_ws/src/kalman_robot/install/kalman_interfaces
[0.977s] DEBUG:colcon.colcon_core.event_handler.log_command:Invoking command in '/home/rafal/.ssh/kalman_ws/src/kalman_robot/build/service_based_nav2_controller_srvs': CMAKE_PREFIX_PATH=/home/rafal/dev_ws/install/my_robot:/opt/ros/humble /usr/bin/cmake /home/rafal/.ssh/kalman_ws/src/kalman_robot/service_based_nav2_controller/service_based_nav2_controller_srvs -DCMAKE_INSTALL_PREFIX=/home/rafal/.ssh/kalman_ws/src/kalman_robot/install/service_based_nav2_controller_srvs
[1.121s] INFO:colcon.colcon_core.task.python.build:Building Python package in '/home/rafal/.ssh/kalman_ws/src/kalman_robot/kalman_description'
[1.132s] INFO:colcon.colcon_core.shell:Skip shell extension 'powershell' for command environment: Not usable outside of PowerShell
[1.132s] DEBUG:colcon.colcon_core.shell:Skip shell extension 'dsv' for command environment
[1.301s] INFO:colcon.colcon_core.task.python.build:Building Python package in '/home/rafal/.ssh/kalman_ws/src/kalman_robot/kalman_drivers'
[1.308s] INFO:colcon.colcon_core.shell:Skip shell extension 'powershell' for command environment: Not usable outside of PowerShell
[1.308s] DEBUG:colcon.colcon_core.shell:Skip shell extension 'dsv' for command environment
[1.475s] INFO:colcon.colcon_core.task.python.build:Building Python package in '/home/rafal/.ssh/kalman_ws/src/kalman_robot/kalman_slam'
[1.484s] INFO:colcon.colcon_core.shell:Skip shell extension 'powershell' for command environment: Not usable outside of PowerShell
[1.484s] DEBUG:colcon.colcon_core.shell:Skip shell extension 'dsv' for command environment
[1.507s] DEBUG:colcon.colcon_core.event_handler.log_command:Invoking command in '/home/rafal/.ssh/kalman_ws/src/kalman_robot/build/kalman_master_driver': CMAKE_PREFIX_PATH=/home/rafal/dev_ws/install/my_robot:/opt/ros/humble /usr/bin/cmake /home/rafal/.ssh/kalman_ws/src/kalman_robot/kalman_master_driver -DCMAKE_INSTALL_PREFIX=/home/rafal/.ssh/kalman_ws/src/kalman_robot/install/kalman_master_driver
[1.654s] INFO:colcon.colcon_core.task.python.build:Building Python package in '/home/rafal/.ssh/kalman_ws/src/kalman_robot/kalman_rosou'
[1.662s] INFO:colcon.colcon_core.shell:Skip shell extension 'powershell' for command environment: Not usable outside of PowerShell
[1.662s] DEBUG:colcon.colcon_core.shell:Skip shell extension 'dsv' for command environment
[1.687s] DEBUG:colcon.colcon_core.event_handler.log_command:Invoking command in '/home/rafal/.ssh/kalman_ws/src/kalman_robot/build/unity_rs_publisher_msgs': CMAKE_PREFIX_PATH=/home/rafal/dev_ws/install/my_robot:/opt/ros/humble /usr/bin/cmake /home/rafal/.ssh/kalman_ws/src/kalman_robot/unity_sim/unity_rs_publisher_msgs -DCMAKE_INSTALL_PREFIX=/home/rafal/.ssh/kalman_ws/src/kalman_robot/install/unity_rs_publisher_msgs
[1.859s] INFO:colcon.colcon_core.task.python.build:Building Python package in '/home/rafal/.ssh/kalman_ws/src/kalman_robot/supervisor'
[1.873s] INFO:colcon.colcon_core.shell:Skip shell extension 'powershell' for command environment: Not usable outside of PowerShell
[1.873s] DEBUG:colcon.colcon_core.shell:Skip shell extension 'dsv' for command environment
[2.016s] DEBUG:colcon.colcon_core.event_handler.log_command:Invoked command in '/home/rafal/.ssh/kalman_ws/src/kalman_robot/build/kalman_interfaces' returned '0': CMAKE_PREFIX_PATH=/home/rafal/dev_ws/install/my_robot:/opt/ros/humble /usr/bin/cmake /home/rafal/.ssh/kalman_ws/src/kalman_robot/kalman_interfaces -DCMAKE_INSTALL_PREFIX=/home/rafal/.ssh/kalman_ws/src/kalman_robot/install/kalman_interfaces
[2.018s] DEBUG:colcon.colcon_core.event_handler.log_command:Invoking command in '/home/rafal/.ssh/kalman_ws/src/kalman_robot/build/kalman_interfaces': CMAKE_PREFIX_PATH=/home/rafal/dev_ws/install/my_robot:/opt/ros/humble /usr/bin/cmake --build /home/rafal/.ssh/kalman_ws/src/kalman_robot/build/kalman_interfaces -- -j16 -l16
[2.123s] DEBUG:colcon.colcon_core.event_handler.log_command:Invoking command in '/home/rafal/.ssh/kalman_ws/src/kalman_robot/kalman_slam': PYTHONPATH=/home/rafal/.ssh/kalman_ws/src/kalman_robot/build/kalman_slam/prefix_override:/home/rafal/.ssh/kalman_ws/src/kalman_robot/install/kalman_slam/lib/python3.10/site-packages:${PYTHONPATH} /usr/bin/python3 setup.py egg_info --egg-base ../build/kalman_slam build --build-base /home/rafal/.ssh/kalman_ws/src/kalman_robot/build/kalman_slam/build install --record /home/rafal/.ssh/kalman_ws/src/kalman_robot/build/kalman_slam/install.log --single-version-externally-managed
[2.167s] DEBUG:colcon.colcon_core.event_handler.log_command:Invoking command in '/home/rafal/.ssh/kalman_ws/src/kalman_robot/kalman_description': PYTHONPATH=/home/rafal/.ssh/kalman_ws/src/kalman_robot/build/kalman_description/prefix_override:/home/rafal/.ssh/kalman_ws/src/kalman_robot/install/kalman_description/lib/python3.10/site-packages:${PYTHONPATH} /usr/bin/python3 setup.py egg_info --egg-base ../build/kalman_description build --build-base /home/rafal/.ssh/kalman_ws/src/kalman_robot/build/kalman_description/build install --record /home/rafal/.ssh/kalman_ws/src/kalman_robot/build/kalman_description/install.log --single-version-externally-managed
[2.171s] DEBUG:colcon.colcon_core.event_handler.log_command:Invoking command in '/home/rafal/.ssh/kalman_ws/src/kalman_robot/supervisor': PYTHONPATH=/home/rafal/.ssh/kalman_ws/src/kalman_robot/build/supervisor2/prefix_override:/home/rafal/.ssh/kalman_ws/src/kalman_robot/install/supervisor2/lib/python3.10/site-packages:${PYTHONPATH} /usr/bin/python3 setup.py egg_info --egg-base ../build/supervisor2 build --build-base /home/rafal/.ssh/kalman_ws/src/kalman_robot/build/supervisor2/build install --record /home/rafal/.ssh/kalman_ws/src/kalman_robot/build/supervisor2/install.log --single-version-externally-managed
[2.266s] DEBUG:colcon.colcon_core.event_handler.log_command:Invoking command in '/home/rafal/.ssh/kalman_ws/src/kalman_robot/kalman_drivers': PYTHONPATH=/home/rafal/.ssh/kalman_ws/src/kalman_robot/build/kalman_drivers/prefix_override:/home/rafal/.ssh/kalman_ws/src/kalman_robot/install/kalman_drivers/lib/python3.10/site-packages:${PYTHONPATH} /usr/bin/python3 setup.py egg_info --egg-base ../build/kalman_drivers build --build-base /home/rafal/.ssh/kalman_ws/src/kalman_robot/build/kalman_drivers/build install --record /home/rafal/.ssh/kalman_ws/src/kalman_robot/build/kalman_drivers/install.log --single-version-externally-managed
[2.285s] DEBUG:colcon.colcon_core.event_handler.log_command:Invoking command in '/home/rafal/.ssh/kalman_ws/src/kalman_robot/kalman_rosou': PYTHONPATH=/home/rafal/.ssh/kalman_ws/src/kalman_robot/build/kalman_rosou/prefix_override:/home/rafal/.ssh/kalman_ws/src/kalman_robot/install/kalman_rosou/lib/python3.10/site-packages:${PYTHONPATH} /usr/bin/python3 setup.py egg_info --egg-base ../build/kalman_rosou build --build-base /home/rafal/.ssh/kalman_ws/src/kalman_robot/build/kalman_rosou/build install --record /home/rafal/.ssh/kalman_ws/src/kalman_robot/build/kalman_rosou/install.log --single-version-externally-managed
[2.318s] DEBUG:colcon.colcon_core.event_handler.log_command:Invoked command in '/home/rafal/.ssh/kalman_ws/src/kalman_robot/kalman_slam' returned '0': PYTHONPATH=/home/rafal/.ssh/kalman_ws/src/kalman_robot/build/kalman_slam/prefix_override:/home/rafal/.ssh/kalman_ws/src/kalman_robot/install/kalman_slam/lib/python3.10/site-packages:${PYTHONPATH} /usr/bin/python3 setup.py egg_info --egg-base ../build/kalman_slam build --build-base /home/rafal/.ssh/kalman_ws/src/kalman_robot/build/kalman_slam/build install --record /home/rafal/.ssh/kalman_ws/src/kalman_robot/build/kalman_slam/install.log --single-version-externally-managed
[2.336s] Level 1:colcon.colcon_core.environment:checking '/home/rafal/.ssh/kalman_ws/src/kalman_robot/install/kalman_slam' for CMake module files
[2.336s] Level 1:colcon.colcon_core.environment:checking '/home/rafal/.ssh/kalman_ws/src/kalman_robot/install/kalman_slam' for CMake config files
[2.337s] Level 1:colcon.colcon_core.environment:checking '/home/rafal/.ssh/kalman_ws/src/kalman_robot/install/kalman_slam/lib'
[2.337s] Level 1:colcon.colcon_core.environment:checking '/home/rafal/.ssh/kalman_ws/src/kalman_robot/install/kalman_slam/bin'
[2.337s] Level 1:colcon.colcon_core.environment:checking '/home/rafal/.ssh/kalman_ws/src/kalman_robot/install/kalman_slam/lib/pkgconfig/kalman_slam.pc'
[2.337s] Level 1:colcon.colcon_core.environment:checking '/home/rafal/.ssh/kalman_ws/src/kalman_robot/install/kalman_slam/lib/python3.10/site-packages'
[2.337s] Level 1:colcon.colcon_core.shell:create_environment_hook('kalman_slam', 'pythonpath')
[2.348s] INFO:colcon.colcon_core.shell:Creating environment hook '/home/rafal/.ssh/kalman_ws/src/kalman_robot/install/kalman_slam/share/kalman_slam/hook/pythonpath.ps1'
[2.348s] INFO:colcon.colcon_core.shell:Creating environment descriptor '/home/rafal/.ssh/kalman_ws/src/kalman_robot/install/kalman_slam/share/kalman_slam/hook/pythonpath.dsv'
[2.348s] INFO:colcon.colcon_core.shell:Creating environment hook '/home/rafal/.ssh/kalman_ws/src/kalman_robot/install/kalman_slam/share/kalman_slam/hook/pythonpath.sh'
[2.349s] Level 1:colcon.colcon_core.environment:checking '/home/rafal/.ssh/kalman_ws/src/kalman_robot/install/kalman_slam/bin'
[2.349s] Level 1:colcon.colcon_core.environment:create_environment_scripts_only(kalman_slam)
[2.356s] INFO:colcon.colcon_core.shell:Creating package script '/home/rafal/.ssh/kalman_ws/src/kalman_robot/install/kalman_slam/share/kalman_slam/package.ps1'
[2.357s] INFO:colcon.colcon_core.shell:Creating package descriptor '/home/rafal/.ssh/kalman_ws/src/kalman_robot/install/kalman_slam/share/kalman_slam/package.dsv'
[2.358s] INFO:colcon.colcon_core.shell:Creating package script '/home/rafal/.ssh/kalman_ws/src/kalman_robot/install/kalman_slam/share/kalman_slam/package.sh'
[2.359s] INFO:colcon.colcon_core.shell:Creating package script '/home/rafal/.ssh/kalman_ws/src/kalman_robot/install/kalman_slam/share/kalman_slam/package.bash'
[2.360s] INFO:colcon.colcon_core.shell:Creating package script '/home/rafal/.ssh/kalman_ws/src/kalman_robot/install/kalman_slam/share/kalman_slam/package.zsh'
[2.360s] Level 1:colcon.colcon_core.environment:create_file_with_runtime_dependencies(/home/rafal/.ssh/kalman_ws/src/kalman_robot/install/kalman_slam/share/colcon-core/packages/kalman_slam)
[2.466s] DEBUG:colcon.colcon_core.event_handler.log_command:Invoked command in '/home/rafal/.ssh/kalman_ws/src/kalman_robot/kalman_description' returned '0': PYTHONPATH=/home/rafal/.ssh/kalman_ws/src/kalman_robot/build/kalman_description/prefix_override:/home/rafal/.ssh/kalman_ws/src/kalman_robot/install/kalman_description/lib/python3.10/site-packages:${PYTHONPATH} /usr/bin/python3 setup.py egg_info --egg-base ../build/kalman_description build --build-base /home/rafal/.ssh/kalman_ws/src/kalman_robot/build/kalman_description/build install --record /home/rafal/.ssh/kalman_ws/src/kalman_robot/build/kalman_description/install.log --single-version-externally-managed
[2.481s] Level 1:colcon.colcon_core.environment:checking '/home/rafal/.ssh/kalman_ws/src/kalman_robot/install/kalman_description' for CMake module files
[2.481s] Level 1:colcon.colcon_core.environment:checking '/home/rafal/.ssh/kalman_ws/src/kalman_robot/install/kalman_description' for CMake config files
[2.482s] Level 1:colcon.colcon_core.environment:checking '/home/rafal/.ssh/kalman_ws/src/kalman_robot/install/kalman_description/lib'
[2.482s] Level 1:colcon.colcon_core.environment:checking '/home/rafal/.ssh/kalman_ws/src/kalman_robot/install/kalman_description/bin'
[2.482s] Level 1:colcon.colcon_core.environment:checking '/home/rafal/.ssh/kalman_ws/src/kalman_robot/install/kalman_description/lib/pkgconfig/kalman_description.pc'
[2.482s] Level 1:colcon.colcon_core.environment:checking '/home/rafal/.ssh/kalman_ws/src/kalman_robot/install/kalman_description/lib/python3.10/site-packages'
[2.483s] Level 1:colcon.colcon_core.shell:create_environment_hook('kalman_description', 'pythonpath')
[2.502s] INFO:colcon.colcon_core.shell:Creating environment hook '/home/rafal/.ssh/kalman_ws/src/kalman_robot/install/kalman_description/share/kalman_description/hook/pythonpath.ps1'
[2.503s] INFO:colcon.colcon_core.shell:Creating environment descriptor '/home/rafal/.ssh/kalman_ws/src/kalman_robot/install/kalman_description/share/kalman_description/hook/pythonpath.dsv'
[2.503s] INFO:colcon.colcon_core.shell:Creating environment hook '/home/rafal/.ssh/kalman_ws/src/kalman_robot/install/kalman_description/share/kalman_description/hook/pythonpath.sh'
[2.503s] Level 1:colcon.colcon_core.environment:checking '/home/rafal/.ssh/kalman_ws/src/kalman_robot/install/kalman_description/bin'
[2.504s] Level 1:colcon.colcon_core.environment:create_environment_scripts_only(kalman_description)
[2.520s] INFO:colcon.colcon_core.shell:Creating package script '/home/rafal/.ssh/kalman_ws/src/kalman_robot/install/kalman_description/share/kalman_description/package.ps1'
[2.521s] INFO:colcon.colcon_core.shell:Creating package descriptor '/home/rafal/.ssh/kalman_ws/src/kalman_robot/install/kalman_description/share/kalman_description/package.dsv'
[2.521s] INFO:colcon.colcon_core.shell:Creating package script '/home/rafal/.ssh/kalman_ws/src/kalman_robot/install/kalman_description/share/kalman_description/package.sh'
[2.522s] INFO:colcon.colcon_core.shell:Creating package script '/home/rafal/.ssh/kalman_ws/src/kalman_robot/install/kalman_description/share/kalman_description/package.bash'
[2.522s] INFO:colcon.colcon_core.shell:Creating package script '/home/rafal/.ssh/kalman_ws/src/kalman_robot/install/kalman_description/share/kalman_description/package.zsh'
[2.522s] Level 1:colcon.colcon_core.environment:create_file_with_runtime_dependencies(/home/rafal/.ssh/kalman_ws/src/kalman_robot/install/kalman_description/share/colcon-core/packages/kalman_description)
[2.524s] DEBUG:colcon.colcon_core.event_handler.log_command:Invoked command in '/home/rafal/.ssh/kalman_ws/src/kalman_robot/supervisor' returned '1': PYTHONPATH=/home/rafal/.ssh/kalman_ws/src/kalman_robot/build/supervisor2/prefix_override:/home/rafal/.ssh/kalman_ws/src/kalman_robot/install/supervisor2/lib/python3.10/site-packages:${PYTHONPATH} /usr/bin/python3 setup.py egg_info --egg-base ../build/supervisor2 build --build-base /home/rafal/.ssh/kalman_ws/src/kalman_robot/build/supervisor2/build install --record /home/rafal/.ssh/kalman_ws/src/kalman_robot/build/supervisor2/install.log --single-version-externally-managed
[3.744s] DEBUG:colcon.colcon_parallel_executor.executor.parallel:closing loop
[3.744s] DEBUG:colcon.colcon_parallel_executor.executor.parallel:loop closed
[3.744s] DEBUG:colcon.colcon_parallel_executor.executor.parallel:run_until_complete finished with '1'
[3.744s] DEBUG:colcon.colcon_core.event_reactor:joining thread
[3.757s] INFO:colcon.colcon_core.plugin_system:Skipping extension 'colcon_notification.desktop_notification.terminal_notifier': Not used on non-Darwin systems
[3.757s] INFO:colcon.colcon_core.plugin_system:Skipping extension 'colcon_notification.desktop_notification.win32': Not used on non-Windows systems
[3.757s] INFO:colcon.colcon_notification.desktop_notification:Sending desktop notification using 'notify2'
[3.768s] DEBUG:colcon.colcon_core.event_reactor:joined thread
[3.776s] INFO:colcon.colcon_core.shell:Creating prefix script '/home/rafal/.ssh/kalman_ws/src/kalman_robot/install/local_setup.ps1'
[3.776s] INFO:colcon.colcon_core.shell:Creating prefix util module '/home/rafal/.ssh/kalman_ws/src/kalman_robot/install/_local_setup_util_ps1.py'
[3.777s] INFO:colcon.colcon_core.shell:Creating prefix chain script '/home/rafal/.ssh/kalman_ws/src/kalman_robot/install/setup.ps1'
[3.784s] INFO:colcon.colcon_core.shell:Creating prefix script '/home/rafal/.ssh/kalman_ws/src/kalman_robot/install/local_setup.sh'
[3.784s] INFO:colcon.colcon_core.shell:Creating prefix util module '/home/rafal/.ssh/kalman_ws/src/kalman_robot/install/_local_setup_util_sh.py'
[3.784s] INFO:colcon.colcon_core.shell:Creating prefix chain script '/home/rafal/.ssh/kalman_ws/src/kalman_robot/install/setup.sh'
[3.791s] INFO:colcon.colcon_core.shell:Creating prefix script '/home/rafal/.ssh/kalman_ws/src/kalman_robot/install/local_setup.bash'
[3.791s] INFO:colcon.colcon_core.shell:Creating prefix chain script '/home/rafal/.ssh/kalman_ws/src/kalman_robot/install/setup.bash'
[3.798s] INFO:colcon.colcon_core.shell:Creating prefix script '/home/rafal/.ssh/kalman_ws/src/kalman_robot/install/local_setup.zsh'
[3.798s] INFO:colcon.colcon_core.shell:Creating prefix chain script '/home/rafal/.ssh/kalman_ws/src/kalman_robot/install/setup.zsh'
