running egg_info
creating ../build/kalman_slam/kalman_slam.egg-info
writing ../build/kalman_slam/kalman_slam.egg-info/PKG-INFO
writing dependency_links to ../build/kalman_slam/kalman_slam.egg-info/dependency_links.txt
writing top-level names to ../build/kalman_slam/kalman_slam.egg-info/top_level.txt
writing manifest file '../build/kalman_slam/kalman_slam.egg-info/SOURCES.txt'
reading manifest file '../build/kalman_slam/kalman_slam.egg-info/SOURCES.txt'
writing manifest file '../build/kalman_slam/kalman_slam.egg-info/SOURCES.txt'
running build
running install
running install_data
creating /home/rafal/.ssh/kalman_ws/src/kalman_robot/install/kalman_slam/share/ament_index
creating /home/rafal/.ssh/kalman_ws/src/kalman_robot/install/kalman_slam/share/ament_index/resource_index
creating /home/rafal/.ssh/kalman_ws/src/kalman_robot/install/kalman_slam/share/ament_index/resource_index/packages
copying resource/kalman_slam -> /home/rafal/.ssh/kalman_ws/src/kalman_robot/install/kalman_slam/share/ament_index/resource_index/packages
copying package.xml -> /home/rafal/.ssh/kalman_ws/src/kalman_robot/install/kalman_slam/share/kalman_slam
creating /home/rafal/.ssh/kalman_ws/src/kalman_robot/install/kalman_slam/share/kalman_slam/launch
copying launch/slam.launch.py -> /home/rafal/.ssh/kalman_ws/src/kalman_robot/install/kalman_slam/share/kalman_slam/launch
copying launch/rgbd_odometry.launch.py -> /home/rafal/.ssh/kalman_ws/src/kalman_robot/install/kalman_slam/share/kalman_slam/launch
creating /home/rafal/.ssh/kalman_ws/src/kalman_robot/install/kalman_slam/share/kalman_slam/param
copying param/ukf_filter_node.yaml -> /home/rafal/.ssh/kalman_ws/src/kalman_robot/install/kalman_slam/share/kalman_slam/param
running install_egg_info
Copying ../build/kalman_slam/kalman_slam.egg-info to /home/rafal/.ssh/kalman_ws/src/kalman_robot/install/kalman_slam/lib/python3.10/site-packages/kalman_slam-0.0.0-py3.10.egg-info
running install_scripts
writing list of installed files to '/home/rafal/.ssh/kalman_ws/src/kalman_robot/build/kalman_slam/install.log'
