-- The C compiler identification is GNU 11.4.0
-- The CXX compiler identification is GNU 11.4.0
-- Detecting C compiler ABI info
-- Detecting C compiler ABI info - done
-- Check for working C compiler: /usr/bin/cc - skipped
-- Detecting C compile features
-- Detecting C compile features - done
-- Detecting CXX compiler ABI info
-- Detecting CXX compiler ABI info - done
-- Check for working CXX compiler: /usr/bin/c++ - skipped
-- Detecting CXX compile features
-- Detecting CXX compile features - done
-- Found ament_cmake: 1.3.8 (/opt/ros/humble/share/ament_cmake/cmake)
-- Found Python3: /usr/bin/python3 (found version "3.10.12") found components: Interpreter 
-- Override CMake install command with custom implementation using symlinks instead of copying resources
-- Found rosidl_default_generators: 1.2.0 (/opt/ros/humble/share/rosidl_default_generators/cmake)
-- Using all available rosidl_typesupport_c: rosidl_typesupport_fastrtps_c;rosidl_typesupport_introspection_c
-- Found rosidl_adapter: 3.1.5 (/opt/ros/humble/share/rosidl_adapter/cmake)
-- Using all available rosidl_typesupport_cpp: rosidl_typesupport_fastrtps_cpp;rosidl_typesupport_introspection_cpp
-- Found std_msgs: 4.2.3 (/opt/ros/humble/share/std_msgs/cmake)
-- Found ament_cmake_ros: 0.10.0 (/opt/ros/humble/share/ament_cmake_ros/cmake)
-- Using all available rosidl_typesupport_c: rosidl_typesupport_fastrtps_c;rosidl_typesupport_introspection_c
-- Using all available rosidl_typesupport_cpp: rosidl_typesupport_fastrtps_cpp;rosidl_typesupport_introspection_cpp
-- Found PythonInterp: /usr/bin/python3 (found suitable version "3.10.12", minimum required is "3.6") 
-- Found python_cmake_module: 0.10.0 (/opt/ros/humble/share/python_cmake_module/cmake)
-- Found PythonLibs: /usr/lib/x86_64-linux-gnu/libpython3.10.so (found suitable version "3.10.12", minimum required is "3.5") 
-- Using PYTHON_EXECUTABLE: /usr/bin/python3
-- Using PYTHON_INCLUDE_DIRS: /usr/include/python3.10
-- Using PYTHON_LIBRARIES: /usr/lib/x86_64-linux-gnu/libpython3.10.so
-- Found PythonExtra: .so  
-- Configuring done
-- Generating done
-- Build files have been written to: /home/rafal/kalman_ws/src/kalman_robot/build/kalman_interfaces
[  1%] [34m[1mGenerating C code for ROS interfaces[0m
[  2%] [34m[1mGenerating C++ code for ROS interfaces[0m
[  2%] Built target ament_cmake_python_symlink_kalman_interfaces
running egg_info
creating kalman_interfaces.egg-info
writing kalman_interfaces.egg-info/PKG-INFO
writing dependency_links to kalman_interfaces.egg-info/dependency_links.txt
writing top-level names to kalman_interfaces.egg-info/top_level.txt
writing manifest file 'kalman_interfaces.egg-info/SOURCES.txt'
reading manifest file 'kalman_interfaces.egg-info/SOURCES.txt'
writing manifest file 'kalman_interfaces.egg-info/SOURCES.txt'
[  2%] Built target ament_cmake_python_build_kalman_interfaces_egg
[  2%] Built target kalman_interfaces__cpp
[  3%] [34m[1mGenerating C++ introspection for ROS interfaces[0m
[  4%] [34m[1mGenerating C++ type support for eProsima Fast-RTPS[0m
[  5%] [34m[1mGenerating C++ type support dispatch for ROS interfaces[0m
[  6%] [32mBuilding C object CMakeFiles/kalman_interfaces__rosidl_generator_c.dir/rosidl_generator_c/kalman_interfaces/msg/detail/gps_tag__functions.c.o[0m
[  7%] [32mBuilding C object CMakeFiles/kalman_interfaces__rosidl_generator_c.dir/rosidl_generator_c/kalman_interfaces/msg/detail/gps_tag_array__functions.c.o[0m
[  8%] [32mBuilding C object CMakeFiles/kalman_interfaces__rosidl_generator_c.dir/rosidl_generator_c/kalman_interfaces/msg/detail/master_message__functions.c.o[0m
[  9%] [32mBuilding C object CMakeFiles/kalman_interfaces__rosidl_generator_c.dir/rosidl_generator_c/kalman_interfaces/msg/detail/wheel_state__functions.c.o[0m
[ 10%] [32mBuilding C object CMakeFiles/kalman_interfaces__rosidl_generator_c.dir/rosidl_generator_c/kalman_interfaces/srv/detail/set_ueuos_color__functions.c.o[0m
[ 11%] [32mBuilding C object CMakeFiles/kalman_interfaces__rosidl_generator_c.dir/rosidl_generator_c/kalman_interfaces/srv/detail/calibrate_compass__functions.c.o[0m
[ 12%] [32mBuilding C object CMakeFiles/kalman_interfaces__rosidl_generator_c.dir/rosidl_generator_c/kalman_interfaces/srv/detail/set_ueuos_mode__functions.c.o[0m
[ 13%] [32mBuilding C object CMakeFiles/kalman_interfaces__rosidl_generator_c.dir/rosidl_generator_c/kalman_interfaces/msg/detail/wheel_states__functions.c.o[0m
[ 14%] [32mBuilding C object CMakeFiles/kalman_interfaces__rosidl_generator_c.dir/rosidl_generator_c/kalman_interfaces/srv/detail/set_ueuos_effect__functions.c.o[0m
[ 15%] [32m[1mLinking C shared library libkalman_interfaces__rosidl_generator_c.so[0m
[ 15%] Built target kalman_interfaces__rosidl_generator_c
[ 18%] [34m[1mGenerating C type support dispatch for ROS interfaces[0m
[ 18%] [34m[1mGenerating C introspection for ROS interfaces[0m
[ 18%] [34m[1mGenerating C type support for eProsima Fast-RTPS[0m
[ 20%] [32mBuilding CXX object CMakeFiles/kalman_interfaces__rosidl_typesupport_cpp.dir/rosidl_typesupport_cpp/kalman_interfaces/msg/gps_tag_array__type_support.cpp.o[0m
[ 21%] [32mBuilding CXX object CMakeFiles/kalman_interfaces__rosidl_typesupport_cpp.dir/rosidl_typesupport_cpp/kalman_interfaces/msg/master_message__type_support.cpp.o[0m
[ 22%] [32mBuilding CXX object CMakeFiles/kalman_interfaces__rosidl_typesupport_cpp.dir/rosidl_typesupport_cpp/kalman_interfaces/msg/wheel_states__type_support.cpp.o[0m
[ 23%] [32mBuilding CXX object CMakeFiles/kalman_interfaces__rosidl_typesupport_cpp.dir/rosidl_typesupport_cpp/kalman_interfaces/msg/gps_tag__type_support.cpp.o[0m
[ 24%] [32mBuilding CXX object CMakeFiles/kalman_interfaces__rosidl_typesupport_cpp.dir/rosidl_typesupport_cpp/kalman_interfaces/srv/calibrate_compass__type_support.cpp.o[0m
[ 25%] [32mBuilding CXX object CMakeFiles/kalman_interfaces__rosidl_typesupport_cpp.dir/rosidl_typesupport_cpp/kalman_interfaces/msg/wheel_state__type_support.cpp.o[0m
[ 26%] [32mBuilding CXX object CMakeFiles/kalman_interfaces__rosidl_typesupport_cpp.dir/rosidl_typesupport_cpp/kalman_interfaces/srv/set_ueuos_color__type_support.cpp.o[0m
[ 28%] [32mBuilding CXX object CMakeFiles/kalman_interfaces__rosidl_typesupport_cpp.dir/rosidl_typesupport_cpp/kalman_interfaces/srv/set_ueuos_mode__type_support.cpp.o[0m
[ 28%] [32mBuilding CXX object CMakeFiles/kalman_interfaces__rosidl_typesupport_cpp.dir/rosidl_typesupport_cpp/kalman_interfaces/srv/set_ueuos_effect__type_support.cpp.o[0m
[ 29%] [32mBuilding CXX object CMakeFiles/kalman_interfaces__rosidl_typesupport_introspection_cpp.dir/rosidl_typesupport_introspection_cpp/kalman_interfaces/msg/detail/master_message__type_support.cpp.o[0m
[ 31%] [32mBuilding CXX object CMakeFiles/kalman_interfaces__rosidl_typesupport_introspection_cpp.dir/rosidl_typesupport_introspection_cpp/kalman_interfaces/msg/detail/gps_tag__type_support.cpp.o[0m
[ 31%] [32mBuilding CXX object CMakeFiles/kalman_interfaces__rosidl_typesupport_introspection_cpp.dir/rosidl_typesupport_introspection_cpp/kalman_interfaces/msg/detail/gps_tag_array__type_support.cpp.o[0m
[ 32%] [32mBuilding CXX object CMakeFiles/kalman_interfaces__rosidl_typesupport_introspection_cpp.dir/rosidl_typesupport_introspection_cpp/kalman_interfaces/msg/detail/wheel_state__type_support.cpp.o[0m
[ 33%] [32mBuilding CXX object CMakeFiles/kalman_interfaces__rosidl_typesupport_introspection_cpp.dir/rosidl_typesupport_introspection_cpp/kalman_interfaces/msg/detail/wheel_states__type_support.cpp.o[0m
[ 34%] [32mBuilding CXX object CMakeFiles/kalman_interfaces__rosidl_typesupport_introspection_cpp.dir/rosidl_typesupport_introspection_cpp/kalman_interfaces/srv/detail/calibrate_compass__type_support.cpp.o[0m
[ 35%] [32mBuilding CXX object CMakeFiles/kalman_interfaces__rosidl_typesupport_introspection_cpp.dir/rosidl_typesupport_introspection_cpp/kalman_interfaces/srv/detail/set_ueuos_color__type_support.cpp.o[0m
[ 36%] [32mBuilding CXX object CMakeFiles/kalman_interfaces__rosidl_typesupport_c.dir/rosidl_typesupport_c/kalman_interfaces/msg/gps_tag_array__type_support.cpp.o[0m
[ 37%] [32mBuilding CXX object CMakeFiles/kalman_interfaces__rosidl_typesupport_c.dir/rosidl_typesupport_c/kalman_interfaces/msg/gps_tag__type_support.cpp.o[0m
[ 38%] [32mBuilding CXX object CMakeFiles/kalman_interfaces__rosidl_typesupport_c.dir/rosidl_typesupport_c/kalman_interfaces/msg/master_message__type_support.cpp.o[0m
[ 40%] [32mBuilding CXX object CMakeFiles/kalman_interfaces__rosidl_typesupport_c.dir/rosidl_typesupport_c/kalman_interfaces/msg/wheel_state__type_support.cpp.o[0m
[ 41%] [32mBuilding CXX object CMakeFiles/kalman_interfaces__rosidl_typesupport_c.dir/rosidl_typesupport_c/kalman_interfaces/srv/calibrate_compass__type_support.cpp.o[0m
[ 42%] [32mBuilding CXX object CMakeFiles/kalman_interfaces__rosidl_typesupport_c.dir/rosidl_typesupport_c/kalman_interfaces/msg/wheel_states__type_support.cpp.o[0m
[ 43%] [32mBuilding CXX object CMakeFiles/kalman_interfaces__rosidl_typesupport_c.dir/rosidl_typesupport_c/kalman_interfaces/srv/set_ueuos_color__type_support.cpp.o[0m
[ 44%] [32mBuilding CXX object CMakeFiles/kalman_interfaces__rosidl_typesupport_c.dir/rosidl_typesupport_c/kalman_interfaces/srv/set_ueuos_effect__type_support.cpp.o[0m
[ 45%] [32mBuilding CXX object CMakeFiles/kalman_interfaces__rosidl_typesupport_introspection_cpp.dir/rosidl_typesupport_introspection_cpp/kalman_interfaces/srv/detail/set_ueuos_effect__type_support.cpp.o[0m
[ 46%] [32mBuilding CXX object CMakeFiles/kalman_interfaces__rosidl_typesupport_c.dir/rosidl_typesupport_c/kalman_interfaces/srv/set_ueuos_mode__type_support.cpp.o[0m
[ 47%] [32mBuilding CXX object CMakeFiles/kalman_interfaces__rosidl_typesupport_introspection_cpp.dir/rosidl_typesupport_introspection_cpp/kalman_interfaces/srv/detail/set_ueuos_mode__type_support.cpp.o[0m
[ 48%] [32mBuilding C object CMakeFiles/kalman_interfaces__rosidl_typesupport_introspection_c.dir/rosidl_typesupport_introspection_c/kalman_interfaces/msg/detail/gps_tag_array__type_support.c.o[0m
[ 49%] [32mBuilding C object CMakeFiles/kalman_interfaces__rosidl_typesupport_introspection_c.dir/rosidl_typesupport_introspection_c/kalman_interfaces/msg/detail/gps_tag__type_support.c.o[0m
[ 50%] [32m[1mLinking CXX shared library libkalman_interfaces__rosidl_typesupport_c.so[0m
[ 51%] [32mBuilding C object CMakeFiles/kalman_interfaces__rosidl_typesupport_introspection_c.dir/rosidl_typesupport_introspection_c/kalman_interfaces/msg/detail/master_message__type_support.c.o[0m
[ 52%] [32mBuilding C object CMakeFiles/kalman_interfaces__rosidl_typesupport_introspection_c.dir/rosidl_typesupport_introspection_c/kalman_interfaces/msg/detail/wheel_state__type_support.c.o[0m
[ 53%] [32mBuilding C object CMakeFiles/kalman_interfaces__rosidl_typesupport_introspection_c.dir/rosidl_typesupport_introspection_c/kalman_interfaces/msg/detail/wheel_states__type_support.c.o[0m
[ 54%] [32mBuilding C object CMakeFiles/kalman_interfaces__rosidl_typesupport_introspection_c.dir/rosidl_typesupport_introspection_c/kalman_interfaces/srv/detail/calibrate_compass__type_support.c.o[0m
[ 55%] [32mBuilding C object CMakeFiles/kalman_interfaces__rosidl_typesupport_introspection_c.dir/rosidl_typesupport_introspection_c/kalman_interfaces/srv/detail/set_ueuos_color__type_support.c.o[0m
[ 55%] Built target kalman_interfaces__rosidl_typesupport_c
[ 56%] [32mBuilding C object CMakeFiles/kalman_interfaces__rosidl_typesupport_introspection_c.dir/rosidl_typesupport_introspection_c/kalman_interfaces/srv/detail/set_ueuos_effect__type_support.c.o[0m
[ 57%] [32mBuilding C object CMakeFiles/kalman_interfaces__rosidl_typesupport_introspection_c.dir/rosidl_typesupport_introspection_c/kalman_interfaces/srv/detail/set_ueuos_mode__type_support.c.o[0m
[ 58%] [32mBuilding CXX object CMakeFiles/kalman_interfaces__rosidl_typesupport_fastrtps_c.dir/rosidl_typesupport_fastrtps_c/kalman_interfaces/msg/detail/gps_tag__type_support_c.cpp.o[0m
[ 60%] [32mBuilding CXX object CMakeFiles/kalman_interfaces__rosidl_typesupport_fastrtps_c.dir/rosidl_typesupport_fastrtps_c/kalman_interfaces/msg/detail/gps_tag_array__type_support_c.cpp.o[0m
[ 61%] [32mBuilding CXX object CMakeFiles/kalman_interfaces__rosidl_typesupport_fastrtps_c.dir/rosidl_typesupport_fastrtps_c/kalman_interfaces/msg/detail/master_message__type_support_c.cpp.o[0m
[ 62%] [32mBuilding CXX object CMakeFiles/kalman_interfaces__rosidl_typesupport_fastrtps_c.dir/rosidl_typesupport_fastrtps_c/kalman_interfaces/msg/detail/wheel_state__type_support_c.cpp.o[0m
[ 63%] [32mBuilding CXX object CMakeFiles/kalman_interfaces__rosidl_typesupport_fastrtps_c.dir/rosidl_typesupport_fastrtps_c/kalman_interfaces/msg/detail/wheel_states__type_support_c.cpp.o[0m
[ 64%] [32m[1mLinking C shared library libkalman_interfaces__rosidl_typesupport_introspection_c.so[0m
[ 65%] [32mBuilding CXX object CMakeFiles/kalman_interfaces__rosidl_typesupport_fastrtps_c.dir/rosidl_typesupport_fastrtps_c/kalman_interfaces/srv/detail/calibrate_compass__type_support_c.cpp.o[0m
[ 66%] [32mBuilding CXX object CMakeFiles/kalman_interfaces__rosidl_typesupport_fastrtps_c.dir/rosidl_typesupport_fastrtps_c/kalman_interfaces/srv/detail/set_ueuos_color__type_support_c.cpp.o[0m
[ 67%] [32mBuilding CXX object CMakeFiles/kalman_interfaces__rosidl_typesupport_fastrtps_c.dir/rosidl_typesupport_fastrtps_c/kalman_interfaces/srv/detail/set_ueuos_effect__type_support_c.cpp.o[0m
[ 68%] [32mBuilding CXX object CMakeFiles/kalman_interfaces__rosidl_typesupport_fastrtps_c.dir/rosidl_typesupport_fastrtps_c/kalman_interfaces/srv/detail/set_ueuos_mode__type_support_c.cpp.o[0m
[ 68%] Built target kalman_interfaces__rosidl_typesupport_introspection_c
[ 69%] [32m[1mLinking CXX shared library libkalman_interfaces__rosidl_typesupport_cpp.so[0m
[ 70%] [32mBuilding CXX object CMakeFiles/kalman_interfaces__rosidl_typesupport_fastrtps_cpp.dir/rosidl_typesupport_fastrtps_cpp/kalman_interfaces/msg/detail/dds_fastrtps/gps_tag_array__type_support.cpp.o[0m
[ 71%] [32mBuilding CXX object CMakeFiles/kalman_interfaces__rosidl_typesupport_fastrtps_cpp.dir/rosidl_typesupport_fastrtps_cpp/kalman_interfaces/msg/detail/dds_fastrtps/wheel_state__type_support.cpp.o[0m
[ 72%] [32mBuilding CXX object CMakeFiles/kalman_interfaces__rosidl_typesupport_fastrtps_cpp.dir/rosidl_typesupport_fastrtps_cpp/kalman_interfaces/msg/detail/dds_fastrtps/gps_tag__type_support.cpp.o[0m
[ 72%] Built target kalman_interfaces__rosidl_typesupport_cpp
[ 73%] [32mBuilding CXX object CMakeFiles/kalman_interfaces__rosidl_typesupport_fastrtps_cpp.dir/rosidl_typesupport_fastrtps_cpp/kalman_interfaces/msg/detail/dds_fastrtps/master_message__type_support.cpp.o[0m
[ 74%] [32mBuilding CXX object CMakeFiles/kalman_interfaces__rosidl_typesupport_fastrtps_cpp.dir/rosidl_typesupport_fastrtps_cpp/kalman_interfaces/msg/detail/dds_fastrtps/wheel_states__type_support.cpp.o[0m
[ 75%] [32mBuilding CXX object CMakeFiles/kalman_interfaces__rosidl_typesupport_fastrtps_cpp.dir/rosidl_typesupport_fastrtps_cpp/kalman_interfaces/srv/detail/dds_fastrtps/calibrate_compass__type_support.cpp.o[0m
[ 76%] [32m[1mLinking CXX shared library libkalman_interfaces__rosidl_typesupport_introspection_cpp.so[0m
[ 77%] [32mBuilding CXX object CMakeFiles/kalman_interfaces__rosidl_typesupport_fastrtps_cpp.dir/rosidl_typesupport_fastrtps_cpp/kalman_interfaces/srv/detail/dds_fastrtps/set_ueuos_color__type_support.cpp.o[0m
[ 78%] [32mBuilding CXX object CMakeFiles/kalman_interfaces__rosidl_typesupport_fastrtps_cpp.dir/rosidl_typesupport_fastrtps_cpp/kalman_interfaces/srv/detail/dds_fastrtps/set_ueuos_effect__type_support.cpp.o[0m
[ 80%] [32mBuilding CXX object CMakeFiles/kalman_interfaces__rosidl_typesupport_fastrtps_cpp.dir/rosidl_typesupport_fastrtps_cpp/kalman_interfaces/srv/detail/dds_fastrtps/set_ueuos_mode__type_support.cpp.o[0m
[ 80%] Built target kalman_interfaces__rosidl_typesupport_introspection_cpp
[ 81%] [32m[1mLinking CXX shared library libkalman_interfaces__rosidl_typesupport_fastrtps_c.so[0m
[ 81%] Built target kalman_interfaces__rosidl_typesupport_fastrtps_c
[ 82%] [32m[1mLinking CXX shared library libkalman_interfaces__rosidl_typesupport_fastrtps_cpp.so[0m
[ 82%] Built target kalman_interfaces__rosidl_typesupport_fastrtps_cpp
[ 82%] Built target kalman_interfaces
[ 83%] [34m[1mGenerating Python code for ROS interfaces[0m
[ 83%] Built target kalman_interfaces__py
[ 84%] [32mBuilding C object CMakeFiles/kalman_interfaces__rosidl_generator_py.dir/rosidl_generator_py/kalman_interfaces/msg/_gps_tag_array_s.c.o[0m
[ 86%] [32mBuilding C object CMakeFiles/kalman_interfaces__rosidl_generator_py.dir/rosidl_generator_py/kalman_interfaces/msg/_gps_tag_s.c.o[0m
[ 87%] [32mBuilding C object CMakeFiles/kalman_interfaces__rosidl_generator_py.dir/rosidl_generator_py/kalman_interfaces/msg/_wheel_state_s.c.o[0m
[ 87%] [32mBuilding C object CMakeFiles/kalman_interfaces__rosidl_generator_py.dir/rosidl_generator_py/kalman_interfaces/msg/_master_message_s.c.o[0m
[ 88%] [32mBuilding C object CMakeFiles/kalman_interfaces__rosidl_generator_py.dir/rosidl_generator_py/kalman_interfaces/msg/_wheel_states_s.c.o[0m
[ 89%] [32mBuilding C object CMakeFiles/kalman_interfaces__rosidl_generator_py.dir/rosidl_generator_py/kalman_interfaces/srv/_set_ueuos_mode_s.c.o[0m
[ 91%] [32mBuilding C object CMakeFiles/kalman_interfaces__rosidl_generator_py.dir/rosidl_generator_py/kalman_interfaces/srv/_calibrate_compass_s.c.o[0m
[ 91%] [32mBuilding C object CMakeFiles/kalman_interfaces__rosidl_generator_py.dir/rosidl_generator_py/kalman_interfaces/srv/_set_ueuos_color_s.c.o[0m
[ 92%] [32mBuilding C object CMakeFiles/kalman_interfaces__rosidl_generator_py.dir/rosidl_generator_py/kalman_interfaces/srv/_set_ueuos_effect_s.c.o[0m
[ 93%] [32m[1mLinking C shared library rosidl_generator_py/kalman_interfaces/libkalman_interfaces__rosidl_generator_py.so[0m
[ 93%] Built target kalman_interfaces__rosidl_generator_py
[ 94%] [32mBuilding C object CMakeFiles/kalman_interfaces__rosidl_typesupport_fastrtps_c__pyext.dir/rosidl_generator_py/kalman_interfaces/_kalman_interfaces_s.ep.rosidl_typesupport_fastrtps_c.c.o[0m
[ 95%] [32mBuilding C object CMakeFiles/kalman_interfaces__rosidl_typesupport_c__pyext.dir/rosidl_generator_py/kalman_interfaces/_kalman_interfaces_s.ep.rosidl_typesupport_c.c.o[0m
[ 96%] [32mBuilding C object CMakeFiles/kalman_interfaces__rosidl_typesupport_introspection_c__pyext.dir/rosidl_generator_py/kalman_interfaces/_kalman_interfaces_s.ep.rosidl_typesupport_introspection_c.c.o[0m
[ 97%] [32m[1mLinking C shared library rosidl_generator_py/kalman_interfaces/kalman_interfaces_s__rosidl_typesupport_fastrtps_c.cpython-310-x86_64-linux-gnu.so[0m
[ 98%] [32m[1mLinking C shared library rosidl_generator_py/kalman_interfaces/kalman_interfaces_s__rosidl_typesupport_c.cpython-310-x86_64-linux-gnu.so[0m
[ 98%] Built target kalman_interfaces__rosidl_typesupport_fastrtps_c__pyext
[ 98%] Built target kalman_interfaces__rosidl_typesupport_c__pyext
[100%] [32m[1mLinking C shared library rosidl_generator_py/kalman_interfaces/kalman_interfaces_s__rosidl_typesupport_introspection_c.cpython-310-x86_64-linux-gnu.so[0m
[100%] Built target kalman_interfaces__rosidl_typesupport_introspection_c__pyext
-- Install configuration: ""
-- Execute custom install script
-- Symlinking: /home/rafal/kalman_ws/src/kalman_robot/install/kalman_interfaces/share/ament_index/resource_index/rosidl_interfaces/kalman_interfaces
-- Symlinking: /home/rafal/kalman_ws/src/kalman_robot/install/kalman_interfaces/include/kalman_interfaces/kalman_interfaces/msg/detail/gps_tag__functions.h
-- Symlinking: /home/rafal/kalman_ws/src/kalman_robot/install/kalman_interfaces/include/kalman_interfaces/kalman_interfaces/msg/detail/gps_tag__struct.h
-- Symlinking: /home/rafal/kalman_ws/src/kalman_robot/install/kalman_interfaces/include/kalman_interfaces/kalman_interfaces/msg/detail/gps_tag__type_support.h
-- Symlinking: /home/rafal/kalman_ws/src/kalman_robot/install/kalman_interfaces/include/kalman_interfaces/kalman_interfaces/msg/detail/gps_tag_array__functions.h
-- Symlinking: /home/rafal/kalman_ws/src/kalman_robot/install/kalman_interfaces/include/kalman_interfaces/kalman_interfaces/msg/detail/gps_tag_array__struct.h
-- Symlinking: /home/rafal/kalman_ws/src/kalman_robot/install/kalman_interfaces/include/kalman_interfaces/kalman_interfaces/msg/detail/gps_tag_array__type_support.h
-- Symlinking: /home/rafal/kalman_ws/src/kalman_robot/install/kalman_interfaces/include/kalman_interfaces/kalman_interfaces/msg/detail/master_message__functions.h
-- Symlinking: /home/rafal/kalman_ws/src/kalman_robot/install/kalman_interfaces/include/kalman_interfaces/kalman_interfaces/msg/detail/master_message__struct.h
-- Symlinking: /home/rafal/kalman_ws/src/kalman_robot/install/kalman_interfaces/include/kalman_interfaces/kalman_interfaces/msg/detail/master_message__type_support.h
-- Symlinking: /home/rafal/kalman_ws/src/kalman_robot/install/kalman_interfaces/include/kalman_interfaces/kalman_interfaces/msg/detail/wheel_state__functions.h
-- Symlinking: /home/rafal/kalman_ws/src/kalman_robot/install/kalman_interfaces/include/kalman_interfaces/kalman_interfaces/msg/detail/wheel_state__struct.h
-- Symlinking: /home/rafal/kalman_ws/src/kalman_robot/install/kalman_interfaces/include/kalman_interfaces/kalman_interfaces/msg/detail/wheel_state__type_support.h
-- Symlinking: /home/rafal/kalman_ws/src/kalman_robot/install/kalman_interfaces/include/kalman_interfaces/kalman_interfaces/msg/detail/wheel_states__functions.h
-- Symlinking: /home/rafal/kalman_ws/src/kalman_robot/install/kalman_interfaces/include/kalman_interfaces/kalman_interfaces/msg/detail/wheel_states__struct.h
-- Symlinking: /home/rafal/kalman_ws/src/kalman_robot/install/kalman_interfaces/include/kalman_interfaces/kalman_interfaces/msg/detail/wheel_states__type_support.h
-- Symlinking: /home/rafal/kalman_ws/src/kalman_robot/install/kalman_interfaces/include/kalman_interfaces/kalman_interfaces/msg/gps_tag.h
-- Symlinking: /home/rafal/kalman_ws/src/kalman_robot/install/kalman_interfaces/include/kalman_interfaces/kalman_interfaces/msg/gps_tag_array.h
-- Symlinking: /home/rafal/kalman_ws/src/kalman_robot/install/kalman_interfaces/include/kalman_interfaces/kalman_interfaces/msg/master_message.h
-- Symlinking: /home/rafal/kalman_ws/src/kalman_robot/install/kalman_interfaces/include/kalman_interfaces/kalman_interfaces/msg/rosidl_generator_c__visibility_control.h
-- Symlinking: /home/rafal/kalman_ws/src/kalman_robot/install/kalman_interfaces/include/kalman_interfaces/kalman_interfaces/msg/wheel_state.h
-- Symlinking: /home/rafal/kalman_ws/src/kalman_robot/install/kalman_interfaces/include/kalman_interfaces/kalman_interfaces/msg/wheel_states.h
-- Symlinking: /home/rafal/kalman_ws/src/kalman_robot/install/kalman_interfaces/include/kalman_interfaces/kalman_interfaces/srv/calibrate_compass.h
-- Symlinking: /home/rafal/kalman_ws/src/kalman_robot/install/kalman_interfaces/include/kalman_interfaces/kalman_interfaces/srv/detail/calibrate_compass__functions.h
-- Symlinking: /home/rafal/kalman_ws/src/kalman_robot/install/kalman_interfaces/include/kalman_interfaces/kalman_interfaces/srv/detail/calibrate_compass__struct.h
-- Symlinking: /home/rafal/kalman_ws/src/kalman_robot/install/kalman_interfaces/include/kalman_interfaces/kalman_interfaces/srv/detail/calibrate_compass__type_support.h
-- Symlinking: /home/rafal/kalman_ws/src/kalman_robot/install/kalman_interfaces/include/kalman_interfaces/kalman_interfaces/srv/detail/set_ueuos_color__functions.h
-- Symlinking: /home/rafal/kalman_ws/src/kalman_robot/install/kalman_interfaces/include/kalman_interfaces/kalman_interfaces/srv/detail/set_ueuos_color__struct.h
-- Symlinking: /home/rafal/kalman_ws/src/kalman_robot/install/kalman_interfaces/include/kalman_interfaces/kalman_interfaces/srv/detail/set_ueuos_color__type_support.h
-- Symlinking: /home/rafal/kalman_ws/src/kalman_robot/install/kalman_interfaces/include/kalman_interfaces/kalman_interfaces/srv/detail/set_ueuos_effect__functions.h
-- Symlinking: /home/rafal/kalman_ws/src/kalman_robot/install/kalman_interfaces/include/kalman_interfaces/kalman_interfaces/srv/detail/set_ueuos_effect__struct.h
-- Symlinking: /home/rafal/kalman_ws/src/kalman_robot/install/kalman_interfaces/include/kalman_interfaces/kalman_interfaces/srv/detail/set_ueuos_effect__type_support.h
-- Symlinking: /home/rafal/kalman_ws/src/kalman_robot/install/kalman_interfaces/include/kalman_interfaces/kalman_interfaces/srv/detail/set_ueuos_mode__functions.h
-- Symlinking: /home/rafal/kalman_ws/src/kalman_robot/install/kalman_interfaces/include/kalman_interfaces/kalman_interfaces/srv/detail/set_ueuos_mode__struct.h
-- Symlinking: /home/rafal/kalman_ws/src/kalman_robot/install/kalman_interfaces/include/kalman_interfaces/kalman_interfaces/srv/detail/set_ueuos_mode__type_support.h
-- Symlinking: /home/rafal/kalman_ws/src/kalman_robot/install/kalman_interfaces/include/kalman_interfaces/kalman_interfaces/srv/set_ueuos_color.h
-- Symlinking: /home/rafal/kalman_ws/src/kalman_robot/install/kalman_interfaces/include/kalman_interfaces/kalman_interfaces/srv/set_ueuos_effect.h
-- Symlinking: /home/rafal/kalman_ws/src/kalman_robot/install/kalman_interfaces/include/kalman_interfaces/kalman_interfaces/srv/set_ueuos_mode.h
-- Symlinking: /home/rafal/kalman_ws/src/kalman_robot/install/kalman_interfaces/share/kalman_interfaces/environment/library_path.sh
-- Symlinking: /home/rafal/kalman_ws/src/kalman_robot/install/kalman_interfaces/share/kalman_interfaces/environment/library_path.dsv
-- Symlinking: /home/rafal/kalman_ws/src/kalman_robot/install/kalman_interfaces/include/kalman_interfaces/kalman_interfaces/msg/detail/gps_tag__rosidl_typesupport_fastrtps_c.h
-- Symlinking: /home/rafal/kalman_ws/src/kalman_robot/install/kalman_interfaces/include/kalman_interfaces/kalman_interfaces/msg/detail/gps_tag_array__rosidl_typesupport_fastrtps_c.h
-- Symlinking: /home/rafal/kalman_ws/src/kalman_robot/install/kalman_interfaces/include/kalman_interfaces/kalman_interfaces/msg/detail/master_message__rosidl_typesupport_fastrtps_c.h
-- Symlinking: /home/rafal/kalman_ws/src/kalman_robot/install/kalman_interfaces/include/kalman_interfaces/kalman_interfaces/msg/detail/wheel_state__rosidl_typesupport_fastrtps_c.h
-- Symlinking: /home/rafal/kalman_ws/src/kalman_robot/install/kalman_interfaces/include/kalman_interfaces/kalman_interfaces/msg/detail/wheel_states__rosidl_typesupport_fastrtps_c.h
-- Symlinking: /home/rafal/kalman_ws/src/kalman_robot/install/kalman_interfaces/include/kalman_interfaces/kalman_interfaces/msg/rosidl_typesupport_fastrtps_c__visibility_control.h
-- Symlinking: /home/rafal/kalman_ws/src/kalman_robot/install/kalman_interfaces/include/kalman_interfaces/kalman_interfaces/srv/detail/calibrate_compass__rosidl_typesupport_fastrtps_c.h
-- Symlinking: /home/rafal/kalman_ws/src/kalman_robot/install/kalman_interfaces/include/kalman_interfaces/kalman_interfaces/srv/detail/set_ueuos_color__rosidl_typesupport_fastrtps_c.h
-- Symlinking: /home/rafal/kalman_ws/src/kalman_robot/install/kalman_interfaces/include/kalman_interfaces/kalman_interfaces/srv/detail/set_ueuos_effect__rosidl_typesupport_fastrtps_c.h
-- Symlinking: /home/rafal/kalman_ws/src/kalman_robot/install/kalman_interfaces/include/kalman_interfaces/kalman_interfaces/srv/detail/set_ueuos_mode__rosidl_typesupport_fastrtps_c.h
-- Symlinking: /home/rafal/kalman_ws/src/kalman_robot/install/kalman_interfaces/include/kalman_interfaces/kalman_interfaces/msg/detail/gps_tag__rosidl_typesupport_introspection_c.h
-- Symlinking: /home/rafal/kalman_ws/src/kalman_robot/install/kalman_interfaces/include/kalman_interfaces/kalman_interfaces/msg/detail/gps_tag_array__rosidl_typesupport_introspection_c.h
-- Symlinking: /home/rafal/kalman_ws/src/kalman_robot/install/kalman_interfaces/include/kalman_interfaces/kalman_interfaces/msg/detail/master_message__rosidl_typesupport_introspection_c.h
-- Symlinking: /home/rafal/kalman_ws/src/kalman_robot/install/kalman_interfaces/include/kalman_interfaces/kalman_interfaces/msg/detail/wheel_state__rosidl_typesupport_introspection_c.h
-- Symlinking: /home/rafal/kalman_ws/src/kalman_robot/install/kalman_interfaces/include/kalman_interfaces/kalman_interfaces/msg/detail/wheel_states__rosidl_typesupport_introspection_c.h
-- Symlinking: /home/rafal/kalman_ws/src/kalman_robot/install/kalman_interfaces/include/kalman_interfaces/kalman_interfaces/msg/rosidl_typesupport_introspection_c__visibility_control.h
-- Symlinking: /home/rafal/kalman_ws/src/kalman_robot/install/kalman_interfaces/include/kalman_interfaces/kalman_interfaces/srv/detail/calibrate_compass__rosidl_typesupport_introspection_c.h
-- Symlinking: /home/rafal/kalman_ws/src/kalman_robot/install/kalman_interfaces/include/kalman_interfaces/kalman_interfaces/srv/detail/set_ueuos_color__rosidl_typesupport_introspection_c.h
-- Symlinking: /home/rafal/kalman_ws/src/kalman_robot/install/kalman_interfaces/include/kalman_interfaces/kalman_interfaces/srv/detail/set_ueuos_effect__rosidl_typesupport_introspection_c.h
-- Symlinking: /home/rafal/kalman_ws/src/kalman_robot/install/kalman_interfaces/include/kalman_interfaces/kalman_interfaces/srv/detail/set_ueuos_mode__rosidl_typesupport_introspection_c.h
-- Symlinking: /home/rafal/kalman_ws/src/kalman_robot/install/kalman_interfaces/include/kalman_interfaces/kalman_interfaces/msg/detail/gps_tag__builder.hpp
-- Symlinking: /home/rafal/kalman_ws/src/kalman_robot/install/kalman_interfaces/include/kalman_interfaces/kalman_interfaces/msg/detail/gps_tag__struct.hpp
-- Symlinking: /home/rafal/kalman_ws/src/kalman_robot/install/kalman_interfaces/include/kalman_interfaces/kalman_interfaces/msg/detail/gps_tag__traits.hpp
-- Symlinking: /home/rafal/kalman_ws/src/kalman_robot/install/kalman_interfaces/include/kalman_interfaces/kalman_interfaces/msg/detail/gps_tag_array__builder.hpp
-- Symlinking: /home/rafal/kalman_ws/src/kalman_robot/install/kalman_interfaces/include/kalman_interfaces/kalman_interfaces/msg/detail/gps_tag_array__struct.hpp
-- Symlinking: /home/rafal/kalman_ws/src/kalman_robot/install/kalman_interfaces/include/kalman_interfaces/kalman_interfaces/msg/detail/gps_tag_array__traits.hpp
-- Symlinking: /home/rafal/kalman_ws/src/kalman_robot/install/kalman_interfaces/include/kalman_interfaces/kalman_interfaces/msg/detail/master_message__builder.hpp
-- Symlinking: /home/rafal/kalman_ws/src/kalman_robot/install/kalman_interfaces/include/kalman_interfaces/kalman_interfaces/msg/detail/master_message__struct.hpp
-- Symlinking: /home/rafal/kalman_ws/src/kalman_robot/install/kalman_interfaces/include/kalman_interfaces/kalman_interfaces/msg/detail/master_message__traits.hpp
-- Symlinking: /home/rafal/kalman_ws/src/kalman_robot/install/kalman_interfaces/include/kalman_interfaces/kalman_interfaces/msg/detail/wheel_state__builder.hpp
-- Symlinking: /home/rafal/kalman_ws/src/kalman_robot/install/kalman_interfaces/include/kalman_interfaces/kalman_interfaces/msg/detail/wheel_state__struct.hpp
-- Symlinking: /home/rafal/kalman_ws/src/kalman_robot/install/kalman_interfaces/include/kalman_interfaces/kalman_interfaces/msg/detail/wheel_state__traits.hpp
-- Symlinking: /home/rafal/kalman_ws/src/kalman_robot/install/kalman_interfaces/include/kalman_interfaces/kalman_interfaces/msg/detail/wheel_states__builder.hpp
-- Symlinking: /home/rafal/kalman_ws/src/kalman_robot/install/kalman_interfaces/include/kalman_interfaces/kalman_interfaces/msg/detail/wheel_states__struct.hpp
-- Symlinking: /home/rafal/kalman_ws/src/kalman_robot/install/kalman_interfaces/include/kalman_interfaces/kalman_interfaces/msg/detail/wheel_states__traits.hpp
-- Symlinking: /home/rafal/kalman_ws/src/kalman_robot/install/kalman_interfaces/include/kalman_interfaces/kalman_interfaces/msg/gps_tag.hpp
-- Symlinking: /home/rafal/kalman_ws/src/kalman_robot/install/kalman_interfaces/include/kalman_interfaces/kalman_interfaces/msg/gps_tag_array.hpp
-- Symlinking: /home/rafal/kalman_ws/src/kalman_robot/install/kalman_interfaces/include/kalman_interfaces/kalman_interfaces/msg/master_message.hpp
-- Symlinking: /home/rafal/kalman_ws/src/kalman_robot/install/kalman_interfaces/include/kalman_interfaces/kalman_interfaces/msg/wheel_state.hpp
-- Symlinking: /home/rafal/kalman_ws/src/kalman_robot/install/kalman_interfaces/include/kalman_interfaces/kalman_interfaces/msg/wheel_states.hpp
-- Symlinking: /home/rafal/kalman_ws/src/kalman_robot/install/kalman_interfaces/include/kalman_interfaces/kalman_interfaces/srv/calibrate_compass.hpp
-- Symlinking: /home/rafal/kalman_ws/src/kalman_robot/install/kalman_interfaces/include/kalman_interfaces/kalman_interfaces/srv/detail/calibrate_compass__builder.hpp
-- Symlinking: /home/rafal/kalman_ws/src/kalman_robot/install/kalman_interfaces/include/kalman_interfaces/kalman_interfaces/srv/detail/calibrate_compass__struct.hpp
-- Symlinking: /home/rafal/kalman_ws/src/kalman_robot/install/kalman_interfaces/include/kalman_interfaces/kalman_interfaces/srv/detail/calibrate_compass__traits.hpp
-- Symlinking: /home/rafal/kalman_ws/src/kalman_robot/install/kalman_interfaces/include/kalman_interfaces/kalman_interfaces/srv/detail/set_ueuos_color__builder.hpp
-- Symlinking: /home/rafal/kalman_ws/src/kalman_robot/install/kalman_interfaces/include/kalman_interfaces/kalman_interfaces/srv/detail/set_ueuos_color__struct.hpp
-- Symlinking: /home/rafal/kalman_ws/src/kalman_robot/install/kalman_interfaces/include/kalman_interfaces/kalman_interfaces/srv/detail/set_ueuos_color__traits.hpp
-- Symlinking: /home/rafal/kalman_ws/src/kalman_robot/install/kalman_interfaces/include/kalman_interfaces/kalman_interfaces/srv/detail/set_ueuos_effect__builder.hpp
-- Symlinking: /home/rafal/kalman_ws/src/kalman_robot/install/kalman_interfaces/include/kalman_interfaces/kalman_interfaces/srv/detail/set_ueuos_effect__struct.hpp
-- Symlinking: /home/rafal/kalman_ws/src/kalman_robot/install/kalman_interfaces/include/kalman_interfaces/kalman_interfaces/srv/detail/set_ueuos_effect__traits.hpp
-- Symlinking: /home/rafal/kalman_ws/src/kalman_robot/install/kalman_interfaces/include/kalman_interfaces/kalman_interfaces/srv/detail/set_ueuos_mode__builder.hpp
-- Symlinking: /home/rafal/kalman_ws/src/kalman_robot/install/kalman_interfaces/include/kalman_interfaces/kalman_interfaces/srv/detail/set_ueuos_mode__struct.hpp
-- Symlinking: /home/rafal/kalman_ws/src/kalman_robot/install/kalman_interfaces/include/kalman_interfaces/kalman_interfaces/srv/detail/set_ueuos_mode__traits.hpp
-- Symlinking: /home/rafal/kalman_ws/src/kalman_robot/install/kalman_interfaces/include/kalman_interfaces/kalman_interfaces/srv/set_ueuos_color.hpp
-- Symlinking: /home/rafal/kalman_ws/src/kalman_robot/install/kalman_interfaces/include/kalman_interfaces/kalman_interfaces/srv/set_ueuos_effect.hpp
-- Symlinking: /home/rafal/kalman_ws/src/kalman_robot/install/kalman_interfaces/include/kalman_interfaces/kalman_interfaces/srv/set_ueuos_mode.hpp
-- Symlinking: /home/rafal/kalman_ws/src/kalman_robot/install/kalman_interfaces/include/kalman_interfaces/kalman_interfaces/msg/detail/gps_tag__rosidl_typesupport_fastrtps_cpp.hpp
-- Symlinking: /home/rafal/kalman_ws/src/kalman_robot/install/kalman_interfaces/include/kalman_interfaces/kalman_interfaces/msg/detail/gps_tag_array__rosidl_typesupport_fastrtps_cpp.hpp
-- Symlinking: /home/rafal/kalman_ws/src/kalman_robot/install/kalman_interfaces/include/kalman_interfaces/kalman_interfaces/msg/detail/master_message__rosidl_typesupport_fastrtps_cpp.hpp
-- Symlinking: /home/rafal/kalman_ws/src/kalman_robot/install/kalman_interfaces/include/kalman_interfaces/kalman_interfaces/msg/detail/wheel_state__rosidl_typesupport_fastrtps_cpp.hpp
-- Symlinking: /home/rafal/kalman_ws/src/kalman_robot/install/kalman_interfaces/include/kalman_interfaces/kalman_interfaces/msg/detail/wheel_states__rosidl_typesupport_fastrtps_cpp.hpp
-- Symlinking: /home/rafal/kalman_ws/src/kalman_robot/install/kalman_interfaces/include/kalman_interfaces/kalman_interfaces/msg/rosidl_typesupport_fastrtps_cpp__visibility_control.h
-- Symlinking: /home/rafal/kalman_ws/src/kalman_robot/install/kalman_interfaces/include/kalman_interfaces/kalman_interfaces/srv/detail/calibrate_compass__rosidl_typesupport_fastrtps_cpp.hpp
-- Symlinking: /home/rafal/kalman_ws/src/kalman_robot/install/kalman_interfaces/include/kalman_interfaces/kalman_interfaces/srv/detail/set_ueuos_color__rosidl_typesupport_fastrtps_cpp.hpp
-- Symlinking: /home/rafal/kalman_ws/src/kalman_robot/install/kalman_interfaces/include/kalman_interfaces/kalman_interfaces/srv/detail/set_ueuos_effect__rosidl_typesupport_fastrtps_cpp.hpp
-- Symlinking: /home/rafal/kalman_ws/src/kalman_robot/install/kalman_interfaces/include/kalman_interfaces/kalman_interfaces/srv/detail/set_ueuos_mode__rosidl_typesupport_fastrtps_cpp.hpp
-- Symlinking: /home/rafal/kalman_ws/src/kalman_robot/install/kalman_interfaces/include/kalman_interfaces/kalman_interfaces/msg/detail/gps_tag__rosidl_typesupport_introspection_cpp.hpp
-- Symlinking: /home/rafal/kalman_ws/src/kalman_robot/install/kalman_interfaces/include/kalman_interfaces/kalman_interfaces/msg/detail/gps_tag_array__rosidl_typesupport_introspection_cpp.hpp
-- Symlinking: /home/rafal/kalman_ws/src/kalman_robot/install/kalman_interfaces/include/kalman_interfaces/kalman_interfaces/msg/detail/master_message__rosidl_typesupport_introspection_cpp.hpp
-- Symlinking: /home/rafal/kalman_ws/src/kalman_robot/install/kalman_interfaces/include/kalman_interfaces/kalman_interfaces/msg/detail/wheel_state__rosidl_typesupport_introspection_cpp.hpp
-- Symlinking: /home/rafal/kalman_ws/src/kalman_robot/install/kalman_interfaces/include/kalman_interfaces/kalman_interfaces/msg/detail/wheel_states__rosidl_typesupport_introspection_cpp.hpp
-- Symlinking: /home/rafal/kalman_ws/src/kalman_robot/install/kalman_interfaces/include/kalman_interfaces/kalman_interfaces/srv/detail/calibrate_compass__rosidl_typesupport_introspection_cpp.hpp
-- Symlinking: /home/rafal/kalman_ws/src/kalman_robot/install/kalman_interfaces/include/kalman_interfaces/kalman_interfaces/srv/detail/set_ueuos_color__rosidl_typesupport_introspection_cpp.hpp
-- Symlinking: /home/rafal/kalman_ws/src/kalman_robot/install/kalman_interfaces/include/kalman_interfaces/kalman_interfaces/srv/detail/set_ueuos_effect__rosidl_typesupport_introspection_cpp.hpp
-- Symlinking: /home/rafal/kalman_ws/src/kalman_robot/install/kalman_interfaces/include/kalman_interfaces/kalman_interfaces/srv/detail/set_ueuos_mode__rosidl_typesupport_introspection_cpp.hpp
-- Symlinking: /home/rafal/kalman_ws/src/kalman_robot/install/kalman_interfaces/share/kalman_interfaces/environment/pythonpath.sh
-- Symlinking: /home/rafal/kalman_ws/src/kalman_robot/install/kalman_interfaces/share/kalman_interfaces/environment/pythonpath.dsv
-- Symlinking: /home/rafal/kalman_ws/src/kalman_robot/install/kalman_interfaces/local/lib/python3.10/dist-packages/kalman_interfaces-0.0.0-py3.10.egg-info/PKG-INFO
-- Symlinking: /home/rafal/kalman_ws/src/kalman_robot/install/kalman_interfaces/local/lib/python3.10/dist-packages/kalman_interfaces-0.0.0-py3.10.egg-info/SOURCES.txt
-- Symlinking: /home/rafal/kalman_ws/src/kalman_robot/install/kalman_interfaces/local/lib/python3.10/dist-packages/kalman_interfaces-0.0.0-py3.10.egg-info/dependency_links.txt
-- Symlinking: /home/rafal/kalman_ws/src/kalman_robot/install/kalman_interfaces/local/lib/python3.10/dist-packages/kalman_interfaces-0.0.0-py3.10.egg-info/top_level.txt
-- Symlinking: /home/rafal/kalman_ws/src/kalman_robot/install/kalman_interfaces/local/lib/python3.10/dist-packages/kalman_interfaces/__init__.py
-- Symlinking: /home/rafal/kalman_ws/src/kalman_robot/install/kalman_interfaces/local/lib/python3.10/dist-packages/kalman_interfaces/_kalman_interfaces_s.ep.rosidl_typesupport_c.c
-- Symlinking: /home/rafal/kalman_ws/src/kalman_robot/install/kalman_interfaces/local/lib/python3.10/dist-packages/kalman_interfaces/_kalman_interfaces_s.ep.rosidl_typesupport_fastrtps_c.c
-- Symlinking: /home/rafal/kalman_ws/src/kalman_robot/install/kalman_interfaces/local/lib/python3.10/dist-packages/kalman_interfaces/_kalman_interfaces_s.ep.rosidl_typesupport_introspection_c.c
-- Symlinking: /home/rafal/kalman_ws/src/kalman_robot/install/kalman_interfaces/local/lib/python3.10/dist-packages/kalman_interfaces/kalman_interfaces_s__rosidl_typesupport_c.cpython-310-x86_64-linux-gnu.so
-- Symlinking: /home/rafal/kalman_ws/src/kalman_robot/install/kalman_interfaces/local/lib/python3.10/dist-packages/kalman_interfaces/kalman_interfaces_s__rosidl_typesupport_fastrtps_c.cpython-310-x86_64-linux-gnu.so
-- Symlinking: /home/rafal/kalman_ws/src/kalman_robot/install/kalman_interfaces/local/lib/python3.10/dist-packages/kalman_interfaces/kalman_interfaces_s__rosidl_typesupport_introspection_c.cpython-310-x86_64-linux-gnu.so
-- Symlinking: /home/rafal/kalman_ws/src/kalman_robot/install/kalman_interfaces/local/lib/python3.10/dist-packages/kalman_interfaces/libkalman_interfaces__rosidl_generator_py.so
-- Symlinking: /home/rafal/kalman_ws/src/kalman_robot/install/kalman_interfaces/local/lib/python3.10/dist-packages/kalman_interfaces/msg/__init__.py
-- Symlinking: /home/rafal/kalman_ws/src/kalman_robot/install/kalman_interfaces/local/lib/python3.10/dist-packages/kalman_interfaces/msg/_gps_tag.py
-- Symlinking: /home/rafal/kalman_ws/src/kalman_robot/install/kalman_interfaces/local/lib/python3.10/dist-packages/kalman_interfaces/msg/_gps_tag_array.py
-- Symlinking: /home/rafal/kalman_ws/src/kalman_robot/install/kalman_interfaces/local/lib/python3.10/dist-packages/kalman_interfaces/msg/_gps_tag_array_s.c
-- Symlinking: /home/rafal/kalman_ws/src/kalman_robot/install/kalman_interfaces/local/lib/python3.10/dist-packages/kalman_interfaces/msg/_gps_tag_s.c
-- Symlinking: /home/rafal/kalman_ws/src/kalman_robot/install/kalman_interfaces/local/lib/python3.10/dist-packages/kalman_interfaces/msg/_master_message.py
-- Symlinking: /home/rafal/kalman_ws/src/kalman_robot/install/kalman_interfaces/local/lib/python3.10/dist-packages/kalman_interfaces/msg/_master_message_s.c
-- Symlinking: /home/rafal/kalman_ws/src/kalman_robot/install/kalman_interfaces/local/lib/python3.10/dist-packages/kalman_interfaces/msg/_wheel_state.py
-- Symlinking: /home/rafal/kalman_ws/src/kalman_robot/install/kalman_interfaces/local/lib/python3.10/dist-packages/kalman_interfaces/msg/_wheel_state_s.c
-- Symlinking: /home/rafal/kalman_ws/src/kalman_robot/install/kalman_interfaces/local/lib/python3.10/dist-packages/kalman_interfaces/msg/_wheel_states.py
-- Symlinking: /home/rafal/kalman_ws/src/kalman_robot/install/kalman_interfaces/local/lib/python3.10/dist-packages/kalman_interfaces/msg/_wheel_states_s.c
-- Symlinking: /home/rafal/kalman_ws/src/kalman_robot/install/kalman_interfaces/local/lib/python3.10/dist-packages/kalman_interfaces/srv/__init__.py
-- Symlinking: /home/rafal/kalman_ws/src/kalman_robot/install/kalman_interfaces/local/lib/python3.10/dist-packages/kalman_interfaces/srv/_calibrate_compass.py
-- Symlinking: /home/rafal/kalman_ws/src/kalman_robot/install/kalman_interfaces/local/lib/python3.10/dist-packages/kalman_interfaces/srv/_calibrate_compass_s.c
-- Symlinking: /home/rafal/kalman_ws/src/kalman_robot/install/kalman_interfaces/local/lib/python3.10/dist-packages/kalman_interfaces/srv/_set_ueuos_color.py
-- Symlinking: /home/rafal/kalman_ws/src/kalman_robot/install/kalman_interfaces/local/lib/python3.10/dist-packages/kalman_interfaces/srv/_set_ueuos_color_s.c
-- Symlinking: /home/rafal/kalman_ws/src/kalman_robot/install/kalman_interfaces/local/lib/python3.10/dist-packages/kalman_interfaces/srv/_set_ueuos_effect.py
-- Symlinking: /home/rafal/kalman_ws/src/kalman_robot/install/kalman_interfaces/local/lib/python3.10/dist-packages/kalman_interfaces/srv/_set_ueuos_effect_s.c
-- Symlinking: /home/rafal/kalman_ws/src/kalman_robot/install/kalman_interfaces/local/lib/python3.10/dist-packages/kalman_interfaces/srv/_set_ueuos_mode.py
-- Symlinking: /home/rafal/kalman_ws/src/kalman_robot/install/kalman_interfaces/local/lib/python3.10/dist-packages/kalman_interfaces/srv/_set_ueuos_mode_s.c
-- Up-to-date symlink: /home/rafal/kalman_ws/src/kalman_robot/install/kalman_interfaces/local/lib/python3.10/dist-packages/kalman_interfaces/kalman_interfaces_s__rosidl_typesupport_fastrtps_c.cpython-310-x86_64-linux-gnu.so
-- Up-to-date symlink: /home/rafal/kalman_ws/src/kalman_robot/install/kalman_interfaces/local/lib/python3.10/dist-packages/kalman_interfaces/kalman_interfaces_s__rosidl_typesupport_introspection_c.cpython-310-x86_64-linux-gnu.so
-- Up-to-date symlink: /home/rafal/kalman_ws/src/kalman_robot/install/kalman_interfaces/local/lib/python3.10/dist-packages/kalman_interfaces/kalman_interfaces_s__rosidl_typesupport_c.cpython-310-x86_64-linux-gnu.so
-- Symlinking: /home/rafal/kalman_ws/src/kalman_robot/install/kalman_interfaces/share/kalman_interfaces/msg/GpsTagArray.idl
-- Symlinking: /home/rafal/kalman_ws/src/kalman_robot/install/kalman_interfaces/share/kalman_interfaces/msg/GpsTag.idl
-- Symlinking: /home/rafal/kalman_ws/src/kalman_robot/install/kalman_interfaces/share/kalman_interfaces/msg/MasterMessage.idl
-- Symlinking: /home/rafal/kalman_ws/src/kalman_robot/install/kalman_interfaces/share/kalman_interfaces/msg/WheelState.idl
-- Symlinking: /home/rafal/kalman_ws/src/kalman_robot/install/kalman_interfaces/share/kalman_interfaces/msg/WheelStates.idl
-- Symlinking: /home/rafal/kalman_ws/src/kalman_robot/install/kalman_interfaces/share/kalman_interfaces/srv/CalibrateCompass.idl
-- Symlinking: /home/rafal/kalman_ws/src/kalman_robot/install/kalman_interfaces/share/kalman_interfaces/srv/SetUeuosColor.idl
-- Symlinking: /home/rafal/kalman_ws/src/kalman_robot/install/kalman_interfaces/share/kalman_interfaces/srv/SetUeuosEffect.idl
-- Symlinking: /home/rafal/kalman_ws/src/kalman_robot/install/kalman_interfaces/share/kalman_interfaces/srv/SetUeuosMode.idl
-- Symlinking: /home/rafal/kalman_ws/src/kalman_robot/install/kalman_interfaces/share/kalman_interfaces/msg/GpsTagArray.msg
-- Symlinking: /home/rafal/kalman_ws/src/kalman_robot/install/kalman_interfaces/share/kalman_interfaces/msg/GpsTag.msg
-- Symlinking: /home/rafal/kalman_ws/src/kalman_robot/install/kalman_interfaces/share/kalman_interfaces/msg/MasterMessage.msg
-- Symlinking: /home/rafal/kalman_ws/src/kalman_robot/install/kalman_interfaces/share/kalman_interfaces/msg/WheelState.msg
-- Symlinking: /home/rafal/kalman_ws/src/kalman_robot/install/kalman_interfaces/share/kalman_interfaces/msg/WheelStates.msg
-- Symlinking: /home/rafal/kalman_ws/src/kalman_robot/install/kalman_interfaces/share/kalman_interfaces/srv/CalibrateCompass.srv
-- Symlinking: /home/rafal/kalman_ws/src/kalman_robot/install/kalman_interfaces/share/kalman_interfaces/srv/CalibrateCompass_Request.msg
-- Symlinking: /home/rafal/kalman_ws/src/kalman_robot/install/kalman_interfaces/share/kalman_interfaces/srv/CalibrateCompass_Response.msg
-- Symlinking: /home/rafal/kalman_ws/src/kalman_robot/install/kalman_interfaces/share/kalman_interfaces/srv/SetUeuosColor.srv
-- Symlinking: /home/rafal/kalman_ws/src/kalman_robot/install/kalman_interfaces/share/kalman_interfaces/srv/SetUeuosColor_Request.msg
-- Symlinking: /home/rafal/kalman_ws/src/kalman_robot/install/kalman_interfaces/share/kalman_interfaces/srv/SetUeuosColor_Response.msg
-- Symlinking: /home/rafal/kalman_ws/src/kalman_robot/install/kalman_interfaces/share/kalman_interfaces/srv/SetUeuosEffect.srv
-- Symlinking: /home/rafal/kalman_ws/src/kalman_robot/install/kalman_interfaces/share/kalman_interfaces/srv/SetUeuosEffect_Request.msg
-- Symlinking: /home/rafal/kalman_ws/src/kalman_robot/install/kalman_interfaces/share/kalman_interfaces/srv/SetUeuosEffect_Response.msg
-- Symlinking: /home/rafal/kalman_ws/src/kalman_robot/install/kalman_interfaces/share/kalman_interfaces/srv/SetUeuosMode.srv
-- Symlinking: /home/rafal/kalman_ws/src/kalman_robot/install/kalman_interfaces/share/kalman_interfaces/srv/SetUeuosMode_Request.msg
-- Symlinking: /home/rafal/kalman_ws/src/kalman_robot/install/kalman_interfaces/share/kalman_interfaces/srv/SetUeuosMode_Response.msg
-- Symlinking: /home/rafal/kalman_ws/src/kalman_robot/install/kalman_interfaces/share/ament_index/resource_index/package_run_dependencies/kalman_interfaces
-- Symlinking: /home/rafal/kalman_ws/src/kalman_robot/install/kalman_interfaces/share/ament_index/resource_index/parent_prefix_path/kalman_interfaces
-- Symlinking: /home/rafal/kalman_ws/src/kalman_robot/install/kalman_interfaces/share/kalman_interfaces/environment/ament_prefix_path.sh
-- Symlinking: /home/rafal/kalman_ws/src/kalman_robot/install/kalman_interfaces/share/kalman_interfaces/environment/ament_prefix_path.dsv
-- Symlinking: /home/rafal/kalman_ws/src/kalman_robot/install/kalman_interfaces/share/kalman_interfaces/environment/path.sh
-- Symlinking: /home/rafal/kalman_ws/src/kalman_robot/install/kalman_interfaces/share/kalman_interfaces/environment/path.dsv
-- Symlinking: /home/rafal/kalman_ws/src/kalman_robot/install/kalman_interfaces/share/kalman_interfaces/local_setup.bash
-- Symlinking: /home/rafal/kalman_ws/src/kalman_robot/install/kalman_interfaces/share/kalman_interfaces/local_setup.sh
-- Symlinking: /home/rafal/kalman_ws/src/kalman_robot/install/kalman_interfaces/share/kalman_interfaces/local_setup.zsh
-- Symlinking: /home/rafal/kalman_ws/src/kalman_robot/install/kalman_interfaces/share/kalman_interfaces/local_setup.dsv
-- Symlinking: /home/rafal/kalman_ws/src/kalman_robot/install/kalman_interfaces/share/kalman_interfaces/package.dsv
-- Symlinking: /home/rafal/kalman_ws/src/kalman_robot/install/kalman_interfaces/share/ament_index/resource_index/packages/kalman_interfaces
-- Symlinking: /home/rafal/kalman_ws/src/kalman_robot/install/kalman_interfaces/share/kalman_interfaces/cmake/rosidl_cmake-extras.cmake
-- Symlinking: /home/rafal/kalman_ws/src/kalman_robot/install/kalman_interfaces/share/kalman_interfaces/cmake/ament_cmake_export_dependencies-extras.cmake
-- Symlinking: /home/rafal/kalman_ws/src/kalman_robot/install/kalman_interfaces/share/kalman_interfaces/cmake/ament_cmake_export_include_directories-extras.cmake
-- Symlinking: /home/rafal/kalman_ws/src/kalman_robot/install/kalman_interfaces/share/kalman_interfaces/cmake/ament_cmake_export_libraries-extras.cmake
-- Symlinking: /home/rafal/kalman_ws/src/kalman_robot/install/kalman_interfaces/share/kalman_interfaces/cmake/ament_cmake_export_targets-extras.cmake
-- Symlinking: /home/rafal/kalman_ws/src/kalman_robot/install/kalman_interfaces/share/kalman_interfaces/cmake/rosidl_cmake_export_typesupport_targets-extras.cmake
-- Symlinking: /home/rafal/kalman_ws/src/kalman_robot/install/kalman_interfaces/share/kalman_interfaces/cmake/rosidl_cmake_export_typesupport_libraries-extras.cmake
-- Symlinking: /home/rafal/kalman_ws/src/kalman_robot/install/kalman_interfaces/share/kalman_interfaces/cmake/kalman_interfacesConfig.cmake
-- Symlinking: /home/rafal/kalman_ws/src/kalman_robot/install/kalman_interfaces/share/kalman_interfaces/cmake/kalman_interfacesConfig-version.cmake
-- Symlinking: /home/rafal/kalman_ws/src/kalman_robot/install/kalman_interfaces/share/kalman_interfaces/package.xml
-- Installing: /home/rafal/kalman_ws/src/kalman_robot/install/kalman_interfaces/lib/libkalman_interfaces__rosidl_generator_c.so
-- Set runtime path of "/home/rafal/kalman_ws/src/kalman_robot/install/kalman_interfaces/lib/libkalman_interfaces__rosidl_generator_c.so" to ""
-- Installing: /home/rafal/kalman_ws/src/kalman_robot/install/kalman_interfaces/lib/libkalman_interfaces__rosidl_typesupport_fastrtps_c.so
-- Set runtime path of "/home/rafal/kalman_ws/src/kalman_robot/install/kalman_interfaces/lib/libkalman_interfaces__rosidl_typesupport_fastrtps_c.so" to ""
-- Installing: /home/rafal/kalman_ws/src/kalman_robot/install/kalman_interfaces/lib/libkalman_interfaces__rosidl_typesupport_introspection_c.so
-- Set runtime path of "/home/rafal/kalman_ws/src/kalman_robot/install/kalman_interfaces/lib/libkalman_interfaces__rosidl_typesupport_introspection_c.so" to ""
-- Installing: /home/rafal/kalman_ws/src/kalman_robot/install/kalman_interfaces/lib/libkalman_interfaces__rosidl_typesupport_c.so
-- Set runtime path of "/home/rafal/kalman_ws/src/kalman_robot/install/kalman_interfaces/lib/libkalman_interfaces__rosidl_typesupport_c.so" to ""
-- Installing: /home/rafal/kalman_ws/src/kalman_robot/install/kalman_interfaces/lib/libkalman_interfaces__rosidl_typesupport_fastrtps_cpp.so
-- Set runtime path of "/home/rafal/kalman_ws/src/kalman_robot/install/kalman_interfaces/lib/libkalman_interfaces__rosidl_typesupport_fastrtps_cpp.so" to ""
-- Installing: /home/rafal/kalman_ws/src/kalman_robot/install/kalman_interfaces/lib/libkalman_interfaces__rosidl_typesupport_introspection_cpp.so
-- Set runtime path of "/home/rafal/kalman_ws/src/kalman_robot/install/kalman_interfaces/lib/libkalman_interfaces__rosidl_typesupport_introspection_cpp.so" to ""
-- Installing: /home/rafal/kalman_ws/src/kalman_robot/install/kalman_interfaces/lib/libkalman_interfaces__rosidl_typesupport_cpp.so
-- Set runtime path of "/home/rafal/kalman_ws/src/kalman_robot/install/kalman_interfaces/lib/libkalman_interfaces__rosidl_typesupport_cpp.so" to ""
Listing '/home/rafal/kalman_ws/src/kalman_robot/install/kalman_interfaces/local/lib/python3.10/dist-packages/kalman_interfaces'...
Compiling '/home/rafal/kalman_ws/src/kalman_robot/install/kalman_interfaces/local/lib/python3.10/dist-packages/kalman_interfaces/__init__.py'...
Listing '/home/rafal/kalman_ws/src/kalman_robot/install/kalman_interfaces/local/lib/python3.10/dist-packages/kalman_interfaces/msg'...
Compiling '/home/rafal/kalman_ws/src/kalman_robot/install/kalman_interfaces/local/lib/python3.10/dist-packages/kalman_interfaces/msg/__init__.py'...
Compiling '/home/rafal/kalman_ws/src/kalman_robot/install/kalman_interfaces/local/lib/python3.10/dist-packages/kalman_interfaces/msg/_gps_tag.py'...
Compiling '/home/rafal/kalman_ws/src/kalman_robot/install/kalman_interfaces/local/lib/python3.10/dist-packages/kalman_interfaces/msg/_gps_tag_array.py'...
Compiling '/home/rafal/kalman_ws/src/kalman_robot/install/kalman_interfaces/local/lib/python3.10/dist-packages/kalman_interfaces/msg/_master_message.py'...
Compiling '/home/rafal/kalman_ws/src/kalman_robot/install/kalman_interfaces/local/lib/python3.10/dist-packages/kalman_interfaces/msg/_wheel_state.py'...
Compiling '/home/rafal/kalman_ws/src/kalman_robot/install/kalman_interfaces/local/lib/python3.10/dist-packages/kalman_interfaces/msg/_wheel_states.py'...
Listing '/home/rafal/kalman_ws/src/kalman_robot/install/kalman_interfaces/local/lib/python3.10/dist-packages/kalman_interfaces/srv'...
Compiling '/home/rafal/kalman_ws/src/kalman_robot/install/kalman_interfaces/local/lib/python3.10/dist-packages/kalman_interfaces/srv/__init__.py'...
Compiling '/home/rafal/kalman_ws/src/kalman_robot/install/kalman_interfaces/local/lib/python3.10/dist-packages/kalman_interfaces/srv/_calibrate_compass.py'...
Compiling '/home/rafal/kalman_ws/src/kalman_robot/install/kalman_interfaces/local/lib/python3.10/dist-packages/kalman_interfaces/srv/_set_ueuos_color.py'...
Compiling '/home/rafal/kalman_ws/src/kalman_robot/install/kalman_interfaces/local/lib/python3.10/dist-packages/kalman_interfaces/srv/_set_ueuos_effect.py'...
Compiling '/home/rafal/kalman_ws/src/kalman_robot/install/kalman_interfaces/local/lib/python3.10/dist-packages/kalman_interfaces/srv/_set_ueuos_mode.py'...
-- Installing: /home/rafal/kalman_ws/src/kalman_robot/install/kalman_interfaces/lib/libkalman_interfaces__rosidl_generator_py.so
-- Set runtime path of "/home/rafal/kalman_ws/src/kalman_robot/install/kalman_interfaces/lib/libkalman_interfaces__rosidl_generator_py.so" to ""
-- Installing: /home/rafal/kalman_ws/src/kalman_robot/install/kalman_interfaces/share/kalman_interfaces/cmake/export_kalman_interfaces__rosidl_generator_cExport.cmake
-- Installing: /home/rafal/kalman_ws/src/kalman_robot/install/kalman_interfaces/share/kalman_interfaces/cmake/export_kalman_interfaces__rosidl_generator_cExport-noconfig.cmake
-- Installing: /home/rafal/kalman_ws/src/kalman_robot/install/kalman_interfaces/share/kalman_interfaces/cmake/export_kalman_interfaces__rosidl_typesupport_fastrtps_cExport.cmake
-- Installing: /home/rafal/kalman_ws/src/kalman_robot/install/kalman_interfaces/share/kalman_interfaces/cmake/export_kalman_interfaces__rosidl_typesupport_fastrtps_cExport-noconfig.cmake
-- Installing: /home/rafal/kalman_ws/src/kalman_robot/install/kalman_interfaces/share/kalman_interfaces/cmake/kalman_interfaces__rosidl_typesupport_introspection_cExport.cmake
-- Installing: /home/rafal/kalman_ws/src/kalman_robot/install/kalman_interfaces/share/kalman_interfaces/cmake/kalman_interfaces__rosidl_typesupport_introspection_cExport-noconfig.cmake
-- Installing: /home/rafal/kalman_ws/src/kalman_robot/install/kalman_interfaces/share/kalman_interfaces/cmake/kalman_interfaces__rosidl_typesupport_cExport.cmake
-- Installing: /home/rafal/kalman_ws/src/kalman_robot/install/kalman_interfaces/share/kalman_interfaces/cmake/kalman_interfaces__rosidl_typesupport_cExport-noconfig.cmake
-- Installing: /home/rafal/kalman_ws/src/kalman_robot/install/kalman_interfaces/share/kalman_interfaces/cmake/export_kalman_interfaces__rosidl_generator_cppExport.cmake
-- Installing: /home/rafal/kalman_ws/src/kalman_robot/install/kalman_interfaces/share/kalman_interfaces/cmake/export_kalman_interfaces__rosidl_typesupport_fastrtps_cppExport.cmake
-- Installing: /home/rafal/kalman_ws/src/kalman_robot/install/kalman_interfaces/share/kalman_interfaces/cmake/export_kalman_interfaces__rosidl_typesupport_fastrtps_cppExport-noconfig.cmake
-- Installing: /home/rafal/kalman_ws/src/kalman_robot/install/kalman_interfaces/share/kalman_interfaces/cmake/kalman_interfaces__rosidl_typesupport_introspection_cppExport.cmake
-- Installing: /home/rafal/kalman_ws/src/kalman_robot/install/kalman_interfaces/share/kalman_interfaces/cmake/kalman_interfaces__rosidl_typesupport_introspection_cppExport-noconfig.cmake
-- Installing: /home/rafal/kalman_ws/src/kalman_robot/install/kalman_interfaces/share/kalman_interfaces/cmake/kalman_interfaces__rosidl_typesupport_cppExport.cmake
-- Installing: /home/rafal/kalman_ws/src/kalman_robot/install/kalman_interfaces/share/kalman_interfaces/cmake/kalman_interfaces__rosidl_typesupport_cppExport-noconfig.cmake
-- Installing: /home/rafal/kalman_ws/src/kalman_robot/install/kalman_interfaces/share/kalman_interfaces/cmake/export_kalman_interfaces__rosidl_generator_pyExport.cmake
-- Installing: /home/rafal/kalman_ws/src/kalman_robot/install/kalman_interfaces/share/kalman_interfaces/cmake/export_kalman_interfaces__rosidl_generator_pyExport-noconfig.cmake
