[0.505s] Invoking command in '/home/rafal/kalman_ws/src/kalman_robot/build/kalman_description': CMAKE_PREFIX_PATH=/home/rafal/dev_ws/install/my_robot:/opt/ros/humble /usr/bin/cmake /home/rafal/kalman_ws/src/kalman_robot/kalman_description -DAMENT_CMAKE_SYMLINK_INSTALL=1 -DCMAKE_INSTALL_PREFIX=/home/rafal/kalman_ws/src/kalman_robot/install/kalman_description
[1.907s] -- The C compiler identification is GNU 11.4.0
[1.908s] -- The CXX compiler identification is GNU 11.4.0
[1.908s] -- Detecting C compiler ABI info
[1.908s] -- Detecting C compiler ABI info - done
[1.908s] -- Check for working C compiler: /usr/bin/cc - skipped
[1.909s] -- Detecting C compile features
[1.909s] -- Detecting C compile features - done
[1.909s] -- Detecting CXX compiler ABI info
[1.909s] -- Detecting CXX compiler ABI info - done
[1.909s] -- Check for working CXX compiler: /usr/bin/c++ - skipped
[1.909s] -- Detecting CXX compile features
[1.910s] -- Detecting CXX compile features - done
[1.910s] -- Found ament_cmake: 1.3.8 (/opt/ros/humble/share/ament_cmake/cmake)
[1.910s] -- Found Python3: /usr/bin/python3 (found version "3.10.12") found components: Interpreter 
[1.910s] -- Override CMake install command with custom implementation using symlinks instead of copying resources
[1.910s] -- Configuring done
[1.910s] -- Generating done
[1.911s] -- Build files have been written to: /home/rafal/kalman_ws/src/kalman_robot/build/kalman_description
[2.540s] Invoked command in '/home/rafal/kalman_ws/src/kalman_robot/build/kalman_description' returned '0': CMAKE_PREFIX_PATH=/home/rafal/dev_ws/install/my_robot:/opt/ros/humble /usr/bin/cmake /home/rafal/kalman_ws/src/kalman_robot/kalman_description -DAMENT_CMAKE_SYMLINK_INSTALL=1 -DCMAKE_INSTALL_PREFIX=/home/rafal/kalman_ws/src/kalman_robot/install/kalman_description
[2.543s] Invoking command in '/home/rafal/kalman_ws/src/kalman_robot/build/kalman_description': CMAKE_PREFIX_PATH=/home/rafal/dev_ws/install/my_robot:/opt/ros/humble /usr/bin/cmake --build /home/rafal/kalman_ws/src/kalman_robot/build/kalman_description -- -j16 -l16
[2.633s] Invoked command in '/home/rafal/kalman_ws/src/kalman_robot/build/kalman_description' returned '0': CMAKE_PREFIX_PATH=/home/rafal/dev_ws/install/my_robot:/opt/ros/humble /usr/bin/cmake --build /home/rafal/kalman_ws/src/kalman_robot/build/kalman_description -- -j16 -l16
[2.703s] Invoking command in '/home/rafal/kalman_ws/src/kalman_robot/build/kalman_description': CMAKE_PREFIX_PATH=/home/rafal/dev_ws/install/my_robot:/opt/ros/humble /usr/bin/cmake --install /home/rafal/kalman_ws/src/kalman_robot/build/kalman_description
[2.718s] -- Install configuration: ""
[2.720s] -- Execute custom install script
[2.721s] -- Symlinking: /home/rafal/kalman_ws/src/kalman_robot/install/kalman_description/share/kalman_description/launch/demo_rviz_model.launch.py
[2.740s] -- Symlinking: /home/rafal/kalman_ws/src/kalman_robot/install/kalman_description/share/kalman_description/launch/robot_state_publisher.launch.py
[2.761s] -- Symlinking: /home/rafal/kalman_ws/src/kalman_robot/install/kalman_description/share/kalman_description/rviz/demo_rviz_model.rviz
[2.779s] -- Symlinking: /home/rafal/kalman_ws/src/kalman_robot/install/kalman_description/share/kalman_description/urdf/cylinder_inertial.urdf.xacro
[2.792s] -- Symlinking: /home/rafal/kalman_ws/src/kalman_robot/install/kalman_description/share/kalman_description/urdf/kalman.urdf.xacro
[2.807s] -- Symlinking: /home/rafal/kalman_ws/src/kalman_robot/install/kalman_description/share/kalman_description/urdf/sim_model.urdf.xacro
[2.823s] -- Symlinking: /home/rafal/kalman_ws/src/kalman_robot/install/kalman_description/share/kalman_description/stl/body.stl
[2.838s] -- Symlinking: /home/rafal/kalman_ws/src/kalman_robot/install/kalman_description/share/kalman_description/stl/suspension_r.stl
[2.853s] -- Symlinking: /home/rafal/kalman_ws/src/kalman_robot/install/kalman_description/share/kalman_description/stl/swivel_fr.stl
[2.869s] -- Symlinking: /home/rafal/kalman_ws/src/kalman_robot/install/kalman_description/share/kalman_description/stl/wheel_fr.stl
[2.907s] -- Symlinking: /home/rafal/kalman_ws/src/kalman_robot/install/kalman_description/share/ament_index/resource_index/package_run_dependencies/kalman_description
[2.926s] -- Symlinking: /home/rafal/kalman_ws/src/kalman_robot/install/kalman_description/share/ament_index/resource_index/parent_prefix_path/kalman_description
[2.944s] -- Symlinking: /home/rafal/kalman_ws/src/kalman_robot/install/kalman_description/share/kalman_description/environment/ament_prefix_path.sh
[2.962s] -- Symlinking: /home/rafal/kalman_ws/src/kalman_robot/install/kalman_description/share/kalman_description/environment/ament_prefix_path.dsv
[2.980s] -- Symlinking: /home/rafal/kalman_ws/src/kalman_robot/install/kalman_description/share/kalman_description/environment/path.sh
[2.999s] -- Symlinking: /home/rafal/kalman_ws/src/kalman_robot/install/kalman_description/share/kalman_description/environment/path.dsv
[3.017s] -- Symlinking: /home/rafal/kalman_ws/src/kalman_robot/install/kalman_description/share/kalman_description/local_setup.bash
[3.036s] -- Symlinking: /home/rafal/kalman_ws/src/kalman_robot/install/kalman_description/share/kalman_description/local_setup.sh
[3.054s] -- Symlinking: /home/rafal/kalman_ws/src/kalman_robot/install/kalman_description/share/kalman_description/local_setup.zsh
[3.072s] -- Symlinking: /home/rafal/kalman_ws/src/kalman_robot/install/kalman_description/share/kalman_description/local_setup.dsv
[3.090s] -- Symlinking: /home/rafal/kalman_ws/src/kalman_robot/install/kalman_description/share/kalman_description/package.dsv
[3.108s] -- Symlinking: /home/rafal/kalman_ws/src/kalman_robot/install/kalman_description/share/ament_index/resource_index/packages/kalman_description
[3.124s] -- Symlinking: /home/rafal/kalman_ws/src/kalman_robot/install/kalman_description/share/kalman_description/cmake/kalman_descriptionConfig.cmake
[3.139s] -- Symlinking: /home/rafal/kalman_ws/src/kalman_robot/install/kalman_description/share/kalman_description/cmake/kalman_descriptionConfig-version.cmake
[3.154s] -- Symlinking: /home/rafal/kalman_ws/src/kalman_robot/install/kalman_description/share/kalman_description/package.xml
[3.173s] Invoked command in '/home/rafal/kalman_ws/src/kalman_robot/build/kalman_description' returned '0': CMAKE_PREFIX_PATH=/home/rafal/dev_ws/install/my_robot:/opt/ros/humble /usr/bin/cmake --install /home/rafal/kalman_ws/src/kalman_robot/build/kalman_description
