[35m[1mConsolidate compiler generated dependencies of target unity_rs_publisher[0m
[100%] Built target unity_rs_publisher
-- Install configuration: ""
-- Execute custom install script
-- Up-to-date symlink: /home/rafal/kalman_ws/src/kalman_robot/install/unity_rs_publisher/lib/unity_rs_publisher/unity_rs_publisher
-- Up-to-date symlink: /home/rafal/kalman_ws/src/kalman_robot/install/unity_rs_publisher/share/ament_index/resource_index/package_run_dependencies/unity_rs_publisher
-- Up-to-date symlink: /home/rafal/kalman_ws/src/kalman_robot/install/unity_rs_publisher/share/ament_index/resource_index/parent_prefix_path/unity_rs_publisher
-- Up-to-date symlink: /home/rafal/kalman_ws/src/kalman_robot/install/unity_rs_publisher/share/unity_rs_publisher/environment/ament_prefix_path.sh
-- Up-to-date symlink: /home/rafal/kalman_ws/src/kalman_robot/install/unity_rs_publisher/share/unity_rs_publisher/environment/ament_prefix_path.dsv
-- Up-to-date symlink: /home/rafal/kalman_ws/src/kalman_robot/install/unity_rs_publisher/share/unity_rs_publisher/environment/path.sh
-- Up-to-date symlink: /home/rafal/kalman_ws/src/kalman_robot/install/unity_rs_publisher/share/unity_rs_publisher/environment/path.dsv
-- Up-to-date symlink: /home/rafal/kalman_ws/src/kalman_robot/install/unity_rs_publisher/share/unity_rs_publisher/local_setup.bash
-- Up-to-date symlink: /home/rafal/kalman_ws/src/kalman_robot/install/unity_rs_publisher/share/unity_rs_publisher/local_setup.sh
-- Up-to-date symlink: /home/rafal/kalman_ws/src/kalman_robot/install/unity_rs_publisher/share/unity_rs_publisher/local_setup.zsh
-- Up-to-date symlink: /home/rafal/kalman_ws/src/kalman_robot/install/unity_rs_publisher/share/unity_rs_publisher/local_setup.dsv
-- Symlinking: /home/rafal/kalman_ws/src/kalman_robot/install/unity_rs_publisher/share/unity_rs_publisher/package.dsv
-- Up-to-date symlink: /home/rafal/kalman_ws/src/kalman_robot/install/unity_rs_publisher/share/ament_index/resource_index/packages/unity_rs_publisher
-- Up-to-date symlink: /home/rafal/kalman_ws/src/kalman_robot/install/unity_rs_publisher/share/unity_rs_publisher/cmake/unity_rs_publisherConfig.cmake
-- Up-to-date symlink: /home/rafal/kalman_ws/src/kalman_robot/install/unity_rs_publisher/share/unity_rs_publisher/cmake/unity_rs_publisherConfig-version.cmake
-- Up-to-date symlink: /home/rafal/kalman_ws/src/kalman_robot/install/unity_rs_publisher/share/unity_rs_publisher/package.xml
