[1.765s] Invoking command in '/home/rafal/kalman_ws/src/kalman_robot/build/unity_rs_publisher': AMENT_PREFIX_PATH=/home/rafal/kalman_ws/src/kalman_robot/install/unity_rs_publisher_msgs:${AMENT_PREFIX_PATH} CMAKE_PREFIX_PATH=/home/rafal/kalman_ws/src/kalman_robot/install/unity_rs_publisher_msgs:/home/rafal/dev_ws/install/my_robot:/opt/ros/humble LD_LIBRARY_PATH=/home/rafal/kalman_ws/src/kalman_robot/install/unity_rs_publisher_msgs/lib:${LD_LIBRARY_PATH} PYTHONPATH=/home/rafal/kalman_ws/src/kalman_robot/install/unity_rs_publisher_msgs/local/lib/python3.10/dist-packages:${PYTHONPATH} /usr/bin/cmake --build /home/rafal/kalman_ws/src/kalman_robot/build/unity_rs_publisher -- -j16 -l16
[1.833s] [35m[1mConsolidate compiler generated dependencies of target unity_rs_publisher[0m
[1.867s] [100%] Built target unity_rs_publisher
[2.025s] Invoked command in '/home/rafal/kalman_ws/src/kalman_robot/build/unity_rs_publisher' returned '0': AMENT_PREFIX_PATH=/home/rafal/kalman_ws/src/kalman_robot/install/unity_rs_publisher_msgs:${AMENT_PREFIX_PATH} CMAKE_PREFIX_PATH=/home/rafal/kalman_ws/src/kalman_robot/install/unity_rs_publisher_msgs:/home/rafal/dev_ws/install/my_robot:/opt/ros/humble LD_LIBRARY_PATH=/home/rafal/kalman_ws/src/kalman_robot/install/unity_rs_publisher_msgs/lib:${LD_LIBRARY_PATH} PYTHONPATH=/home/rafal/kalman_ws/src/kalman_robot/install/unity_rs_publisher_msgs/local/lib/python3.10/dist-packages:${PYTHONPATH} /usr/bin/cmake --build /home/rafal/kalman_ws/src/kalman_robot/build/unity_rs_publisher -- -j16 -l16
[2.283s] Invoking command in '/home/rafal/kalman_ws/src/kalman_robot/build/unity_rs_publisher': AMENT_PREFIX_PATH=/home/rafal/kalman_ws/src/kalman_robot/install/unity_rs_publisher_msgs:${AMENT_PREFIX_PATH} CMAKE_PREFIX_PATH=/home/rafal/kalman_ws/src/kalman_robot/install/unity_rs_publisher_msgs:/home/rafal/dev_ws/install/my_robot:/opt/ros/humble LD_LIBRARY_PATH=/home/rafal/kalman_ws/src/kalman_robot/install/unity_rs_publisher_msgs/lib:${LD_LIBRARY_PATH} PYTHONPATH=/home/rafal/kalman_ws/src/kalman_robot/install/unity_rs_publisher_msgs/local/lib/python3.10/dist-packages:${PYTHONPATH} /usr/bin/cmake --install /home/rafal/kalman_ws/src/kalman_robot/build/unity_rs_publisher
[2.298s] -- Install configuration: ""
[2.299s] -- Execute custom install script
[2.300s] -- Up-to-date symlink: /home/rafal/kalman_ws/src/kalman_robot/install/unity_rs_publisher/lib/unity_rs_publisher/unity_rs_publisher
[2.301s] -- Up-to-date symlink: /home/rafal/kalman_ws/src/kalman_robot/install/unity_rs_publisher/share/ament_index/resource_index/package_run_dependencies/unity_rs_publisher
[2.301s] -- Up-to-date symlink: /home/rafal/kalman_ws/src/kalman_robot/install/unity_rs_publisher/share/ament_index/resource_index/parent_prefix_path/unity_rs_publisher
[2.302s] -- Up-to-date symlink: /home/rafal/kalman_ws/src/kalman_robot/install/unity_rs_publisher/share/unity_rs_publisher/environment/ament_prefix_path.sh
[2.302s] -- Up-to-date symlink: /home/rafal/kalman_ws/src/kalman_robot/install/unity_rs_publisher/share/unity_rs_publisher/environment/ament_prefix_path.dsv
[2.302s] -- Up-to-date symlink: /home/rafal/kalman_ws/src/kalman_robot/install/unity_rs_publisher/share/unity_rs_publisher/environment/path.sh
[2.303s] -- Up-to-date symlink: /home/rafal/kalman_ws/src/kalman_robot/install/unity_rs_publisher/share/unity_rs_publisher/environment/path.dsv
[2.303s] -- Up-to-date symlink: /home/rafal/kalman_ws/src/kalman_robot/install/unity_rs_publisher/share/unity_rs_publisher/local_setup.bash
[2.304s] -- Up-to-date symlink: /home/rafal/kalman_ws/src/kalman_robot/install/unity_rs_publisher/share/unity_rs_publisher/local_setup.sh
[2.304s] -- Up-to-date symlink: /home/rafal/kalman_ws/src/kalman_robot/install/unity_rs_publisher/share/unity_rs_publisher/local_setup.zsh
[2.305s] -- Up-to-date symlink: /home/rafal/kalman_ws/src/kalman_robot/install/unity_rs_publisher/share/unity_rs_publisher/local_setup.dsv
[2.305s] -- Symlinking: /home/rafal/kalman_ws/src/kalman_robot/install/unity_rs_publisher/share/unity_rs_publisher/package.dsv
[2.325s] -- Up-to-date symlink: /home/rafal/kalman_ws/src/kalman_robot/install/unity_rs_publisher/share/ament_index/resource_index/packages/unity_rs_publisher
[2.325s] -- Up-to-date symlink: /home/rafal/kalman_ws/src/kalman_robot/install/unity_rs_publisher/share/unity_rs_publisher/cmake/unity_rs_publisherConfig.cmake
[2.326s] -- Up-to-date symlink: /home/rafal/kalman_ws/src/kalman_robot/install/unity_rs_publisher/share/unity_rs_publisher/cmake/unity_rs_publisherConfig-version.cmake
[2.326s] -- Up-to-date symlink: /home/rafal/kalman_ws/src/kalman_robot/install/unity_rs_publisher/share/unity_rs_publisher/package.xml
[2.331s] Invoked command in '/home/rafal/kalman_ws/src/kalman_robot/build/unity_rs_publisher' returned '0': AMENT_PREFIX_PATH=/home/rafal/kalman_ws/src/kalman_robot/install/unity_rs_publisher_msgs:${AMENT_PREFIX_PATH} CMAKE_PREFIX_PATH=/home/rafal/kalman_ws/src/kalman_robot/install/unity_rs_publisher_msgs:/home/rafal/dev_ws/install/my_robot:/opt/ros/humble LD_LIBRARY_PATH=/home/rafal/kalman_ws/src/kalman_robot/install/unity_rs_publisher_msgs/lib:${LD_LIBRARY_PATH} PYTHONPATH=/home/rafal/kalman_ws/src/kalman_robot/install/unity_rs_publisher_msgs/local/lib/python3.10/dist-packages:${PYTHONPATH} /usr/bin/cmake --install /home/rafal/kalman_ws/src/kalman_robot/build/unity_rs_publisher
