[6.312s] Invoking command in '/home/rafal/kalman_ws/src/kalman_robot/build/kalman_rosou': AMENT_PREFIX_PATH=/home/rafal/kalman_ws/src/kalman_robot/install/kalman_interfaces:${AMENT_PREFIX_PATH} CMAKE_PREFIX_PATH=/home/rafal/kalman_ws/src/kalman_robot/install/kalman_interfaces LD_LIBRARY_PATH=/home/rafal/kalman_ws/src/kalman_robot/install/kalman_interfaces/lib:${LD_LIBRARY_PATH} PYTHONPATH=/home/rafal/kalman_ws/src/kalman_robot/build/kalman_rosou/prefix_override:/home/rafal/kalman_ws/src/kalman_robot/install/kalman_rosou/lib/python3.10/site-packages:/home/rafal/kalman_ws/src/kalman_robot/install/kalman_interfaces/local/lib/python3.10/dist-packages:${PYTHONPATH} /usr/bin/python3 setup.py develop --editable --build-directory /home/rafal/kalman_ws/src/kalman_robot/build/kalman_rosou/build --no-deps install_data
[7.172s] running develop
[7.673s] running egg_info
[7.674s] creating kalman_rosou.egg-info
[7.674s] writing kalman_rosou.egg-info/PKG-INFO
[7.674s] writing dependency_links to kalman_rosou.egg-info/dependency_links.txt
[7.675s] writing entry points to kalman_rosou.egg-info/entry_points.txt
[7.675s] writing requirements to kalman_rosou.egg-info/requires.txt
[7.675s] writing top-level names to kalman_rosou.egg-info/top_level.txt
[7.676s] writing manifest file 'kalman_rosou.egg-info/SOURCES.txt'
[7.680s] reading manifest file 'kalman_rosou.egg-info/SOURCES.txt'
[7.681s] writing manifest file 'kalman_rosou.egg-info/SOURCES.txt'
[7.684s] running build_ext
[7.685s] Creating /home/rafal/kalman_ws/src/kalman_robot/install/kalman_rosou/lib/python3.10/site-packages/kalman-rosou.egg-link (link to .)
[7.687s] Installing rosou_node script to /home/rafal/kalman_ws/src/kalman_robot/install/kalman_rosou/lib/kalman_rosou
[7.687s] 
[7.688s] Installed /home/rafal/kalman_ws/src/kalman_robot/build/kalman_rosou
[7.688s] running install_data
[7.688s] creating /home/rafal/kalman_ws/src/kalman_robot/install/kalman_rosou/share/ament_index
[7.689s] creating /home/rafal/kalman_ws/src/kalman_robot/install/kalman_rosou/share/ament_index/resource_index
[7.689s] creating /home/rafal/kalman_ws/src/kalman_robot/install/kalman_rosou/share/ament_index/resource_index/packages
[7.690s] copying resource/kalman_rosou -> /home/rafal/kalman_ws/src/kalman_robot/install/kalman_rosou/share/ament_index/resource_index/packages
[7.692s] copying package.xml -> /home/rafal/kalman_ws/src/kalman_robot/install/kalman_rosou/share/kalman_rosou
[7.692s] creating /home/rafal/kalman_ws/src/kalman_robot/install/kalman_rosou/share/kalman_rosou/config
[7.693s] copying config/rosou_config.json -> /home/rafal/kalman_ws/src/kalman_robot/install/kalman_rosou/share/kalman_rosou/config
[7.694s] creating /home/rafal/kalman_ws/src/kalman_robot/install/kalman_rosou/share/kalman_rosou/log
[7.694s] copying log/pub_sub.json -> /home/rafal/kalman_ws/src/kalman_robot/install/kalman_rosou/share/kalman_rosou/log
[7.695s] copying launch/rosou.launch.py -> /home/rafal/kalman_ws/src/kalman_robot/install/kalman_rosou/share/kalman_rosou
[7.889s] Invoked command in '/home/rafal/kalman_ws/src/kalman_robot/build/kalman_rosou' returned '0': AMENT_PREFIX_PATH=/home/rafal/kalman_ws/src/kalman_robot/install/kalman_interfaces:${AMENT_PREFIX_PATH} CMAKE_PREFIX_PATH=/home/rafal/kalman_ws/src/kalman_robot/install/kalman_interfaces LD_LIBRARY_PATH=/home/rafal/kalman_ws/src/kalman_robot/install/kalman_interfaces/lib:${LD_LIBRARY_PATH} PYTHONPATH=/home/rafal/kalman_ws/src/kalman_robot/build/kalman_rosou/prefix_override:/home/rafal/kalman_ws/src/kalman_robot/install/kalman_rosou/lib/python3.10/site-packages:/home/rafal/kalman_ws/src/kalman_robot/install/kalman_interfaces/local/lib/python3.10/dist-packages:${PYTHONPATH} /usr/bin/python3 setup.py develop --editable --build-directory /home/rafal/kalman_ws/src/kalman_robot/build/kalman_rosou/build --no-deps install_data
