[3.516s] Invoking command in '/home/rafal/kalman_ws/src/kalman_robot/build/kalman_yolo': PYTHONPATH=/home/rafal/kalman_ws/src/kalman_robot/build/kalman_yolo/prefix_override:/home/rafal/kalman_ws/src/kalman_robot/install/kalman_yolo/lib/python3.10/site-packages:${PYTHONPATH} /usr/bin/python3 setup.py develop --editable --build-directory /home/rafal/kalman_ws/src/kalman_robot/build/kalman_yolo/build --no-deps install_data
[4.286s] running develop
[4.674s] running egg_info
[4.674s] creating kalman_yolo.egg-info
[4.674s] writing kalman_yolo.egg-info/PKG-INFO
[4.675s] writing dependency_links to kalman_yolo.egg-info/dependency_links.txt
[4.675s] writing entry points to kalman_yolo.egg-info/entry_points.txt
[4.675s] writing top-level names to kalman_yolo.egg-info/top_level.txt
[4.675s] writing manifest file 'kalman_yolo.egg-info/SOURCES.txt'
[4.679s] reading manifest file 'kalman_yolo.egg-info/SOURCES.txt'
[4.680s] writing manifest file 'kalman_yolo.egg-info/SOURCES.txt'
[4.682s] running build_ext
[4.683s] Creating /home/rafal/kalman_ws/src/kalman_robot/install/kalman_yolo/lib/python3.10/site-packages/kalman-yolo.egg-link (link to .)
[4.684s] Installing yolo_detect script to /home/rafal/kalman_ws/src/kalman_robot/install/kalman_yolo/lib/kalman_yolo
[4.684s] 
[4.685s] Installed /home/rafal/kalman_ws/src/kalman_robot/build/kalman_yolo
[4.685s] running install_data
[4.685s] creating /home/rafal/kalman_ws/src/kalman_robot/install/kalman_yolo/share/ament_index
[4.685s] creating /home/rafal/kalman_ws/src/kalman_robot/install/kalman_yolo/share/ament_index/resource_index
[4.685s] creating /home/rafal/kalman_ws/src/kalman_robot/install/kalman_yolo/share/ament_index/resource_index/packages
[4.686s] copying resource/kalman_yolo -> /home/rafal/kalman_ws/src/kalman_robot/install/kalman_yolo/share/ament_index/resource_index/packages
[4.686s] copying package.xml -> /home/rafal/kalman_ws/src/kalman_robot/install/kalman_yolo/share/kalman_yolo
[4.686s] creating /home/rafal/kalman_ws/src/kalman_robot/install/kalman_yolo/share/kalman_yolo/launch
[4.686s] copying launch/urc2024.launch.py -> /home/rafal/kalman_ws/src/kalman_robot/install/kalman_yolo/share/kalman_yolo/launch
[4.687s] creating /home/rafal/kalman_ws/src/kalman_robot/install/kalman_yolo/share/kalman_yolo/param
[4.687s] copying param/urc2024.yaml -> /home/rafal/kalman_ws/src/kalman_robot/install/kalman_yolo/share/kalman_yolo/param
[4.715s] creating /home/rafal/kalman_ws/src/kalman_robot/install/kalman_yolo/share/kalman_yolo/models
[4.717s] creating /home/rafal/kalman_ws/src/kalman_robot/install/kalman_yolo/share/kalman_yolo/models/urc2024
[4.717s] copying models/urc2024/1699306127.pt -> /home/rafal/kalman_ws/src/kalman_robot/install/kalman_yolo/share/kalman_yolo/models/urc2024
[4.717s] copying models/urc2024/1698670825.pt -> /home/rafal/kalman_ws/src/kalman_robot/install/kalman_yolo/share/kalman_yolo/models/urc2024
[4.779s] copying models/urc2024/1698657459.pt -> /home/rafal/kalman_ws/src/kalman_robot/install/kalman_yolo/share/kalman_yolo/models/urc2024
[4.880s] Invoked command in '/home/rafal/kalman_ws/src/kalman_robot/build/kalman_yolo' returned '0': PYTHONPATH=/home/rafal/kalman_ws/src/kalman_robot/build/kalman_yolo/prefix_override:/home/rafal/kalman_ws/src/kalman_robot/install/kalman_yolo/lib/python3.10/site-packages:${PYTHONPATH} /usr/bin/python3 setup.py develop --editable --build-directory /home/rafal/kalman_ws/src/kalman_robot/build/kalman_yolo/build --no-deps install_data
